[2.384s] Invoking command in '/home/sldev/ros2_ws/src/examples/rclpy/actions/minimal_action_server': DEBUGINFOD_URLS=https://debuginfod.ubuntu.com PYTHONPATH=/home/sldev/ros2_ws/src/build/examples_rclpy_minimal_action_server/prefix_override:/home/sldev/ros2_ws/src/install/examples_rclpy_minimal_action_server/lib/python3.12/site-packages:${PYTHONPATH} /usr/bin/python3 -W ignore:setup.py install is deprecated setup.py egg_info --egg-base ../../../../build/examples_rclpy_minimal_action_server build --build-base /home/sldev/ros2_ws/src/build/examples_rclpy_minimal_action_server/build install --record /home/sldev/ros2_ws/src/build/examples_rclpy_minimal_action_server/install.log --single-version-externally-managed install_data
[2.924s] running egg_info
[2.924s] creating ../../../../build/examples_rclpy_minimal_action_server/examples_rclpy_minimal_action_server.egg-info
[2.959s] writing ../../../../build/examples_rclpy_minimal_action_server/examples_rclpy_minimal_action_server.egg-info/PKG-INFO
[2.959s] writing dependency_links to ../../../../build/examples_rclpy_minimal_action_server/examples_rclpy_minimal_action_server.egg-info/dependency_links.txt
[2.960s] writing entry points to ../../../../build/examples_rclpy_minimal_action_server/examples_rclpy_minimal_action_server.egg-info/entry_points.txt
[2.960s] writing requirements to ../../../../build/examples_rclpy_minimal_action_server/examples_rclpy_minimal_action_server.egg-info/requires.txt
[2.961s] writing top-level names to ../../../../build/examples_rclpy_minimal_action_server/examples_rclpy_minimal_action_server.egg-info/top_level.txt
[2.962s] writing manifest file '../../../../build/examples_rclpy_minimal_action_server/examples_rclpy_minimal_action_server.egg-info/SOURCES.txt'
[3.059s] reading manifest file '../../../../build/examples_rclpy_minimal_action_server/examples_rclpy_minimal_action_server.egg-info/SOURCES.txt'
[3.060s] writing manifest file '../../../../build/examples_rclpy_minimal_action_server/examples_rclpy_minimal_action_server.egg-info/SOURCES.txt'
[3.062s] running build
[3.062s] running build_py
[3.062s] creating /home/sldev/ros2_ws/src/build/examples_rclpy_minimal_action_server/build
[3.065s] creating /home/sldev/ros2_ws/src/build/examples_rclpy_minimal_action_server/build/lib
[3.065s] creating /home/sldev/ros2_ws/src/build/examples_rclpy_minimal_action_server/build/lib/examples_rclpy_minimal_action_server
[3.065s] copying examples_rclpy_minimal_action_server/server_single_goal.py -> /home/sldev/ros2_ws/src/build/examples_rclpy_minimal_action_server/build/lib/examples_rclpy_minimal_action_server
[3.065s] copying examples_rclpy_minimal_action_server/server_defer.py -> /home/sldev/ros2_ws/src/build/examples_rclpy_minimal_action_server/build/lib/examples_rclpy_minimal_action_server
[3.066s] copying examples_rclpy_minimal_action_server/server_not_composable.py -> /home/sldev/ros2_ws/src/build/examples_rclpy_minimal_action_server/build/lib/examples_rclpy_minimal_action_server
[3.067s] copying examples_rclpy_minimal_action_server/server_queue_goals.py -> /home/sldev/ros2_ws/src/build/examples_rclpy_minimal_action_server/build/lib/examples_rclpy_minimal_action_server
[3.069s] copying examples_rclpy_minimal_action_server/server.py -> /home/sldev/ros2_ws/src/build/examples_rclpy_minimal_action_server/build/lib/examples_rclpy_minimal_action_server
[3.072s] copying examples_rclpy_minimal_action_server/__init__.py -> /home/sldev/ros2_ws/src/build/examples_rclpy_minimal_action_server/build/lib/examples_rclpy_minimal_action_server
[3.072s] running install
[3.090s] running install_lib
[3.142s] creating /home/sldev/ros2_ws/src/install/examples_rclpy_minimal_action_server/lib/python3.12/site-packages/examples_rclpy_minimal_action_server
[3.143s] copying /home/sldev/ros2_ws/src/build/examples_rclpy_minimal_action_server/build/lib/examples_rclpy_minimal_action_server/server_single_goal.py -> /home/sldev/ros2_ws/src/install/examples_rclpy_minimal_action_server/lib/python3.12/site-packages/examples_rclpy_minimal_action_server
[3.144s] copying /home/sldev/ros2_ws/src/build/examples_rclpy_minimal_action_server/build/lib/examples_rclpy_minimal_action_server/server_defer.py -> /home/sldev/ros2_ws/src/install/examples_rclpy_minimal_action_server/lib/python3.12/site-packages/examples_rclpy_minimal_action_server
[3.145s] copying /home/sldev/ros2_ws/src/build/examples_rclpy_minimal_action_server/build/lib/examples_rclpy_minimal_action_server/server_not_composable.py -> /home/sldev/ros2_ws/src/install/examples_rclpy_minimal_action_server/lib/python3.12/site-packages/examples_rclpy_minimal_action_server
[3.145s] copying /home/sldev/ros2_ws/src/build/examples_rclpy_minimal_action_server/build/lib/examples_rclpy_minimal_action_server/server_queue_goals.py -> /home/sldev/ros2_ws/src/install/examples_rclpy_minimal_action_server/lib/python3.12/site-packages/examples_rclpy_minimal_action_server
[3.147s] copying /home/sldev/ros2_ws/src/build/examples_rclpy_minimal_action_server/build/lib/examples_rclpy_minimal_action_server/server.py -> /home/sldev/ros2_ws/src/install/examples_rclpy_minimal_action_server/lib/python3.12/site-packages/examples_rclpy_minimal_action_server
[3.147s] copying /home/sldev/ros2_ws/src/build/examples_rclpy_minimal_action_server/build/lib/examples_rclpy_minimal_action_server/__init__.py -> /home/sldev/ros2_ws/src/install/examples_rclpy_minimal_action_server/lib/python3.12/site-packages/examples_rclpy_minimal_action_server
[3.149s] byte-compiling /home/sldev/ros2_ws/src/install/examples_rclpy_minimal_action_server/lib/python3.12/site-packages/examples_rclpy_minimal_action_server/server_single_goal.py to server_single_goal.cpython-312.pyc
[3.151s] byte-compiling /home/sldev/ros2_ws/src/install/examples_rclpy_minimal_action_server/lib/python3.12/site-packages/examples_rclpy_minimal_action_server/server_defer.py to server_defer.cpython-312.pyc
[3.154s] byte-compiling /home/sldev/ros2_ws/src/install/examples_rclpy_minimal_action_server/lib/python3.12/site-packages/examples_rclpy_minimal_action_server/server_not_composable.py to server_not_composable.cpython-312.pyc
[3.154s] byte-compiling /home/sldev/ros2_ws/src/install/examples_rclpy_minimal_action_server/lib/python3.12/site-packages/examples_rclpy_minimal_action_server/server_queue_goals.py to server_queue_goals.cpython-312.pyc
[3.156s] byte-compiling /home/sldev/ros2_ws/src/install/examples_rclpy_minimal_action_server/lib/python3.12/site-packages/examples_rclpy_minimal_action_server/server.py to server.cpython-312.pyc
[3.159s] byte-compiling /home/sldev/ros2_ws/src/install/examples_rclpy_minimal_action_server/lib/python3.12/site-packages/examples_rclpy_minimal_action_server/__init__.py to __init__.cpython-312.pyc
[3.159s] running install_data
[3.161s] creating /home/sldev/ros2_ws/src/install/examples_rclpy_minimal_action_server/share/ament_index
[3.163s] creating /home/sldev/ros2_ws/src/install/examples_rclpy_minimal_action_server/share/ament_index/resource_index
[3.164s] creating /home/sldev/ros2_ws/src/install/examples_rclpy_minimal_action_server/share/ament_index/resource_index/packages
[3.164s] copying resource/examples_rclpy_minimal_action_server -> /home/sldev/ros2_ws/src/install/examples_rclpy_minimal_action_server/share/ament_index/resource_index/packages
[3.164s] copying package.xml -> /home/sldev/ros2_ws/src/install/examples_rclpy_minimal_action_server/share/examples_rclpy_minimal_action_server
[3.166s] running install_egg_info
[3.208s] Copying ../../../../build/examples_rclpy_minimal_action_server/examples_rclpy_minimal_action_server.egg-info to /home/sldev/ros2_ws/src/install/examples_rclpy_minimal_action_server/lib/python3.12/site-packages/examples_rclpy_minimal_action_server-0.19.3-py3.12.egg-info
[3.209s] running install_scripts
[3.485s] Installing server script to /home/sldev/ros2_ws/src/install/examples_rclpy_minimal_action_server/lib/examples_rclpy_minimal_action_server
[3.485s] Installing server_defer script to /home/sldev/ros2_ws/src/install/examples_rclpy_minimal_action_server/lib/examples_rclpy_minimal_action_server
[3.485s] Installing server_not_composable script to /home/sldev/ros2_ws/src/install/examples_rclpy_minimal_action_server/lib/examples_rclpy_minimal_action_server
[3.486s] Installing server_queue_goals script to /home/sldev/ros2_ws/src/install/examples_rclpy_minimal_action_server/lib/examples_rclpy_minimal_action_server
[3.486s] Installing server_single_goal script to /home/sldev/ros2_ws/src/install/examples_rclpy_minimal_action_server/lib/examples_rclpy_minimal_action_server
[3.487s] writing list of installed files to '/home/sldev/ros2_ws/src/build/examples_rclpy_minimal_action_server/install.log'
[3.632s] Invoked command in '/home/sldev/ros2_ws/src/examples/rclpy/actions/minimal_action_server' returned '0': DEBUGINFOD_URLS=https://debuginfod.ubuntu.com PYTHONPATH=/home/sldev/ros2_ws/src/build/examples_rclpy_minimal_action_server/prefix_override:/home/sldev/ros2_ws/src/install/examples_rclpy_minimal_action_server/lib/python3.12/site-packages:${PYTHONPATH} /usr/bin/python3 -W ignore:setup.py install is deprecated setup.py egg_info --egg-base ../../../../build/examples_rclpy_minimal_action_server build --build-base /home/sldev/ros2_ws/src/build/examples_rclpy_minimal_action_server/build install --record /home/sldev/ros2_ws/src/build/examples_rclpy_minimal_action_server/install.log --single-version-externally-managed install_data
