[0.039s] Invoking command in '/home/sldev/ros2_ws/src/build/examples_rclcpp_minimal_client': CMAKE_PREFIX_PATH=${CMAKE_PREFIX_PATH}:/opt/ros/jazzy DEBUGINFOD_URLS=https://debuginfod.ubuntu.com /usr/bin/cmake /home/sldev/ros2_ws/src/examples/rclcpp/services/minimal_client -DCMAKE_INSTALL_PREFIX=/home/sldev/ros2_ws/src/install/examples_rclcpp_minimal_client
[0.332s] -- The C compiler identification is GNU 13.2.0
[0.638s] -- The CXX compiler identification is GNU 13.2.0
[0.664s] -- Detecting C compiler ABI info
[0.898s] -- Detecting C compiler ABI info - done
[0.922s] -- Check for working C compiler: /usr/bin/cc - skipped
[0.923s] -- Detecting C compile features
[0.923s] -- Detecting C compile features - done
[0.938s] -- Detecting CXX compiler ABI info
[1.169s] -- Detecting CXX compiler ABI info - done
[1.179s] -- Check for working CXX compiler: /usr/bin/c++ - skipped
[1.179s] -- Detecting CXX compile features
[1.180s] -- Detecting CXX compile features - done
[1.187s] -- Found ament_cmake: 2.5.0 (/opt/ros/jazzy/share/ament_cmake/cmake)
[1.425s] -- Found Python3: /usr/bin/python3 (found version "3.12.3") found components: Interpreter 
[1.654s] -- Found example_interfaces: 0.12.0 (/opt/ros/jazzy/share/example_interfaces/cmake)
[1.741s] -- Found rosidl_generator_c: 4.6.2 (/opt/ros/jazzy/share/rosidl_generator_c/cmake)
[1.769s] -- Found rosidl_generator_cpp: 4.6.2 (/opt/ros/jazzy/share/rosidl_generator_cpp/cmake)
[1.811s] -- Using all available rosidl_typesupport_c: rosidl_typesupport_fastrtps_c;rosidl_typesupport_introspection_c
[1.848s] -- Using all available rosidl_typesupport_cpp: rosidl_typesupport_fastrtps_cpp;rosidl_typesupport_introspection_cpp
[2.040s] -- Found rclcpp: 28.1.2 (/opt/ros/jazzy/share/rclcpp/cmake)
[2.113s] -- Found rmw_implementation_cmake: 7.3.1 (/opt/ros/jazzy/share/rmw_implementation_cmake/cmake)
[2.118s] -- Found rmw_fastrtps_cpp: 8.4.0 (/opt/ros/jazzy/share/rmw_fastrtps_cpp/cmake)
[2.272s] -- Found OpenSSL: /usr/lib/x86_64-linux-gnu/libcrypto.so (found version "3.0.13")  
[2.302s] -- Found FastRTPS: /opt/ros/jazzy/include (Required is at least version "2.13") 
[2.344s] -- Using RMW implementation 'rmw_fastrtps_cpp' as default
[2.467s] -- Found ament_lint_auto: 0.17.0 (/opt/ros/jazzy/share/ament_lint_auto/cmake)
[2.826s] -- Added test 'copyright' to check source files copyright and LICENSE
[2.831s] -- Added test 'cppcheck' to perform static code analysis on C / C++ code
[2.833s] -- Configured cppcheck include dirs: 
[2.833s] -- Configured cppcheck exclude dirs and/or files: 
[2.833s] -- Added test 'cpplint' to check C / C++ code against the Google style
[2.833s] -- Configured cpplint exclude dirs and/or files: 
[2.833s] -- Added test 'lint_cmake' to check CMake code style
[2.835s] -- Added test 'uncrustify' to check C / C++ code style
[2.835s] -- Configured uncrustify additional arguments: 
[2.837s] -- Added test 'xmllint' to check XML markup files
[2.840s] -- Configuring done (2.8s)
[2.865s] -- Generating done (0.0s)
[2.869s] -- Build files have been written to: /home/sldev/ros2_ws/src/build/examples_rclcpp_minimal_client
[2.901s] Invoked command in '/home/sldev/ros2_ws/src/build/examples_rclcpp_minimal_client' returned '0': CMAKE_PREFIX_PATH=${CMAKE_PREFIX_PATH}:/opt/ros/jazzy DEBUGINFOD_URLS=https://debuginfod.ubuntu.com /usr/bin/cmake /home/sldev/ros2_ws/src/examples/rclcpp/services/minimal_client -DCMAKE_INSTALL_PREFIX=/home/sldev/ros2_ws/src/install/examples_rclcpp_minimal_client
[2.906s] Invoking command in '/home/sldev/ros2_ws/src/build/examples_rclcpp_minimal_client': CMAKE_PREFIX_PATH=${CMAKE_PREFIX_PATH}:/opt/ros/jazzy DEBUGINFOD_URLS=https://debuginfod.ubuntu.com /usr/bin/cmake --build /home/sldev/ros2_ws/src/build/examples_rclcpp_minimal_client -- -j6 -l6
[3.059s] [ 50%] [32mBuilding CXX object CMakeFiles/client_main.dir/main.cpp.o[0m
[51.968s] [100%] [32m[1mLinking CXX executable client_main[0m
[53.420s] [100%] Built target client_main
[54.073s] Invoked command in '/home/sldev/ros2_ws/src/build/examples_rclcpp_minimal_client' returned '0': CMAKE_PREFIX_PATH=${CMAKE_PREFIX_PATH}:/opt/ros/jazzy DEBUGINFOD_URLS=https://debuginfod.ubuntu.com /usr/bin/cmake --build /home/sldev/ros2_ws/src/build/examples_rclcpp_minimal_client -- -j6 -l6
[54.710s] Invoking command in '/home/sldev/ros2_ws/src/build/examples_rclcpp_minimal_client': CMAKE_PREFIX_PATH=${CMAKE_PREFIX_PATH}:/opt/ros/jazzy DEBUGINFOD_URLS=https://debuginfod.ubuntu.com /usr/bin/cmake --install /home/sldev/ros2_ws/src/build/examples_rclcpp_minimal_client
[60.521s] -- Install configuration: ""
[60.521s] -- Installing: /home/sldev/ros2_ws/src/install/examples_rclcpp_minimal_client/lib/examples_rclcpp_minimal_client/client_main
[60.521s] -- Set non-toolchain portion of runtime path of "/home/sldev/ros2_ws/src/install/examples_rclcpp_minimal_client/lib/examples_rclcpp_minimal_client/client_main" to ""
[60.521s] -- Installing: /home/sldev/ros2_ws/src/install/examples_rclcpp_minimal_client/share/ament_index/resource_index/package_run_dependencies/examples_rclcpp_minimal_client
[60.521s] -- Installing: /home/sldev/ros2_ws/src/install/examples_rclcpp_minimal_client/share/ament_index/resource_index/parent_prefix_path/examples_rclcpp_minimal_client
[60.521s] -- Installing: /home/sldev/ros2_ws/src/install/examples_rclcpp_minimal_client/share/examples_rclcpp_minimal_client/environment/ament_prefix_path.sh
[60.522s] -- Installing: /home/sldev/ros2_ws/src/install/examples_rclcpp_minimal_client/share/examples_rclcpp_minimal_client/environment/ament_prefix_path.dsv
[60.522s] -- Installing: /home/sldev/ros2_ws/src/install/examples_rclcpp_minimal_client/share/examples_rclcpp_minimal_client/environment/path.sh
[60.522s] -- Installing: /home/sldev/ros2_ws/src/install/examples_rclcpp_minimal_client/share/examples_rclcpp_minimal_client/environment/path.dsv
[60.522s] -- Installing: /home/sldev/ros2_ws/src/install/examples_rclcpp_minimal_client/share/examples_rclcpp_minimal_client/local_setup.bash
[60.522s] -- Installing: /home/sldev/ros2_ws/src/install/examples_rclcpp_minimal_client/share/examples_rclcpp_minimal_client/local_setup.sh
[60.522s] -- Installing: /home/sldev/ros2_ws/src/install/examples_rclcpp_minimal_client/share/examples_rclcpp_minimal_client/local_setup.zsh
[60.522s] -- Installing: /home/sldev/ros2_ws/src/install/examples_rclcpp_minimal_client/share/examples_rclcpp_minimal_client/local_setup.dsv
[60.522s] -- Installing: /home/sldev/ros2_ws/src/install/examples_rclcpp_minimal_client/share/examples_rclcpp_minimal_client/package.dsv
[60.522s] -- Installing: /home/sldev/ros2_ws/src/install/examples_rclcpp_minimal_client/share/ament_index/resource_index/packages/examples_rclcpp_minimal_client
[60.523s] -- Installing: /home/sldev/ros2_ws/src/install/examples_rclcpp_minimal_client/share/examples_rclcpp_minimal_client/cmake/examples_rclcpp_minimal_clientConfig.cmake
[60.523s] -- Installing: /home/sldev/ros2_ws/src/install/examples_rclcpp_minimal_client/share/examples_rclcpp_minimal_client/cmake/examples_rclcpp_minimal_clientConfig-version.cmake
[60.523s] -- Installing: /home/sldev/ros2_ws/src/install/examples_rclcpp_minimal_client/share/examples_rclcpp_minimal_client/package.xml
[60.582s] Invoked command in '/home/sldev/ros2_ws/src/build/examples_rclcpp_minimal_client' returned '0': CMAKE_PREFIX_PATH=${CMAKE_PREFIX_PATH}:/opt/ros/jazzy DEBUGINFOD_URLS=https://debuginfod.ubuntu.com /usr/bin/cmake --install /home/sldev/ros2_ws/src/build/examples_rclcpp_minimal_client
