[0.035s] Invoking command in '/home/sldev/ros2_ws/src/build/more_interfaces': CMAKE_PREFIX_PATH=${CMAKE_PREFIX_PATH}:/opt/ros/jazzy DEBUGINFOD_URLS=https://debuginfod.ubuntu.com /usr/bin/cmake /home/sldev/ros2_ws/src/more_interfaces -DCMAKE_INSTALL_PREFIX=/home/sldev/ros2_ws/src/install/more_interfaces
[0.412s] -- The C compiler identification is GNU 13.2.0
[0.779s] -- The CXX compiler identification is GNU 13.2.0
[0.832s] -- Detecting C compiler ABI info
[1.074s] -- Detecting C compiler ABI info - done
[1.101s] -- Check for working C compiler: /usr/bin/cc - skipped
[1.102s] -- Detecting C compile features
[1.103s] -- Detecting C compile features - done
[1.127s] -- Detecting CXX compiler ABI info
[1.371s] -- Detecting CXX compiler ABI info - done
[1.397s] -- Check for working CXX compiler: /usr/bin/c++ - skipped
[1.397s] -- Detecting CXX compile features
[1.398s] -- Detecting CXX compile features - done
[1.415s] -- Found ament_cmake: 2.5.0 (/opt/ros/jazzy/share/ament_cmake/cmake)
[1.749s] -- Found Python3: /usr/bin/python3 (found version "3.12.3") found components: Interpreter 
[2.038s] -- Found rosidl_default_generators: 1.6.0 (/opt/ros/jazzy/share/rosidl_default_generators/cmake)
[2.056s] -- Using all available rosidl_typesupport_c: rosidl_typesupport_fastrtps_c;rosidl_typesupport_introspection_c
[2.210s] -- Using all available rosidl_typesupport_cpp: rosidl_typesupport_fastrtps_cpp;rosidl_typesupport_introspection_cpp
[2.349s] -- Found rosidl_adapter: 4.6.2 (/opt/ros/jazzy/share/rosidl_adapter/cmake)
[3.678s] -- Found ament_cmake_ros: 0.12.0 (/opt/ros/jazzy/share/ament_cmake_ros/cmake)
[4.593s] -- Using all available rosidl_typesupport_c: rosidl_typesupport_fastrtps_c;rosidl_typesupport_introspection_c
[5.777s] -- Using all available rosidl_typesupport_cpp: rosidl_typesupport_fastrtps_cpp;rosidl_typesupport_introspection_cpp
[5.785s] -- Found python_cmake_module: 0.11.1 (/opt/ros/jazzy/share/python_cmake_module/cmake)
[6.083s] -- Found PythonExtra: /usr/bin/python3  
[7.178s] -- Found Python3: /usr/bin/python3 (found version "3.12.3") found components: Interpreter Development NumPy Development.Module Development.Embed 
[7.259s] -- Found rclcpp: 28.1.2 (/opt/ros/jazzy/share/rclcpp/cmake)
[7.509s] -- Found rmw_implementation_cmake: 7.3.1 (/opt/ros/jazzy/share/rmw_implementation_cmake/cmake)
[7.518s] -- Found rmw_fastrtps_cpp: 8.4.0 (/opt/ros/jazzy/share/rmw_fastrtps_cpp/cmake)
[7.746s] -- Found OpenSSL: /usr/lib/x86_64-linux-gnu/libcrypto.so (found version "3.0.13")  
[7.791s] -- Found FastRTPS: /opt/ros/jazzy/include (Required is at least version "2.13") 
[7.845s] -- Using RMW implementation 'rmw_fastrtps_cpp' as default
[8.087s] -- Found ament_lint_auto: 0.17.0 (/opt/ros/jazzy/share/ament_lint_auto/cmake)
[8.155s] -- Added test 'cppcheck' to perform static code analysis on C / C++ code
[8.158s] -- Configured cppcheck include dirs: 
[8.158s] -- Configured cppcheck exclude dirs and/or files: 
[8.161s] -- Added test 'lint_cmake' to check CMake code style
[8.166s] -- Added test 'uncrustify' to check C / C++ code style
[8.166s] -- Configured uncrustify additional arguments: 
[8.169s] -- Added test 'xmllint' to check XML markup files
[8.178s] -- Configuring done (8.1s)
[8.275s] -- Generating done (0.1s)
[8.288s] -- Build files have been written to: /home/sldev/ros2_ws/src/build/more_interfaces
[8.321s] Invoked command in '/home/sldev/ros2_ws/src/build/more_interfaces' returned '0': CMAKE_PREFIX_PATH=${CMAKE_PREFIX_PATH}:/opt/ros/jazzy DEBUGINFOD_URLS=https://debuginfod.ubuntu.com /usr/bin/cmake /home/sldev/ros2_ws/src/more_interfaces -DCMAKE_INSTALL_PREFIX=/home/sldev/ros2_ws/src/install/more_interfaces
[8.325s] Invoking command in '/home/sldev/ros2_ws/src/build/more_interfaces': CMAKE_PREFIX_PATH=${CMAKE_PREFIX_PATH}:/opt/ros/jazzy DEBUGINFOD_URLS=https://debuginfod.ubuntu.com /usr/bin/cmake --build /home/sldev/ros2_ws/src/build/more_interfaces -- -j6 -l6
[8.444s] [  2%] [34m[1mGenerating type hashes for ROS interfaces[0m
[8.462s] [  2%] Built target ament_cmake_python_copy_more_interfaces
[8.974s] running egg_info
[8.975s] creating more_interfaces.egg-info
[8.981s] [  2%] Built target more_interfaces__rosidl_generator_type_description
[9.004s] [  5%] [34m[1mGenerating C code for ROS interfaces[0m
[9.026s] writing more_interfaces.egg-info/PKG-INFO
[9.027s] writing dependency_links to more_interfaces.egg-info/dependency_links.txt
[9.027s] [  8%] [34m[1mGenerating C++ code for ROS interfaces[0m
[9.027s] writing top-level names to more_interfaces.egg-info/top_level.txt
[9.027s] writing manifest file 'more_interfaces.egg-info/SOURCES.txt'
[9.180s] reading manifest file 'more_interfaces.egg-info/SOURCES.txt'
[9.185s] writing manifest file 'more_interfaces.egg-info/SOURCES.txt'
[9.264s] [  8%] Built target ament_cmake_python_build_more_interfaces_egg
[9.649s] [  8%] Built target more_interfaces__cpp
[9.700s] [ 11%] [32mBuilding C object CMakeFiles/more_interfaces__rosidl_generator_c.dir/rosidl_generator_c/more_interfaces/msg/detail/address_book__description.c.o[0m
[9.700s] [ 16%] [32mBuilding C object CMakeFiles/more_interfaces__rosidl_generator_c.dir/rosidl_generator_c/more_interfaces/msg/detail/address_book__type_support.c.o[0m
[9.700s] [ 16%] [32mBuilding C object CMakeFiles/more_interfaces__rosidl_generator_c.dir/rosidl_generator_c/more_interfaces/msg/detail/address_book__functions.c.o[0m
[9.820s] [ 19%] [32m[1mLinking C shared library libmore_interfaces__rosidl_generator_c.so[0m
[9.892s] [ 19%] Built target more_interfaces__rosidl_generator_c
[9.912s] [ 22%] [34m[1mGenerating C introspection for ROS interfaces[0m
[9.913s] [ 30%] [34m[1mGenerating C++ introspection for ROS interfaces[0m
[9.913s] [ 30%] [34m[1mGenerating C++ type support for eProsima Fast-RTPS[0m
[9.913s] [ 33%] [34m[1mGenerating C++ type support dispatch for ROS interfaces[0m
[9.913s] [ 33%] [34m[1mGenerating C type support dispatch for ROS interfaces[0m
[9.917s] [ 36%] [34m[1mGenerating C type support for eProsima Fast-RTPS[0m
[10.481s] [ 38%] [32mBuilding CXX object CMakeFiles/more_interfaces__rosidl_typesupport_introspection_cpp.dir/rosidl_typesupport_introspection_cpp/more_interfaces/msg/detail/address_book__type_support.cpp.o[0m
[10.503s] [ 41%] [32mBuilding CXX object CMakeFiles/more_interfaces__rosidl_typesupport_c.dir/rosidl_typesupport_c/more_interfaces/msg/address_book__type_support.cpp.o[0m
[10.525s] [ 44%] [32mBuilding C object CMakeFiles/more_interfaces__rosidl_typesupport_introspection_c.dir/rosidl_typesupport_introspection_c/more_interfaces/msg/detail/address_book__type_support.c.o[0m
[10.537s] [ 47%] [32mBuilding CXX object CMakeFiles/more_interfaces__rosidl_typesupport_cpp.dir/rosidl_typesupport_cpp/more_interfaces/msg/address_book__type_support.cpp.o[0m
[10.583s] [ 50%] [32mBuilding CXX object CMakeFiles/more_interfaces__rosidl_typesupport_fastrtps_cpp.dir/rosidl_typesupport_fastrtps_cpp/more_interfaces/msg/detail/dds_fastrtps/address_book__type_support.cpp.o[0m
[10.613s] [ 52%] [32m[1mLinking CXX shared library libmore_interfaces__rosidl_typesupport_c.so[0m
[10.616s] [ 55%] [32m[1mLinking C shared library libmore_interfaces__rosidl_typesupport_introspection_c.so[0m
[10.625s] [ 58%] [32mBuilding CXX object CMakeFiles/more_interfaces__rosidl_typesupport_fastrtps_c.dir/rosidl_typesupport_fastrtps_c/more_interfaces/msg/detail/address_book__type_support_c.cpp.o[0m
[10.698s] [ 58%] Built target more_interfaces__rosidl_typesupport_introspection_c
[10.724s] [ 58%] Built target more_interfaces__rosidl_typesupport_c
[11.474s] [ 61%] [32m[1mLinking CXX shared library libmore_interfaces__rosidl_typesupport_cpp.so[0m
[11.474s] [ 63%] [32m[1mLinking CXX shared library libmore_interfaces__rosidl_typesupport_introspection_cpp.so[0m
[11.568s] [ 63%] Built target more_interfaces__rosidl_typesupport_cpp
[11.616s] [ 66%] [32mBuilding CXX object CMakeFiles/publish_address_book.dir/src/publish_address_book.cpp.o[0m
[11.677s] [ 66%] Built target more_interfaces__rosidl_typesupport_introspection_cpp
[11.887s] [ 69%] [32m[1mLinking CXX shared library libmore_interfaces__rosidl_typesupport_fastrtps_cpp.so[0m
[11.964s] [ 72%] [32m[1mLinking CXX shared library libmore_interfaces__rosidl_typesupport_fastrtps_c.so[0m
[12.137s] [ 72%] Built target more_interfaces__rosidl_typesupport_fastrtps_cpp
[12.181s] [ 72%] Built target more_interfaces__rosidl_typesupport_fastrtps_c
[12.220s] [ 72%] Built target more_interfaces
[12.264s] [ 75%] [34m[1mGenerating Python code for ROS interfaces[0m
[12.772s] [ 75%] Built target more_interfaces__py
[12.814s] [ 77%] [32mBuilding C object CMakeFiles/more_interfaces__rosidl_generator_py.dir/rosidl_generator_py/more_interfaces/msg/_address_book_s.c.o[0m
[13.087s] [ 80%] [32m[1mLinking C shared library libmore_interfaces__rosidl_generator_py.so[0m
[13.152s] [ 80%] Built target more_interfaces__rosidl_generator_py
[13.185s] [ 83%] [32mBuilding C object CMakeFiles/more_interfaces_s__rosidl_typesupport_fastrtps_c.dir/rosidl_generator_py/more_interfaces/_more_interfaces_s.ep.rosidl_typesupport_fastrtps_c.c.o[0m
[13.185s] [ 86%] [32mBuilding C object CMakeFiles/more_interfaces_s__rosidl_typesupport_introspection_c.dir/rosidl_generator_py/more_interfaces/_more_interfaces_s.ep.rosidl_typesupport_introspection_c.c.o[0m
[13.187s] [ 88%] [32mBuilding C object CMakeFiles/more_interfaces_s__rosidl_typesupport_c.dir/rosidl_generator_py/more_interfaces/_more_interfaces_s.ep.rosidl_typesupport_c.c.o[0m
[13.429s] [ 91%] [32m[1mLinking C shared module rosidl_generator_py/more_interfaces/more_interfaces_s__rosidl_typesupport_introspection_c.so[0m
[13.431s] [ 97%] [32m[1mLinking C shared module rosidl_generator_py/more_interfaces/more_interfaces_s__rosidl_typesupport_fastrtps_c.so[0m
[13.431s] [ 97%] [32m[1mLinking C shared module rosidl_generator_py/more_interfaces/more_interfaces_s__rosidl_typesupport_c.so[0m
[13.480s] [ 97%] Built target more_interfaces_s__rosidl_typesupport_c
[13.482s] [ 97%] Built target more_interfaces_s__rosidl_typesupport_introspection_c
[13.488s] [ 97%] Built target more_interfaces_s__rosidl_typesupport_fastrtps_c
[18.916s] [100%] [32m[1mLinking CXX executable publish_address_book[0m
[19.279s] [100%] Built target publish_address_book
[19.302s] Invoked command in '/home/sldev/ros2_ws/src/build/more_interfaces' returned '0': CMAKE_PREFIX_PATH=${CMAKE_PREFIX_PATH}:/opt/ros/jazzy DEBUGINFOD_URLS=https://debuginfod.ubuntu.com /usr/bin/cmake --build /home/sldev/ros2_ws/src/build/more_interfaces -- -j6 -l6
[19.446s] Invoking command in '/home/sldev/ros2_ws/src/build/more_interfaces': CMAKE_PREFIX_PATH=${CMAKE_PREFIX_PATH}:/opt/ros/jazzy DEBUGINFOD_URLS=https://debuginfod.ubuntu.com /usr/bin/cmake --install /home/sldev/ros2_ws/src/build/more_interfaces
[19.462s] -- Install configuration: ""
[19.462s] -- Installing: /home/sldev/ros2_ws/src/install/more_interfaces/share/ament_index/resource_index/rosidl_interfaces/more_interfaces
[19.462s] -- Installing: /home/sldev/ros2_ws/src/install/more_interfaces/share/more_interfaces/msg/AddressBook.json
[19.463s] -- Installing: /home/sldev/ros2_ws/src/install/more_interfaces/include/more_interfaces/more_interfaces
[19.463s] -- Installing: /home/sldev/ros2_ws/src/install/more_interfaces/include/more_interfaces/more_interfaces/msg
[19.463s] -- Installing: /home/sldev/ros2_ws/src/install/more_interfaces/include/more_interfaces/more_interfaces/msg/rosidl_generator_c__visibility_control.h
[19.463s] -- Installing: /home/sldev/ros2_ws/src/install/more_interfaces/include/more_interfaces/more_interfaces/msg/address_book.h
[19.463s] -- Installing: /home/sldev/ros2_ws/src/install/more_interfaces/include/more_interfaces/more_interfaces/msg/detail
[19.463s] -- Installing: /home/sldev/ros2_ws/src/install/more_interfaces/include/more_interfaces/more_interfaces/msg/detail/address_book__struct.h
[19.464s] -- Installing: /home/sldev/ros2_ws/src/install/more_interfaces/include/more_interfaces/more_interfaces/msg/detail/address_book__functions.c
[19.464s] -- Installing: /home/sldev/ros2_ws/src/install/more_interfaces/include/more_interfaces/more_interfaces/msg/detail/address_book__type_support.h
[19.464s] -- Installing: /home/sldev/ros2_ws/src/install/more_interfaces/include/more_interfaces/more_interfaces/msg/detail/address_book__type_support.c
[19.465s] -- Installing: /home/sldev/ros2_ws/src/install/more_interfaces/include/more_interfaces/more_interfaces/msg/detail/address_book__description.c
[19.465s] -- Installing: /home/sldev/ros2_ws/src/install/more_interfaces/include/more_interfaces/more_interfaces/msg/detail/address_book__functions.h
[19.465s] -- Installing: /home/sldev/ros2_ws/src/install/more_interfaces/share/more_interfaces/environment/library_path.sh
[19.465s] -- Installing: /home/sldev/ros2_ws/src/install/more_interfaces/share/more_interfaces/environment/library_path.dsv
[19.466s] -- Installing: /home/sldev/ros2_ws/src/install/more_interfaces/lib/libmore_interfaces__rosidl_generator_c.so
[19.467s] -- Set non-toolchain portion of runtime path of "/home/sldev/ros2_ws/src/install/more_interfaces/lib/libmore_interfaces__rosidl_generator_c.so" to ""
[19.468s] -- Up-to-date: /home/sldev/ros2_ws/src/install/more_interfaces/include/more_interfaces/more_interfaces
[19.468s] -- Up-to-date: /home/sldev/ros2_ws/src/install/more_interfaces/include/more_interfaces/more_interfaces/msg
[19.468s] -- Installing: /home/sldev/ros2_ws/src/install/more_interfaces/include/more_interfaces/more_interfaces/msg/rosidl_typesupport_fastrtps_c__visibility_control.h
[19.468s] -- Up-to-date: /home/sldev/ros2_ws/src/install/more_interfaces/include/more_interfaces/more_interfaces/msg/detail
[19.469s] -- Installing: /home/sldev/ros2_ws/src/install/more_interfaces/include/more_interfaces/more_interfaces/msg/detail/address_book__rosidl_typesupport_fastrtps_c.h
[19.469s] -- Installing: /home/sldev/ros2_ws/src/install/more_interfaces/lib/libmore_interfaces__rosidl_typesupport_fastrtps_c.so
[19.469s] -- Set non-toolchain portion of runtime path of "/home/sldev/ros2_ws/src/install/more_interfaces/lib/libmore_interfaces__rosidl_typesupport_fastrtps_c.so" to ""
[19.469s] -- Up-to-date: /home/sldev/ros2_ws/src/install/more_interfaces/include/more_interfaces/more_interfaces
[19.470s] -- Up-to-date: /home/sldev/ros2_ws/src/install/more_interfaces/include/more_interfaces/more_interfaces/msg
[19.470s] -- Installing: /home/sldev/ros2_ws/src/install/more_interfaces/include/more_interfaces/more_interfaces/msg/rosidl_typesupport_introspection_c__visibility_control.h
[19.470s] -- Up-to-date: /home/sldev/ros2_ws/src/install/more_interfaces/include/more_interfaces/more_interfaces/msg/detail
[19.470s] -- Installing: /home/sldev/ros2_ws/src/install/more_interfaces/include/more_interfaces/more_interfaces/msg/detail/address_book__rosidl_typesupport_introspection_c.h
[19.471s] -- Installing: /home/sldev/ros2_ws/src/install/more_interfaces/include/more_interfaces/more_interfaces/msg/detail/address_book__type_support.c
[19.471s] -- Installing: /home/sldev/ros2_ws/src/install/more_interfaces/lib/libmore_interfaces__rosidl_typesupport_introspection_c.so
[19.471s] -- Set non-toolchain portion of runtime path of "/home/sldev/ros2_ws/src/install/more_interfaces/lib/libmore_interfaces__rosidl_typesupport_introspection_c.so" to ""
[19.472s] -- Installing: /home/sldev/ros2_ws/src/install/more_interfaces/lib/libmore_interfaces__rosidl_typesupport_c.so
[19.473s] -- Set non-toolchain portion of runtime path of "/home/sldev/ros2_ws/src/install/more_interfaces/lib/libmore_interfaces__rosidl_typesupport_c.so" to ""
[19.473s] -- Up-to-date: /home/sldev/ros2_ws/src/install/more_interfaces/include/more_interfaces/more_interfaces
[19.474s] -- Up-to-date: /home/sldev/ros2_ws/src/install/more_interfaces/include/more_interfaces/more_interfaces/msg
[19.474s] -- Installing: /home/sldev/ros2_ws/src/install/more_interfaces/include/more_interfaces/more_interfaces/msg/rosidl_generator_cpp__visibility_control.hpp
[19.474s] -- Installing: /home/sldev/ros2_ws/src/install/more_interfaces/include/more_interfaces/more_interfaces/msg/address_book.hpp
[19.474s] -- Up-to-date: /home/sldev/ros2_ws/src/install/more_interfaces/include/more_interfaces/more_interfaces/msg/detail
[19.475s] -- Installing: /home/sldev/ros2_ws/src/install/more_interfaces/include/more_interfaces/more_interfaces/msg/detail/address_book__type_support.hpp
[19.475s] -- Installing: /home/sldev/ros2_ws/src/install/more_interfaces/include/more_interfaces/more_interfaces/msg/detail/address_book__traits.hpp
[19.476s] -- Installing: /home/sldev/ros2_ws/src/install/more_interfaces/include/more_interfaces/more_interfaces/msg/detail/address_book__builder.hpp
[19.476s] -- Installing: /home/sldev/ros2_ws/src/install/more_interfaces/include/more_interfaces/more_interfaces/msg/detail/address_book__struct.hpp
[19.476s] -- Up-to-date: /home/sldev/ros2_ws/src/install/more_interfaces/include/more_interfaces/more_interfaces
[19.477s] -- Up-to-date: /home/sldev/ros2_ws/src/install/more_interfaces/include/more_interfaces/more_interfaces/msg
[19.477s] -- Installing: /home/sldev/ros2_ws/src/install/more_interfaces/include/more_interfaces/more_interfaces/msg/rosidl_typesupport_fastrtps_cpp__visibility_control.h
[19.477s] -- Up-to-date: /home/sldev/ros2_ws/src/install/more_interfaces/include/more_interfaces/more_interfaces/msg/detail
[19.477s] -- Installing: /home/sldev/ros2_ws/src/install/more_interfaces/include/more_interfaces/more_interfaces/msg/detail/dds_fastrtps
[19.477s] -- Installing: /home/sldev/ros2_ws/src/install/more_interfaces/include/more_interfaces/more_interfaces/msg/detail/address_book__rosidl_typesupport_fastrtps_cpp.hpp
[19.478s] -- Installing: /home/sldev/ros2_ws/src/install/more_interfaces/lib/libmore_interfaces__rosidl_typesupport_fastrtps_cpp.so
[19.478s] -- Set non-toolchain portion of runtime path of "/home/sldev/ros2_ws/src/install/more_interfaces/lib/libmore_interfaces__rosidl_typesupport_fastrtps_cpp.so" to ""
[19.478s] -- Up-to-date: /home/sldev/ros2_ws/src/install/more_interfaces/include/more_interfaces/more_interfaces
[19.478s] -- Up-to-date: /home/sldev/ros2_ws/src/install/more_interfaces/include/more_interfaces/more_interfaces/msg
[19.479s] -- Up-to-date: /home/sldev/ros2_ws/src/install/more_interfaces/include/more_interfaces/more_interfaces/msg/detail
[19.479s] -- Installing: /home/sldev/ros2_ws/src/install/more_interfaces/include/more_interfaces/more_interfaces/msg/detail/address_book__rosidl_typesupport_introspection_cpp.hpp
[19.479s] -- Installing: /home/sldev/ros2_ws/src/install/more_interfaces/include/more_interfaces/more_interfaces/msg/detail/address_book__type_support.cpp
[19.479s] -- Installing: /home/sldev/ros2_ws/src/install/more_interfaces/lib/libmore_interfaces__rosidl_typesupport_introspection_cpp.so
[19.479s] -- Set non-toolchain portion of runtime path of "/home/sldev/ros2_ws/src/install/more_interfaces/lib/libmore_interfaces__rosidl_typesupport_introspection_cpp.so" to ""
[19.480s] -- Installing: /home/sldev/ros2_ws/src/install/more_interfaces/lib/libmore_interfaces__rosidl_typesupport_cpp.so
[19.480s] -- Set non-toolchain portion of runtime path of "/home/sldev/ros2_ws/src/install/more_interfaces/lib/libmore_interfaces__rosidl_typesupport_cpp.so" to ""
[19.480s] -- Installing: /home/sldev/ros2_ws/src/install/more_interfaces/share/more_interfaces/environment/pythonpath.sh
[19.481s] -- Installing: /home/sldev/ros2_ws/src/install/more_interfaces/share/more_interfaces/environment/pythonpath.dsv
[19.481s] -- Installing: /home/sldev/ros2_ws/src/install/more_interfaces/lib/python3.12/site-packages/more_interfaces-0.0.0-py3.12.egg-info
[19.481s] -- Installing: /home/sldev/ros2_ws/src/install/more_interfaces/lib/python3.12/site-packages/more_interfaces-0.0.0-py3.12.egg-info/PKG-INFO
[19.481s] -- Installing: /home/sldev/ros2_ws/src/install/more_interfaces/lib/python3.12/site-packages/more_interfaces-0.0.0-py3.12.egg-info/top_level.txt
[19.482s] -- Installing: /home/sldev/ros2_ws/src/install/more_interfaces/lib/python3.12/site-packages/more_interfaces-0.0.0-py3.12.egg-info/SOURCES.txt
[19.482s] -- Installing: /home/sldev/ros2_ws/src/install/more_interfaces/lib/python3.12/site-packages/more_interfaces-0.0.0-py3.12.egg-info/dependency_links.txt
[19.482s] -- Installing: /home/sldev/ros2_ws/src/install/more_interfaces/lib/python3.12/site-packages/more_interfaces
[19.482s] -- Installing: /home/sldev/ros2_ws/src/install/more_interfaces/lib/python3.12/site-packages/more_interfaces/_more_interfaces_s.ep.rosidl_typesupport_fastrtps_c.c
[19.483s] -- Installing: /home/sldev/ros2_ws/src/install/more_interfaces/lib/python3.12/site-packages/more_interfaces/more_interfaces_s__rosidl_typesupport_fastrtps_c.so
[19.483s] -- Installing: /home/sldev/ros2_ws/src/install/more_interfaces/lib/python3.12/site-packages/more_interfaces/more_interfaces_s__rosidl_typesupport_introspection_c.so
[19.483s] -- Installing: /home/sldev/ros2_ws/src/install/more_interfaces/lib/python3.12/site-packages/more_interfaces/more_interfaces_s__rosidl_typesupport_c.so
[19.484s] -- Installing: /home/sldev/ros2_ws/src/install/more_interfaces/lib/python3.12/site-packages/more_interfaces/msg
[19.484s] -- Installing: /home/sldev/ros2_ws/src/install/more_interfaces/lib/python3.12/site-packages/more_interfaces/msg/_address_book_s.c
[19.484s] -- Installing: /home/sldev/ros2_ws/src/install/more_interfaces/lib/python3.12/site-packages/more_interfaces/msg/_address_book.py
[19.485s] -- Installing: /home/sldev/ros2_ws/src/install/more_interfaces/lib/python3.12/site-packages/more_interfaces/msg/__init__.py
[19.485s] -- Installing: /home/sldev/ros2_ws/src/install/more_interfaces/lib/python3.12/site-packages/more_interfaces/__init__.py
[19.485s] -- Installing: /home/sldev/ros2_ws/src/install/more_interfaces/lib/python3.12/site-packages/more_interfaces/_more_interfaces_s.ep.rosidl_typesupport_introspection_c.c
[19.485s] -- Installing: /home/sldev/ros2_ws/src/install/more_interfaces/lib/python3.12/site-packages/more_interfaces/_more_interfaces_s.ep.rosidl_typesupport_c.c
[19.534s] Listing '/home/sldev/ros2_ws/src/install/more_interfaces/lib/python3.12/site-packages/more_interfaces'...
[19.534s] Compiling '/home/sldev/ros2_ws/src/install/more_interfaces/lib/python3.12/site-packages/more_interfaces/__init__.py'...
[19.534s] Listing '/home/sldev/ros2_ws/src/install/more_interfaces/lib/python3.12/site-packages/more_interfaces/msg'...
[19.535s] Compiling '/home/sldev/ros2_ws/src/install/more_interfaces/lib/python3.12/site-packages/more_interfaces/msg/__init__.py'...
[19.535s] Compiling '/home/sldev/ros2_ws/src/install/more_interfaces/lib/python3.12/site-packages/more_interfaces/msg/_address_book.py'...
[19.545s] -- Installing: /home/sldev/ros2_ws/src/install/more_interfaces/lib/python3.12/site-packages/more_interfaces/more_interfaces_s__rosidl_typesupport_fastrtps_c.so
[19.545s] -- Set non-toolchain portion of runtime path of "/home/sldev/ros2_ws/src/install/more_interfaces/lib/python3.12/site-packages/more_interfaces/more_interfaces_s__rosidl_typesupport_fastrtps_c.so" to ""
[19.546s] -- Installing: /home/sldev/ros2_ws/src/install/more_interfaces/lib/python3.12/site-packages/more_interfaces/more_interfaces_s__rosidl_typesupport_introspection_c.so
[19.546s] -- Set non-toolchain portion of runtime path of "/home/sldev/ros2_ws/src/install/more_interfaces/lib/python3.12/site-packages/more_interfaces/more_interfaces_s__rosidl_typesupport_introspection_c.so" to ""
[19.546s] -- Installing: /home/sldev/ros2_ws/src/install/more_interfaces/lib/python3.12/site-packages/more_interfaces/more_interfaces_s__rosidl_typesupport_c.so
[19.546s] -- Set non-toolchain portion of runtime path of "/home/sldev/ros2_ws/src/install/more_interfaces/lib/python3.12/site-packages/more_interfaces/more_interfaces_s__rosidl_typesupport_c.so" to ""
[19.547s] -- Installing: /home/sldev/ros2_ws/src/install/more_interfaces/lib/libmore_interfaces__rosidl_generator_py.so
[19.547s] -- Set non-toolchain portion of runtime path of "/home/sldev/ros2_ws/src/install/more_interfaces/lib/libmore_interfaces__rosidl_generator_py.so" to ""
[19.547s] -- Installing: /home/sldev/ros2_ws/src/install/more_interfaces/share/more_interfaces/msg/AddressBook.idl
[19.547s] -- Installing: /home/sldev/ros2_ws/src/install/more_interfaces/share/more_interfaces/msg/AddressBook.msg
[19.547s] -- Installing: /home/sldev/ros2_ws/src/install/more_interfaces/lib/more_interfaces/publish_address_book
[19.549s] -- Set non-toolchain portion of runtime path of "/home/sldev/ros2_ws/src/install/more_interfaces/lib/more_interfaces/publish_address_book" to ""
[19.550s] -- Installing: /home/sldev/ros2_ws/src/install/more_interfaces/share/ament_index/resource_index/package_run_dependencies/more_interfaces
[19.550s] -- Installing: /home/sldev/ros2_ws/src/install/more_interfaces/share/ament_index/resource_index/parent_prefix_path/more_interfaces
[19.550s] -- Installing: /home/sldev/ros2_ws/src/install/more_interfaces/share/more_interfaces/environment/ament_prefix_path.sh
[19.551s] -- Installing: /home/sldev/ros2_ws/src/install/more_interfaces/share/more_interfaces/environment/ament_prefix_path.dsv
[19.551s] -- Installing: /home/sldev/ros2_ws/src/install/more_interfaces/share/more_interfaces/environment/path.sh
[19.551s] -- Installing: /home/sldev/ros2_ws/src/install/more_interfaces/share/more_interfaces/environment/path.dsv
[19.551s] -- Installing: /home/sldev/ros2_ws/src/install/more_interfaces/share/more_interfaces/local_setup.bash
[19.551s] -- Installing: /home/sldev/ros2_ws/src/install/more_interfaces/share/more_interfaces/local_setup.sh
[19.551s] -- Installing: /home/sldev/ros2_ws/src/install/more_interfaces/share/more_interfaces/local_setup.zsh
[19.551s] -- Installing: /home/sldev/ros2_ws/src/install/more_interfaces/share/more_interfaces/local_setup.dsv
[19.552s] -- Installing: /home/sldev/ros2_ws/src/install/more_interfaces/share/more_interfaces/package.dsv
[19.552s] -- Installing: /home/sldev/ros2_ws/src/install/more_interfaces/share/ament_index/resource_index/packages/more_interfaces
[19.552s] -- Installing: /home/sldev/ros2_ws/src/install/more_interfaces/share/more_interfaces/cmake/export_more_interfaces__rosidl_generator_cExport.cmake
[19.552s] -- Installing: /home/sldev/ros2_ws/src/install/more_interfaces/share/more_interfaces/cmake/export_more_interfaces__rosidl_generator_cExport-noconfig.cmake
[19.552s] -- Installing: /home/sldev/ros2_ws/src/install/more_interfaces/share/more_interfaces/cmake/export_more_interfaces__rosidl_typesupport_fastrtps_cExport.cmake
[19.553s] -- Installing: /home/sldev/ros2_ws/src/install/more_interfaces/share/more_interfaces/cmake/export_more_interfaces__rosidl_typesupport_fastrtps_cExport-noconfig.cmake
[19.553s] -- Installing: /home/sldev/ros2_ws/src/install/more_interfaces/share/more_interfaces/cmake/more_interfaces__rosidl_typesupport_introspection_cExport.cmake
[19.553s] -- Installing: /home/sldev/ros2_ws/src/install/more_interfaces/share/more_interfaces/cmake/more_interfaces__rosidl_typesupport_introspection_cExport-noconfig.cmake
[19.553s] -- Installing: /home/sldev/ros2_ws/src/install/more_interfaces/share/more_interfaces/cmake/more_interfaces__rosidl_typesupport_cExport.cmake
[19.554s] -- Installing: /home/sldev/ros2_ws/src/install/more_interfaces/share/more_interfaces/cmake/more_interfaces__rosidl_typesupport_cExport-noconfig.cmake
[19.554s] -- Installing: /home/sldev/ros2_ws/src/install/more_interfaces/share/more_interfaces/cmake/export_more_interfaces__rosidl_generator_cppExport.cmake
[19.554s] -- Installing: /home/sldev/ros2_ws/src/install/more_interfaces/share/more_interfaces/cmake/export_more_interfaces__rosidl_typesupport_fastrtps_cppExport.cmake
[19.554s] -- Installing: /home/sldev/ros2_ws/src/install/more_interfaces/share/more_interfaces/cmake/export_more_interfaces__rosidl_typesupport_fastrtps_cppExport-noconfig.cmake
[19.555s] -- Installing: /home/sldev/ros2_ws/src/install/more_interfaces/share/more_interfaces/cmake/more_interfaces__rosidl_typesupport_introspection_cppExport.cmake
[19.555s] -- Installing: /home/sldev/ros2_ws/src/install/more_interfaces/share/more_interfaces/cmake/more_interfaces__rosidl_typesupport_introspection_cppExport-noconfig.cmake
[19.555s] -- Installing: /home/sldev/ros2_ws/src/install/more_interfaces/share/more_interfaces/cmake/more_interfaces__rosidl_typesupport_cppExport.cmake
[19.555s] -- Installing: /home/sldev/ros2_ws/src/install/more_interfaces/share/more_interfaces/cmake/more_interfaces__rosidl_typesupport_cppExport-noconfig.cmake
[19.555s] -- Installing: /home/sldev/ros2_ws/src/install/more_interfaces/share/more_interfaces/cmake/export_more_interfaces__rosidl_generator_pyExport.cmake
[19.555s] -- Installing: /home/sldev/ros2_ws/src/install/more_interfaces/share/more_interfaces/cmake/export_more_interfaces__rosidl_generator_pyExport-noconfig.cmake
[19.556s] -- Installing: /home/sldev/ros2_ws/src/install/more_interfaces/share/more_interfaces/cmake/rosidl_cmake-extras.cmake
[19.556s] -- Installing: /home/sldev/ros2_ws/src/install/more_interfaces/share/more_interfaces/cmake/ament_cmake_export_include_directories-extras.cmake
[19.556s] -- Installing: /home/sldev/ros2_ws/src/install/more_interfaces/share/more_interfaces/cmake/ament_cmake_export_libraries-extras.cmake
[19.556s] -- Installing: /home/sldev/ros2_ws/src/install/more_interfaces/share/more_interfaces/cmake/ament_cmake_export_targets-extras.cmake
[19.556s] -- Installing: /home/sldev/ros2_ws/src/install/more_interfaces/share/more_interfaces/cmake/rosidl_cmake_export_typesupport_targets-extras.cmake
[19.557s] -- Installing: /home/sldev/ros2_ws/src/install/more_interfaces/share/more_interfaces/cmake/ament_cmake_export_dependencies-extras.cmake
[19.557s] -- Installing: /home/sldev/ros2_ws/src/install/more_interfaces/share/more_interfaces/cmake/rosidl_cmake_export_typesupport_libraries-extras.cmake
[19.557s] -- Installing: /home/sldev/ros2_ws/src/install/more_interfaces/share/more_interfaces/cmake/more_interfacesConfig.cmake
[19.557s] -- Installing: /home/sldev/ros2_ws/src/install/more_interfaces/share/more_interfaces/cmake/more_interfacesConfig-version.cmake
[19.557s] -- Installing: /home/sldev/ros2_ws/src/install/more_interfaces/share/more_interfaces/package.xml
[19.562s] Invoked command in '/home/sldev/ros2_ws/src/build/more_interfaces' returned '0': CMAKE_PREFIX_PATH=${CMAKE_PREFIX_PATH}:/opt/ros/jazzy DEBUGINFOD_URLS=https://debuginfod.ubuntu.com /usr/bin/cmake --install /home/sldev/ros2_ws/src/build/more_interfaces
