[0.018s] Invoking command in '/home/sldev/ros2_ws/src/build/examples_rclcpp_minimal_timer': CMAKE_PREFIX_PATH=${CMAKE_PREFIX_PATH}:/opt/ros/jazzy DEBUGINFOD_URLS=https://debuginfod.ubuntu.com /usr/bin/cmake /home/sldev/ros2_ws/src/examples/rclcpp/timers/minimal_timer -DCMAKE_INSTALL_PREFIX=/home/sldev/ros2_ws/src/install/examples_rclcpp_minimal_timer
[5.113s] -- The C compiler identification is GNU 13.2.0
[5.114s] -- The CXX compiler identification is GNU 13.2.0
[5.114s] -- Detecting C compiler ABI info
[5.114s] -- Detecting C compiler ABI info - done
[5.114s] -- Check for working C compiler: /usr/bin/cc - skipped
[5.114s] -- Detecting C compile features
[5.114s] -- Detecting C compile features - done
[5.114s] -- Detecting CXX compiler ABI info
[5.114s] -- Detecting CXX compiler ABI info - done
[5.114s] -- Check for working CXX compiler: /usr/bin/c++ - skipped
[5.114s] -- Detecting CXX compile features
[5.114s] -- Detecting CXX compile features - done
[5.114s] -- Found ament_cmake: 2.5.0 (/opt/ros/jazzy/share/ament_cmake/cmake)
[5.114s] -- Found Python3: /usr/bin/python3 (found version "3.12.3") found components: Interpreter 
[5.115s] -- Found rclcpp: 28.1.2 (/opt/ros/jazzy/share/rclcpp/cmake)
[5.115s] -- Found rosidl_generator_c: 4.6.2 (/opt/ros/jazzy/share/rosidl_generator_c/cmake)
[5.115s] -- Found rosidl_generator_cpp: 4.6.2 (/opt/ros/jazzy/share/rosidl_generator_cpp/cmake)
[5.115s] -- Using all available rosidl_typesupport_c: rosidl_typesupport_fastrtps_c;rosidl_typesupport_introspection_c
[5.115s] -- Using all available rosidl_typesupport_cpp: rosidl_typesupport_fastrtps_cpp;rosidl_typesupport_introspection_cpp
[5.115s] -- Found rmw_implementation_cmake: 7.3.1 (/opt/ros/jazzy/share/rmw_implementation_cmake/cmake)
[5.115s] -- Found rmw_fastrtps_cpp: 8.4.0 (/opt/ros/jazzy/share/rmw_fastrtps_cpp/cmake)
[5.115s] -- Found OpenSSL: /usr/lib/x86_64-linux-gnu/libcrypto.so (found version "3.0.13")  
[5.115s] -- Found FastRTPS: /opt/ros/jazzy/include (Required is at least version "2.13") 
[5.115s] -- Using RMW implementation 'rmw_fastrtps_cpp' as default
[5.115s] -- Found ament_lint_auto: 0.17.0 (/opt/ros/jazzy/share/ament_lint_auto/cmake)
[5.115s] -- Added test 'copyright' to check source files copyright and LICENSE
[5.115s] -- Added test 'cppcheck' to perform static code analysis on C / C++ code
[5.116s] -- Configured cppcheck include dirs: 
[5.116s] -- Configured cppcheck exclude dirs and/or files: 
[5.116s] -- Added test 'cpplint' to check C / C++ code against the Google style
[5.116s] -- Configured cpplint exclude dirs and/or files: 
[5.116s] -- Added test 'lint_cmake' to check CMake code style
[5.116s] -- Added test 'uncrustify' to check C / C++ code style
[5.116s] -- Configured uncrustify additional arguments: 
[5.116s] -- Added test 'xmllint' to check XML markup files
[5.116s] -- Configuring done (3.7s)
[5.116s] -- Generating done (0.0s)
[5.116s] -- Build files have been written to: /home/sldev/ros2_ws/src/build/examples_rclcpp_minimal_timer
[5.119s] Invoked command in '/home/sldev/ros2_ws/src/build/examples_rclcpp_minimal_timer' returned '0': CMAKE_PREFIX_PATH=${CMAKE_PREFIX_PATH}:/opt/ros/jazzy DEBUGINFOD_URLS=https://debuginfod.ubuntu.com /usr/bin/cmake /home/sldev/ros2_ws/src/examples/rclcpp/timers/minimal_timer -DCMAKE_INSTALL_PREFIX=/home/sldev/ros2_ws/src/install/examples_rclcpp_minimal_timer
[5.120s] Invoking command in '/home/sldev/ros2_ws/src/build/examples_rclcpp_minimal_timer': CMAKE_PREFIX_PATH=${CMAKE_PREFIX_PATH}:/opt/ros/jazzy DEBUGINFOD_URLS=https://debuginfod.ubuntu.com /usr/bin/cmake --build /home/sldev/ros2_ws/src/build/examples_rclcpp_minimal_timer -- -j6 -l6
[5.244s] [ 25%] [32mBuilding CXX object CMakeFiles/timer_lambda.dir/lambda.cpp.o[0m
[11.827s] [ 50%] [32m[1mLinking CXX executable timer_lambda[0m
[12.302s] [ 50%] Built target timer_lambda
[12.360s] [ 75%] [32mBuilding CXX object CMakeFiles/timer_member_function.dir/member_function.cpp.o[0m
[19.925s] [100%] [32m[1mLinking CXX executable timer_member_function[0m
[20.313s] [100%] Built target timer_member_function
[20.335s] Invoked command in '/home/sldev/ros2_ws/src/build/examples_rclcpp_minimal_timer' returned '0': CMAKE_PREFIX_PATH=${CMAKE_PREFIX_PATH}:/opt/ros/jazzy DEBUGINFOD_URLS=https://debuginfod.ubuntu.com /usr/bin/cmake --build /home/sldev/ros2_ws/src/build/examples_rclcpp_minimal_timer -- -j6 -l6
[20.403s] Invoking command in '/home/sldev/ros2_ws/src/build/examples_rclcpp_minimal_timer': CMAKE_PREFIX_PATH=${CMAKE_PREFIX_PATH}:/opt/ros/jazzy DEBUGINFOD_URLS=https://debuginfod.ubuntu.com /usr/bin/cmake --install /home/sldev/ros2_ws/src/build/examples_rclcpp_minimal_timer
[23.187s] -- Install configuration: ""
[23.187s] -- Installing: /home/sldev/ros2_ws/src/install/examples_rclcpp_minimal_timer/lib/examples_rclcpp_minimal_timer/timer_lambda
[23.187s] -- Set non-toolchain portion of runtime path of "/home/sldev/ros2_ws/src/install/examples_rclcpp_minimal_timer/lib/examples_rclcpp_minimal_timer/timer_lambda" to ""
[23.187s] -- Installing: /home/sldev/ros2_ws/src/install/examples_rclcpp_minimal_timer/lib/examples_rclcpp_minimal_timer/timer_member_function
[23.191s] -- Set non-toolchain portion of runtime path of "/home/sldev/ros2_ws/src/install/examples_rclcpp_minimal_timer/lib/examples_rclcpp_minimal_timer/timer_member_function" to ""
[23.192s] -- Installing: /home/sldev/ros2_ws/src/install/examples_rclcpp_minimal_timer/share/ament_index/resource_index/package_run_dependencies/examples_rclcpp_minimal_timer
[23.192s] -- Installing: /home/sldev/ros2_ws/src/install/examples_rclcpp_minimal_timer/share/ament_index/resource_index/parent_prefix_path/examples_rclcpp_minimal_timer
[23.192s] -- Installing: /home/sldev/ros2_ws/src/install/examples_rclcpp_minimal_timer/share/examples_rclcpp_minimal_timer/environment/ament_prefix_path.sh
[23.192s] -- Installing: /home/sldev/ros2_ws/src/install/examples_rclcpp_minimal_timer/share/examples_rclcpp_minimal_timer/environment/ament_prefix_path.dsv
[23.192s] -- Installing: /home/sldev/ros2_ws/src/install/examples_rclcpp_minimal_timer/share/examples_rclcpp_minimal_timer/environment/path.sh
[23.192s] -- Installing: /home/sldev/ros2_ws/src/install/examples_rclcpp_minimal_timer/share/examples_rclcpp_minimal_timer/environment/path.dsv
[23.192s] -- Installing: /home/sldev/ros2_ws/src/install/examples_rclcpp_minimal_timer/share/examples_rclcpp_minimal_timer/local_setup.bash
[23.192s] -- Installing: /home/sldev/ros2_ws/src/install/examples_rclcpp_minimal_timer/share/examples_rclcpp_minimal_timer/local_setup.sh
[23.192s] -- Installing: /home/sldev/ros2_ws/src/install/examples_rclcpp_minimal_timer/share/examples_rclcpp_minimal_timer/local_setup.zsh
[23.192s] -- Installing: /home/sldev/ros2_ws/src/install/examples_rclcpp_minimal_timer/share/examples_rclcpp_minimal_timer/local_setup.dsv
[23.192s] -- Installing: /home/sldev/ros2_ws/src/install/examples_rclcpp_minimal_timer/share/examples_rclcpp_minimal_timer/package.dsv
[23.193s] -- Installing: /home/sldev/ros2_ws/src/install/examples_rclcpp_minimal_timer/share/ament_index/resource_index/packages/examples_rclcpp_minimal_timer
[23.193s] -- Installing: /home/sldev/ros2_ws/src/install/examples_rclcpp_minimal_timer/share/examples_rclcpp_minimal_timer/cmake/examples_rclcpp_minimal_timerConfig.cmake
[23.193s] -- Installing: /home/sldev/ros2_ws/src/install/examples_rclcpp_minimal_timer/share/examples_rclcpp_minimal_timer/cmake/examples_rclcpp_minimal_timerConfig-version.cmake
[23.193s] -- Installing: /home/sldev/ros2_ws/src/install/examples_rclcpp_minimal_timer/share/examples_rclcpp_minimal_timer/package.xml
[23.209s] Invoked command in '/home/sldev/ros2_ws/src/build/examples_rclcpp_minimal_timer' returned '0': CMAKE_PREFIX_PATH=${CMAKE_PREFIX_PATH}:/opt/ros/jazzy DEBUGINFOD_URLS=https://debuginfod.ubuntu.com /usr/bin/cmake --install /home/sldev/ros2_ws/src/build/examples_rclcpp_minimal_timer
