[1.592s] Invoking command in '/home/sldev/ros2_ws/src/examples/rclpy/topics/minimal_publisher': DEBUGINFOD_URLS=https://debuginfod.ubuntu.com PYTHONPATH=/home/sldev/ros2_ws/src/build/examples_rclpy_minimal_publisher/prefix_override:/home/sldev/ros2_ws/src/install/examples_rclpy_minimal_publisher/lib/python3.12/site-packages:${PYTHONPATH} /usr/bin/python3 -W ignore:setup.py install is deprecated setup.py egg_info --egg-base ../../../../build/examples_rclpy_minimal_publisher build --build-base /home/sldev/ros2_ws/src/build/examples_rclpy_minimal_publisher/build install --record /home/sldev/ros2_ws/src/build/examples_rclpy_minimal_publisher/install.log --single-version-externally-managed install_data
[2.208s] running egg_info
[2.208s] creating ../../../../build/examples_rclpy_minimal_publisher/examples_rclpy_minimal_publisher.egg-info
[2.208s] writing ../../../../build/examples_rclpy_minimal_publisher/examples_rclpy_minimal_publisher.egg-info/PKG-INFO
[2.208s] writing dependency_links to ../../../../build/examples_rclpy_minimal_publisher/examples_rclpy_minimal_publisher.egg-info/dependency_links.txt
[2.208s] writing entry points to ../../../../build/examples_rclpy_minimal_publisher/examples_rclpy_minimal_publisher.egg-info/entry_points.txt
[2.208s] writing requirements to ../../../../build/examples_rclpy_minimal_publisher/examples_rclpy_minimal_publisher.egg-info/requires.txt
[2.209s] writing top-level names to ../../../../build/examples_rclpy_minimal_publisher/examples_rclpy_minimal_publisher.egg-info/top_level.txt
[2.209s] writing manifest file '../../../../build/examples_rclpy_minimal_publisher/examples_rclpy_minimal_publisher.egg-info/SOURCES.txt'
[2.209s] reading manifest file '../../../../build/examples_rclpy_minimal_publisher/examples_rclpy_minimal_publisher.egg-info/SOURCES.txt'
[2.209s] writing manifest file '../../../../build/examples_rclpy_minimal_publisher/examples_rclpy_minimal_publisher.egg-info/SOURCES.txt'
[2.209s] running build
[2.209s] running build_py
[2.209s] creating /home/sldev/ros2_ws/src/build/examples_rclpy_minimal_publisher/build
[2.209s] creating /home/sldev/ros2_ws/src/build/examples_rclpy_minimal_publisher/build/lib
[2.209s] creating /home/sldev/ros2_ws/src/build/examples_rclpy_minimal_publisher/build/lib/examples_rclpy_minimal_publisher
[2.209s] copying examples_rclpy_minimal_publisher/publisher_old_school.py -> /home/sldev/ros2_ws/src/build/examples_rclpy_minimal_publisher/build/lib/examples_rclpy_minimal_publisher
[2.209s] copying examples_rclpy_minimal_publisher/publisher_local_function.py -> /home/sldev/ros2_ws/src/build/examples_rclpy_minimal_publisher/build/lib/examples_rclpy_minimal_publisher
[2.209s] copying examples_rclpy_minimal_publisher/__init__.py -> /home/sldev/ros2_ws/src/build/examples_rclpy_minimal_publisher/build/lib/examples_rclpy_minimal_publisher
[2.210s] copying examples_rclpy_minimal_publisher/publisher_member_function.py -> /home/sldev/ros2_ws/src/build/examples_rclpy_minimal_publisher/build/lib/examples_rclpy_minimal_publisher
[2.210s] running install
[2.616s] running install_lib
[2.618s] creating /home/sldev/ros2_ws/src/install/examples_rclpy_minimal_publisher/lib/python3.12/site-packages/examples_rclpy_minimal_publisher
[2.618s] copying /home/sldev/ros2_ws/src/build/examples_rclpy_minimal_publisher/build/lib/examples_rclpy_minimal_publisher/publisher_old_school.py -> /home/sldev/ros2_ws/src/install/examples_rclpy_minimal_publisher/lib/python3.12/site-packages/examples_rclpy_minimal_publisher
[2.618s] copying /home/sldev/ros2_ws/src/build/examples_rclpy_minimal_publisher/build/lib/examples_rclpy_minimal_publisher/publisher_local_function.py -> /home/sldev/ros2_ws/src/install/examples_rclpy_minimal_publisher/lib/python3.12/site-packages/examples_rclpy_minimal_publisher
[2.618s] copying /home/sldev/ros2_ws/src/build/examples_rclpy_minimal_publisher/build/lib/examples_rclpy_minimal_publisher/__init__.py -> /home/sldev/ros2_ws/src/install/examples_rclpy_minimal_publisher/lib/python3.12/site-packages/examples_rclpy_minimal_publisher
[2.618s] copying /home/sldev/ros2_ws/src/build/examples_rclpy_minimal_publisher/build/lib/examples_rclpy_minimal_publisher/publisher_member_function.py -> /home/sldev/ros2_ws/src/install/examples_rclpy_minimal_publisher/lib/python3.12/site-packages/examples_rclpy_minimal_publisher
[2.619s] byte-compiling /home/sldev/ros2_ws/src/install/examples_rclpy_minimal_publisher/lib/python3.12/site-packages/examples_rclpy_minimal_publisher/publisher_old_school.py to publisher_old_school.cpython-312.pyc
[2.619s] byte-compiling /home/sldev/ros2_ws/src/install/examples_rclpy_minimal_publisher/lib/python3.12/site-packages/examples_rclpy_minimal_publisher/publisher_local_function.py to publisher_local_function.cpython-312.pyc
[2.661s] byte-compiling /home/sldev/ros2_ws/src/install/examples_rclpy_minimal_publisher/lib/python3.12/site-packages/examples_rclpy_minimal_publisher/__init__.py to __init__.cpython-312.pyc
[2.662s] byte-compiling /home/sldev/ros2_ws/src/install/examples_rclpy_minimal_publisher/lib/python3.12/site-packages/examples_rclpy_minimal_publisher/publisher_member_function.py to publisher_member_function.cpython-312.pyc
[2.665s] running install_data
[2.665s] creating /home/sldev/ros2_ws/src/install/examples_rclpy_minimal_publisher/share/ament_index
[2.665s] creating /home/sldev/ros2_ws/src/install/examples_rclpy_minimal_publisher/share/ament_index/resource_index
[2.666s] creating /home/sldev/ros2_ws/src/install/examples_rclpy_minimal_publisher/share/ament_index/resource_index/packages
[2.666s] copying resource/examples_rclpy_minimal_publisher -> /home/sldev/ros2_ws/src/install/examples_rclpy_minimal_publisher/share/ament_index/resource_index/packages
[2.666s] copying package.xml -> /home/sldev/ros2_ws/src/install/examples_rclpy_minimal_publisher/share/examples_rclpy_minimal_publisher
[2.666s] running install_egg_info
[2.666s] Copying ../../../../build/examples_rclpy_minimal_publisher/examples_rclpy_minimal_publisher.egg-info to /home/sldev/ros2_ws/src/install/examples_rclpy_minimal_publisher/lib/python3.12/site-packages/examples_rclpy_minimal_publisher-0.19.3-py3.12.egg-info
[2.666s] running install_scripts
[2.695s] Installing publisher_local_function script to /home/sldev/ros2_ws/src/install/examples_rclpy_minimal_publisher/lib/examples_rclpy_minimal_publisher
[2.695s] Installing publisher_member_function script to /home/sldev/ros2_ws/src/install/examples_rclpy_minimal_publisher/lib/examples_rclpy_minimal_publisher
[2.696s] Installing publisher_old_school script to /home/sldev/ros2_ws/src/install/examples_rclpy_minimal_publisher/lib/examples_rclpy_minimal_publisher
[2.697s] writing list of installed files to '/home/sldev/ros2_ws/src/build/examples_rclpy_minimal_publisher/install.log'
[3.165s] Invoked command in '/home/sldev/ros2_ws/src/examples/rclpy/topics/minimal_publisher' returned '0': DEBUGINFOD_URLS=https://debuginfod.ubuntu.com PYTHONPATH=/home/sldev/ros2_ws/src/build/examples_rclpy_minimal_publisher/prefix_override:/home/sldev/ros2_ws/src/install/examples_rclpy_minimal_publisher/lib/python3.12/site-packages:${PYTHONPATH} /usr/bin/python3 -W ignore:setup.py install is deprecated setup.py egg_info --egg-base ../../../../build/examples_rclpy_minimal_publisher build --build-base /home/sldev/ros2_ws/src/build/examples_rclpy_minimal_publisher/build install --record /home/sldev/ros2_ws/src/build/examples_rclpy_minimal_publisher/install.log --single-version-externally-managed install_data
