[3.115s] Invoking command in '/home/sldev/ros2_ws/src/examples/rclpy/services/minimal_client': DEBUGINFOD_URLS=https://debuginfod.ubuntu.com PYTHONPATH=/home/sldev/ros2_ws/build/examples_rclpy_minimal_client/prefix_override:/home/sldev/ros2_ws/install/examples_rclpy_minimal_client/lib/python3.12/site-packages:${PYTHONPATH} /usr/bin/python3 -W ignore:setup.py install is deprecated setup.py egg_info --egg-base ../../../../../build/examples_rclpy_minimal_client build --build-base /home/sldev/ros2_ws/build/examples_rclpy_minimal_client/build install --record /home/sldev/ros2_ws/build/examples_rclpy_minimal_client/install.log --single-version-externally-managed install_data
[3.662s] running egg_info
[3.712s] writing ../../../../../build/examples_rclpy_minimal_client/examples_rclpy_minimal_client.egg-info/PKG-INFO
[3.712s] writing dependency_links to ../../../../../build/examples_rclpy_minimal_client/examples_rclpy_minimal_client.egg-info/dependency_links.txt
[3.713s] writing entry points to ../../../../../build/examples_rclpy_minimal_client/examples_rclpy_minimal_client.egg-info/entry_points.txt
[3.714s] writing requirements to ../../../../../build/examples_rclpy_minimal_client/examples_rclpy_minimal_client.egg-info/requires.txt
[3.714s] writing top-level names to ../../../../../build/examples_rclpy_minimal_client/examples_rclpy_minimal_client.egg-info/top_level.txt
[3.817s] reading manifest file '../../../../../build/examples_rclpy_minimal_client/examples_rclpy_minimal_client.egg-info/SOURCES.txt'
[3.819s] writing manifest file '../../../../../build/examples_rclpy_minimal_client/examples_rclpy_minimal_client.egg-info/SOURCES.txt'
[3.820s] running build
[3.820s] running build_py
[3.821s] running install
[3.835s] running install_lib
[3.874s] running install_data
[3.874s] running install_egg_info
[3.910s] removing '/home/sldev/ros2_ws/install/examples_rclpy_minimal_client/lib/python3.12/site-packages/examples_rclpy_minimal_client-0.19.3-py3.12.egg-info' (and everything under it)
[3.911s] Copying ../../../../../build/examples_rclpy_minimal_client/examples_rclpy_minimal_client.egg-info to /home/sldev/ros2_ws/install/examples_rclpy_minimal_client/lib/python3.12/site-packages/examples_rclpy_minimal_client-0.19.3-py3.12.egg-info
[3.912s] running install_scripts
[4.132s] Installing client script to /home/sldev/ros2_ws/install/examples_rclpy_minimal_client/lib/examples_rclpy_minimal_client
[4.133s] Installing client_async script to /home/sldev/ros2_ws/install/examples_rclpy_minimal_client/lib/examples_rclpy_minimal_client
[4.133s] Installing client_async_callback script to /home/sldev/ros2_ws/install/examples_rclpy_minimal_client/lib/examples_rclpy_minimal_client
[4.133s] Installing client_async_member_function script to /home/sldev/ros2_ws/install/examples_rclpy_minimal_client/lib/examples_rclpy_minimal_client
[4.134s] writing list of installed files to '/home/sldev/ros2_ws/build/examples_rclpy_minimal_client/install.log'
[4.461s] Invoked command in '/home/sldev/ros2_ws/src/examples/rclpy/services/minimal_client' returned '0': DEBUGINFOD_URLS=https://debuginfod.ubuntu.com PYTHONPATH=/home/sldev/ros2_ws/build/examples_rclpy_minimal_client/prefix_override:/home/sldev/ros2_ws/install/examples_rclpy_minimal_client/lib/python3.12/site-packages:${PYTHONPATH} /usr/bin/python3 -W ignore:setup.py install is deprecated setup.py egg_info --egg-base ../../../../../build/examples_rclpy_minimal_client build --build-base /home/sldev/ros2_ws/build/examples_rclpy_minimal_client/build install --record /home/sldev/ros2_ws/build/examples_rclpy_minimal_client/install.log --single-version-externally-managed install_data
