[0.050s] Invoking command in '/home/sldev/ros2_ws/build/examples_rclcpp_minimal_composition': CMAKE_PREFIX_PATH=${CMAKE_PREFIX_PATH}:/opt/ros/jazzy DEBUGINFOD_URLS=https://debuginfod.ubuntu.com /usr/bin/cmake /home/sldev/ros2_ws/src/examples/rclcpp/composition/minimal_composition -DAMENT_CMAKE_SYMLINK_INSTALL=1 -DCMAKE_INSTALL_PREFIX=/home/sldev/ros2_ws/install/examples_rclcpp_minimal_composition
[4.176s] -- The C compiler identification is GNU 13.2.0
[4.176s] -- The CXX compiler identification is GNU 13.2.0
[4.176s] -- Detecting C compiler ABI info
[4.176s] -- Detecting C compiler ABI info - done
[4.176s] -- Check for working C compiler: /usr/bin/cc - skipped
[4.176s] -- Detecting C compile features
[4.176s] -- Detecting C compile features - done
[4.177s] -- Detecting CXX compiler ABI info
[4.177s] -- Detecting CXX compiler ABI info - done
[4.177s] -- Check for working CXX compiler: /usr/bin/c++ - skipped
[4.177s] -- Detecting CXX compile features
[4.177s] -- Detecting CXX compile features - done
[4.177s] -- Found ament_cmake: 2.5.0 (/opt/ros/jazzy/share/ament_cmake/cmake)
[4.177s] -- Found Python3: /usr/bin/python3 (found version "3.12.3") found components: Interpreter 
[4.177s] -- Override CMake install command with custom implementation using symlinks instead of copying resources
[4.178s] -- Found rclcpp: 28.1.2 (/opt/ros/jazzy/share/rclcpp/cmake)
[4.178s] -- Found rosidl_generator_c: 4.6.2 (/opt/ros/jazzy/share/rosidl_generator_c/cmake)
[4.178s] -- Found rosidl_generator_cpp: 4.6.2 (/opt/ros/jazzy/share/rosidl_generator_cpp/cmake)
[4.178s] -- Using all available rosidl_typesupport_c: rosidl_typesupport_fastrtps_c;rosidl_typesupport_introspection_c
[4.178s] -- Using all available rosidl_typesupport_cpp: rosidl_typesupport_fastrtps_cpp;rosidl_typesupport_introspection_cpp
[4.178s] -- Found rmw_implementation_cmake: 7.3.1 (/opt/ros/jazzy/share/rmw_implementation_cmake/cmake)
[4.178s] -- Found rmw_fastrtps_cpp: 8.4.0 (/opt/ros/jazzy/share/rmw_fastrtps_cpp/cmake)
[4.178s] -- Found OpenSSL: /usr/lib/x86_64-linux-gnu/libcrypto.so (found version "3.0.13")  
[4.178s] -- Found FastRTPS: /opt/ros/jazzy/include (Required is at least version "2.13") 
[4.179s] -- Using RMW implementation 'rmw_fastrtps_cpp' as default
[4.179s] -- Found rclcpp_components: 28.1.2 (/opt/ros/jazzy/share/rclcpp_components/cmake)
[4.179s] -- Found std_msgs: 5.3.5 (/opt/ros/jazzy/share/std_msgs/cmake)
[4.179s] -- Found ament_lint_auto: 0.17.0 (/opt/ros/jazzy/share/ament_lint_auto/cmake)
[4.327s] -- Added test 'copyright' to check source files copyright and LICENSE
[4.336s] -- Added test 'cppcheck' to perform static code analysis on C / C++ code
[4.337s] -- Configured cppcheck include dirs: /home/sldev/ros2_ws/src/examples/rclcpp/composition/minimal_composition/include
[4.337s] -- Configured cppcheck exclude dirs and/or files: 
[4.342s] -- Added test 'cpplint' to check C / C++ code against the Google style
[4.343s] -- Configured cpplint exclude dirs and/or files: 
[4.343s] -- Added test 'lint_cmake' to check CMake code style
[4.349s] -- Added test 'uncrustify' to check C / C++ code style
[4.349s] -- Configured uncrustify additional arguments: 
[4.350s] -- Added test 'xmllint' to check XML markup files
[4.357s] -- Configuring done (4.3s)
[4.568s] -- Generating done (0.2s)
[4.574s] -- Build files have been written to: /home/sldev/ros2_ws/build/examples_rclcpp_minimal_composition
[4.704s] Invoked command in '/home/sldev/ros2_ws/build/examples_rclcpp_minimal_composition' returned '0': CMAKE_PREFIX_PATH=${CMAKE_PREFIX_PATH}:/opt/ros/jazzy DEBUGINFOD_URLS=https://debuginfod.ubuntu.com /usr/bin/cmake /home/sldev/ros2_ws/src/examples/rclcpp/composition/minimal_composition -DAMENT_CMAKE_SYMLINK_INSTALL=1 -DCMAKE_INSTALL_PREFIX=/home/sldev/ros2_ws/install/examples_rclcpp_minimal_composition
[4.704s] Invoking command in '/home/sldev/ros2_ws/build/examples_rclcpp_minimal_composition': CMAKE_PREFIX_PATH=${CMAKE_PREFIX_PATH}:/opt/ros/jazzy DEBUGINFOD_URLS=https://debuginfod.ubuntu.com /usr/bin/cmake --build /home/sldev/ros2_ws/build/examples_rclcpp_minimal_composition -- -j6 -l6
[50.439s] [ 11%] [32mBuilding CXX object CMakeFiles/composition_nodes.dir/src/publisher_node.cpp.o[0m
[50.442s] [ 22%] [32mBuilding CXX object CMakeFiles/composition_nodes.dir/src/subscriber_node.cpp.o[0m
[73.212s] [ 33%] [32m[1mLinking CXX shared library libcomposition_nodes.so[0m
[74.727s] [ 33%] Built target composition_nodes
[74.845s] [ 44%] [32mBuilding CXX object CMakeFiles/composition_publisher.dir/src/standalone_publisher.cpp.o[0m
[85.167s] [ 55%] [32m[1mLinking CXX executable composition_publisher[0m
[86.256s] [ 55%] Built target composition_publisher
[86.364s] [ 66%] [32mBuilding CXX object CMakeFiles/composition_composed.dir/src/composed.cpp.o[0m
[94.300s] [ 77%] [32m[1mLinking CXX executable composition_composed[0m
[95.081s] [ 77%] Built target composition_composed
[95.123s] [ 88%] [32mBuilding CXX object CMakeFiles/composition_subscriber.dir/src/standalone_subscriber.cpp.o[0m
[101.663s] [100%] [32m[1mLinking CXX executable composition_subscriber[0m
[102.621s] [100%] Built target composition_subscriber
[102.763s] Invoked command in '/home/sldev/ros2_ws/build/examples_rclcpp_minimal_composition' returned '0': CMAKE_PREFIX_PATH=${CMAKE_PREFIX_PATH}:/opt/ros/jazzy DEBUGINFOD_URLS=https://debuginfod.ubuntu.com /usr/bin/cmake --build /home/sldev/ros2_ws/build/examples_rclcpp_minimal_composition -- -j6 -l6
[102.876s] Invoking command in '/home/sldev/ros2_ws/build/examples_rclcpp_minimal_composition': CMAKE_PREFIX_PATH=${CMAKE_PREFIX_PATH}:/opt/ros/jazzy DEBUGINFOD_URLS=https://debuginfod.ubuntu.com /usr/bin/cmake --install /home/sldev/ros2_ws/build/examples_rclcpp_minimal_composition
[102.895s] -- Install configuration: ""
[102.901s] -- Execute custom install script
[102.904s] -- Symlinking: /home/sldev/ros2_ws/install/examples_rclcpp_minimal_composition/share/examples_rclcpp_minimal_composition/environment/library_path.sh
[102.925s] -- Symlinking: /home/sldev/ros2_ws/install/examples_rclcpp_minimal_composition/share/examples_rclcpp_minimal_composition/environment/library_path.dsv
[102.955s] -- Symlinking: /home/sldev/ros2_ws/install/examples_rclcpp_minimal_composition/lib/libcomposition_nodes.so
[102.975s] -- Symlinking: /home/sldev/ros2_ws/install/examples_rclcpp_minimal_composition/lib/examples_rclcpp_minimal_composition/composition_publisher
[103.001s] -- Symlinking: /home/sldev/ros2_ws/install/examples_rclcpp_minimal_composition/lib/examples_rclcpp_minimal_composition/composition_subscriber
[103.030s] -- Symlinking: /home/sldev/ros2_ws/install/examples_rclcpp_minimal_composition/lib/examples_rclcpp_minimal_composition/composition_composed
[103.051s] -- Symlinking: /home/sldev/ros2_ws/install/examples_rclcpp_minimal_composition/share/ament_index/resource_index/package_run_dependencies/examples_rclcpp_minimal_composition
[103.070s] -- Symlinking: /home/sldev/ros2_ws/install/examples_rclcpp_minimal_composition/share/ament_index/resource_index/parent_prefix_path/examples_rclcpp_minimal_composition
[103.088s] -- Symlinking: /home/sldev/ros2_ws/install/examples_rclcpp_minimal_composition/share/examples_rclcpp_minimal_composition/environment/ament_prefix_path.sh
[103.111s] -- Symlinking: /home/sldev/ros2_ws/install/examples_rclcpp_minimal_composition/share/examples_rclcpp_minimal_composition/environment/ament_prefix_path.dsv
[103.140s] -- Symlinking: /home/sldev/ros2_ws/install/examples_rclcpp_minimal_composition/share/examples_rclcpp_minimal_composition/environment/path.sh
[103.166s] -- Symlinking: /home/sldev/ros2_ws/install/examples_rclcpp_minimal_composition/share/examples_rclcpp_minimal_composition/environment/path.dsv
[103.183s] -- Symlinking: /home/sldev/ros2_ws/install/examples_rclcpp_minimal_composition/share/examples_rclcpp_minimal_composition/local_setup.bash
[103.200s] -- Symlinking: /home/sldev/ros2_ws/install/examples_rclcpp_minimal_composition/share/examples_rclcpp_minimal_composition/local_setup.sh
[103.220s] -- Symlinking: /home/sldev/ros2_ws/install/examples_rclcpp_minimal_composition/share/examples_rclcpp_minimal_composition/local_setup.zsh
[103.254s] -- Symlinking: /home/sldev/ros2_ws/install/examples_rclcpp_minimal_composition/share/examples_rclcpp_minimal_composition/local_setup.dsv
[103.274s] -- Symlinking: /home/sldev/ros2_ws/install/examples_rclcpp_minimal_composition/share/examples_rclcpp_minimal_composition/package.dsv
[103.295s] -- Symlinking: /home/sldev/ros2_ws/install/examples_rclcpp_minimal_composition/share/ament_index/resource_index/packages/examples_rclcpp_minimal_composition
[103.321s] -- Symlinking: /home/sldev/ros2_ws/install/examples_rclcpp_minimal_composition/share/examples_rclcpp_minimal_composition/cmake/examples_rclcpp_minimal_compositionConfig.cmake
[103.344s] -- Symlinking: /home/sldev/ros2_ws/install/examples_rclcpp_minimal_composition/share/examples_rclcpp_minimal_composition/cmake/examples_rclcpp_minimal_compositionConfig-version.cmake
[103.372s] -- Symlinking: /home/sldev/ros2_ws/install/examples_rclcpp_minimal_composition/share/examples_rclcpp_minimal_composition/package.xml
[103.405s] Invoked command in '/home/sldev/ros2_ws/build/examples_rclcpp_minimal_composition' returned '0': CMAKE_PREFIX_PATH=${CMAKE_PREFIX_PATH}:/opt/ros/jazzy DEBUGINFOD_URLS=https://debuginfod.ubuntu.com /usr/bin/cmake --install /home/sldev/ros2_ws/build/examples_rclcpp_minimal_composition
