[1.840s] Invoking command in '/home/sldev/ros2_ws/build/examples_rclpy_guard_conditions': DEBUGINFOD_URLS=https://debuginfod.ubuntu.com PYTHONPATH=/home/sldev/ros2_ws/build/examples_rclpy_guard_conditions/prefix_override:/home/sldev/ros2_ws/install/examples_rclpy_guard_conditions/lib/python3.12/site-packages:${PYTHONPATH} /usr/bin/python3 -W ignore:setup.py install is deprecated setup.py develop --editable --build-directory /home/sldev/ros2_ws/build/examples_rclpy_guard_conditions/build --no-deps symlink_data
[2.497s] running develop
[2.497s] /usr/lib/python3/dist-packages/setuptools/command/develop.py:40: EasyInstallDeprecationWarning: easy_install command is deprecated.
[2.497s] !!
[2.497s] 
[2.497s]         ********************************************************************************
[2.497s]         Please avoid running ``setup.py`` and ``easy_install``.
[2.498s]         Instead, use pypa/build, pypa/installer or other
[2.498s]         standards-based tools.
[2.498s] 
[2.498s]         See https://github.com/pypa/setuptools/issues/917 for details.
[2.498s]         ********************************************************************************
[2.499s] 
[2.499s] !!
[2.499s]   easy_install.initialize_options(self)
[2.988s] running egg_info
[2.997s] creating examples_rclpy_guard_conditions.egg-info
[3.024s] writing examples_rclpy_guard_conditions.egg-info/PKG-INFO
[3.025s] writing dependency_links to examples_rclpy_guard_conditions.egg-info/dependency_links.txt
[3.025s] writing entry points to examples_rclpy_guard_conditions.egg-info/entry_points.txt
[3.025s] writing requirements to examples_rclpy_guard_conditions.egg-info/requires.txt
[3.026s] writing top-level names to examples_rclpy_guard_conditions.egg-info/top_level.txt
[3.026s] writing manifest file 'examples_rclpy_guard_conditions.egg-info/SOURCES.txt'
[3.113s] reading manifest file 'examples_rclpy_guard_conditions.egg-info/SOURCES.txt'
[3.115s] writing manifest file 'examples_rclpy_guard_conditions.egg-info/SOURCES.txt'
[3.158s] running build_ext
[3.158s] Creating /home/sldev/ros2_ws/install/examples_rclpy_guard_conditions/lib/python3.12/site-packages/examples-rclpy-guard-conditions.egg-link (link to .)
[3.159s] Installing trigger_guard_condition script to /home/sldev/ros2_ws/install/examples_rclpy_guard_conditions/lib/examples_rclpy_guard_conditions
[3.160s] 
[3.160s] Installed /home/sldev/ros2_ws/build/examples_rclpy_guard_conditions
[3.161s] running symlink_data
[3.161s] creating /home/sldev/ros2_ws/install/examples_rclpy_guard_conditions/share/ament_index
[3.161s] creating /home/sldev/ros2_ws/install/examples_rclpy_guard_conditions/share/ament_index/resource_index
[3.161s] creating /home/sldev/ros2_ws/install/examples_rclpy_guard_conditions/share/ament_index/resource_index/packages
[3.162s] symbolically linking /home/sldev/ros2_ws/build/examples_rclpy_guard_conditions/resource/examples_rclpy_guard_conditions -> /home/sldev/ros2_ws/install/examples_rclpy_guard_conditions/share/ament_index/resource_index/packages
[3.162s] symbolically linking /home/sldev/ros2_ws/build/examples_rclpy_guard_conditions/package.xml -> /home/sldev/ros2_ws/install/examples_rclpy_guard_conditions/share/examples_rclpy_guard_conditions
[3.322s] Invoked command in '/home/sldev/ros2_ws/build/examples_rclpy_guard_conditions' returned '0': DEBUGINFOD_URLS=https://debuginfod.ubuntu.com PYTHONPATH=/home/sldev/ros2_ws/build/examples_rclpy_guard_conditions/prefix_override:/home/sldev/ros2_ws/install/examples_rclpy_guard_conditions/lib/python3.12/site-packages:${PYTHONPATH} /usr/bin/python3 -W ignore:setup.py install is deprecated setup.py develop --editable --build-directory /home/sldev/ros2_ws/build/examples_rclpy_guard_conditions/build --no-deps symlink_data
