[2.174s] Invoking command in '/home/sldev/ros2_ws/build/examples_rclpy_minimal_service': DEBUGINFOD_URLS=https://debuginfod.ubuntu.com PYTHONPATH=/home/sldev/ros2_ws/build/examples_rclpy_minimal_service/prefix_override:/home/sldev/ros2_ws/install/examples_rclpy_minimal_service/lib/python3.12/site-packages:${PYTHONPATH} /usr/bin/python3 -W ignore:setup.py install is deprecated setup.py develop --uninstall --editable --build-directory /home/sldev/ros2_ws/build/examples_rclpy_minimal_service/build
[2.952s] running develop
[2.953s] /usr/lib/python3/dist-packages/setuptools/command/develop.py:40: EasyInstallDeprecationWarning: easy_install command is deprecated.
[2.953s] !!
[2.954s] 
[2.954s]         ********************************************************************************
[2.954s]         Please avoid running ``setup.py`` and ``easy_install``.
[2.955s]         Instead, use pypa/build, pypa/installer or other
[2.955s]         standards-based tools.
[2.955s] 
[2.956s]         See https://github.com/pypa/setuptools/issues/917 for details.
[2.956s]         ********************************************************************************
[2.956s] 
[2.956s] !!
[2.957s]   easy_install.initialize_options(self)
[3.481s] Removing /home/sldev/ros2_ws/install/examples_rclpy_minimal_service/lib/python3.12/site-packages/examples-rclpy-minimal-service.egg-link (link to .)
[3.602s] Invoked command in '/home/sldev/ros2_ws/build/examples_rclpy_minimal_service' returned '0': DEBUGINFOD_URLS=https://debuginfod.ubuntu.com PYTHONPATH=/home/sldev/ros2_ws/build/examples_rclpy_minimal_service/prefix_override:/home/sldev/ros2_ws/install/examples_rclpy_minimal_service/lib/python3.12/site-packages:${PYTHONPATH} /usr/bin/python3 -W ignore:setup.py install is deprecated setup.py develop --uninstall --editable --build-directory /home/sldev/ros2_ws/build/examples_rclpy_minimal_service/build
[3.602s] Invoking command in '/home/sldev/ros2_ws/src/examples/rclpy/services/minimal_service': DEBUGINFOD_URLS=https://debuginfod.ubuntu.com PYTHONPATH=/home/sldev/ros2_ws/build/examples_rclpy_minimal_service/prefix_override:/home/sldev/ros2_ws/install/examples_rclpy_minimal_service/lib/python3.12/site-packages:${PYTHONPATH} /usr/bin/python3 -W ignore:setup.py install is deprecated setup.py egg_info --egg-base ../../../../../build/examples_rclpy_minimal_service build --build-base /home/sldev/ros2_ws/build/examples_rclpy_minimal_service/build install --record /home/sldev/ros2_ws/build/examples_rclpy_minimal_service/install.log --single-version-externally-managed install_data --force
[4.120s] running egg_info
[4.154s] writing ../../../../../build/examples_rclpy_minimal_service/examples_rclpy_minimal_service.egg-info/PKG-INFO
[4.155s] writing dependency_links to ../../../../../build/examples_rclpy_minimal_service/examples_rclpy_minimal_service.egg-info/dependency_links.txt
[4.155s] writing entry points to ../../../../../build/examples_rclpy_minimal_service/examples_rclpy_minimal_service.egg-info/entry_points.txt
[4.155s] writing requirements to ../../../../../build/examples_rclpy_minimal_service/examples_rclpy_minimal_service.egg-info/requires.txt
[4.155s] writing top-level names to ../../../../../build/examples_rclpy_minimal_service/examples_rclpy_minimal_service.egg-info/top_level.txt
[4.227s] reading manifest file '../../../../../build/examples_rclpy_minimal_service/examples_rclpy_minimal_service.egg-info/SOURCES.txt'
[4.229s] writing manifest file '../../../../../build/examples_rclpy_minimal_service/examples_rclpy_minimal_service.egg-info/SOURCES.txt'
[4.232s] running build
[4.233s] running build_py
[4.233s] creating /home/sldev/ros2_ws/build/examples_rclpy_minimal_service/build
[4.233s] creating /home/sldev/ros2_ws/build/examples_rclpy_minimal_service/build/lib
[4.233s] creating /home/sldev/ros2_ws/build/examples_rclpy_minimal_service/build/lib/examples_rclpy_minimal_service
[4.234s] copying examples_rclpy_minimal_service/service_member_function.py -> /home/sldev/ros2_ws/build/examples_rclpy_minimal_service/build/lib/examples_rclpy_minimal_service
[4.234s] copying examples_rclpy_minimal_service/__init__.py -> /home/sldev/ros2_ws/build/examples_rclpy_minimal_service/build/lib/examples_rclpy_minimal_service
[4.234s] copying examples_rclpy_minimal_service/service.py -> /home/sldev/ros2_ws/build/examples_rclpy_minimal_service/build/lib/examples_rclpy_minimal_service
[4.234s] running install
[4.249s] running install_lib
[4.291s] creating /home/sldev/ros2_ws/install/examples_rclpy_minimal_service/lib/python3.12/site-packages/examples_rclpy_minimal_service
[4.291s] copying /home/sldev/ros2_ws/build/examples_rclpy_minimal_service/build/lib/examples_rclpy_minimal_service/service_member_function.py -> /home/sldev/ros2_ws/install/examples_rclpy_minimal_service/lib/python3.12/site-packages/examples_rclpy_minimal_service
[4.291s] copying /home/sldev/ros2_ws/build/examples_rclpy_minimal_service/build/lib/examples_rclpy_minimal_service/__init__.py -> /home/sldev/ros2_ws/install/examples_rclpy_minimal_service/lib/python3.12/site-packages/examples_rclpy_minimal_service
[4.291s] copying /home/sldev/ros2_ws/build/examples_rclpy_minimal_service/build/lib/examples_rclpy_minimal_service/service.py -> /home/sldev/ros2_ws/install/examples_rclpy_minimal_service/lib/python3.12/site-packages/examples_rclpy_minimal_service
[4.291s] byte-compiling /home/sldev/ros2_ws/install/examples_rclpy_minimal_service/lib/python3.12/site-packages/examples_rclpy_minimal_service/service_member_function.py to service_member_function.cpython-312.pyc
[4.291s] byte-compiling /home/sldev/ros2_ws/install/examples_rclpy_minimal_service/lib/python3.12/site-packages/examples_rclpy_minimal_service/__init__.py to __init__.cpython-312.pyc
[4.292s] byte-compiling /home/sldev/ros2_ws/install/examples_rclpy_minimal_service/lib/python3.12/site-packages/examples_rclpy_minimal_service/service.py to service.cpython-312.pyc
[4.293s] running install_data
[4.299s] copying resource/examples_rclpy_minimal_service -> /home/sldev/ros2_ws/install/examples_rclpy_minimal_service/share/ament_index/resource_index/packages
[4.306s] copying package.xml -> /home/sldev/ros2_ws/install/examples_rclpy_minimal_service/share/examples_rclpy_minimal_service
[4.309s] running install_egg_info
[4.369s] Copying ../../../../../build/examples_rclpy_minimal_service/examples_rclpy_minimal_service.egg-info to /home/sldev/ros2_ws/install/examples_rclpy_minimal_service/lib/python3.12/site-packages/examples_rclpy_minimal_service-0.19.3-py3.12.egg-info
[4.372s] running install_scripts
[4.625s] Installing service script to /home/sldev/ros2_ws/install/examples_rclpy_minimal_service/lib/examples_rclpy_minimal_service
[4.626s] Installing service_member_function script to /home/sldev/ros2_ws/install/examples_rclpy_minimal_service/lib/examples_rclpy_minimal_service
[4.628s] writing list of installed files to '/home/sldev/ros2_ws/build/examples_rclpy_minimal_service/install.log'
[4.780s] Invoked command in '/home/sldev/ros2_ws/src/examples/rclpy/services/minimal_service' returned '0': DEBUGINFOD_URLS=https://debuginfod.ubuntu.com PYTHONPATH=/home/sldev/ros2_ws/build/examples_rclpy_minimal_service/prefix_override:/home/sldev/ros2_ws/install/examples_rclpy_minimal_service/lib/python3.12/site-packages:${PYTHONPATH} /usr/bin/python3 -W ignore:setup.py install is deprecated setup.py egg_info --egg-base ../../../../../build/examples_rclpy_minimal_service build --build-base /home/sldev/ros2_ws/build/examples_rclpy_minimal_service/build install --record /home/sldev/ros2_ws/build/examples_rclpy_minimal_service/install.log --single-version-externally-managed install_data --force
