[1.769s] Invoking command in '/home/sldev/ros2_ws/build/examples_rclpy_minimal_publisher': DEBUGINFOD_URLS=https://debuginfod.ubuntu.com PYTHONPATH=/home/sldev/ros2_ws/build/examples_rclpy_minimal_publisher/prefix_override:/home/sldev/ros2_ws/install/examples_rclpy_minimal_publisher/lib/python3.12/site-packages:${PYTHONPATH} /usr/bin/python3 -W ignore:setup.py install is deprecated setup.py develop --editable --build-directory /home/sldev/ros2_ws/build/examples_rclpy_minimal_publisher/build --no-deps symlink_data
[2.557s] running develop
[2.557s] /usr/lib/python3/dist-packages/setuptools/command/develop.py:40: EasyInstallDeprecationWarning: easy_install command is deprecated.
[2.557s] !!
[2.557s] 
[2.589s]         ********************************************************************************
[2.589s]         Please avoid running ``setup.py`` and ``easy_install``.
[2.589s]         Instead, use pypa/build, pypa/installer or other
[2.590s]         standards-based tools.
[2.590s] 
[2.590s]         See https://github.com/pypa/setuptools/issues/917 for details.
[2.590s]         ********************************************************************************
[2.590s] 
[2.591s] !!
[2.591s]   easy_install.initialize_options(self)
[3.093s] running egg_info
[3.093s] creating examples_rclpy_minimal_publisher.egg-info
[3.130s] writing examples_rclpy_minimal_publisher.egg-info/PKG-INFO
[3.130s] writing dependency_links to examples_rclpy_minimal_publisher.egg-info/dependency_links.txt
[3.131s] writing entry points to examples_rclpy_minimal_publisher.egg-info/entry_points.txt
[3.131s] writing requirements to examples_rclpy_minimal_publisher.egg-info/requires.txt
[3.131s] writing top-level names to examples_rclpy_minimal_publisher.egg-info/top_level.txt
[3.131s] writing manifest file 'examples_rclpy_minimal_publisher.egg-info/SOURCES.txt'
[3.203s] reading manifest file 'examples_rclpy_minimal_publisher.egg-info/SOURCES.txt'
[3.204s] writing manifest file 'examples_rclpy_minimal_publisher.egg-info/SOURCES.txt'
[3.244s] running build_ext
[3.244s] Creating /home/sldev/ros2_ws/install/examples_rclpy_minimal_publisher/lib/python3.12/site-packages/examples-rclpy-minimal-publisher.egg-link (link to .)
[3.250s] Installing publisher_local_function script to /home/sldev/ros2_ws/install/examples_rclpy_minimal_publisher/lib/examples_rclpy_minimal_publisher
[3.250s] Installing publisher_member_function script to /home/sldev/ros2_ws/install/examples_rclpy_minimal_publisher/lib/examples_rclpy_minimal_publisher
[3.250s] Installing publisher_old_school script to /home/sldev/ros2_ws/install/examples_rclpy_minimal_publisher/lib/examples_rclpy_minimal_publisher
[3.250s] 
[3.250s] Installed /home/sldev/ros2_ws/build/examples_rclpy_minimal_publisher
[3.250s] running symlink_data
[3.251s] creating /home/sldev/ros2_ws/install/examples_rclpy_minimal_publisher/share/ament_index
[3.251s] creating /home/sldev/ros2_ws/install/examples_rclpy_minimal_publisher/share/ament_index/resource_index
[3.251s] creating /home/sldev/ros2_ws/install/examples_rclpy_minimal_publisher/share/ament_index/resource_index/packages
[3.251s] symbolically linking /home/sldev/ros2_ws/build/examples_rclpy_minimal_publisher/resource/examples_rclpy_minimal_publisher -> /home/sldev/ros2_ws/install/examples_rclpy_minimal_publisher/share/ament_index/resource_index/packages
[3.251s] symbolically linking /home/sldev/ros2_ws/build/examples_rclpy_minimal_publisher/package.xml -> /home/sldev/ros2_ws/install/examples_rclpy_minimal_publisher/share/examples_rclpy_minimal_publisher
[3.716s] Invoked command in '/home/sldev/ros2_ws/build/examples_rclpy_minimal_publisher' returned '0': DEBUGINFOD_URLS=https://debuginfod.ubuntu.com PYTHONPATH=/home/sldev/ros2_ws/build/examples_rclpy_minimal_publisher/prefix_override:/home/sldev/ros2_ws/install/examples_rclpy_minimal_publisher/lib/python3.12/site-packages:${PYTHONPATH} /usr/bin/python3 -W ignore:setup.py install is deprecated setup.py develop --editable --build-directory /home/sldev/ros2_ws/build/examples_rclpy_minimal_publisher/build --no-deps symlink_data
