running develop
/usr/lib/python3/dist-packages/setuptools/command/develop.py:40: EasyInstallDeprecationWarning: easy_install command is deprecated.
!!

        ********************************************************************************
        Please avoid running ``setup.py`` and ``easy_install``.
        Instead, use pypa/build, pypa/installer or other
        standards-based tools.

        See https://github.com/pypa/setuptools/issues/917 for details.
        ********************************************************************************

!!
  easy_install.initialize_options(self)
running egg_info
creating examples_rclpy_minimal_action_server.egg-info
writing examples_rclpy_minimal_action_server.egg-info/PKG-INFO
writing dependency_links to examples_rclpy_minimal_action_server.egg-info/dependency_links.txt
writing entry points to examples_rclpy_minimal_action_server.egg-info/entry_points.txt
writing requirements to examples_rclpy_minimal_action_server.egg-info/requires.txt
writing top-level names to examples_rclpy_minimal_action_server.egg-info/top_level.txt
writing manifest file 'examples_rclpy_minimal_action_server.egg-info/SOURCES.txt'
reading manifest file 'examples_rclpy_minimal_action_server.egg-info/SOURCES.txt'
writing manifest file 'examples_rclpy_minimal_action_server.egg-info/SOURCES.txt'
running build_ext
Creating /home/sldev/ros2_ws/install/examples_rclpy_minimal_action_server/lib/python3.12/site-packages/examples-rclpy-minimal-action-server.egg-link (link to .)
Installing server script to /home/sldev/ros2_ws/install/examples_rclpy_minimal_action_server/lib/examples_rclpy_minimal_action_server
Installing server_defer script to /home/sldev/ros2_ws/install/examples_rclpy_minimal_action_server/lib/examples_rclpy_minimal_action_server
Installing server_not_composable script to /home/sldev/ros2_ws/install/examples_rclpy_minimal_action_server/lib/examples_rclpy_minimal_action_server
Installing server_queue_goals script to /home/sldev/ros2_ws/install/examples_rclpy_minimal_action_server/lib/examples_rclpy_minimal_action_server
Installing server_single_goal script to /home/sldev/ros2_ws/install/examples_rclpy_minimal_action_server/lib/examples_rclpy_minimal_action_server

Installed /home/sldev/ros2_ws/build/examples_rclpy_minimal_action_server
running symlink_data
creating /home/sldev/ros2_ws/install/examples_rclpy_minimal_action_server/share/ament_index
creating /home/sldev/ros2_ws/install/examples_rclpy_minimal_action_server/share/ament_index/resource_index
creating /home/sldev/ros2_ws/install/examples_rclpy_minimal_action_server/share/ament_index/resource_index/packages
symbolically linking /home/sldev/ros2_ws/build/examples_rclpy_minimal_action_server/resource/examples_rclpy_minimal_action_server -> /home/sldev/ros2_ws/install/examples_rclpy_minimal_action_server/share/ament_index/resource_index/packages
symbolically linking /home/sldev/ros2_ws/build/examples_rclpy_minimal_action_server/package.xml -> /home/sldev/ros2_ws/install/examples_rclpy_minimal_action_server/share/examples_rclpy_minimal_action_server
