[2.027s] Invoking command in '/home/sldev/ros2_ws/build/examples_rclpy_minimal_action_server': DEBUGINFOD_URLS=https://debuginfod.ubuntu.com PYTHONPATH=/home/sldev/ros2_ws/build/examples_rclpy_minimal_action_server/prefix_override:/home/sldev/ros2_ws/install/examples_rclpy_minimal_action_server/lib/python3.12/site-packages:${PYTHONPATH} /usr/bin/python3 -W ignore:setup.py install is deprecated setup.py develop --editable --build-directory /home/sldev/ros2_ws/build/examples_rclpy_minimal_action_server/build --no-deps symlink_data
[2.709s] running develop
[2.709s] /usr/lib/python3/dist-packages/setuptools/command/develop.py:40: EasyInstallDeprecationWarning: easy_install command is deprecated.
[2.710s] !!
[2.710s] 
[2.710s]         ********************************************************************************
[2.710s]         Please avoid running ``setup.py`` and ``easy_install``.
[2.710s]         Instead, use pypa/build, pypa/installer or other
[2.710s]         standards-based tools.
[2.710s] 
[2.711s]         See https://github.com/pypa/setuptools/issues/917 for details.
[2.711s]         ********************************************************************************
[2.711s] 
[2.711s] !!
[2.711s]   easy_install.initialize_options(self)
[3.157s] running egg_info
[3.157s] creating examples_rclpy_minimal_action_server.egg-info
[3.196s] writing examples_rclpy_minimal_action_server.egg-info/PKG-INFO
[3.196s] writing dependency_links to examples_rclpy_minimal_action_server.egg-info/dependency_links.txt
[3.197s] writing entry points to examples_rclpy_minimal_action_server.egg-info/entry_points.txt
[3.197s] writing requirements to examples_rclpy_minimal_action_server.egg-info/requires.txt
[3.197s] writing top-level names to examples_rclpy_minimal_action_server.egg-info/top_level.txt
[3.197s] writing manifest file 'examples_rclpy_minimal_action_server.egg-info/SOURCES.txt'
[3.274s] reading manifest file 'examples_rclpy_minimal_action_server.egg-info/SOURCES.txt'
[3.275s] writing manifest file 'examples_rclpy_minimal_action_server.egg-info/SOURCES.txt'
[3.315s] running build_ext
[3.315s] Creating /home/sldev/ros2_ws/install/examples_rclpy_minimal_action_server/lib/python3.12/site-packages/examples-rclpy-minimal-action-server.egg-link (link to .)
[3.317s] Installing server script to /home/sldev/ros2_ws/install/examples_rclpy_minimal_action_server/lib/examples_rclpy_minimal_action_server
[3.318s] Installing server_defer script to /home/sldev/ros2_ws/install/examples_rclpy_minimal_action_server/lib/examples_rclpy_minimal_action_server
[3.319s] Installing server_not_composable script to /home/sldev/ros2_ws/install/examples_rclpy_minimal_action_server/lib/examples_rclpy_minimal_action_server
[3.319s] Installing server_queue_goals script to /home/sldev/ros2_ws/install/examples_rclpy_minimal_action_server/lib/examples_rclpy_minimal_action_server
[3.320s] Installing server_single_goal script to /home/sldev/ros2_ws/install/examples_rclpy_minimal_action_server/lib/examples_rclpy_minimal_action_server
[3.321s] 
[3.321s] Installed /home/sldev/ros2_ws/build/examples_rclpy_minimal_action_server
[3.322s] running symlink_data
[3.323s] creating /home/sldev/ros2_ws/install/examples_rclpy_minimal_action_server/share/ament_index
[3.323s] creating /home/sldev/ros2_ws/install/examples_rclpy_minimal_action_server/share/ament_index/resource_index
[3.323s] creating /home/sldev/ros2_ws/install/examples_rclpy_minimal_action_server/share/ament_index/resource_index/packages
[3.324s] symbolically linking /home/sldev/ros2_ws/build/examples_rclpy_minimal_action_server/resource/examples_rclpy_minimal_action_server -> /home/sldev/ros2_ws/install/examples_rclpy_minimal_action_server/share/ament_index/resource_index/packages
[3.324s] symbolically linking /home/sldev/ros2_ws/build/examples_rclpy_minimal_action_server/package.xml -> /home/sldev/ros2_ws/install/examples_rclpy_minimal_action_server/share/examples_rclpy_minimal_action_server
[3.456s] Invoked command in '/home/sldev/ros2_ws/build/examples_rclpy_minimal_action_server' returned '0': DEBUGINFOD_URLS=https://debuginfod.ubuntu.com PYTHONPATH=/home/sldev/ros2_ws/build/examples_rclpy_minimal_action_server/prefix_override:/home/sldev/ros2_ws/install/examples_rclpy_minimal_action_server/lib/python3.12/site-packages:${PYTHONPATH} /usr/bin/python3 -W ignore:setup.py install is deprecated setup.py develop --editable --build-directory /home/sldev/ros2_ws/build/examples_rclpy_minimal_action_server/build --no-deps symlink_data
