[0.030s] Invoking command in '/home/sldev/ros2_ws/src/build/examples_rclcpp_multithreaded_executor': CMAKE_PREFIX_PATH=${CMAKE_PREFIX_PATH}:/opt/ros/jazzy DEBUGINFOD_URLS=https://debuginfod.ubuntu.com /usr/bin/cmake /home/sldev/ros2_ws/src/examples/rclcpp/executors/multithreaded_executor -DCMAKE_INSTALL_PREFIX=/home/sldev/ros2_ws/src/install/examples_rclcpp_multithreaded_executor
[0.164s] -- The C compiler identification is GNU 13.2.0
[0.353s] -- The CXX compiler identification is GNU 13.2.0
[0.414s] -- Detecting C compiler ABI info
[0.733s] -- Detecting C compiler ABI info - done
[0.749s] -- Check for working C compiler: /usr/bin/cc - skipped
[0.750s] -- Detecting C compile features
[0.751s] -- Detecting C compile features - done
[0.768s] -- Detecting CXX compiler ABI info
[0.980s] -- Detecting CXX compiler ABI info - done
[1.024s] -- Check for working CXX compiler: /usr/bin/c++ - skipped
[1.026s] -- Detecting CXX compile features
[1.027s] -- Detecting CXX compile features - done
[1.035s] -- Found ament_cmake: 2.5.0 (/opt/ros/jazzy/share/ament_cmake/cmake)
[1.469s] -- Found Python3: /usr/bin/python3 (found version "3.12.3") found components: Interpreter 
[1.651s] -- Found rclcpp: 28.1.2 (/opt/ros/jazzy/share/rclcpp/cmake)
[1.711s] -- Found rosidl_generator_c: 4.6.2 (/opt/ros/jazzy/share/rosidl_generator_c/cmake)
[1.732s] -- Found rosidl_generator_cpp: 4.6.2 (/opt/ros/jazzy/share/rosidl_generator_cpp/cmake)
[1.763s] -- Using all available rosidl_typesupport_c: rosidl_typesupport_fastrtps_c;rosidl_typesupport_introspection_c
[1.813s] -- Using all available rosidl_typesupport_cpp: rosidl_typesupport_fastrtps_cpp;rosidl_typesupport_introspection_cpp
[1.948s] -- Found rmw_implementation_cmake: 7.3.1 (/opt/ros/jazzy/share/rmw_implementation_cmake/cmake)
[1.954s] -- Found rmw_fastrtps_cpp: 8.4.0 (/opt/ros/jazzy/share/rmw_fastrtps_cpp/cmake)
[2.102s] -- Found OpenSSL: /usr/lib/x86_64-linux-gnu/libcrypto.so (found version "3.0.13")  
[2.131s] -- Found FastRTPS: /opt/ros/jazzy/include (Required is at least version "2.13") 
[2.171s] -- Using RMW implementation 'rmw_fastrtps_cpp' as default
[2.301s] -- Found std_msgs: 5.3.5 (/opt/ros/jazzy/share/std_msgs/cmake)
[2.339s] -- Found ament_lint_auto: 0.17.0 (/opt/ros/jazzy/share/ament_lint_auto/cmake)
[2.539s] -- Added test 'copyright' to check source files copyright and LICENSE
[2.541s] -- Added test 'cppcheck' to perform static code analysis on C / C++ code
[2.552s] -- Configured cppcheck include dirs: 
[2.560s] -- Configured cppcheck exclude dirs and/or files: 
[2.565s] -- Added test 'cpplint' to check C / C++ code against the Google style
[2.582s] -- Configured cpplint exclude dirs and/or files: 
[2.582s] -- Added test 'lint_cmake' to check CMake code style
[2.582s] -- Added test 'uncrustify' to check C / C++ code style
[2.582s] -- Configured uncrustify additional arguments: 
[2.582s] -- Added test 'xmllint' to check XML markup files
[2.583s] -- Configuring done (2.5s)
[2.597s] -- Generating done (0.0s)
[2.605s] -- Build files have been written to: /home/sldev/ros2_ws/src/build/examples_rclcpp_multithreaded_executor
[2.651s] Invoked command in '/home/sldev/ros2_ws/src/build/examples_rclcpp_multithreaded_executor' returned '0': CMAKE_PREFIX_PATH=${CMAKE_PREFIX_PATH}:/opt/ros/jazzy DEBUGINFOD_URLS=https://debuginfod.ubuntu.com /usr/bin/cmake /home/sldev/ros2_ws/src/examples/rclcpp/executors/multithreaded_executor -DCMAKE_INSTALL_PREFIX=/home/sldev/ros2_ws/src/install/examples_rclcpp_multithreaded_executor
[2.652s] Invoking command in '/home/sldev/ros2_ws/src/build/examples_rclcpp_multithreaded_executor': CMAKE_PREFIX_PATH=${CMAKE_PREFIX_PATH}:/opt/ros/jazzy DEBUGINFOD_URLS=https://debuginfod.ubuntu.com /usr/bin/cmake --build /home/sldev/ros2_ws/src/build/examples_rclcpp_multithreaded_executor -- -j6 -l6
[3.264s] [ 50%] [32mBuilding CXX object CMakeFiles/multithreaded_executor.dir/multithreaded_executor.cpp.o[0m
[20.457s] [100%] [32m[1mLinking CXX executable multithreaded_executor[0m
[21.382s] [100%] Built target multithreaded_executor
[21.433s] Invoked command in '/home/sldev/ros2_ws/src/build/examples_rclcpp_multithreaded_executor' returned '0': CMAKE_PREFIX_PATH=${CMAKE_PREFIX_PATH}:/opt/ros/jazzy DEBUGINFOD_URLS=https://debuginfod.ubuntu.com /usr/bin/cmake --build /home/sldev/ros2_ws/src/build/examples_rclcpp_multithreaded_executor -- -j6 -l6
[21.899s] Invoking command in '/home/sldev/ros2_ws/src/build/examples_rclcpp_multithreaded_executor': CMAKE_PREFIX_PATH=${CMAKE_PREFIX_PATH}:/opt/ros/jazzy DEBUGINFOD_URLS=https://debuginfod.ubuntu.com /usr/bin/cmake --install /home/sldev/ros2_ws/src/build/examples_rclcpp_multithreaded_executor
[21.939s] -- Install configuration: ""
[21.940s] -- Installing: /home/sldev/ros2_ws/src/install/examples_rclcpp_multithreaded_executor/lib/examples_rclcpp_multithreaded_executor/multithreaded_executor
[21.950s] -- Set non-toolchain portion of runtime path of "/home/sldev/ros2_ws/src/install/examples_rclcpp_multithreaded_executor/lib/examples_rclcpp_multithreaded_executor/multithreaded_executor" to ""
[21.955s] -- Installing: /home/sldev/ros2_ws/src/install/examples_rclcpp_multithreaded_executor/share/ament_index/resource_index/package_run_dependencies/examples_rclcpp_multithreaded_executor
[21.955s] -- Installing: /home/sldev/ros2_ws/src/install/examples_rclcpp_multithreaded_executor/share/ament_index/resource_index/parent_prefix_path/examples_rclcpp_multithreaded_executor
[21.956s] -- Installing: /home/sldev/ros2_ws/src/install/examples_rclcpp_multithreaded_executor/share/examples_rclcpp_multithreaded_executor/environment/ament_prefix_path.sh
[21.956s] -- Installing: /home/sldev/ros2_ws/src/install/examples_rclcpp_multithreaded_executor/share/examples_rclcpp_multithreaded_executor/environment/ament_prefix_path.dsv
[21.956s] -- Installing: /home/sldev/ros2_ws/src/install/examples_rclcpp_multithreaded_executor/share/examples_rclcpp_multithreaded_executor/environment/path.sh
[21.957s] -- Installing: /home/sldev/ros2_ws/src/install/examples_rclcpp_multithreaded_executor/share/examples_rclcpp_multithreaded_executor/environment/path.dsv
[21.962s] -- Installing: /home/sldev/ros2_ws/src/install/examples_rclcpp_multithreaded_executor/share/examples_rclcpp_multithreaded_executor/local_setup.bash
[21.963s] -- Installing: /home/sldev/ros2_ws/src/install/examples_rclcpp_multithreaded_executor/share/examples_rclcpp_multithreaded_executor/local_setup.sh
[21.963s] -- Installing: /home/sldev/ros2_ws/src/install/examples_rclcpp_multithreaded_executor/share/examples_rclcpp_multithreaded_executor/local_setup.zsh
[21.963s] -- Installing: /home/sldev/ros2_ws/src/install/examples_rclcpp_multithreaded_executor/share/examples_rclcpp_multithreaded_executor/local_setup.dsv
[21.963s] -- Installing: /home/sldev/ros2_ws/src/install/examples_rclcpp_multithreaded_executor/share/examples_rclcpp_multithreaded_executor/package.dsv
[21.963s] -- Installing: /home/sldev/ros2_ws/src/install/examples_rclcpp_multithreaded_executor/share/ament_index/resource_index/packages/examples_rclcpp_multithreaded_executor
[21.963s] -- Installing: /home/sldev/ros2_ws/src/install/examples_rclcpp_multithreaded_executor/share/examples_rclcpp_multithreaded_executor/cmake/examples_rclcpp_multithreaded_executorConfig.cmake
[21.963s] -- Installing: /home/sldev/ros2_ws/src/install/examples_rclcpp_multithreaded_executor/share/examples_rclcpp_multithreaded_executor/cmake/examples_rclcpp_multithreaded_executorConfig-version.cmake
[21.964s] -- Installing: /home/sldev/ros2_ws/src/install/examples_rclcpp_multithreaded_executor/share/examples_rclcpp_multithreaded_executor/package.xml
[21.964s] Invoked command in '/home/sldev/ros2_ws/src/build/examples_rclcpp_multithreaded_executor' returned '0': CMAKE_PREFIX_PATH=${CMAKE_PREFIX_PATH}:/opt/ros/jazzy DEBUGINFOD_URLS=https://debuginfod.ubuntu.com /usr/bin/cmake --install /home/sldev/ros2_ws/src/build/examples_rclcpp_multithreaded_executor
