[0.061s] Invoking command in '/home/sldev/ros2_ws/build/custom_action_interfaces': CMAKE_PREFIX_PATH=${CMAKE_PREFIX_PATH}:/opt/ros/jazzy DEBUGINFOD_URLS=https://debuginfod.ubuntu.com /usr/bin/cmake --build /home/sldev/ros2_ws/build/custom_action_interfaces -- -j6 -l6
[0.342s] [  2%] Built target custom_action_interfaces__rosidl_generator_type_description
[0.379s] [  2%] Built target ament_cmake_python_copy_custom_action_interfaces
[0.405s] [  5%] Built target custom_action_interfaces__cpp
[0.452s] [ 20%] Built target custom_action_interfaces__rosidl_generator_c
[0.586s] [ 29%] Built target custom_action_interfaces__rosidl_typesupport_introspection_c
[0.597s] [ 38%] Built target custom_action_interfaces__rosidl_typesupport_c
[0.638s] [ 52%] Built target custom_action_interfaces__rosidl_typesupport_fastrtps_cpp
[0.642s] [ 55%] Built target custom_action_interfaces__rosidl_typesupport_fastrtps_c
[0.643s] [ 64%] Built target custom_action_interfaces__rosidl_typesupport_cpp
[0.706s] [ 73%] Built target custom_action_interfaces__rosidl_typesupport_introspection_cpp
[0.772s] [ 73%] Built target custom_action_interfaces
[0.838s] [ 76%] Built target custom_action_interfaces__py
[0.930s] [ 82%] Built target custom_action_interfaces__rosidl_generator_py
[0.997s] [ 88%] Built target custom_action_interfaces_s__rosidl_typesupport_fastrtps_c
[0.997s] [ 94%] Built target custom_action_interfaces_s__rosidl_typesupport_c
[0.997s] [100%] Built target custom_action_interfaces_s__rosidl_typesupport_introspection_c
[1.090s] running egg_info
[1.155s] writing custom_action_interfaces.egg-info/PKG-INFO
[1.157s] writing dependency_links to custom_action_interfaces.egg-info/dependency_links.txt
[1.160s] writing top-level names to custom_action_interfaces.egg-info/top_level.txt
[1.373s] reading manifest file 'custom_action_interfaces.egg-info/SOURCES.txt'
[1.376s] writing manifest file 'custom_action_interfaces.egg-info/SOURCES.txt'
[1.497s] [100%] Built target ament_cmake_python_build_custom_action_interfaces_egg
[1.531s] Invoked command in '/home/sldev/ros2_ws/build/custom_action_interfaces' returned '0': CMAKE_PREFIX_PATH=${CMAKE_PREFIX_PATH}:/opt/ros/jazzy DEBUGINFOD_URLS=https://debuginfod.ubuntu.com /usr/bin/cmake --build /home/sldev/ros2_ws/build/custom_action_interfaces -- -j6 -l6
[1.801s] Invoking command in '/home/sldev/ros2_ws/build/custom_action_interfaces': CMAKE_PREFIX_PATH=${CMAKE_PREFIX_PATH}:/opt/ros/jazzy DEBUGINFOD_URLS=https://debuginfod.ubuntu.com /usr/bin/cmake --install /home/sldev/ros2_ws/build/custom_action_interfaces
[1.830s] -- Install configuration: ""
[1.832s] -- Up-to-date: /home/sldev/ros2_ws/install/custom_action_interfaces/share/ament_index/resource_index/rosidl_interfaces/custom_action_interfaces
[1.833s] -- Up-to-date: /home/sldev/ros2_ws/install/custom_action_interfaces/share/custom_action_interfaces/action/Fibonacci.json
[1.834s] -- Up-to-date: /home/sldev/ros2_ws/install/custom_action_interfaces/include/custom_action_interfaces/custom_action_interfaces
[1.835s] -- Up-to-date: /home/sldev/ros2_ws/install/custom_action_interfaces/include/custom_action_interfaces/custom_action_interfaces/action
[1.835s] -- Up-to-date: /home/sldev/ros2_ws/install/custom_action_interfaces/include/custom_action_interfaces/custom_action_interfaces/action/fibonacci.h
[1.835s] -- Up-to-date: /home/sldev/ros2_ws/install/custom_action_interfaces/include/custom_action_interfaces/custom_action_interfaces/action/detail
[1.836s] -- Up-to-date: /home/sldev/ros2_ws/install/custom_action_interfaces/include/custom_action_interfaces/custom_action_interfaces/action/detail/fibonacci__struct.h
[1.836s] -- Up-to-date: /home/sldev/ros2_ws/install/custom_action_interfaces/include/custom_action_interfaces/custom_action_interfaces/action/detail/fibonacci__description.c
[1.837s] -- Up-to-date: /home/sldev/ros2_ws/install/custom_action_interfaces/include/custom_action_interfaces/custom_action_interfaces/action/detail/fibonacci__functions.c
[1.837s] -- Up-to-date: /home/sldev/ros2_ws/install/custom_action_interfaces/include/custom_action_interfaces/custom_action_interfaces/action/detail/fibonacci__type_support.h
[1.838s] -- Up-to-date: /home/sldev/ros2_ws/install/custom_action_interfaces/include/custom_action_interfaces/custom_action_interfaces/action/detail/fibonacci__type_support.c
[1.838s] -- Up-to-date: /home/sldev/ros2_ws/install/custom_action_interfaces/include/custom_action_interfaces/custom_action_interfaces/action/detail/fibonacci__functions.h
[1.838s] -- Up-to-date: /home/sldev/ros2_ws/install/custom_action_interfaces/include/custom_action_interfaces/custom_action_interfaces/msg
[1.838s] -- Up-to-date: /home/sldev/ros2_ws/install/custom_action_interfaces/include/custom_action_interfaces/custom_action_interfaces/msg/rosidl_generator_c__visibility_control.h
[1.838s] -- Up-to-date: /home/sldev/ros2_ws/install/custom_action_interfaces/share/custom_action_interfaces/environment/library_path.sh
[1.839s] -- Up-to-date: /home/sldev/ros2_ws/install/custom_action_interfaces/share/custom_action_interfaces/environment/library_path.dsv
[1.844s] -- Up-to-date: /home/sldev/ros2_ws/install/custom_action_interfaces/lib/libcustom_action_interfaces__rosidl_generator_c.so
[1.845s] -- Up-to-date: /home/sldev/ros2_ws/install/custom_action_interfaces/include/custom_action_interfaces/custom_action_interfaces
[1.845s] -- Up-to-date: /home/sldev/ros2_ws/install/custom_action_interfaces/include/custom_action_interfaces/custom_action_interfaces/action
[1.845s] -- Up-to-date: /home/sldev/ros2_ws/install/custom_action_interfaces/include/custom_action_interfaces/custom_action_interfaces/action/detail
[1.846s] -- Up-to-date: /home/sldev/ros2_ws/install/custom_action_interfaces/include/custom_action_interfaces/custom_action_interfaces/action/detail/fibonacci__rosidl_typesupport_fastrtps_c.h
[1.846s] -- Up-to-date: /home/sldev/ros2_ws/install/custom_action_interfaces/include/custom_action_interfaces/custom_action_interfaces/msg
[1.846s] -- Up-to-date: /home/sldev/ros2_ws/install/custom_action_interfaces/include/custom_action_interfaces/custom_action_interfaces/msg/rosidl_typesupport_fastrtps_c__visibility_control.h
[1.848s] -- Up-to-date: /home/sldev/ros2_ws/install/custom_action_interfaces/lib/libcustom_action_interfaces__rosidl_typesupport_fastrtps_c.so
[1.849s] -- Up-to-date: /home/sldev/ros2_ws/install/custom_action_interfaces/include/custom_action_interfaces/custom_action_interfaces
[1.849s] -- Up-to-date: /home/sldev/ros2_ws/install/custom_action_interfaces/include/custom_action_interfaces/custom_action_interfaces/action
[1.850s] -- Up-to-date: /home/sldev/ros2_ws/install/custom_action_interfaces/include/custom_action_interfaces/custom_action_interfaces/action/detail
[1.850s] -- Up-to-date: /home/sldev/ros2_ws/install/custom_action_interfaces/include/custom_action_interfaces/custom_action_interfaces/action/detail/fibonacci__rosidl_typesupport_introspection_c.h
[1.850s] -- Up-to-date: /home/sldev/ros2_ws/install/custom_action_interfaces/include/custom_action_interfaces/custom_action_interfaces/action/detail/fibonacci__type_support.c
[1.851s] -- Up-to-date: /home/sldev/ros2_ws/install/custom_action_interfaces/include/custom_action_interfaces/custom_action_interfaces/msg
[1.851s] -- Up-to-date: /home/sldev/ros2_ws/install/custom_action_interfaces/include/custom_action_interfaces/custom_action_interfaces/msg/rosidl_typesupport_introspection_c__visibility_control.h
[1.855s] -- Up-to-date: /home/sldev/ros2_ws/install/custom_action_interfaces/lib/libcustom_action_interfaces__rosidl_typesupport_introspection_c.so
[1.865s] -- Up-to-date: /home/sldev/ros2_ws/install/custom_action_interfaces/lib/libcustom_action_interfaces__rosidl_typesupport_c.so
[1.865s] -- Up-to-date: /home/sldev/ros2_ws/install/custom_action_interfaces/include/custom_action_interfaces/custom_action_interfaces
[1.865s] -- Up-to-date: /home/sldev/ros2_ws/install/custom_action_interfaces/include/custom_action_interfaces/custom_action_interfaces/action
[1.865s] -- Up-to-date: /home/sldev/ros2_ws/install/custom_action_interfaces/include/custom_action_interfaces/custom_action_interfaces/action/fibonacci.hpp
[1.865s] -- Up-to-date: /home/sldev/ros2_ws/install/custom_action_interfaces/include/custom_action_interfaces/custom_action_interfaces/action/detail
[1.865s] -- Up-to-date: /home/sldev/ros2_ws/install/custom_action_interfaces/include/custom_action_interfaces/custom_action_interfaces/action/detail/fibonacci__type_support.hpp
[1.865s] -- Up-to-date: /home/sldev/ros2_ws/install/custom_action_interfaces/include/custom_action_interfaces/custom_action_interfaces/action/detail/fibonacci__struct.hpp
[1.866s] -- Up-to-date: /home/sldev/ros2_ws/install/custom_action_interfaces/include/custom_action_interfaces/custom_action_interfaces/action/detail/fibonacci__traits.hpp
[1.866s] -- Up-to-date: /home/sldev/ros2_ws/install/custom_action_interfaces/include/custom_action_interfaces/custom_action_interfaces/action/detail/fibonacci__builder.hpp
[1.866s] -- Up-to-date: /home/sldev/ros2_ws/install/custom_action_interfaces/include/custom_action_interfaces/custom_action_interfaces/msg
[1.866s] -- Up-to-date: /home/sldev/ros2_ws/install/custom_action_interfaces/include/custom_action_interfaces/custom_action_interfaces/msg/rosidl_generator_cpp__visibility_control.hpp
[1.866s] -- Up-to-date: /home/sldev/ros2_ws/install/custom_action_interfaces/include/custom_action_interfaces/custom_action_interfaces
[1.867s] -- Up-to-date: /home/sldev/ros2_ws/install/custom_action_interfaces/include/custom_action_interfaces/custom_action_interfaces/action
[1.867s] -- Up-to-date: /home/sldev/ros2_ws/install/custom_action_interfaces/include/custom_action_interfaces/custom_action_interfaces/action/detail
[1.867s] -- Up-to-date: /home/sldev/ros2_ws/install/custom_action_interfaces/include/custom_action_interfaces/custom_action_interfaces/action/detail/dds_fastrtps
[1.868s] -- Up-to-date: /home/sldev/ros2_ws/install/custom_action_interfaces/include/custom_action_interfaces/custom_action_interfaces/action/detail/fibonacci__rosidl_typesupport_fastrtps_cpp.hpp
[1.868s] -- Up-to-date: /home/sldev/ros2_ws/install/custom_action_interfaces/include/custom_action_interfaces/custom_action_interfaces/msg
[1.868s] -- Up-to-date: /home/sldev/ros2_ws/install/custom_action_interfaces/include/custom_action_interfaces/custom_action_interfaces/msg/rosidl_typesupport_fastrtps_cpp__visibility_control.h
[1.870s] -- Up-to-date: /home/sldev/ros2_ws/install/custom_action_interfaces/lib/libcustom_action_interfaces__rosidl_typesupport_fastrtps_cpp.so
[1.871s] -- Up-to-date: /home/sldev/ros2_ws/install/custom_action_interfaces/include/custom_action_interfaces/custom_action_interfaces
[1.871s] -- Up-to-date: /home/sldev/ros2_ws/install/custom_action_interfaces/include/custom_action_interfaces/custom_action_interfaces/action
[1.872s] -- Up-to-date: /home/sldev/ros2_ws/install/custom_action_interfaces/include/custom_action_interfaces/custom_action_interfaces/action/detail
[1.872s] -- Up-to-date: /home/sldev/ros2_ws/install/custom_action_interfaces/include/custom_action_interfaces/custom_action_interfaces/action/detail/fibonacci__type_support.cpp
[1.872s] -- Up-to-date: /home/sldev/ros2_ws/install/custom_action_interfaces/include/custom_action_interfaces/custom_action_interfaces/action/detail/fibonacci__rosidl_typesupport_introspection_cpp.hpp
[1.876s] -- Up-to-date: /home/sldev/ros2_ws/install/custom_action_interfaces/lib/libcustom_action_interfaces__rosidl_typesupport_introspection_cpp.so
[1.879s] -- Up-to-date: /home/sldev/ros2_ws/install/custom_action_interfaces/lib/libcustom_action_interfaces__rosidl_typesupport_cpp.so
[1.880s] -- Up-to-date: /home/sldev/ros2_ws/install/custom_action_interfaces/share/custom_action_interfaces/environment/pythonpath.sh
[1.880s] -- Up-to-date: /home/sldev/ros2_ws/install/custom_action_interfaces/share/custom_action_interfaces/environment/pythonpath.dsv
[1.882s] -- Up-to-date: /home/sldev/ros2_ws/install/custom_action_interfaces/lib/python3.12/site-packages/custom_action_interfaces-0.0.0-py3.12.egg-info
[1.882s] -- Installing: /home/sldev/ros2_ws/install/custom_action_interfaces/lib/python3.12/site-packages/custom_action_interfaces-0.0.0-py3.12.egg-info/PKG-INFO
[1.883s] -- Installing: /home/sldev/ros2_ws/install/custom_action_interfaces/lib/python3.12/site-packages/custom_action_interfaces-0.0.0-py3.12.egg-info/top_level.txt
[1.884s] -- Installing: /home/sldev/ros2_ws/install/custom_action_interfaces/lib/python3.12/site-packages/custom_action_interfaces-0.0.0-py3.12.egg-info/SOURCES.txt
[1.884s] -- Installing: /home/sldev/ros2_ws/install/custom_action_interfaces/lib/python3.12/site-packages/custom_action_interfaces-0.0.0-py3.12.egg-info/dependency_links.txt
[1.885s] -- Up-to-date: /home/sldev/ros2_ws/install/custom_action_interfaces/lib/python3.12/site-packages/custom_action_interfaces
[1.885s] -- Up-to-date: /home/sldev/ros2_ws/install/custom_action_interfaces/lib/python3.12/site-packages/custom_action_interfaces/_custom_action_interfaces_s.ep.rosidl_typesupport_fastrtps_c.c
[1.886s] -- Up-to-date: /home/sldev/ros2_ws/install/custom_action_interfaces/lib/python3.12/site-packages/custom_action_interfaces/_custom_action_interfaces_s.ep.rosidl_typesupport_c.c
[1.886s] -- Up-to-date: /home/sldev/ros2_ws/install/custom_action_interfaces/lib/python3.12/site-packages/custom_action_interfaces/action
[1.887s] -- Up-to-date: /home/sldev/ros2_ws/install/custom_action_interfaces/lib/python3.12/site-packages/custom_action_interfaces/action/_fibonacci_s.c
[1.887s] -- Up-to-date: /home/sldev/ros2_ws/install/custom_action_interfaces/lib/python3.12/site-packages/custom_action_interfaces/action/__init__.py
[1.887s] -- Up-to-date: /home/sldev/ros2_ws/install/custom_action_interfaces/lib/python3.12/site-packages/custom_action_interfaces/action/_fibonacci.py
[1.888s] -- Up-to-date: /home/sldev/ros2_ws/install/custom_action_interfaces/lib/python3.12/site-packages/custom_action_interfaces/custom_action_interfaces_s__rosidl_typesupport_introspection_c.so
[1.888s] -- Up-to-date: /home/sldev/ros2_ws/install/custom_action_interfaces/lib/python3.12/site-packages/custom_action_interfaces/custom_action_interfaces_s__rosidl_typesupport_c.so
[1.888s] -- Up-to-date: /home/sldev/ros2_ws/install/custom_action_interfaces/lib/python3.12/site-packages/custom_action_interfaces/_custom_action_interfaces_s.ep.rosidl_typesupport_introspection_c.c
[1.888s] -- Up-to-date: /home/sldev/ros2_ws/install/custom_action_interfaces/lib/python3.12/site-packages/custom_action_interfaces/__init__.py
[1.889s] -- Up-to-date: /home/sldev/ros2_ws/install/custom_action_interfaces/lib/python3.12/site-packages/custom_action_interfaces/custom_action_interfaces_s__rosidl_typesupport_fastrtps_c.so
[2.030s] Listing '/home/sldev/ros2_ws/install/custom_action_interfaces/lib/python3.12/site-packages/custom_action_interfaces'...
[2.030s] Listing '/home/sldev/ros2_ws/install/custom_action_interfaces/lib/python3.12/site-packages/custom_action_interfaces/action'...
[2.070s] -- Up-to-date: /home/sldev/ros2_ws/install/custom_action_interfaces/lib/python3.12/site-packages/custom_action_interfaces/custom_action_interfaces_s__rosidl_typesupport_fastrtps_c.so
[2.078s] -- Up-to-date: /home/sldev/ros2_ws/install/custom_action_interfaces/lib/python3.12/site-packages/custom_action_interfaces/custom_action_interfaces_s__rosidl_typesupport_introspection_c.so
[2.082s] -- Up-to-date: /home/sldev/ros2_ws/install/custom_action_interfaces/lib/python3.12/site-packages/custom_action_interfaces/custom_action_interfaces_s__rosidl_typesupport_c.so
[2.084s] -- Up-to-date: /home/sldev/ros2_ws/install/custom_action_interfaces/lib/libcustom_action_interfaces__rosidl_generator_py.so
[2.085s] -- Up-to-date: /home/sldev/ros2_ws/install/custom_action_interfaces/share/custom_action_interfaces/action/Fibonacci.idl
[2.085s] -- Up-to-date: /home/sldev/ros2_ws/install/custom_action_interfaces/share/custom_action_interfaces/action/Fibonacci.action
[2.086s] -- Up-to-date: /home/sldev/ros2_ws/install/custom_action_interfaces/share/ament_index/resource_index/package_run_dependencies/custom_action_interfaces
[2.087s] -- Up-to-date: /home/sldev/ros2_ws/install/custom_action_interfaces/share/ament_index/resource_index/parent_prefix_path/custom_action_interfaces
[2.087s] -- Up-to-date: /home/sldev/ros2_ws/install/custom_action_interfaces/share/custom_action_interfaces/environment/ament_prefix_path.sh
[2.088s] -- Up-to-date: /home/sldev/ros2_ws/install/custom_action_interfaces/share/custom_action_interfaces/environment/ament_prefix_path.dsv
[2.088s] -- Up-to-date: /home/sldev/ros2_ws/install/custom_action_interfaces/share/custom_action_interfaces/environment/path.sh
[2.088s] -- Up-to-date: /home/sldev/ros2_ws/install/custom_action_interfaces/share/custom_action_interfaces/environment/path.dsv
[2.089s] -- Up-to-date: /home/sldev/ros2_ws/install/custom_action_interfaces/share/custom_action_interfaces/local_setup.bash
[2.089s] -- Up-to-date: /home/sldev/ros2_ws/install/custom_action_interfaces/share/custom_action_interfaces/local_setup.sh
[2.089s] -- Up-to-date: /home/sldev/ros2_ws/install/custom_action_interfaces/share/custom_action_interfaces/local_setup.zsh
[2.089s] -- Up-to-date: /home/sldev/ros2_ws/install/custom_action_interfaces/share/custom_action_interfaces/local_setup.dsv
[2.089s] -- Installing: /home/sldev/ros2_ws/install/custom_action_interfaces/share/custom_action_interfaces/package.dsv
[2.090s] -- Up-to-date: /home/sldev/ros2_ws/install/custom_action_interfaces/share/ament_index/resource_index/packages/custom_action_interfaces
[2.098s] -- Up-to-date: /home/sldev/ros2_ws/install/custom_action_interfaces/share/custom_action_interfaces/cmake/export_custom_action_interfaces__rosidl_generator_cExport.cmake
[2.098s] -- Up-to-date: /home/sldev/ros2_ws/install/custom_action_interfaces/share/custom_action_interfaces/cmake/export_custom_action_interfaces__rosidl_generator_cExport-noconfig.cmake
[2.101s] -- Up-to-date: /home/sldev/ros2_ws/install/custom_action_interfaces/share/custom_action_interfaces/cmake/export_custom_action_interfaces__rosidl_typesupport_fastrtps_cExport.cmake
[2.101s] -- Up-to-date: /home/sldev/ros2_ws/install/custom_action_interfaces/share/custom_action_interfaces/cmake/export_custom_action_interfaces__rosidl_typesupport_fastrtps_cExport-noconfig.cmake
[2.103s] -- Up-to-date: /home/sldev/ros2_ws/install/custom_action_interfaces/share/custom_action_interfaces/cmake/custom_action_interfaces__rosidl_typesupport_introspection_cExport.cmake
[2.103s] -- Up-to-date: /home/sldev/ros2_ws/install/custom_action_interfaces/share/custom_action_interfaces/cmake/custom_action_interfaces__rosidl_typesupport_introspection_cExport-noconfig.cmake
[2.104s] -- Up-to-date: /home/sldev/ros2_ws/install/custom_action_interfaces/share/custom_action_interfaces/cmake/custom_action_interfaces__rosidl_typesupport_cExport.cmake
[2.105s] -- Up-to-date: /home/sldev/ros2_ws/install/custom_action_interfaces/share/custom_action_interfaces/cmake/custom_action_interfaces__rosidl_typesupport_cExport-noconfig.cmake
[2.106s] -- Up-to-date: /home/sldev/ros2_ws/install/custom_action_interfaces/share/custom_action_interfaces/cmake/export_custom_action_interfaces__rosidl_generator_cppExport.cmake
[2.108s] -- Up-to-date: /home/sldev/ros2_ws/install/custom_action_interfaces/share/custom_action_interfaces/cmake/export_custom_action_interfaces__rosidl_typesupport_fastrtps_cppExport.cmake
[2.109s] -- Up-to-date: /home/sldev/ros2_ws/install/custom_action_interfaces/share/custom_action_interfaces/cmake/export_custom_action_interfaces__rosidl_typesupport_fastrtps_cppExport-noconfig.cmake
[2.110s] -- Up-to-date: /home/sldev/ros2_ws/install/custom_action_interfaces/share/custom_action_interfaces/cmake/custom_action_interfaces__rosidl_typesupport_introspection_cppExport.cmake
[2.111s] -- Up-to-date: /home/sldev/ros2_ws/install/custom_action_interfaces/share/custom_action_interfaces/cmake/custom_action_interfaces__rosidl_typesupport_introspection_cppExport-noconfig.cmake
[2.112s] -- Up-to-date: /home/sldev/ros2_ws/install/custom_action_interfaces/share/custom_action_interfaces/cmake/custom_action_interfaces__rosidl_typesupport_cppExport.cmake
[2.112s] -- Up-to-date: /home/sldev/ros2_ws/install/custom_action_interfaces/share/custom_action_interfaces/cmake/custom_action_interfaces__rosidl_typesupport_cppExport-noconfig.cmake
[2.114s] -- Up-to-date: /home/sldev/ros2_ws/install/custom_action_interfaces/share/custom_action_interfaces/cmake/export_custom_action_interfaces__rosidl_generator_pyExport.cmake
[2.114s] -- Up-to-date: /home/sldev/ros2_ws/install/custom_action_interfaces/share/custom_action_interfaces/cmake/export_custom_action_interfaces__rosidl_generator_pyExport-noconfig.cmake
[2.114s] -- Up-to-date: /home/sldev/ros2_ws/install/custom_action_interfaces/share/custom_action_interfaces/cmake/rosidl_cmake-extras.cmake
[2.115s] -- Up-to-date: /home/sldev/ros2_ws/install/custom_action_interfaces/share/custom_action_interfaces/cmake/ament_cmake_export_dependencies-extras.cmake
[2.115s] -- Up-to-date: /home/sldev/ros2_ws/install/custom_action_interfaces/share/custom_action_interfaces/cmake/ament_cmake_export_include_directories-extras.cmake
[2.115s] -- Up-to-date: /home/sldev/ros2_ws/install/custom_action_interfaces/share/custom_action_interfaces/cmake/ament_cmake_export_libraries-extras.cmake
[2.116s] -- Up-to-date: /home/sldev/ros2_ws/install/custom_action_interfaces/share/custom_action_interfaces/cmake/ament_cmake_export_targets-extras.cmake
[2.116s] -- Up-to-date: /home/sldev/ros2_ws/install/custom_action_interfaces/share/custom_action_interfaces/cmake/rosidl_cmake_export_typesupport_targets-extras.cmake
[2.116s] -- Up-to-date: /home/sldev/ros2_ws/install/custom_action_interfaces/share/custom_action_interfaces/cmake/rosidl_cmake_export_typesupport_libraries-extras.cmake
[2.116s] -- Up-to-date: /home/sldev/ros2_ws/install/custom_action_interfaces/share/custom_action_interfaces/cmake/custom_action_interfacesConfig.cmake
[2.116s] -- Up-to-date: /home/sldev/ros2_ws/install/custom_action_interfaces/share/custom_action_interfaces/cmake/custom_action_interfacesConfig-version.cmake
[2.117s] -- Up-to-date: /home/sldev/ros2_ws/install/custom_action_interfaces/share/custom_action_interfaces/package.xml
[2.123s] Invoked command in '/home/sldev/ros2_ws/build/custom_action_interfaces' returned '0': CMAKE_PREFIX_PATH=${CMAKE_PREFIX_PATH}:/opt/ros/jazzy DEBUGINFOD_URLS=https://debuginfod.ubuntu.com /usr/bin/cmake --install /home/sldev/ros2_ws/build/custom_action_interfaces
