[0.054s] Invoking command in '/home/sldev/ros2_ws/build/examples_rclcpp_multithreaded_executor': CMAKE_PREFIX_PATH=${CMAKE_PREFIX_PATH}:/opt/ros/jazzy DEBUGINFOD_URLS=https://debuginfod.ubuntu.com /usr/bin/cmake /home/sldev/ros2_ws/src/examples/rclcpp/executors/multithreaded_executor -DAMENT_CMAKE_SYMLINK_INSTALL=1 -DCMAKE_INSTALL_PREFIX=/home/sldev/ros2_ws/install/examples_rclcpp_multithreaded_executor
[0.709s] -- The C compiler identification is GNU 13.2.0
[0.709s] -- The CXX compiler identification is GNU 13.2.0
[0.785s] -- Detecting C compiler ABI info
[1.379s] -- Detecting C compiler ABI info - done
[1.433s] -- Check for working C compiler: /usr/bin/cc - skipped
[1.434s] -- Detecting C compile features
[1.435s] -- Detecting C compile features - done
[1.496s] -- Detecting CXX compiler ABI info
[2.252s] -- Detecting CXX compiler ABI info - done
[2.311s] -- Check for working CXX compiler: /usr/bin/c++ - skipped
[2.312s] -- Detecting CXX compile features
[2.313s] -- Detecting CXX compile features - done
[2.318s] -- Found ament_cmake: 2.5.0 (/opt/ros/jazzy/share/ament_cmake/cmake)
[2.947s] -- Found Python3: /usr/bin/python3 (found version "3.12.3") found components: Interpreter 
[3.349s] -- Override CMake install command with custom implementation using symlinks instead of copying resources
[3.505s] -- Found rclcpp: 28.1.2 (/opt/ros/jazzy/share/rclcpp/cmake)
[3.619s] -- Found rosidl_generator_c: 4.6.2 (/opt/ros/jazzy/share/rosidl_generator_c/cmake)
[3.711s] -- Found rosidl_generator_cpp: 4.6.2 (/opt/ros/jazzy/share/rosidl_generator_cpp/cmake)
[3.776s] -- Using all available rosidl_typesupport_c: rosidl_typesupport_fastrtps_c;rosidl_typesupport_introspection_c
[3.948s] -- Using all available rosidl_typesupport_cpp: rosidl_typesupport_fastrtps_cpp;rosidl_typesupport_introspection_cpp
[4.202s] -- Found rmw_implementation_cmake: 7.3.1 (/opt/ros/jazzy/share/rmw_implementation_cmake/cmake)
[4.208s] -- Found rmw_fastrtps_cpp: 8.4.0 (/opt/ros/jazzy/share/rmw_fastrtps_cpp/cmake)
[4.605s] -- Found OpenSSL: /usr/lib/x86_64-linux-gnu/libcrypto.so (found version "3.0.13")  
[4.689s] -- Found FastRTPS: /opt/ros/jazzy/include (Required is at least version "2.13") 
[4.839s] -- Using RMW implementation 'rmw_fastrtps_cpp' as default
[5.154s] -- Found std_msgs: 5.3.5 (/opt/ros/jazzy/share/std_msgs/cmake)
[5.202s] -- Found ament_lint_auto: 0.17.0 (/opt/ros/jazzy/share/ament_lint_auto/cmake)
[5.588s] -- Added test 'copyright' to check source files copyright and LICENSE
[5.590s] -- Added test 'cppcheck' to perform static code analysis on C / C++ code
[5.591s] -- Configured cppcheck include dirs: 
[5.591s] -- Configured cppcheck exclude dirs and/or files: 
[5.592s] -- Added test 'cpplint' to check C / C++ code against the Google style
[5.593s] -- Configured cpplint exclude dirs and/or files: 
[5.594s] -- Added test 'lint_cmake' to check CMake code style
[5.596s] -- Added test 'uncrustify' to check C / C++ code style
[5.596s] -- Configured uncrustify additional arguments: 
[5.597s] -- Added test 'xmllint' to check XML markup files
[5.600s] -- Configuring done (5.4s)
[5.689s] -- Generating done (0.1s)
[5.692s] -- Build files have been written to: /home/sldev/ros2_ws/build/examples_rclcpp_multithreaded_executor
[5.723s] Invoked command in '/home/sldev/ros2_ws/build/examples_rclcpp_multithreaded_executor' returned '0': CMAKE_PREFIX_PATH=${CMAKE_PREFIX_PATH}:/opt/ros/jazzy DEBUGINFOD_URLS=https://debuginfod.ubuntu.com /usr/bin/cmake /home/sldev/ros2_ws/src/examples/rclcpp/executors/multithreaded_executor -DAMENT_CMAKE_SYMLINK_INSTALL=1 -DCMAKE_INSTALL_PREFIX=/home/sldev/ros2_ws/install/examples_rclcpp_multithreaded_executor
[5.726s] Invoking command in '/home/sldev/ros2_ws/build/examples_rclcpp_multithreaded_executor': CMAKE_PREFIX_PATH=${CMAKE_PREFIX_PATH}:/opt/ros/jazzy DEBUGINFOD_URLS=https://debuginfod.ubuntu.com /usr/bin/cmake --build /home/sldev/ros2_ws/build/examples_rclcpp_multithreaded_executor -- -j6 -l6
[15.338s] [ 50%] [32mBuilding CXX object CMakeFiles/multithreaded_executor.dir/multithreaded_executor.cpp.o[0m
[25.436s] [100%] [32m[1mLinking CXX executable multithreaded_executor[0m
[26.417s] [100%] Built target multithreaded_executor
[26.440s] Invoked command in '/home/sldev/ros2_ws/build/examples_rclcpp_multithreaded_executor' returned '0': CMAKE_PREFIX_PATH=${CMAKE_PREFIX_PATH}:/opt/ros/jazzy DEBUGINFOD_URLS=https://debuginfod.ubuntu.com /usr/bin/cmake --build /home/sldev/ros2_ws/build/examples_rclcpp_multithreaded_executor -- -j6 -l6
[26.499s] Invoking command in '/home/sldev/ros2_ws/build/examples_rclcpp_multithreaded_executor': CMAKE_PREFIX_PATH=${CMAKE_PREFIX_PATH}:/opt/ros/jazzy DEBUGINFOD_URLS=https://debuginfod.ubuntu.com /usr/bin/cmake --install /home/sldev/ros2_ws/build/examples_rclcpp_multithreaded_executor
[26.514s] -- Install configuration: ""
[26.515s] -- Execute custom install script
[26.521s] -- Symlinking: /home/sldev/ros2_ws/install/examples_rclcpp_multithreaded_executor/lib/examples_rclcpp_multithreaded_executor/multithreaded_executor
[26.533s] -- Symlinking: /home/sldev/ros2_ws/install/examples_rclcpp_multithreaded_executor/share/ament_index/resource_index/package_run_dependencies/examples_rclcpp_multithreaded_executor
[26.550s] -- Symlinking: /home/sldev/ros2_ws/install/examples_rclcpp_multithreaded_executor/share/ament_index/resource_index/parent_prefix_path/examples_rclcpp_multithreaded_executor
[26.566s] -- Symlinking: /home/sldev/ros2_ws/install/examples_rclcpp_multithreaded_executor/share/examples_rclcpp_multithreaded_executor/environment/ament_prefix_path.sh
[26.584s] -- Symlinking: /home/sldev/ros2_ws/install/examples_rclcpp_multithreaded_executor/share/examples_rclcpp_multithreaded_executor/environment/ament_prefix_path.dsv
[26.614s] -- Symlinking: /home/sldev/ros2_ws/install/examples_rclcpp_multithreaded_executor/share/examples_rclcpp_multithreaded_executor/environment/path.sh
[26.634s] -- Symlinking: /home/sldev/ros2_ws/install/examples_rclcpp_multithreaded_executor/share/examples_rclcpp_multithreaded_executor/environment/path.dsv
[26.652s] -- Symlinking: /home/sldev/ros2_ws/install/examples_rclcpp_multithreaded_executor/share/examples_rclcpp_multithreaded_executor/local_setup.bash
[26.676s] -- Symlinking: /home/sldev/ros2_ws/install/examples_rclcpp_multithreaded_executor/share/examples_rclcpp_multithreaded_executor/local_setup.sh
[26.694s] -- Symlinking: /home/sldev/ros2_ws/install/examples_rclcpp_multithreaded_executor/share/examples_rclcpp_multithreaded_executor/local_setup.zsh
[26.723s] -- Symlinking: /home/sldev/ros2_ws/install/examples_rclcpp_multithreaded_executor/share/examples_rclcpp_multithreaded_executor/local_setup.dsv
[26.746s] -- Symlinking: /home/sldev/ros2_ws/install/examples_rclcpp_multithreaded_executor/share/examples_rclcpp_multithreaded_executor/package.dsv
[26.775s] -- Symlinking: /home/sldev/ros2_ws/install/examples_rclcpp_multithreaded_executor/share/ament_index/resource_index/packages/examples_rclcpp_multithreaded_executor
[26.795s] -- Symlinking: /home/sldev/ros2_ws/install/examples_rclcpp_multithreaded_executor/share/examples_rclcpp_multithreaded_executor/cmake/examples_rclcpp_multithreaded_executorConfig.cmake
[26.821s] -- Symlinking: /home/sldev/ros2_ws/install/examples_rclcpp_multithreaded_executor/share/examples_rclcpp_multithreaded_executor/cmake/examples_rclcpp_multithreaded_executorConfig-version.cmake
[26.841s] -- Symlinking: /home/sldev/ros2_ws/install/examples_rclcpp_multithreaded_executor/share/examples_rclcpp_multithreaded_executor/package.xml
[27.298s] Invoked command in '/home/sldev/ros2_ws/build/examples_rclcpp_multithreaded_executor' returned '0': CMAKE_PREFIX_PATH=${CMAKE_PREFIX_PATH}:/opt/ros/jazzy DEBUGINFOD_URLS=https://debuginfod.ubuntu.com /usr/bin/cmake --install /home/sldev/ros2_ws/build/examples_rclcpp_multithreaded_executor
