[1.128s] Invoking command in '/home/sldev/ros2_ws/src/my_package': DEBUGINFOD_URLS=https://debuginfod.ubuntu.com PYTHONPATH=/home/sldev/ros2_ws/build/my_package/prefix_override:/home/sldev/ros2_ws/install/my_package/lib/python3.12/site-packages:${PYTHONPATH} /usr/bin/python3 -W ignore:setup.py install is deprecated setup.py egg_info --egg-base ../../build/my_package build --build-base /home/sldev/ros2_ws/build/my_package/build install --record /home/sldev/ros2_ws/build/my_package/install.log --single-version-externally-managed install_data
[1.486s] running egg_info
[1.523s] writing ../../build/my_package/my_package.egg-info/PKG-INFO
[1.524s] writing dependency_links to ../../build/my_package/my_package.egg-info/dependency_links.txt
[1.525s] writing entry points to ../../build/my_package/my_package.egg-info/entry_points.txt
[1.526s] writing requirements to ../../build/my_package/my_package.egg-info/requires.txt
[1.527s] writing top-level names to ../../build/my_package/my_package.egg-info/top_level.txt
[1.582s] reading manifest file '../../build/my_package/my_package.egg-info/SOURCES.txt'
[1.582s] adding license file 'LICENSE'
[1.582s] writing manifest file '../../build/my_package/my_package.egg-info/SOURCES.txt'
[1.583s] running build
[1.583s] running build_py
[1.584s] running install
[1.597s] running install_lib
[1.626s] running install_data
[1.626s] running install_egg_info
[1.654s] removing '/home/sldev/ros2_ws/install/my_package/lib/python3.12/site-packages/my_package-0.0.0-py3.12.egg-info' (and everything under it)
[1.655s] Copying ../../build/my_package/my_package.egg-info to /home/sldev/ros2_ws/install/my_package/lib/python3.12/site-packages/my_package-0.0.0-py3.12.egg-info
[1.656s] running install_scripts
[1.834s] Installing my_node script to /home/sldev/ros2_ws/install/my_package/lib/my_package
[1.834s] writing list of installed files to '/home/sldev/ros2_ws/build/my_package/install.log'
[1.911s] Invoked command in '/home/sldev/ros2_ws/src/my_package' returned '0': DEBUGINFOD_URLS=https://debuginfod.ubuntu.com PYTHONPATH=/home/sldev/ros2_ws/build/my_package/prefix_override:/home/sldev/ros2_ws/install/my_package/lib/python3.12/site-packages:${PYTHONPATH} /usr/bin/python3 -W ignore:setup.py install is deprecated setup.py egg_info --egg-base ../../build/my_package build --build-base /home/sldev/ros2_ws/build/my_package/build install --record /home/sldev/ros2_ws/build/my_package/install.log --single-version-externally-managed install_data
