[2.561s] Invoking command in '/home/sldev/ros2_ws/src/examples/rclpy/executors': DEBUGINFOD_URLS=https://debuginfod.ubuntu.com PYTHONPATH=/home/sldev/ros2_ws/build/examples_rclpy_executors/prefix_override:/home/sldev/ros2_ws/install/examples_rclpy_executors/lib/python3.12/site-packages:${PYTHONPATH} /usr/bin/python3 -W ignore:setup.py install is deprecated setup.py egg_info --egg-base ../../../../build/examples_rclpy_executors build --build-base /home/sldev/ros2_ws/build/examples_rclpy_executors/build install --record /home/sldev/ros2_ws/build/examples_rclpy_executors/install.log --single-version-externally-managed install_data
[2.973s] running egg_info
[3.008s] writing ../../../../build/examples_rclpy_executors/examples_rclpy_executors.egg-info/PKG-INFO
[3.009s] writing dependency_links to ../../../../build/examples_rclpy_executors/examples_rclpy_executors.egg-info/dependency_links.txt
[3.011s] writing entry points to ../../../../build/examples_rclpy_executors/examples_rclpy_executors.egg-info/entry_points.txt
[3.011s] writing requirements to ../../../../build/examples_rclpy_executors/examples_rclpy_executors.egg-info/requires.txt
[3.011s] writing top-level names to ../../../../build/examples_rclpy_executors/examples_rclpy_executors.egg-info/top_level.txt
[3.075s] reading manifest file '../../../../build/examples_rclpy_executors/examples_rclpy_executors.egg-info/SOURCES.txt'
[3.088s] writing manifest file '../../../../build/examples_rclpy_executors/examples_rclpy_executors.egg-info/SOURCES.txt'
[3.088s] running build
[3.088s] running build_py
[3.091s] running install
[3.106s] running install_lib
[3.142s] running install_data
[3.143s] running install_egg_info
[3.183s] removing '/home/sldev/ros2_ws/install/examples_rclpy_executors/lib/python3.12/site-packages/examples_rclpy_executors-0.19.3-py3.12.egg-info' (and everything under it)
[3.183s] Copying ../../../../build/examples_rclpy_executors/examples_rclpy_executors.egg-info to /home/sldev/ros2_ws/install/examples_rclpy_executors/lib/python3.12/site-packages/examples_rclpy_executors-0.19.3-py3.12.egg-info
[3.188s] running install_scripts
[3.452s] Installing callback_group script to /home/sldev/ros2_ws/install/examples_rclpy_executors/lib/examples_rclpy_executors
[3.453s] Installing composed script to /home/sldev/ros2_ws/install/examples_rclpy_executors/lib/examples_rclpy_executors
[3.454s] Installing custom_callback_group script to /home/sldev/ros2_ws/install/examples_rclpy_executors/lib/examples_rclpy_executors
[3.454s] Installing custom_executor script to /home/sldev/ros2_ws/install/examples_rclpy_executors/lib/examples_rclpy_executors
[3.455s] Installing listener script to /home/sldev/ros2_ws/install/examples_rclpy_executors/lib/examples_rclpy_executors
[3.455s] Installing talker script to /home/sldev/ros2_ws/install/examples_rclpy_executors/lib/examples_rclpy_executors
[3.456s] writing list of installed files to '/home/sldev/ros2_ws/build/examples_rclpy_executors/install.log'
[3.560s] Invoked command in '/home/sldev/ros2_ws/src/examples/rclpy/executors' returned '0': DEBUGINFOD_URLS=https://debuginfod.ubuntu.com PYTHONPATH=/home/sldev/ros2_ws/build/examples_rclpy_executors/prefix_override:/home/sldev/ros2_ws/install/examples_rclpy_executors/lib/python3.12/site-packages:${PYTHONPATH} /usr/bin/python3 -W ignore:setup.py install is deprecated setup.py egg_info --egg-base ../../../../build/examples_rclpy_executors build --build-base /home/sldev/ros2_ws/build/examples_rclpy_executors/build install --record /home/sldev/ros2_ws/build/examples_rclpy_executors/install.log --single-version-externally-managed install_data
