[0.058s] Invoking command in '/home/sldev/ros2_ws/src/build/examples_rclcpp_minimal_service': CMAKE_PREFIX_PATH=${CMAKE_PREFIX_PATH}:/opt/ros/jazzy DEBUGINFOD_URLS=https://debuginfod.ubuntu.com /usr/bin/cmake /home/sldev/ros2_ws/src/examples/rclcpp/services/minimal_service -DCMAKE_INSTALL_PREFIX=/home/sldev/ros2_ws/src/install/examples_rclcpp_minimal_service
[2.155s] -- The C compiler identification is GNU 13.2.0
[2.155s] -- The CXX compiler identification is GNU 13.2.0
[2.155s] -- Detecting C compiler ABI info
[2.155s] -- Detecting C compiler ABI info - done
[2.155s] -- Check for working C compiler: /usr/bin/cc - skipped
[2.155s] -- Detecting C compile features
[2.155s] -- Detecting C compile features - done
[2.156s] -- Detecting CXX compiler ABI info
[2.156s] -- Detecting CXX compiler ABI info - done
[2.156s] -- Check for working CXX compiler: /usr/bin/c++ - skipped
[2.156s] -- Detecting CXX compile features
[2.156s] -- Detecting CXX compile features - done
[2.156s] -- Found ament_cmake: 2.5.0 (/opt/ros/jazzy/share/ament_cmake/cmake)
[2.311s] -- Found Python3: /usr/bin/python3 (found version "3.12.3") found components: Interpreter 
[2.951s] -- Found example_interfaces: 0.12.0 (/opt/ros/jazzy/share/example_interfaces/cmake)
[3.112s] -- Found rosidl_generator_c: 4.6.2 (/opt/ros/jazzy/share/rosidl_generator_c/cmake)
[3.162s] -- Found rosidl_generator_cpp: 4.6.2 (/opt/ros/jazzy/share/rosidl_generator_cpp/cmake)
[3.227s] -- Using all available rosidl_typesupport_c: rosidl_typesupport_fastrtps_c;rosidl_typesupport_introspection_c
[3.287s] -- Using all available rosidl_typesupport_cpp: rosidl_typesupport_fastrtps_cpp;rosidl_typesupport_introspection_cpp
[3.543s] -- Found rclcpp: 28.1.2 (/opt/ros/jazzy/share/rclcpp/cmake)
[3.635s] -- Found rmw_implementation_cmake: 7.3.1 (/opt/ros/jazzy/share/rmw_implementation_cmake/cmake)
[3.641s] -- Found rmw_fastrtps_cpp: 8.4.0 (/opt/ros/jazzy/share/rmw_fastrtps_cpp/cmake)
[3.834s] -- Found OpenSSL: /usr/lib/x86_64-linux-gnu/libcrypto.so (found version "3.0.13")  
[3.871s] -- Found FastRTPS: /opt/ros/jazzy/include (Required is at least version "2.13") 
[3.913s] -- Using RMW implementation 'rmw_fastrtps_cpp' as default
[4.076s] -- Found ament_lint_auto: 0.17.0 (/opt/ros/jazzy/share/ament_lint_auto/cmake)
[4.392s] -- Added test 'copyright' to check source files copyright and LICENSE
[4.395s] -- Added test 'cppcheck' to perform static code analysis on C / C++ code
[4.395s] -- Configured cppcheck include dirs: 
[4.395s] -- Configured cppcheck exclude dirs and/or files: 
[4.399s] -- Added test 'cpplint' to check C / C++ code against the Google style
[4.399s] -- Configured cpplint exclude dirs and/or files: 
[4.400s] -- Added test 'lint_cmake' to check CMake code style
[4.403s] -- Added test 'uncrustify' to check C / C++ code style
[4.404s] -- Configured uncrustify additional arguments: 
[4.405s] -- Added test 'xmllint' to check XML markup files
[4.412s] -- Configuring done (4.3s)
[4.430s] -- Generating done (0.0s)
[4.436s] -- Build files have been written to: /home/sldev/ros2_ws/src/build/examples_rclcpp_minimal_service
[4.482s] Invoked command in '/home/sldev/ros2_ws/src/build/examples_rclcpp_minimal_service' returned '0': CMAKE_PREFIX_PATH=${CMAKE_PREFIX_PATH}:/opt/ros/jazzy DEBUGINFOD_URLS=https://debuginfod.ubuntu.com /usr/bin/cmake /home/sldev/ros2_ws/src/examples/rclcpp/services/minimal_service -DCMAKE_INSTALL_PREFIX=/home/sldev/ros2_ws/src/install/examples_rclcpp_minimal_service
[4.485s] Invoking command in '/home/sldev/ros2_ws/src/build/examples_rclcpp_minimal_service': CMAKE_PREFIX_PATH=${CMAKE_PREFIX_PATH}:/opt/ros/jazzy DEBUGINFOD_URLS=https://debuginfod.ubuntu.com /usr/bin/cmake --build /home/sldev/ros2_ws/src/build/examples_rclcpp_minimal_service -- -j6 -l6
[4.588s] [ 50%] [32mBuilding CXX object CMakeFiles/service_main.dir/main.cpp.o[0m
[12.475s] [100%] [32m[1mLinking CXX executable service_main[0m
[12.922s] [100%] Built target service_main
[12.954s] Invoked command in '/home/sldev/ros2_ws/src/build/examples_rclcpp_minimal_service' returned '0': CMAKE_PREFIX_PATH=${CMAKE_PREFIX_PATH}:/opt/ros/jazzy DEBUGINFOD_URLS=https://debuginfod.ubuntu.com /usr/bin/cmake --build /home/sldev/ros2_ws/src/build/examples_rclcpp_minimal_service -- -j6 -l6
[13.026s] Invoking command in '/home/sldev/ros2_ws/src/build/examples_rclcpp_minimal_service': CMAKE_PREFIX_PATH=${CMAKE_PREFIX_PATH}:/opt/ros/jazzy DEBUGINFOD_URLS=https://debuginfod.ubuntu.com /usr/bin/cmake --install /home/sldev/ros2_ws/src/build/examples_rclcpp_minimal_service
[23.937s] -- Install configuration: ""
[23.937s] -- Installing: /home/sldev/ros2_ws/src/install/examples_rclcpp_minimal_service/lib/examples_rclcpp_minimal_service/service_main
[23.938s] -- Set non-toolchain portion of runtime path of "/home/sldev/ros2_ws/src/install/examples_rclcpp_minimal_service/lib/examples_rclcpp_minimal_service/service_main" to ""
[23.938s] -- Installing: /home/sldev/ros2_ws/src/install/examples_rclcpp_minimal_service/share/ament_index/resource_index/package_run_dependencies/examples_rclcpp_minimal_service
[23.938s] -- Installing: /home/sldev/ros2_ws/src/install/examples_rclcpp_minimal_service/share/ament_index/resource_index/parent_prefix_path/examples_rclcpp_minimal_service
[23.938s] -- Installing: /home/sldev/ros2_ws/src/install/examples_rclcpp_minimal_service/share/examples_rclcpp_minimal_service/environment/ament_prefix_path.sh
[23.938s] -- Installing: /home/sldev/ros2_ws/src/install/examples_rclcpp_minimal_service/share/examples_rclcpp_minimal_service/environment/ament_prefix_path.dsv
[23.938s] -- Installing: /home/sldev/ros2_ws/src/install/examples_rclcpp_minimal_service/share/examples_rclcpp_minimal_service/environment/path.sh
[23.938s] -- Installing: /home/sldev/ros2_ws/src/install/examples_rclcpp_minimal_service/share/examples_rclcpp_minimal_service/environment/path.dsv
[23.938s] -- Installing: /home/sldev/ros2_ws/src/install/examples_rclcpp_minimal_service/share/examples_rclcpp_minimal_service/local_setup.bash
[23.938s] -- Installing: /home/sldev/ros2_ws/src/install/examples_rclcpp_minimal_service/share/examples_rclcpp_minimal_service/local_setup.sh
[23.939s] -- Installing: /home/sldev/ros2_ws/src/install/examples_rclcpp_minimal_service/share/examples_rclcpp_minimal_service/local_setup.zsh
[23.939s] -- Installing: /home/sldev/ros2_ws/src/install/examples_rclcpp_minimal_service/share/examples_rclcpp_minimal_service/local_setup.dsv
[23.939s] -- Installing: /home/sldev/ros2_ws/src/install/examples_rclcpp_minimal_service/share/examples_rclcpp_minimal_service/package.dsv
[23.939s] -- Installing: /home/sldev/ros2_ws/src/install/examples_rclcpp_minimal_service/share/ament_index/resource_index/packages/examples_rclcpp_minimal_service
[23.939s] -- Installing: /home/sldev/ros2_ws/src/install/examples_rclcpp_minimal_service/share/examples_rclcpp_minimal_service/cmake/examples_rclcpp_minimal_serviceConfig.cmake
[23.939s] -- Installing: /home/sldev/ros2_ws/src/install/examples_rclcpp_minimal_service/share/examples_rclcpp_minimal_service/cmake/examples_rclcpp_minimal_serviceConfig-version.cmake
[23.939s] -- Installing: /home/sldev/ros2_ws/src/install/examples_rclcpp_minimal_service/share/examples_rclcpp_minimal_service/package.xml
[23.960s] Invoked command in '/home/sldev/ros2_ws/src/build/examples_rclcpp_minimal_service' returned '0': CMAKE_PREFIX_PATH=${CMAKE_PREFIX_PATH}:/opt/ros/jazzy DEBUGINFOD_URLS=https://debuginfod.ubuntu.com /usr/bin/cmake --install /home/sldev/ros2_ws/src/build/examples_rclcpp_minimal_service
