[0.063s] Invoking command in '/home/sldev/ros2_ws/build/examples_rclcpp_cbg_executor': CMAKE_PREFIX_PATH=${CMAKE_PREFIX_PATH}:/opt/ros/jazzy DEBUGINFOD_URLS=https://debuginfod.ubuntu.com /usr/bin/cmake --build /home/sldev/ros2_ws/build/examples_rclcpp_cbg_executor -- -j6 -l6
[0.256s] [ 40%] Built target ping_pong
[0.259s] [ 70%] Built target ping
[0.264s] [100%] Built target pong
[0.299s] Invoked command in '/home/sldev/ros2_ws/build/examples_rclcpp_cbg_executor' returned '0': CMAKE_PREFIX_PATH=${CMAKE_PREFIX_PATH}:/opt/ros/jazzy DEBUGINFOD_URLS=https://debuginfod.ubuntu.com /usr/bin/cmake --build /home/sldev/ros2_ws/build/examples_rclcpp_cbg_executor -- -j6 -l6
[0.396s] Invoking command in '/home/sldev/ros2_ws/build/examples_rclcpp_cbg_executor': CMAKE_PREFIX_PATH=${CMAKE_PREFIX_PATH}:/opt/ros/jazzy DEBUGINFOD_URLS=https://debuginfod.ubuntu.com /usr/bin/cmake --install /home/sldev/ros2_ws/build/examples_rclcpp_cbg_executor
[0.427s] -- Install configuration: ""
[0.429s] -- Execute custom install script
[0.429s] -- Up-to-date symlink: /home/sldev/ros2_ws/install/examples_rclcpp_cbg_executor/lib/examples_rclcpp_cbg_executor/ping
[0.429s] -- Up-to-date symlink: /home/sldev/ros2_ws/install/examples_rclcpp_cbg_executor/lib/examples_rclcpp_cbg_executor/pong
[0.429s] -- Up-to-date symlink: /home/sldev/ros2_ws/install/examples_rclcpp_cbg_executor/lib/examples_rclcpp_cbg_executor/ping_pong
[0.430s] -- Up-to-date symlink: /home/sldev/ros2_ws/install/examples_rclcpp_cbg_executor/include/examples_rclcpp_cbg_executor/ping_node.hpp
[0.445s] -- Up-to-date symlink: /home/sldev/ros2_ws/install/examples_rclcpp_cbg_executor/include/examples_rclcpp_cbg_executor/pong_node.hpp
[0.449s] -- Up-to-date symlink: /home/sldev/ros2_ws/install/examples_rclcpp_cbg_executor/share/ament_index/resource_index/package_run_dependencies/examples_rclcpp_cbg_executor
[0.450s] -- Up-to-date symlink: /home/sldev/ros2_ws/install/examples_rclcpp_cbg_executor/share/ament_index/resource_index/parent_prefix_path/examples_rclcpp_cbg_executor
[0.458s] -- Up-to-date symlink: /home/sldev/ros2_ws/install/examples_rclcpp_cbg_executor/share/examples_rclcpp_cbg_executor/environment/ament_prefix_path.sh
[0.458s] -- Up-to-date symlink: /home/sldev/ros2_ws/install/examples_rclcpp_cbg_executor/share/examples_rclcpp_cbg_executor/environment/ament_prefix_path.dsv
[0.458s] -- Up-to-date symlink: /home/sldev/ros2_ws/install/examples_rclcpp_cbg_executor/share/examples_rclcpp_cbg_executor/environment/path.sh
[0.458s] -- Up-to-date symlink: /home/sldev/ros2_ws/install/examples_rclcpp_cbg_executor/share/examples_rclcpp_cbg_executor/environment/path.dsv
[0.459s] -- Up-to-date symlink: /home/sldev/ros2_ws/install/examples_rclcpp_cbg_executor/share/examples_rclcpp_cbg_executor/local_setup.bash
[0.459s] -- Up-to-date symlink: /home/sldev/ros2_ws/install/examples_rclcpp_cbg_executor/share/examples_rclcpp_cbg_executor/local_setup.sh
[0.459s] -- Up-to-date symlink: /home/sldev/ros2_ws/install/examples_rclcpp_cbg_executor/share/examples_rclcpp_cbg_executor/local_setup.zsh
[0.459s] -- Up-to-date symlink: /home/sldev/ros2_ws/install/examples_rclcpp_cbg_executor/share/examples_rclcpp_cbg_executor/local_setup.dsv
[0.460s] -- Symlinking: /home/sldev/ros2_ws/install/examples_rclcpp_cbg_executor/share/examples_rclcpp_cbg_executor/package.dsv
[0.470s] -- Up-to-date symlink: /home/sldev/ros2_ws/install/examples_rclcpp_cbg_executor/share/ament_index/resource_index/packages/examples_rclcpp_cbg_executor
[0.471s] -- Up-to-date symlink: /home/sldev/ros2_ws/install/examples_rclcpp_cbg_executor/share/examples_rclcpp_cbg_executor/cmake/ament_cmake_export_dependencies-extras.cmake
[0.472s] -- Up-to-date symlink: /home/sldev/ros2_ws/install/examples_rclcpp_cbg_executor/share/examples_rclcpp_cbg_executor/cmake/examples_rclcpp_cbg_executorConfig.cmake
[0.475s] -- Up-to-date symlink: /home/sldev/ros2_ws/install/examples_rclcpp_cbg_executor/share/examples_rclcpp_cbg_executor/cmake/examples_rclcpp_cbg_executorConfig-version.cmake
[0.477s] -- Up-to-date symlink: /home/sldev/ros2_ws/install/examples_rclcpp_cbg_executor/share/examples_rclcpp_cbg_executor/package.xml
[0.515s] Invoked command in '/home/sldev/ros2_ws/build/examples_rclcpp_cbg_executor' returned '0': CMAKE_PREFIX_PATH=${CMAKE_PREFIX_PATH}:/opt/ros/jazzy DEBUGINFOD_URLS=https://debuginfod.ubuntu.com /usr/bin/cmake --install /home/sldev/ros2_ws/build/examples_rclcpp_cbg_executor
