[1.537s] Invoking command in '/home/sldev/ros2_ws/src/python_parameters': DEBUGINFOD_URLS=https://debuginfod.ubuntu.com PYTHONPATH=/home/sldev/ros2_ws/build/python_parameters/prefix_override:/home/sldev/ros2_ws/install/python_parameters/lib/python3.12/site-packages:${PYTHONPATH} /usr/bin/python3 -W ignore:setup.py install is deprecated setup.py egg_info --egg-base ../../build/python_parameters build --build-base /home/sldev/ros2_ws/build/python_parameters/build install --record /home/sldev/ros2_ws/build/python_parameters/install.log --single-version-externally-managed install_data
[1.915s] running egg_info
[1.916s] creating ../../build/python_parameters/python_parameters.egg-info
[1.949s] writing ../../build/python_parameters/python_parameters.egg-info/PKG-INFO
[1.950s] writing dependency_links to ../../build/python_parameters/python_parameters.egg-info/dependency_links.txt
[1.950s] writing entry points to ../../build/python_parameters/python_parameters.egg-info/entry_points.txt
[1.951s] writing requirements to ../../build/python_parameters/python_parameters.egg-info/requires.txt
[1.951s] writing top-level names to ../../build/python_parameters/python_parameters.egg-info/top_level.txt
[1.951s] writing manifest file '../../build/python_parameters/python_parameters.egg-info/SOURCES.txt'
[2.007s] reading manifest file '../../build/python_parameters/python_parameters.egg-info/SOURCES.txt'
[2.007s] adding license file 'LICENSE'
[2.009s] writing manifest file '../../build/python_parameters/python_parameters.egg-info/SOURCES.txt'
[2.009s] running build
[2.009s] running build_py
[2.009s] creating /home/sldev/ros2_ws/build/python_parameters/build
[2.009s] creating /home/sldev/ros2_ws/build/python_parameters/build/lib
[2.009s] creating /home/sldev/ros2_ws/build/python_parameters/build/lib/python_parameters
[2.010s] copying python_parameters/pyhton_parameters_node.py -> /home/sldev/ros2_ws/build/python_parameters/build/lib/python_parameters
[2.010s] copying python_parameters/__init__.py -> /home/sldev/ros2_ws/build/python_parameters/build/lib/python_parameters
[2.010s] running install
[2.020s] running install_lib
[2.057s] creating /home/sldev/ros2_ws/install/python_parameters/lib/python3.12/site-packages/python_parameters
[2.057s] copying /home/sldev/ros2_ws/build/python_parameters/build/lib/python_parameters/pyhton_parameters_node.py -> /home/sldev/ros2_ws/install/python_parameters/lib/python3.12/site-packages/python_parameters
[2.057s] copying /home/sldev/ros2_ws/build/python_parameters/build/lib/python_parameters/__init__.py -> /home/sldev/ros2_ws/install/python_parameters/lib/python3.12/site-packages/python_parameters
[2.058s] byte-compiling /home/sldev/ros2_ws/install/python_parameters/lib/python3.12/site-packages/python_parameters/pyhton_parameters_node.py to pyhton_parameters_node.cpython-312.pyc
[2.059s] byte-compiling /home/sldev/ros2_ws/install/python_parameters/lib/python3.12/site-packages/python_parameters/__init__.py to __init__.cpython-312.pyc
[2.059s] running install_data
[2.059s] creating /home/sldev/ros2_ws/install/python_parameters/share/ament_index
[2.059s] creating /home/sldev/ros2_ws/install/python_parameters/share/ament_index/resource_index
[2.060s] creating /home/sldev/ros2_ws/install/python_parameters/share/ament_index/resource_index/packages
[2.060s] copying resource/python_parameters -> /home/sldev/ros2_ws/install/python_parameters/share/ament_index/resource_index/packages
[2.060s] copying package.xml -> /home/sldev/ros2_ws/install/python_parameters/share/python_parameters
[2.060s] running install_egg_info
[2.097s] Copying ../../build/python_parameters/python_parameters.egg-info to /home/sldev/ros2_ws/install/python_parameters/lib/python3.12/site-packages/python_parameters-0.0.0-py3.12.egg-info
[2.099s] running install_scripts
[2.278s] Installing minimal_param_node script to /home/sldev/ros2_ws/install/python_parameters/lib/python_parameters
[2.279s] writing list of installed files to '/home/sldev/ros2_ws/build/python_parameters/install.log'
[2.343s] Invoked command in '/home/sldev/ros2_ws/src/python_parameters' returned '0': DEBUGINFOD_URLS=https://debuginfod.ubuntu.com PYTHONPATH=/home/sldev/ros2_ws/build/python_parameters/prefix_override:/home/sldev/ros2_ws/install/python_parameters/lib/python3.12/site-packages:${PYTHONPATH} /usr/bin/python3 -W ignore:setup.py install is deprecated setup.py egg_info --egg-base ../../build/python_parameters build --build-base /home/sldev/ros2_ws/build/python_parameters/build install --record /home/sldev/ros2_ws/build/python_parameters/install.log --single-version-externally-managed install_data
