[0.011s] Invoking command in '/home/sldev/ros2_ws/src/build/examples_rclcpp_wait_set': CMAKE_PREFIX_PATH=${CMAKE_PREFIX_PATH}:/opt/ros/jazzy DEBUGINFOD_URLS=https://debuginfod.ubuntu.com /usr/bin/cmake /home/sldev/ros2_ws/src/examples/rclcpp/wait_set -DCMAKE_INSTALL_PREFIX=/home/sldev/ros2_ws/src/install/examples_rclcpp_wait_set
[2.423s] -- The C compiler identification is GNU 13.2.0
[2.423s] -- The CXX compiler identification is GNU 13.2.0
[2.423s] -- Detecting C compiler ABI info
[2.423s] -- Detecting C compiler ABI info - done
[2.423s] -- Check for working C compiler: /usr/bin/cc - skipped
[2.423s] -- Detecting C compile features
[2.423s] -- Detecting C compile features - done
[2.423s] -- Detecting CXX compiler ABI info
[2.423s] -- Detecting CXX compiler ABI info - done
[2.423s] -- Check for working CXX compiler: /usr/bin/c++ - skipped
[2.423s] -- Detecting CXX compile features
[2.423s] -- Detecting CXX compile features - done
[2.423s] -- Found ament_cmake: 2.5.0 (/opt/ros/jazzy/share/ament_cmake/cmake)
[2.423s] -- Found Python3: /usr/bin/python3 (found version "3.12.3") found components: Interpreter 
[2.423s] -- Found example_interfaces: 0.12.0 (/opt/ros/jazzy/share/example_interfaces/cmake)
[2.423s] -- Found rosidl_generator_c: 4.6.2 (/opt/ros/jazzy/share/rosidl_generator_c/cmake)
[2.423s] -- Found rosidl_generator_cpp: 4.6.2 (/opt/ros/jazzy/share/rosidl_generator_cpp/cmake)
[2.424s] -- Using all available rosidl_typesupport_c: rosidl_typesupport_fastrtps_c;rosidl_typesupport_introspection_c
[2.424s] -- Using all available rosidl_typesupport_cpp: rosidl_typesupport_fastrtps_cpp;rosidl_typesupport_introspection_cpp
[2.424s] -- Found rclcpp: 28.1.2 (/opt/ros/jazzy/share/rclcpp/cmake)
[2.424s] -- Found rmw_implementation_cmake: 7.3.1 (/opt/ros/jazzy/share/rmw_implementation_cmake/cmake)
[2.424s] -- Found rmw_fastrtps_cpp: 8.4.0 (/opt/ros/jazzy/share/rmw_fastrtps_cpp/cmake)
[2.424s] -- Found OpenSSL: /usr/lib/x86_64-linux-gnu/libcrypto.so (found version "3.0.13")  
[2.424s] -- Found FastRTPS: /opt/ros/jazzy/include (Required is at least version "2.13") 
[2.424s] -- Using RMW implementation 'rmw_fastrtps_cpp' as default
[2.541s] -- Found rclcpp_components: 28.1.2 (/opt/ros/jazzy/share/rclcpp_components/cmake)
[2.605s] -- Found std_msgs: 5.3.5 (/opt/ros/jazzy/share/std_msgs/cmake)
[2.648s] -- Found ament_lint_auto: 0.17.0 (/opt/ros/jazzy/share/ament_lint_auto/cmake)
[2.857s] -- Added test 'copyright' to check source files copyright and LICENSE
[2.864s] -- Added test 'cppcheck' to perform static code analysis on C / C++ code
[2.864s] -- Configured cppcheck include dirs: /home/sldev/ros2_ws/src/examples/rclcpp/wait_set/include
[2.864s] -- Configured cppcheck exclude dirs and/or files: 
[2.866s] -- Added test 'cpplint' to check C / C++ code against the Google style
[2.866s] -- Configured cpplint exclude dirs and/or files: 
[2.868s] -- Added test 'lint_cmake' to check CMake code style
[2.871s] -- Added test 'uncrustify' to check C / C++ code style
[2.871s] -- Configured uncrustify additional arguments: 
[2.872s] -- Added test 'xmllint' to check XML markup files
[2.875s] -- Configuring done (2.8s)
[2.998s] -- Generating done (0.1s)
[3.008s] -- Build files have been written to: /home/sldev/ros2_ws/src/build/examples_rclcpp_wait_set
[3.043s] Invoked command in '/home/sldev/ros2_ws/src/build/examples_rclcpp_wait_set' returned '0': CMAKE_PREFIX_PATH=${CMAKE_PREFIX_PATH}:/opt/ros/jazzy DEBUGINFOD_URLS=https://debuginfod.ubuntu.com /usr/bin/cmake /home/sldev/ros2_ws/src/examples/rclcpp/wait_set -DCMAKE_INSTALL_PREFIX=/home/sldev/ros2_ws/src/install/examples_rclcpp_wait_set
[3.044s] Invoking command in '/home/sldev/ros2_ws/src/build/examples_rclcpp_wait_set': CMAKE_PREFIX_PATH=${CMAKE_PREFIX_PATH}:/opt/ros/jazzy DEBUGINFOD_URLS=https://debuginfod.ubuntu.com /usr/bin/cmake --build /home/sldev/ros2_ws/src/build/examples_rclcpp_wait_set -- -j6 -l6
[3.761s] [  4%] [32mBuilding CXX object CMakeFiles/talker.dir/src/talker.cpp.o[0m
[14.343s] [  8%] [32m[1mLinking CXX shared library libtalker.so[0m
[14.903s] [  8%] Built target talker
[14.950s] [ 12%] [32mBuilding CXX object CMakeFiles/static_wait_set.dir/src/static_wait_set.cpp.o[0m
[31.331s] [ 16%] [32m[1mLinking CXX executable static_wait_set[0m
[32.075s] [ 16%] Built target static_wait_set
[32.111s] [ 20%] [32mBuilding CXX object CMakeFiles/thread_safe_wait_set.dir/src/thread_safe_wait_set.cpp.o[0m
[47.967s] [ 25%] [32m[1mLinking CXX executable thread_safe_wait_set[0m
[48.849s] [ 25%] Built target thread_safe_wait_set
[48.888s] [ 29%] [32mBuilding CXX object CMakeFiles/wait_set_topics_and_timer.dir/src/wait_set_topics_and_timer.cpp.o[0m
[63.495s] [ 33%] [32m[1mLinking CXX executable wait_set_topics_and_timer[0m
[64.316s] [ 33%] Built target wait_set_topics_and_timer
[64.348s] [ 37%] [32mBuilding CXX object CMakeFiles/wait_set_random_order.dir/src/wait_set_random_order.cpp.o[0m
[72.588s] [ 41%] [32mBuilding CXX object CMakeFiles/executor_random_order.dir/src/executor_random_order.cpp.o[0m
[73.640s] [ 45%] [32mBuilding CXX object CMakeFiles/wait_set.dir/src/wait_set.cpp.o[0m
[74.804s] [ 50%] [32mBuilding CXX object CMakeFiles/wait_set_listener.dir/rclcpp_components/node_main_wait_set_listener.cpp.o[0m
[75.876s] [ 54%] [32mBuilding CXX object CMakeFiles/listener.dir/src/listener.cpp.o[0m
[75.951s] [ 58%] [32mBuilding CXX object CMakeFiles/wait_set_talker.dir/rclcpp_components/node_main_wait_set_talker.cpp.o[0m
[89.780s] [ 62%] [32m[1mLinking CXX executable wait_set_talker[0m
[89.833s] [ 66%] [32m[1mLinking CXX executable wait_set_listener[0m
[90.541s] [ 66%] Built target wait_set_talker
[90.607s] [ 66%] Built target wait_set_listener
[103.905s] [ 70%] [32m[1mLinking CXX executable executor_random_order[0m
[105.543s] [ 70%] Built target executor_random_order
[107.067s] [ 75%] [32m[1mLinking CXX executable wait_set[0m
[107.334s] [ 79%] [32m[1mLinking CXX shared library liblistener.so[0m
[108.260s] [ 79%] Built target wait_set
[108.422s] [ 79%] Built target listener
[111.217s] [ 83%] [32m[1mLinking CXX executable wait_set_random_order[0m
[112.087s] [ 83%] Built target wait_set_random_order
[112.136s] [ 87%] [32mBuilding CXX object CMakeFiles/wait_set_composed.dir/src/wait_set_composed.cpp.o[0m
[117.676s] [ 91%] [32m[1mLinking CXX executable wait_set_composed[0m
[118.374s] [ 91%] Built target wait_set_composed
[118.415s] [ 95%] [32mBuilding CXX object CMakeFiles/wait_set_topics_with_different_rates.dir/src/wait_set_topics_with_different_rates.cpp.o[0m
[131.691s] [100%] [32m[1mLinking CXX executable wait_set_topics_with_different_rates[0m
[132.371s] [100%] Built target wait_set_topics_with_different_rates
[132.470s] Invoked command in '/home/sldev/ros2_ws/src/build/examples_rclcpp_wait_set' returned '0': CMAKE_PREFIX_PATH=${CMAKE_PREFIX_PATH}:/opt/ros/jazzy DEBUGINFOD_URLS=https://debuginfod.ubuntu.com /usr/bin/cmake --build /home/sldev/ros2_ws/src/build/examples_rclcpp_wait_set -- -j6 -l6
[132.572s] Invoking command in '/home/sldev/ros2_ws/src/build/examples_rclcpp_wait_set': CMAKE_PREFIX_PATH=${CMAKE_PREFIX_PATH}:/opt/ros/jazzy DEBUGINFOD_URLS=https://debuginfod.ubuntu.com /usr/bin/cmake --install /home/sldev/ros2_ws/src/build/examples_rclcpp_wait_set
[132.585s] -- Install configuration: ""
[132.586s] -- Installing: /home/sldev/ros2_ws/src/install/examples_rclcpp_wait_set/lib/examples_rclcpp_wait_set/wait_set_talker
[132.588s] -- Set non-toolchain portion of runtime path of "/home/sldev/ros2_ws/src/install/examples_rclcpp_wait_set/lib/examples_rclcpp_wait_set/wait_set_talker" to ""
[132.589s] -- Installing: /home/sldev/ros2_ws/src/install/examples_rclcpp_wait_set/lib/examples_rclcpp_wait_set/wait_set_listener
[132.591s] -- Set non-toolchain portion of runtime path of "/home/sldev/ros2_ws/src/install/examples_rclcpp_wait_set/lib/examples_rclcpp_wait_set/wait_set_listener" to ""
[132.591s] -- Installing: /home/sldev/ros2_ws/src/install/examples_rclcpp_wait_set/lib/libtalker.so
[132.594s] -- Set non-toolchain portion of runtime path of "/home/sldev/ros2_ws/src/install/examples_rclcpp_wait_set/lib/libtalker.so" to ""
[132.595s] -- Installing: /home/sldev/ros2_ws/src/install/examples_rclcpp_wait_set/lib/liblistener.so
[132.602s] -- Set non-toolchain portion of runtime path of "/home/sldev/ros2_ws/src/install/examples_rclcpp_wait_set/lib/liblistener.so" to ""
[132.602s] -- Installing: /home/sldev/ros2_ws/src/install/examples_rclcpp_wait_set/lib/examples_rclcpp_wait_set/wait_set
[132.610s] -- Set non-toolchain portion of runtime path of "/home/sldev/ros2_ws/src/install/examples_rclcpp_wait_set/lib/examples_rclcpp_wait_set/wait_set" to ""
[132.611s] -- Installing: /home/sldev/ros2_ws/src/install/examples_rclcpp_wait_set/lib/examples_rclcpp_wait_set/static_wait_set
[132.622s] -- Set non-toolchain portion of runtime path of "/home/sldev/ros2_ws/src/install/examples_rclcpp_wait_set/lib/examples_rclcpp_wait_set/static_wait_set" to ""
[132.623s] -- Installing: /home/sldev/ros2_ws/src/install/examples_rclcpp_wait_set/lib/examples_rclcpp_wait_set/thread_safe_wait_set
[132.635s] -- Set non-toolchain portion of runtime path of "/home/sldev/ros2_ws/src/install/examples_rclcpp_wait_set/lib/examples_rclcpp_wait_set/thread_safe_wait_set" to ""
[132.635s] -- Installing: /home/sldev/ros2_ws/src/install/examples_rclcpp_wait_set/lib/examples_rclcpp_wait_set/wait_set_topics_and_timer
[132.647s] -- Set non-toolchain portion of runtime path of "/home/sldev/ros2_ws/src/install/examples_rclcpp_wait_set/lib/examples_rclcpp_wait_set/wait_set_topics_and_timer" to ""
[132.647s] -- Installing: /home/sldev/ros2_ws/src/install/examples_rclcpp_wait_set/lib/examples_rclcpp_wait_set/wait_set_random_order
[132.655s] -- Set non-toolchain portion of runtime path of "/home/sldev/ros2_ws/src/install/examples_rclcpp_wait_set/lib/examples_rclcpp_wait_set/wait_set_random_order" to ""
[132.655s] -- Installing: /home/sldev/ros2_ws/src/install/examples_rclcpp_wait_set/lib/examples_rclcpp_wait_set/executor_random_order
[132.661s] -- Set non-toolchain portion of runtime path of "/home/sldev/ros2_ws/src/install/examples_rclcpp_wait_set/lib/examples_rclcpp_wait_set/executor_random_order" to ""
[132.661s] -- Installing: /home/sldev/ros2_ws/src/install/examples_rclcpp_wait_set/lib/examples_rclcpp_wait_set/wait_set_topics_with_different_rates
[132.669s] -- Set non-toolchain portion of runtime path of "/home/sldev/ros2_ws/src/install/examples_rclcpp_wait_set/lib/examples_rclcpp_wait_set/wait_set_topics_with_different_rates" to ""
[132.669s] -- Installing: /home/sldev/ros2_ws/src/install/examples_rclcpp_wait_set/lib/examples_rclcpp_wait_set/wait_set_composed
[132.669s] -- Set non-toolchain portion of runtime path of "/home/sldev/ros2_ws/src/install/examples_rclcpp_wait_set/lib/examples_rclcpp_wait_set/wait_set_composed" to ""
[132.671s] -- Installing: /home/sldev/ros2_ws/src/install/examples_rclcpp_wait_set/share/ament_index/resource_index/package_run_dependencies/examples_rclcpp_wait_set
[132.673s] -- Installing: /home/sldev/ros2_ws/src/install/examples_rclcpp_wait_set/share/ament_index/resource_index/parent_prefix_path/examples_rclcpp_wait_set
[132.674s] -- Installing: /home/sldev/ros2_ws/src/install/examples_rclcpp_wait_set/share/examples_rclcpp_wait_set/environment/ament_prefix_path.sh
[132.674s] -- Installing: /home/sldev/ros2_ws/src/install/examples_rclcpp_wait_set/share/examples_rclcpp_wait_set/environment/ament_prefix_path.dsv
[132.675s] -- Installing: /home/sldev/ros2_ws/src/install/examples_rclcpp_wait_set/share/examples_rclcpp_wait_set/environment/path.sh
[132.675s] -- Installing: /home/sldev/ros2_ws/src/install/examples_rclcpp_wait_set/share/examples_rclcpp_wait_set/environment/path.dsv
[132.676s] -- Installing: /home/sldev/ros2_ws/src/install/examples_rclcpp_wait_set/share/examples_rclcpp_wait_set/local_setup.bash
[132.676s] -- Installing: /home/sldev/ros2_ws/src/install/examples_rclcpp_wait_set/share/examples_rclcpp_wait_set/local_setup.sh
[132.677s] -- Installing: /home/sldev/ros2_ws/src/install/examples_rclcpp_wait_set/share/examples_rclcpp_wait_set/local_setup.zsh
[132.677s] -- Installing: /home/sldev/ros2_ws/src/install/examples_rclcpp_wait_set/share/examples_rclcpp_wait_set/local_setup.dsv
[132.678s] -- Installing: /home/sldev/ros2_ws/src/install/examples_rclcpp_wait_set/share/examples_rclcpp_wait_set/package.dsv
[132.679s] -- Installing: /home/sldev/ros2_ws/src/install/examples_rclcpp_wait_set/share/ament_index/resource_index/packages/examples_rclcpp_wait_set
[132.679s] -- Installing: /home/sldev/ros2_ws/src/install/examples_rclcpp_wait_set/share/ament_index/resource_index/rclcpp_components/examples_rclcpp_wait_set
[132.680s] -- Installing: /home/sldev/ros2_ws/src/install/examples_rclcpp_wait_set/share/examples_rclcpp_wait_set/cmake/examples_rclcpp_wait_setConfig.cmake
[132.681s] -- Installing: /home/sldev/ros2_ws/src/install/examples_rclcpp_wait_set/share/examples_rclcpp_wait_set/cmake/examples_rclcpp_wait_setConfig-version.cmake
[132.681s] -- Installing: /home/sldev/ros2_ws/src/install/examples_rclcpp_wait_set/share/examples_rclcpp_wait_set/package.xml
[132.685s] Invoked command in '/home/sldev/ros2_ws/src/build/examples_rclcpp_wait_set' returned '0': CMAKE_PREFIX_PATH=${CMAKE_PREFIX_PATH}:/opt/ros/jazzy DEBUGINFOD_URLS=https://debuginfod.ubuntu.com /usr/bin/cmake --install /home/sldev/ros2_ws/src/build/examples_rclcpp_wait_set
