[3.682s] Invoking command in '/home/sldev/ros2_ws/build/examples_rclpy_executors': DEBUGINFOD_URLS=https://debuginfod.ubuntu.com PYTHONPATH=/home/sldev/ros2_ws/build/examples_rclpy_executors/prefix_override:/home/sldev/ros2_ws/install/examples_rclpy_executors/lib/python3.12/site-packages:${PYTHONPATH} /usr/bin/python3 -W ignore:setup.py install is deprecated setup.py develop --editable --build-directory /home/sldev/ros2_ws/build/examples_rclpy_executors/build --no-deps symlink_data
[4.378s] running develop
[4.433s] /usr/lib/python3/dist-packages/setuptools/command/develop.py:40: EasyInstallDeprecationWarning: easy_install command is deprecated.
[4.433s] !!
[4.433s] 
[4.433s]         ********************************************************************************
[4.433s]         Please avoid running ``setup.py`` and ``easy_install``.
[4.434s]         Instead, use pypa/build, pypa/installer or other
[4.434s]         standards-based tools.
[4.434s] 
[4.434s]         See https://github.com/pypa/setuptools/issues/917 for details.
[4.434s]         ********************************************************************************
[4.434s] 
[4.435s] !!
[4.435s]   easy_install.initialize_options(self)
[4.817s] running egg_info
[4.817s] creating examples_rclpy_executors.egg-info
[4.852s] writing examples_rclpy_executors.egg-info/PKG-INFO
[4.852s] writing dependency_links to examples_rclpy_executors.egg-info/dependency_links.txt
[4.853s] writing entry points to examples_rclpy_executors.egg-info/entry_points.txt
[4.853s] writing requirements to examples_rclpy_executors.egg-info/requires.txt
[4.853s] writing top-level names to examples_rclpy_executors.egg-info/top_level.txt
[4.853s] writing manifest file 'examples_rclpy_executors.egg-info/SOURCES.txt'
[4.981s] reading manifest file 'examples_rclpy_executors.egg-info/SOURCES.txt'
[4.983s] writing manifest file 'examples_rclpy_executors.egg-info/SOURCES.txt'
[5.022s] running build_ext
[5.033s] Creating /home/sldev/ros2_ws/install/examples_rclpy_executors/lib/python3.12/site-packages/examples-rclpy-executors.egg-link (link to .)
[5.035s] Installing callback_group script to /home/sldev/ros2_ws/install/examples_rclpy_executors/lib/examples_rclpy_executors
[5.036s] Installing composed script to /home/sldev/ros2_ws/install/examples_rclpy_executors/lib/examples_rclpy_executors
[5.036s] Installing custom_callback_group script to /home/sldev/ros2_ws/install/examples_rclpy_executors/lib/examples_rclpy_executors
[5.037s] Installing custom_executor script to /home/sldev/ros2_ws/install/examples_rclpy_executors/lib/examples_rclpy_executors
[5.038s] Installing listener script to /home/sldev/ros2_ws/install/examples_rclpy_executors/lib/examples_rclpy_executors
[5.039s] Installing talker script to /home/sldev/ros2_ws/install/examples_rclpy_executors/lib/examples_rclpy_executors
[5.040s] 
[5.040s] Installed /home/sldev/ros2_ws/build/examples_rclpy_executors
[5.040s] running symlink_data
[5.041s] creating /home/sldev/ros2_ws/install/examples_rclpy_executors/share/ament_index
[5.041s] creating /home/sldev/ros2_ws/install/examples_rclpy_executors/share/ament_index/resource_index
[5.042s] creating /home/sldev/ros2_ws/install/examples_rclpy_executors/share/ament_index/resource_index/packages
[5.043s] symbolically linking /home/sldev/ros2_ws/build/examples_rclpy_executors/resource/examples_rclpy_executors -> /home/sldev/ros2_ws/install/examples_rclpy_executors/share/ament_index/resource_index/packages
[5.055s] symbolically linking /home/sldev/ros2_ws/build/examples_rclpy_executors/package.xml -> /home/sldev/ros2_ws/install/examples_rclpy_executors/share/examples_rclpy_executors
[5.187s] Invoked command in '/home/sldev/ros2_ws/build/examples_rclpy_executors' returned '0': DEBUGINFOD_URLS=https://debuginfod.ubuntu.com PYTHONPATH=/home/sldev/ros2_ws/build/examples_rclpy_executors/prefix_override:/home/sldev/ros2_ws/install/examples_rclpy_executors/lib/python3.12/site-packages:${PYTHONPATH} /usr/bin/python3 -W ignore:setup.py install is deprecated setup.py develop --editable --build-directory /home/sldev/ros2_ws/build/examples_rclpy_executors/build --no-deps symlink_data
