[0.018s] Invoking command in '/home/sldev/ros2_ws/build/turtlesim': CMAKE_PREFIX_PATH=${CMAKE_PREFIX_PATH}:/opt/ros/jazzy DEBUGINFOD_URLS=https://debuginfod.ubuntu.com /usr/bin/cmake --build /home/sldev/ros2_ws/build/turtlesim -- -j6 -l6
[0.126s] [  0%] Built target turtlesim__rosidl_generator_type_description
[0.179s] [  0%] Built target ament_cmake_python_copy_turtlesim
[0.187s] [  1%] Built target turtlesim__cpp
[0.217s] [ 24%] Built target turtlesim__rosidl_generator_c
[0.332s] [ 32%] Built target turtlesim__rosidl_typesupport_fastrtps_c
[0.342s] [ 41%] Built target turtlesim__rosidl_typesupport_cpp
[0.404s] [ 50%] Built target turtlesim__rosidl_typesupport_c
[0.413s] [ 59%] Built target turtlesim__rosidl_typesupport_fastrtps_cpp
[0.415s] [ 68%] Built target turtlesim__rosidl_typesupport_introspection_c
[0.495s] [ 76%] Built target turtlesim__rosidl_typesupport_introspection_cpp
[0.527s] [ 78%] Built target turtle_teleop_key
[0.544s] [ 79%] [32mBuilding CXX object CMakeFiles/turtlesim_node.dir/src/turtle_frame.cpp.o[0m
[0.566s] [ 81%] Built target mimic
[0.581s] [ 82%] Built target draw_square
[0.610s] [ 82%] Built target turtlesim
[0.654s] [ 82%] Built target turtlesim__py
[0.716s] [ 90%] Built target turtlesim__rosidl_generator_py
[0.761s] [ 92%] Built target turtlesim_s__rosidl_typesupport_c
[0.797s] [ 94%] Built target turtlesim_s__rosidl_typesupport_fastrtps_c
[0.809s] [ 96%] Built target turtlesim_s__rosidl_typesupport_introspection_c
[0.821s] running egg_info
[0.863s] writing turtlesim.egg-info/PKG-INFO
[0.866s] writing dependency_links to turtlesim.egg-info/dependency_links.txt
[0.866s] writing top-level names to turtlesim.egg-info/top_level.txt
[0.993s] reading manifest file 'turtlesim.egg-info/SOURCES.txt'
[0.995s] writing manifest file 'turtlesim.egg-info/SOURCES.txt'
[1.073s] [ 96%] Built target ament_cmake_python_build_turtlesim_egg
[15.580s] [ 97%] [32m[1mLinking CXX executable turtlesim_node[0m
[20.287s] [100%] Built target turtlesim_node
[20.310s] Invoked command in '/home/sldev/ros2_ws/build/turtlesim' returned '0': CMAKE_PREFIX_PATH=${CMAKE_PREFIX_PATH}:/opt/ros/jazzy DEBUGINFOD_URLS=https://debuginfod.ubuntu.com /usr/bin/cmake --build /home/sldev/ros2_ws/build/turtlesim -- -j6 -l6
[20.686s] Invoking command in '/home/sldev/ros2_ws/build/turtlesim': CMAKE_PREFIX_PATH=${CMAKE_PREFIX_PATH}:/opt/ros/jazzy DEBUGINFOD_URLS=https://debuginfod.ubuntu.com /usr/bin/cmake --install /home/sldev/ros2_ws/build/turtlesim
[20.698s] -- Install configuration: ""
[20.699s] -- Up-to-date: /home/sldev/ros2_ws/install/turtlesim/share/ament_index/resource_index/rosidl_interfaces/turtlesim
[20.699s] -- Up-to-date: /home/sldev/ros2_ws/install/turtlesim/share/turtlesim/action/RotateAbsolute.json
[20.699s] -- Up-to-date: /home/sldev/ros2_ws/install/turtlesim/share/turtlesim/msg/Color.json
[20.699s] -- Up-to-date: /home/sldev/ros2_ws/install/turtlesim/share/turtlesim/msg/Pose.json
[20.699s] -- Up-to-date: /home/sldev/ros2_ws/install/turtlesim/share/turtlesim/srv/Kill.json
[20.699s] -- Up-to-date: /home/sldev/ros2_ws/install/turtlesim/share/turtlesim/srv/SetPen.json
[20.699s] -- Up-to-date: /home/sldev/ros2_ws/install/turtlesim/share/turtlesim/srv/Spawn.json
[20.699s] -- Up-to-date: /home/sldev/ros2_ws/install/turtlesim/share/turtlesim/srv/TeleportAbsolute.json
[20.699s] -- Up-to-date: /home/sldev/ros2_ws/install/turtlesim/share/turtlesim/srv/TeleportRelative.json
[20.699s] -- Up-to-date: /home/sldev/ros2_ws/install/turtlesim/include/turtlesim/turtlesim
[20.700s] -- Up-to-date: /home/sldev/ros2_ws/install/turtlesim/include/turtlesim/turtlesim/action
[20.700s] -- Up-to-date: /home/sldev/ros2_ws/install/turtlesim/include/turtlesim/turtlesim/action/rotate_absolute.h
[20.700s] -- Up-to-date: /home/sldev/ros2_ws/install/turtlesim/include/turtlesim/turtlesim/action/detail
[20.700s] -- Up-to-date: /home/sldev/ros2_ws/install/turtlesim/include/turtlesim/turtlesim/action/detail/rotate_absolute__functions.h
[20.700s] -- Up-to-date: /home/sldev/ros2_ws/install/turtlesim/include/turtlesim/turtlesim/action/detail/rotate_absolute__functions.c
[20.700s] -- Installing: /home/sldev/ros2_ws/install/turtlesim/include/turtlesim/turtlesim/action/detail/rotate_absolute__type_support.c
[20.700s] -- Up-to-date: /home/sldev/ros2_ws/install/turtlesim/include/turtlesim/turtlesim/action/detail/rotate_absolute__description.c
[20.701s] -- Up-to-date: /home/sldev/ros2_ws/install/turtlesim/include/turtlesim/turtlesim/action/detail/rotate_absolute__type_support.h
[20.701s] -- Up-to-date: /home/sldev/ros2_ws/install/turtlesim/include/turtlesim/turtlesim/action/detail/rotate_absolute__struct.h
[20.701s] -- Up-to-date: /home/sldev/ros2_ws/install/turtlesim/include/turtlesim/turtlesim/srv
[20.701s] -- Up-to-date: /home/sldev/ros2_ws/install/turtlesim/include/turtlesim/turtlesim/srv/teleport_absolute.h
[20.701s] -- Up-to-date: /home/sldev/ros2_ws/install/turtlesim/include/turtlesim/turtlesim/srv/kill.h
[20.702s] -- Up-to-date: /home/sldev/ros2_ws/install/turtlesim/include/turtlesim/turtlesim/srv/teleport_relative.h
[20.702s] -- Up-to-date: /home/sldev/ros2_ws/install/turtlesim/include/turtlesim/turtlesim/srv/set_pen.h
[20.702s] -- Up-to-date: /home/sldev/ros2_ws/install/turtlesim/include/turtlesim/turtlesim/srv/spawn.h
[20.702s] -- Up-to-date: /home/sldev/ros2_ws/install/turtlesim/include/turtlesim/turtlesim/srv/detail
[20.702s] -- Up-to-date: /home/sldev/ros2_ws/install/turtlesim/include/turtlesim/turtlesim/srv/detail/kill__struct.h
[20.702s] -- Up-to-date: /home/sldev/ros2_ws/install/turtlesim/include/turtlesim/turtlesim/srv/detail/teleport_relative__type_support.h
[20.702s] -- Up-to-date: /home/sldev/ros2_ws/install/turtlesim/include/turtlesim/turtlesim/srv/detail/kill__functions.h
[20.702s] -- Up-to-date: /home/sldev/ros2_ws/install/turtlesim/include/turtlesim/turtlesim/srv/detail/kill__type_support.h
[20.702s] -- Up-to-date: /home/sldev/ros2_ws/install/turtlesim/include/turtlesim/turtlesim/srv/detail/spawn__functions.h
[20.702s] -- Up-to-date: /home/sldev/ros2_ws/install/turtlesim/include/turtlesim/turtlesim/srv/detail/teleport_absolute__functions.c
[20.703s] -- Installing: /home/sldev/ros2_ws/install/turtlesim/include/turtlesim/turtlesim/srv/detail/teleport_relative__type_support.c
[20.703s] -- Up-to-date: /home/sldev/ros2_ws/install/turtlesim/include/turtlesim/turtlesim/srv/detail/teleport_relative__functions.h
[20.703s] -- Up-to-date: /home/sldev/ros2_ws/install/turtlesim/include/turtlesim/turtlesim/srv/detail/teleport_absolute__type_support.h
[20.703s] -- Up-to-date: /home/sldev/ros2_ws/install/turtlesim/include/turtlesim/turtlesim/srv/detail/spawn__description.c
[20.703s] -- Up-to-date: /home/sldev/ros2_ws/install/turtlesim/include/turtlesim/turtlesim/srv/detail/teleport_absolute__functions.h
[20.703s] -- Up-to-date: /home/sldev/ros2_ws/install/turtlesim/include/turtlesim/turtlesim/srv/detail/kill__functions.c
[20.703s] -- Up-to-date: /home/sldev/ros2_ws/install/turtlesim/include/turtlesim/turtlesim/srv/detail/teleport_absolute__description.c
[20.703s] -- Up-to-date: /home/sldev/ros2_ws/install/turtlesim/include/turtlesim/turtlesim/srv/detail/set_pen__struct.h
[20.704s] -- Up-to-date: /home/sldev/ros2_ws/install/turtlesim/include/turtlesim/turtlesim/srv/detail/set_pen__functions.c
[20.704s] -- Installing: /home/sldev/ros2_ws/install/turtlesim/include/turtlesim/turtlesim/srv/detail/teleport_absolute__type_support.c
[20.704s] -- Up-to-date: /home/sldev/ros2_ws/install/turtlesim/include/turtlesim/turtlesim/srv/detail/spawn__functions.c
[20.704s] -- Up-to-date: /home/sldev/ros2_ws/install/turtlesim/include/turtlesim/turtlesim/srv/detail/set_pen__functions.h
[20.704s] -- Installing: /home/sldev/ros2_ws/install/turtlesim/include/turtlesim/turtlesim/srv/detail/spawn__type_support.c
[20.704s] -- Up-to-date: /home/sldev/ros2_ws/install/turtlesim/include/turtlesim/turtlesim/srv/detail/set_pen__type_support.h
[20.705s] -- Up-to-date: /home/sldev/ros2_ws/install/turtlesim/include/turtlesim/turtlesim/srv/detail/spawn__type_support.h
[20.705s] -- Up-to-date: /home/sldev/ros2_ws/install/turtlesim/include/turtlesim/turtlesim/srv/detail/teleport_absolute__struct.h
[20.705s] -- Up-to-date: /home/sldev/ros2_ws/install/turtlesim/include/turtlesim/turtlesim/srv/detail/teleport_relative__struct.h
[20.705s] -- Up-to-date: /home/sldev/ros2_ws/install/turtlesim/include/turtlesim/turtlesim/srv/detail/teleport_relative__description.c
[20.705s] -- Installing: /home/sldev/ros2_ws/install/turtlesim/include/turtlesim/turtlesim/srv/detail/set_pen__type_support.c
[20.705s] -- Up-to-date: /home/sldev/ros2_ws/install/turtlesim/include/turtlesim/turtlesim/srv/detail/set_pen__description.c
[20.706s] -- Installing: /home/sldev/ros2_ws/install/turtlesim/include/turtlesim/turtlesim/srv/detail/kill__type_support.c
[20.706s] -- Up-to-date: /home/sldev/ros2_ws/install/turtlesim/include/turtlesim/turtlesim/srv/detail/spawn__struct.h
[20.706s] -- Up-to-date: /home/sldev/ros2_ws/install/turtlesim/include/turtlesim/turtlesim/srv/detail/kill__description.c
[20.706s] -- Up-to-date: /home/sldev/ros2_ws/install/turtlesim/include/turtlesim/turtlesim/srv/detail/teleport_relative__functions.c
[20.707s] -- Up-to-date: /home/sldev/ros2_ws/install/turtlesim/include/turtlesim/turtlesim/msg
[20.707s] -- Up-to-date: /home/sldev/ros2_ws/install/turtlesim/include/turtlesim/turtlesim/msg/pose.h
[20.707s] -- Up-to-date: /home/sldev/ros2_ws/install/turtlesim/include/turtlesim/turtlesim/msg/color.h
[20.707s] -- Up-to-date: /home/sldev/ros2_ws/install/turtlesim/include/turtlesim/turtlesim/msg/rosidl_generator_c__visibility_control.h
[20.707s] -- Up-to-date: /home/sldev/ros2_ws/install/turtlesim/include/turtlesim/turtlesim/msg/detail
[20.708s] -- Up-to-date: /home/sldev/ros2_ws/install/turtlesim/include/turtlesim/turtlesim/msg/detail/pose__functions.c
[20.708s] -- Up-to-date: /home/sldev/ros2_ws/install/turtlesim/include/turtlesim/turtlesim/msg/detail/pose__struct.h
[20.708s] -- Up-to-date: /home/sldev/ros2_ws/install/turtlesim/include/turtlesim/turtlesim/msg/detail/color__functions.c
[20.708s] -- Installing: /home/sldev/ros2_ws/install/turtlesim/include/turtlesim/turtlesim/msg/detail/color__type_support.c
[20.708s] -- Up-to-date: /home/sldev/ros2_ws/install/turtlesim/include/turtlesim/turtlesim/msg/detail/color__functions.h
[20.708s] -- Up-to-date: /home/sldev/ros2_ws/install/turtlesim/include/turtlesim/turtlesim/msg/detail/color__struct.h
[20.708s] -- Up-to-date: /home/sldev/ros2_ws/install/turtlesim/include/turtlesim/turtlesim/msg/detail/pose__type_support.h
[20.709s] -- Installing: /home/sldev/ros2_ws/install/turtlesim/include/turtlesim/turtlesim/msg/detail/pose__type_support.c
[20.709s] -- Up-to-date: /home/sldev/ros2_ws/install/turtlesim/include/turtlesim/turtlesim/msg/detail/color__type_support.h
[20.709s] -- Up-to-date: /home/sldev/ros2_ws/install/turtlesim/include/turtlesim/turtlesim/msg/detail/color__description.c
[20.709s] -- Up-to-date: /home/sldev/ros2_ws/install/turtlesim/include/turtlesim/turtlesim/msg/detail/pose__description.c
[20.709s] -- Up-to-date: /home/sldev/ros2_ws/install/turtlesim/include/turtlesim/turtlesim/msg/detail/pose__functions.h
[20.709s] -- Up-to-date: /home/sldev/ros2_ws/install/turtlesim/share/turtlesim/environment/library_path.sh
[20.709s] -- Up-to-date: /home/sldev/ros2_ws/install/turtlesim/share/turtlesim/environment/library_path.dsv
[20.709s] -- Up-to-date: /home/sldev/ros2_ws/install/turtlesim/lib/libturtlesim__rosidl_generator_c.so
[20.709s] -- Up-to-date: /home/sldev/ros2_ws/install/turtlesim/include/turtlesim/turtlesim
[20.710s] -- Up-to-date: /home/sldev/ros2_ws/install/turtlesim/include/turtlesim/turtlesim/action
[20.710s] -- Up-to-date: /home/sldev/ros2_ws/install/turtlesim/include/turtlesim/turtlesim/action/detail
[20.710s] -- Up-to-date: /home/sldev/ros2_ws/install/turtlesim/include/turtlesim/turtlesim/action/detail/rotate_absolute__rosidl_typesupport_fastrtps_c.h
[20.710s] -- Up-to-date: /home/sldev/ros2_ws/install/turtlesim/include/turtlesim/turtlesim/srv
[20.710s] -- Up-to-date: /home/sldev/ros2_ws/install/turtlesim/include/turtlesim/turtlesim/srv/detail
[20.710s] -- Up-to-date: /home/sldev/ros2_ws/install/turtlesim/include/turtlesim/turtlesim/srv/detail/spawn__rosidl_typesupport_fastrtps_c.h
[20.710s] -- Up-to-date: /home/sldev/ros2_ws/install/turtlesim/include/turtlesim/turtlesim/srv/detail/teleport_absolute__rosidl_typesupport_fastrtps_c.h
[20.711s] -- Up-to-date: /home/sldev/ros2_ws/install/turtlesim/include/turtlesim/turtlesim/srv/detail/kill__rosidl_typesupport_fastrtps_c.h
[20.711s] -- Up-to-date: /home/sldev/ros2_ws/install/turtlesim/include/turtlesim/turtlesim/srv/detail/set_pen__rosidl_typesupport_fastrtps_c.h
[20.711s] -- Up-to-date: /home/sldev/ros2_ws/install/turtlesim/include/turtlesim/turtlesim/srv/detail/teleport_relative__rosidl_typesupport_fastrtps_c.h
[20.711s] -- Up-to-date: /home/sldev/ros2_ws/install/turtlesim/include/turtlesim/turtlesim/msg
[20.711s] -- Up-to-date: /home/sldev/ros2_ws/install/turtlesim/include/turtlesim/turtlesim/msg/rosidl_typesupport_fastrtps_c__visibility_control.h
[20.711s] -- Up-to-date: /home/sldev/ros2_ws/install/turtlesim/include/turtlesim/turtlesim/msg/detail
[20.711s] -- Up-to-date: /home/sldev/ros2_ws/install/turtlesim/include/turtlesim/turtlesim/msg/detail/color__rosidl_typesupport_fastrtps_c.h
[20.711s] -- Up-to-date: /home/sldev/ros2_ws/install/turtlesim/include/turtlesim/turtlesim/msg/detail/pose__rosidl_typesupport_fastrtps_c.h
[20.711s] -- Up-to-date: /home/sldev/ros2_ws/install/turtlesim/lib/libturtlesim__rosidl_typesupport_fastrtps_c.so
[20.712s] -- Up-to-date: /home/sldev/ros2_ws/install/turtlesim/include/turtlesim/turtlesim
[20.712s] -- Up-to-date: /home/sldev/ros2_ws/install/turtlesim/include/turtlesim/turtlesim/action
[20.712s] -- Up-to-date: /home/sldev/ros2_ws/install/turtlesim/include/turtlesim/turtlesim/action/detail
[20.712s] -- Up-to-date: /home/sldev/ros2_ws/install/turtlesim/include/turtlesim/turtlesim/action/detail/rotate_absolute__traits.hpp
[20.712s] -- Up-to-date: /home/sldev/ros2_ws/install/turtlesim/include/turtlesim/turtlesim/action/detail/rotate_absolute__builder.hpp
[20.712s] -- Up-to-date: /home/sldev/ros2_ws/install/turtlesim/include/turtlesim/turtlesim/action/detail/rotate_absolute__struct.hpp
[20.712s] -- Up-to-date: /home/sldev/ros2_ws/install/turtlesim/include/turtlesim/turtlesim/action/detail/rotate_absolute__type_support.hpp
[20.712s] -- Up-to-date: /home/sldev/ros2_ws/install/turtlesim/include/turtlesim/turtlesim/action/rotate_absolute.hpp
[20.712s] -- Up-to-date: /home/sldev/ros2_ws/install/turtlesim/include/turtlesim/turtlesim/srv
[20.713s] -- Up-to-date: /home/sldev/ros2_ws/install/turtlesim/include/turtlesim/turtlesim/srv/kill.hpp
[20.713s] -- Up-to-date: /home/sldev/ros2_ws/install/turtlesim/include/turtlesim/turtlesim/srv/teleport_absolute.hpp
[20.713s] -- Up-to-date: /home/sldev/ros2_ws/install/turtlesim/include/turtlesim/turtlesim/srv/spawn.hpp
[20.713s] -- Up-to-date: /home/sldev/ros2_ws/install/turtlesim/include/turtlesim/turtlesim/srv/teleport_relative.hpp
[20.713s] -- Up-to-date: /home/sldev/ros2_ws/install/turtlesim/include/turtlesim/turtlesim/srv/detail
[20.713s] -- Up-to-date: /home/sldev/ros2_ws/install/turtlesim/include/turtlesim/turtlesim/srv/detail/kill__traits.hpp
[20.713s] -- Up-to-date: /home/sldev/ros2_ws/install/turtlesim/include/turtlesim/turtlesim/srv/detail/teleport_absolute__builder.hpp
[20.714s] -- Up-to-date: /home/sldev/ros2_ws/install/turtlesim/include/turtlesim/turtlesim/srv/detail/kill__builder.hpp
[20.714s] -- Up-to-date: /home/sldev/ros2_ws/install/turtlesim/include/turtlesim/turtlesim/srv/detail/teleport_absolute__type_support.hpp
[20.714s] -- Up-to-date: /home/sldev/ros2_ws/install/turtlesim/include/turtlesim/turtlesim/srv/detail/set_pen__builder.hpp
[20.714s] -- Up-to-date: /home/sldev/ros2_ws/install/turtlesim/include/turtlesim/turtlesim/srv/detail/set_pen__traits.hpp
[20.714s] -- Up-to-date: /home/sldev/ros2_ws/install/turtlesim/include/turtlesim/turtlesim/srv/detail/spawn__traits.hpp
[20.714s] -- Up-to-date: /home/sldev/ros2_ws/install/turtlesim/include/turtlesim/turtlesim/srv/detail/spawn__type_support.hpp
[20.714s] -- Up-to-date: /home/sldev/ros2_ws/install/turtlesim/include/turtlesim/turtlesim/srv/detail/spawn__builder.hpp
[20.715s] -- Up-to-date: /home/sldev/ros2_ws/install/turtlesim/include/turtlesim/turtlesim/srv/detail/teleport_relative__traits.hpp
[20.715s] -- Up-to-date: /home/sldev/ros2_ws/install/turtlesim/include/turtlesim/turtlesim/srv/detail/kill__struct.hpp
[20.715s] -- Up-to-date: /home/sldev/ros2_ws/install/turtlesim/include/turtlesim/turtlesim/srv/detail/set_pen__type_support.hpp
[20.715s] -- Up-to-date: /home/sldev/ros2_ws/install/turtlesim/include/turtlesim/turtlesim/srv/detail/kill__type_support.hpp
[20.715s] -- Up-to-date: /home/sldev/ros2_ws/install/turtlesim/include/turtlesim/turtlesim/srv/detail/teleport_relative__type_support.hpp
[20.715s] -- Up-to-date: /home/sldev/ros2_ws/install/turtlesim/include/turtlesim/turtlesim/srv/detail/set_pen__struct.hpp
[20.715s] -- Up-to-date: /home/sldev/ros2_ws/install/turtlesim/include/turtlesim/turtlesim/srv/detail/teleport_relative__builder.hpp
[20.715s] -- Up-to-date: /home/sldev/ros2_ws/install/turtlesim/include/turtlesim/turtlesim/srv/detail/spawn__struct.hpp
[20.715s] -- Up-to-date: /home/sldev/ros2_ws/install/turtlesim/include/turtlesim/turtlesim/srv/detail/teleport_absolute__traits.hpp
[20.716s] -- Up-to-date: /home/sldev/ros2_ws/install/turtlesim/include/turtlesim/turtlesim/srv/detail/teleport_relative__struct.hpp
[20.716s] -- Up-to-date: /home/sldev/ros2_ws/install/turtlesim/include/turtlesim/turtlesim/srv/detail/teleport_absolute__struct.hpp
[20.716s] -- Up-to-date: /home/sldev/ros2_ws/install/turtlesim/include/turtlesim/turtlesim/srv/set_pen.hpp
[20.716s] -- Up-to-date: /home/sldev/ros2_ws/install/turtlesim/include/turtlesim/turtlesim/msg
[20.716s] -- Up-to-date: /home/sldev/ros2_ws/install/turtlesim/include/turtlesim/turtlesim/msg/rosidl_generator_cpp__visibility_control.hpp
[20.716s] -- Up-to-date: /home/sldev/ros2_ws/install/turtlesim/include/turtlesim/turtlesim/msg/pose.hpp
[20.716s] -- Up-to-date: /home/sldev/ros2_ws/install/turtlesim/include/turtlesim/turtlesim/msg/detail
[20.717s] -- Up-to-date: /home/sldev/ros2_ws/install/turtlesim/include/turtlesim/turtlesim/msg/detail/pose__type_support.hpp
[20.717s] -- Up-to-date: /home/sldev/ros2_ws/install/turtlesim/include/turtlesim/turtlesim/msg/detail/color__traits.hpp
[20.717s] -- Up-to-date: /home/sldev/ros2_ws/install/turtlesim/include/turtlesim/turtlesim/msg/detail/color__builder.hpp
[20.717s] -- Up-to-date: /home/sldev/ros2_ws/install/turtlesim/include/turtlesim/turtlesim/msg/detail/color__type_support.hpp
[20.717s] -- Up-to-date: /home/sldev/ros2_ws/install/turtlesim/include/turtlesim/turtlesim/msg/detail/pose__traits.hpp
[20.717s] -- Up-to-date: /home/sldev/ros2_ws/install/turtlesim/include/turtlesim/turtlesim/msg/detail/color__struct.hpp
[20.717s] -- Up-to-date: /home/sldev/ros2_ws/install/turtlesim/include/turtlesim/turtlesim/msg/detail/pose__struct.hpp
[20.717s] -- Up-to-date: /home/sldev/ros2_ws/install/turtlesim/include/turtlesim/turtlesim/msg/detail/pose__builder.hpp
[20.717s] -- Up-to-date: /home/sldev/ros2_ws/install/turtlesim/include/turtlesim/turtlesim/msg/color.hpp
[20.717s] -- Up-to-date: /home/sldev/ros2_ws/install/turtlesim/include/turtlesim/turtlesim
[20.717s] -- Up-to-date: /home/sldev/ros2_ws/install/turtlesim/include/turtlesim/turtlesim/action
[20.718s] -- Up-to-date: /home/sldev/ros2_ws/install/turtlesim/include/turtlesim/turtlesim/action/detail
[20.718s] -- Up-to-date: /home/sldev/ros2_ws/install/turtlesim/include/turtlesim/turtlesim/action/detail/dds_fastrtps
[20.718s] -- Up-to-date: /home/sldev/ros2_ws/install/turtlesim/include/turtlesim/turtlesim/action/detail/rotate_absolute__rosidl_typesupport_fastrtps_cpp.hpp
[20.718s] -- Up-to-date: /home/sldev/ros2_ws/install/turtlesim/include/turtlesim/turtlesim/srv
[20.718s] -- Up-to-date: /home/sldev/ros2_ws/install/turtlesim/include/turtlesim/turtlesim/srv/detail
[20.718s] -- Up-to-date: /home/sldev/ros2_ws/install/turtlesim/include/turtlesim/turtlesim/srv/detail/dds_fastrtps
[20.718s] -- Up-to-date: /home/sldev/ros2_ws/install/turtlesim/include/turtlesim/turtlesim/srv/detail/teleport_relative__rosidl_typesupport_fastrtps_cpp.hpp
[20.718s] -- Up-to-date: /home/sldev/ros2_ws/install/turtlesim/include/turtlesim/turtlesim/srv/detail/kill__rosidl_typesupport_fastrtps_cpp.hpp
[20.718s] -- Up-to-date: /home/sldev/ros2_ws/install/turtlesim/include/turtlesim/turtlesim/srv/detail/spawn__rosidl_typesupport_fastrtps_cpp.hpp
[20.718s] -- Up-to-date: /home/sldev/ros2_ws/install/turtlesim/include/turtlesim/turtlesim/srv/detail/teleport_absolute__rosidl_typesupport_fastrtps_cpp.hpp
[20.718s] -- Up-to-date: /home/sldev/ros2_ws/install/turtlesim/include/turtlesim/turtlesim/srv/detail/set_pen__rosidl_typesupport_fastrtps_cpp.hpp
[20.719s] -- Up-to-date: /home/sldev/ros2_ws/install/turtlesim/include/turtlesim/turtlesim/msg
[20.719s] -- Up-to-date: /home/sldev/ros2_ws/install/turtlesim/include/turtlesim/turtlesim/msg/rosidl_typesupport_fastrtps_cpp__visibility_control.h
[20.719s] -- Up-to-date: /home/sldev/ros2_ws/install/turtlesim/include/turtlesim/turtlesim/msg/detail
[20.719s] -- Up-to-date: /home/sldev/ros2_ws/install/turtlesim/include/turtlesim/turtlesim/msg/detail/dds_fastrtps
[20.719s] -- Up-to-date: /home/sldev/ros2_ws/install/turtlesim/include/turtlesim/turtlesim/msg/detail/color__rosidl_typesupport_fastrtps_cpp.hpp
[20.719s] -- Up-to-date: /home/sldev/ros2_ws/install/turtlesim/include/turtlesim/turtlesim/msg/detail/pose__rosidl_typesupport_fastrtps_cpp.hpp
[20.719s] -- Up-to-date: /home/sldev/ros2_ws/install/turtlesim/lib/libturtlesim__rosidl_typesupport_fastrtps_cpp.so
[20.719s] -- Up-to-date: /home/sldev/ros2_ws/install/turtlesim/include/turtlesim/turtlesim
[20.719s] -- Up-to-date: /home/sldev/ros2_ws/install/turtlesim/include/turtlesim/turtlesim/action
[20.719s] -- Up-to-date: /home/sldev/ros2_ws/install/turtlesim/include/turtlesim/turtlesim/action/detail
[20.719s] -- Installing: /home/sldev/ros2_ws/install/turtlesim/include/turtlesim/turtlesim/action/detail/rotate_absolute__type_support.c
[20.720s] -- Up-to-date: /home/sldev/ros2_ws/install/turtlesim/include/turtlesim/turtlesim/action/detail/rotate_absolute__rosidl_typesupport_introspection_c.h
[20.720s] -- Up-to-date: /home/sldev/ros2_ws/install/turtlesim/include/turtlesim/turtlesim/srv
[20.720s] -- Up-to-date: /home/sldev/ros2_ws/install/turtlesim/include/turtlesim/turtlesim/srv/detail
[20.720s] -- Up-to-date: /home/sldev/ros2_ws/install/turtlesim/include/turtlesim/turtlesim/srv/detail/teleport_absolute__rosidl_typesupport_introspection_c.h
[20.720s] -- Installing: /home/sldev/ros2_ws/install/turtlesim/include/turtlesim/turtlesim/srv/detail/teleport_relative__type_support.c
[20.720s] -- Up-to-date: /home/sldev/ros2_ws/install/turtlesim/include/turtlesim/turtlesim/srv/detail/spawn__rosidl_typesupport_introspection_c.h
[20.720s] -- Installing: /home/sldev/ros2_ws/install/turtlesim/include/turtlesim/turtlesim/srv/detail/teleport_absolute__type_support.c
[20.720s] -- Installing: /home/sldev/ros2_ws/install/turtlesim/include/turtlesim/turtlesim/srv/detail/spawn__type_support.c
[20.720s] -- Up-to-date: /home/sldev/ros2_ws/install/turtlesim/include/turtlesim/turtlesim/srv/detail/kill__rosidl_typesupport_introspection_c.h
[20.720s] -- Up-to-date: /home/sldev/ros2_ws/install/turtlesim/include/turtlesim/turtlesim/srv/detail/set_pen__rosidl_typesupport_introspection_c.h
[20.720s] -- Installing: /home/sldev/ros2_ws/install/turtlesim/include/turtlesim/turtlesim/srv/detail/set_pen__type_support.c
[20.721s] -- Up-to-date: /home/sldev/ros2_ws/install/turtlesim/include/turtlesim/turtlesim/srv/detail/teleport_relative__rosidl_typesupport_introspection_c.h
[20.721s] -- Installing: /home/sldev/ros2_ws/install/turtlesim/include/turtlesim/turtlesim/srv/detail/kill__type_support.c
[20.721s] -- Up-to-date: /home/sldev/ros2_ws/install/turtlesim/include/turtlesim/turtlesim/msg
[20.721s] -- Up-to-date: /home/sldev/ros2_ws/install/turtlesim/include/turtlesim/turtlesim/msg/rosidl_typesupport_introspection_c__visibility_control.h
[20.721s] -- Up-to-date: /home/sldev/ros2_ws/install/turtlesim/include/turtlesim/turtlesim/msg/detail
[20.721s] -- Installing: /home/sldev/ros2_ws/install/turtlesim/include/turtlesim/turtlesim/msg/detail/color__type_support.c
[20.721s] -- Up-to-date: /home/sldev/ros2_ws/install/turtlesim/include/turtlesim/turtlesim/msg/detail/pose__rosidl_typesupport_introspection_c.h
[20.721s] -- Installing: /home/sldev/ros2_ws/install/turtlesim/include/turtlesim/turtlesim/msg/detail/pose__type_support.c
[20.721s] -- Up-to-date: /home/sldev/ros2_ws/install/turtlesim/include/turtlesim/turtlesim/msg/detail/color__rosidl_typesupport_introspection_c.h
[20.721s] -- Up-to-date: /home/sldev/ros2_ws/install/turtlesim/lib/libturtlesim__rosidl_typesupport_introspection_c.so
[20.721s] -- Up-to-date: /home/sldev/ros2_ws/install/turtlesim/lib/libturtlesim__rosidl_typesupport_c.so
[20.722s] -- Up-to-date: /home/sldev/ros2_ws/install/turtlesim/include/turtlesim/turtlesim
[20.722s] -- Up-to-date: /home/sldev/ros2_ws/install/turtlesim/include/turtlesim/turtlesim/action
[20.722s] -- Up-to-date: /home/sldev/ros2_ws/install/turtlesim/include/turtlesim/turtlesim/action/detail
[20.722s] -- Up-to-date: /home/sldev/ros2_ws/install/turtlesim/include/turtlesim/turtlesim/action/detail/rotate_absolute__type_support.cpp
[20.722s] -- Up-to-date: /home/sldev/ros2_ws/install/turtlesim/include/turtlesim/turtlesim/action/detail/rotate_absolute__rosidl_typesupport_introspection_cpp.hpp
[20.722s] -- Up-to-date: /home/sldev/ros2_ws/install/turtlesim/include/turtlesim/turtlesim/srv
[20.722s] -- Up-to-date: /home/sldev/ros2_ws/install/turtlesim/include/turtlesim/turtlesim/srv/detail
[20.722s] -- Up-to-date: /home/sldev/ros2_ws/install/turtlesim/include/turtlesim/turtlesim/srv/detail/set_pen__rosidl_typesupport_introspection_cpp.hpp
[20.722s] -- Up-to-date: /home/sldev/ros2_ws/install/turtlesim/include/turtlesim/turtlesim/srv/detail/teleport_absolute__type_support.cpp
[20.722s] -- Up-to-date: /home/sldev/ros2_ws/install/turtlesim/include/turtlesim/turtlesim/srv/detail/spawn__type_support.cpp
[20.722s] -- Up-to-date: /home/sldev/ros2_ws/install/turtlesim/include/turtlesim/turtlesim/srv/detail/kill__rosidl_typesupport_introspection_cpp.hpp
[20.723s] -- Up-to-date: /home/sldev/ros2_ws/install/turtlesim/include/turtlesim/turtlesim/srv/detail/set_pen__type_support.cpp
[20.723s] -- Up-to-date: /home/sldev/ros2_ws/install/turtlesim/include/turtlesim/turtlesim/srv/detail/teleport_relative__type_support.cpp
[20.723s] -- Up-to-date: /home/sldev/ros2_ws/install/turtlesim/include/turtlesim/turtlesim/srv/detail/spawn__rosidl_typesupport_introspection_cpp.hpp
[20.723s] -- Up-to-date: /home/sldev/ros2_ws/install/turtlesim/include/turtlesim/turtlesim/srv/detail/kill__type_support.cpp
[20.723s] -- Up-to-date: /home/sldev/ros2_ws/install/turtlesim/include/turtlesim/turtlesim/srv/detail/teleport_relative__rosidl_typesupport_introspection_cpp.hpp
[20.723s] -- Up-to-date: /home/sldev/ros2_ws/install/turtlesim/include/turtlesim/turtlesim/srv/detail/teleport_absolute__rosidl_typesupport_introspection_cpp.hpp
[20.723s] -- Up-to-date: /home/sldev/ros2_ws/install/turtlesim/include/turtlesim/turtlesim/msg
[20.723s] -- Up-to-date: /home/sldev/ros2_ws/install/turtlesim/include/turtlesim/turtlesim/msg/detail
[20.723s] -- Up-to-date: /home/sldev/ros2_ws/install/turtlesim/include/turtlesim/turtlesim/msg/detail/color__rosidl_typesupport_introspection_cpp.hpp
[20.723s] -- Up-to-date: /home/sldev/ros2_ws/install/turtlesim/include/turtlesim/turtlesim/msg/detail/pose__rosidl_typesupport_introspection_cpp.hpp
[20.723s] -- Up-to-date: /home/sldev/ros2_ws/install/turtlesim/include/turtlesim/turtlesim/msg/detail/pose__type_support.cpp
[20.723s] -- Up-to-date: /home/sldev/ros2_ws/install/turtlesim/include/turtlesim/turtlesim/msg/detail/color__type_support.cpp
[20.724s] -- Up-to-date: /home/sldev/ros2_ws/install/turtlesim/lib/libturtlesim__rosidl_typesupport_introspection_cpp.so
[20.724s] -- Up-to-date: /home/sldev/ros2_ws/install/turtlesim/lib/libturtlesim__rosidl_typesupport_cpp.so
[20.724s] -- Up-to-date: /home/sldev/ros2_ws/install/turtlesim/share/turtlesim/environment/pythonpath.sh
[20.724s] -- Up-to-date: /home/sldev/ros2_ws/install/turtlesim/share/turtlesim/environment/pythonpath.dsv
[20.724s] -- Up-to-date: /home/sldev/ros2_ws/install/turtlesim/lib/python3.12/site-packages/turtlesim-1.8.3-py3.12.egg-info
[20.724s] -- Installing: /home/sldev/ros2_ws/install/turtlesim/lib/python3.12/site-packages/turtlesim-1.8.3-py3.12.egg-info/PKG-INFO
[20.724s] -- Installing: /home/sldev/ros2_ws/install/turtlesim/lib/python3.12/site-packages/turtlesim-1.8.3-py3.12.egg-info/top_level.txt
[20.724s] -- Installing: /home/sldev/ros2_ws/install/turtlesim/lib/python3.12/site-packages/turtlesim-1.8.3-py3.12.egg-info/SOURCES.txt
[20.724s] -- Installing: /home/sldev/ros2_ws/install/turtlesim/lib/python3.12/site-packages/turtlesim-1.8.3-py3.12.egg-info/dependency_links.txt
[20.724s] -- Up-to-date: /home/sldev/ros2_ws/install/turtlesim/lib/python3.12/site-packages/turtlesim
[20.724s] -- Up-to-date: /home/sldev/ros2_ws/install/turtlesim/lib/python3.12/site-packages/turtlesim/turtlesim_s__rosidl_typesupport_fastrtps_c.so
[20.725s] -- Up-to-date: /home/sldev/ros2_ws/install/turtlesim/lib/python3.12/site-packages/turtlesim/_turtlesim_s.ep.rosidl_typesupport_introspection_c.c
[20.725s] -- Up-to-date: /home/sldev/ros2_ws/install/turtlesim/lib/python3.12/site-packages/turtlesim/action
[20.725s] -- Up-to-date: /home/sldev/ros2_ws/install/turtlesim/lib/python3.12/site-packages/turtlesim/action/_rotate_absolute_s.c
[20.725s] -- Up-to-date: /home/sldev/ros2_ws/install/turtlesim/lib/python3.12/site-packages/turtlesim/action/_rotate_absolute.py
[20.725s] -- Up-to-date: /home/sldev/ros2_ws/install/turtlesim/lib/python3.12/site-packages/turtlesim/action/__init__.py
[20.725s] -- Up-to-date: /home/sldev/ros2_ws/install/turtlesim/lib/python3.12/site-packages/turtlesim/turtlesim_s__rosidl_typesupport_c.so
[20.725s] -- Up-to-date: /home/sldev/ros2_ws/install/turtlesim/lib/python3.12/site-packages/turtlesim/turtlesim_s__rosidl_typesupport_introspection_c.so
[20.725s] -- Up-to-date: /home/sldev/ros2_ws/install/turtlesim/lib/python3.12/site-packages/turtlesim/srv
[20.725s] -- Up-to-date: /home/sldev/ros2_ws/install/turtlesim/lib/python3.12/site-packages/turtlesim/srv/_set_pen.py
[20.725s] -- Up-to-date: /home/sldev/ros2_ws/install/turtlesim/lib/python3.12/site-packages/turtlesim/srv/_kill.py
[20.725s] -- Up-to-date: /home/sldev/ros2_ws/install/turtlesim/lib/python3.12/site-packages/turtlesim/srv/_teleport_relative.py
[20.725s] -- Up-to-date: /home/sldev/ros2_ws/install/turtlesim/lib/python3.12/site-packages/turtlesim/srv/_teleport_relative_s.c
[20.726s] -- Up-to-date: /home/sldev/ros2_ws/install/turtlesim/lib/python3.12/site-packages/turtlesim/srv/_teleport_absolute_s.c
[20.726s] -- Up-to-date: /home/sldev/ros2_ws/install/turtlesim/lib/python3.12/site-packages/turtlesim/srv/_spawn.py
[20.726s] -- Up-to-date: /home/sldev/ros2_ws/install/turtlesim/lib/python3.12/site-packages/turtlesim/srv/_spawn_s.c
[20.726s] -- Up-to-date: /home/sldev/ros2_ws/install/turtlesim/lib/python3.12/site-packages/turtlesim/srv/_kill_s.c
[20.726s] -- Up-to-date: /home/sldev/ros2_ws/install/turtlesim/lib/python3.12/site-packages/turtlesim/srv/_teleport_absolute.py
[20.726s] -- Up-to-date: /home/sldev/ros2_ws/install/turtlesim/lib/python3.12/site-packages/turtlesim/srv/__init__.py
[20.726s] -- Up-to-date: /home/sldev/ros2_ws/install/turtlesim/lib/python3.12/site-packages/turtlesim/srv/_set_pen_s.c
[20.726s] -- Up-to-date: /home/sldev/ros2_ws/install/turtlesim/lib/python3.12/site-packages/turtlesim/msg
[20.726s] -- Up-to-date: /home/sldev/ros2_ws/install/turtlesim/lib/python3.12/site-packages/turtlesim/msg/_color.py
[20.726s] -- Up-to-date: /home/sldev/ros2_ws/install/turtlesim/lib/python3.12/site-packages/turtlesim/msg/_pose_s.c
[20.726s] -- Up-to-date: /home/sldev/ros2_ws/install/turtlesim/lib/python3.12/site-packages/turtlesim/msg/_pose.py
[20.727s] -- Up-to-date: /home/sldev/ros2_ws/install/turtlesim/lib/python3.12/site-packages/turtlesim/msg/_color_s.c
[20.727s] -- Up-to-date: /home/sldev/ros2_ws/install/turtlesim/lib/python3.12/site-packages/turtlesim/msg/__init__.py
[20.727s] -- Up-to-date: /home/sldev/ros2_ws/install/turtlesim/lib/python3.12/site-packages/turtlesim/__init__.py
[20.727s] -- Up-to-date: /home/sldev/ros2_ws/install/turtlesim/lib/python3.12/site-packages/turtlesim/_turtlesim_s.ep.rosidl_typesupport_c.c
[20.727s] -- Up-to-date: /home/sldev/ros2_ws/install/turtlesim/lib/python3.12/site-packages/turtlesim/_turtlesim_s.ep.rosidl_typesupport_fastrtps_c.c
[20.762s] Listing '/home/sldev/ros2_ws/install/turtlesim/lib/python3.12/site-packages/turtlesim'...
[20.762s] Listing '/home/sldev/ros2_ws/install/turtlesim/lib/python3.12/site-packages/turtlesim/action'...
[20.762s] Listing '/home/sldev/ros2_ws/install/turtlesim/lib/python3.12/site-packages/turtlesim/msg'...
[20.763s] Listing '/home/sldev/ros2_ws/install/turtlesim/lib/python3.12/site-packages/turtlesim/srv'...
[20.772s] -- Up-to-date: /home/sldev/ros2_ws/install/turtlesim/lib/python3.12/site-packages/turtlesim/turtlesim_s__rosidl_typesupport_fastrtps_c.so
[20.772s] -- Up-to-date: /home/sldev/ros2_ws/install/turtlesim/lib/python3.12/site-packages/turtlesim/turtlesim_s__rosidl_typesupport_introspection_c.so
[20.773s] -- Up-to-date: /home/sldev/ros2_ws/install/turtlesim/lib/python3.12/site-packages/turtlesim/turtlesim_s__rosidl_typesupport_c.so
[20.773s] -- Up-to-date: /home/sldev/ros2_ws/install/turtlesim/lib/libturtlesim__rosidl_generator_py.so
[20.773s] -- Up-to-date: /home/sldev/ros2_ws/install/turtlesim/share/turtlesim/action/RotateAbsolute.idl
[20.773s] -- Up-to-date: /home/sldev/ros2_ws/install/turtlesim/share/turtlesim/msg/Color.idl
[20.774s] -- Up-to-date: /home/sldev/ros2_ws/install/turtlesim/share/turtlesim/msg/Pose.idl
[20.774s] -- Up-to-date: /home/sldev/ros2_ws/install/turtlesim/share/turtlesim/srv/Kill.idl
[20.774s] -- Up-to-date: /home/sldev/ros2_ws/install/turtlesim/share/turtlesim/srv/SetPen.idl
[20.774s] -- Up-to-date: /home/sldev/ros2_ws/install/turtlesim/share/turtlesim/srv/Spawn.idl
[20.774s] -- Up-to-date: /home/sldev/ros2_ws/install/turtlesim/share/turtlesim/srv/TeleportAbsolute.idl
[20.774s] -- Up-to-date: /home/sldev/ros2_ws/install/turtlesim/share/turtlesim/srv/TeleportRelative.idl
[20.774s] -- Up-to-date: /home/sldev/ros2_ws/install/turtlesim/share/turtlesim/action/RotateAbsolute.action
[20.775s] -- Up-to-date: /home/sldev/ros2_ws/install/turtlesim/share/turtlesim/msg/Color.msg
[20.775s] -- Up-to-date: /home/sldev/ros2_ws/install/turtlesim/share/turtlesim/msg/Pose.msg
[20.775s] -- Up-to-date: /home/sldev/ros2_ws/install/turtlesim/share/turtlesim/srv/Kill.srv
[20.775s] -- Up-to-date: /home/sldev/ros2_ws/install/turtlesim/share/turtlesim/srv/SetPen.srv
[20.775s] -- Up-to-date: /home/sldev/ros2_ws/install/turtlesim/share/turtlesim/srv/Spawn.srv
[20.775s] -- Up-to-date: /home/sldev/ros2_ws/install/turtlesim/share/turtlesim/srv/TeleportAbsolute.srv
[20.775s] -- Up-to-date: /home/sldev/ros2_ws/install/turtlesim/share/turtlesim/srv/TeleportRelative.srv
[20.775s] -- Installing: /home/sldev/ros2_ws/install/turtlesim/lib/turtlesim/turtlesim_node
[20.789s] -- Set non-toolchain portion of runtime path of "/home/sldev/ros2_ws/install/turtlesim/lib/turtlesim/turtlesim_node" to ""
[20.790s] -- Up-to-date: /home/sldev/ros2_ws/install/turtlesim/lib/turtlesim/turtle_teleop_key
[20.790s] -- Up-to-date: /home/sldev/ros2_ws/install/turtlesim/lib/turtlesim/draw_square
[20.790s] -- Up-to-date: /home/sldev/ros2_ws/install/turtlesim/lib/turtlesim/mimic
[20.790s] -- Up-to-date: /home/sldev/ros2_ws/install/turtlesim/share/turtlesim/images
[20.791s] -- Up-to-date: /home/sldev/ros2_ws/install/turtlesim/share/turtlesim/images/ardent.png
[20.791s] -- Up-to-date: /home/sldev/ros2_ws/install/turtlesim/share/turtlesim/images/eloquent.png
[20.791s] -- Up-to-date: /home/sldev/ros2_ws/install/turtlesim/share/turtlesim/images/dashing.png
[20.791s] -- Up-to-date: /home/sldev/ros2_ws/install/turtlesim/share/turtlesim/images/foxy.png
[20.791s] -- Up-to-date: /home/sldev/ros2_ws/install/turtlesim/share/turtlesim/images/galactic.png
[20.791s] -- Up-to-date: /home/sldev/ros2_ws/install/turtlesim/share/turtlesim/images/jazzy.png
[20.791s] -- Up-to-date: /home/sldev/ros2_ws/install/turtlesim/share/turtlesim/images/crystal.png
[20.791s] -- Up-to-date: /home/sldev/ros2_ws/install/turtlesim/share/turtlesim/images/humble.png
[20.792s] -- Up-to-date: /home/sldev/ros2_ws/install/turtlesim/share/turtlesim/images/iron.png
[20.792s] -- Up-to-date: /home/sldev/ros2_ws/install/turtlesim/share/turtlesim/images/bouncy.png
[20.792s] -- Up-to-date: /home/sldev/ros2_ws/install/turtlesim/share/turtlesim/images/rolling.png
[20.792s] -- Up-to-date: /home/sldev/ros2_ws/install/turtlesim/share/turtlesim/launch
[20.792s] -- Up-to-date: /home/sldev/ros2_ws/install/turtlesim/share/turtlesim/launch/multisim.launch.py
[20.792s] -- Up-to-date: /home/sldev/ros2_ws/install/turtlesim/share/ament_index/resource_index/package_run_dependencies/turtlesim
[20.792s] -- Up-to-date: /home/sldev/ros2_ws/install/turtlesim/share/ament_index/resource_index/parent_prefix_path/turtlesim
[20.792s] -- Up-to-date: /home/sldev/ros2_ws/install/turtlesim/share/turtlesim/environment/ament_prefix_path.sh
[20.792s] -- Up-to-date: /home/sldev/ros2_ws/install/turtlesim/share/turtlesim/environment/ament_prefix_path.dsv
[20.792s] -- Up-to-date: /home/sldev/ros2_ws/install/turtlesim/share/turtlesim/environment/path.sh
[20.792s] -- Up-to-date: /home/sldev/ros2_ws/install/turtlesim/share/turtlesim/environment/path.dsv
[20.793s] -- Up-to-date: /home/sldev/ros2_ws/install/turtlesim/share/turtlesim/local_setup.bash
[20.793s] -- Up-to-date: /home/sldev/ros2_ws/install/turtlesim/share/turtlesim/local_setup.sh
[20.793s] -- Up-to-date: /home/sldev/ros2_ws/install/turtlesim/share/turtlesim/local_setup.zsh
[20.793s] -- Up-to-date: /home/sldev/ros2_ws/install/turtlesim/share/turtlesim/local_setup.dsv
[20.793s] -- Installing: /home/sldev/ros2_ws/install/turtlesim/share/turtlesim/package.dsv
[20.793s] -- Up-to-date: /home/sldev/ros2_ws/install/turtlesim/share/ament_index/resource_index/packages/turtlesim
[20.793s] -- Up-to-date: /home/sldev/ros2_ws/install/turtlesim/share/turtlesim/cmake/export_turtlesim__rosidl_generator_cExport.cmake
[20.793s] -- Up-to-date: /home/sldev/ros2_ws/install/turtlesim/share/turtlesim/cmake/export_turtlesim__rosidl_generator_cExport-noconfig.cmake
[20.794s] -- Up-to-date: /home/sldev/ros2_ws/install/turtlesim/share/turtlesim/cmake/export_turtlesim__rosidl_typesupport_fastrtps_cExport.cmake
[20.794s] -- Up-to-date: /home/sldev/ros2_ws/install/turtlesim/share/turtlesim/cmake/export_turtlesim__rosidl_typesupport_fastrtps_cExport-noconfig.cmake
[20.794s] -- Up-to-date: /home/sldev/ros2_ws/install/turtlesim/share/turtlesim/cmake/export_turtlesim__rosidl_generator_cppExport.cmake
[20.794s] -- Up-to-date: /home/sldev/ros2_ws/install/turtlesim/share/turtlesim/cmake/export_turtlesim__rosidl_typesupport_fastrtps_cppExport.cmake
[20.794s] -- Up-to-date: /home/sldev/ros2_ws/install/turtlesim/share/turtlesim/cmake/export_turtlesim__rosidl_typesupport_fastrtps_cppExport-noconfig.cmake
[20.794s] -- Up-to-date: /home/sldev/ros2_ws/install/turtlesim/share/turtlesim/cmake/turtlesim__rosidl_typesupport_introspection_cExport.cmake
[20.794s] -- Up-to-date: /home/sldev/ros2_ws/install/turtlesim/share/turtlesim/cmake/turtlesim__rosidl_typesupport_introspection_cExport-noconfig.cmake
[20.794s] -- Up-to-date: /home/sldev/ros2_ws/install/turtlesim/share/turtlesim/cmake/turtlesim__rosidl_typesupport_cExport.cmake
[20.795s] -- Up-to-date: /home/sldev/ros2_ws/install/turtlesim/share/turtlesim/cmake/turtlesim__rosidl_typesupport_cExport-noconfig.cmake
[20.795s] -- Up-to-date: /home/sldev/ros2_ws/install/turtlesim/share/turtlesim/cmake/turtlesim__rosidl_typesupport_introspection_cppExport.cmake
[20.795s] -- Up-to-date: /home/sldev/ros2_ws/install/turtlesim/share/turtlesim/cmake/turtlesim__rosidl_typesupport_introspection_cppExport-noconfig.cmake
[20.795s] -- Up-to-date: /home/sldev/ros2_ws/install/turtlesim/share/turtlesim/cmake/turtlesim__rosidl_typesupport_cppExport.cmake
[20.795s] -- Up-to-date: /home/sldev/ros2_ws/install/turtlesim/share/turtlesim/cmake/turtlesim__rosidl_typesupport_cppExport-noconfig.cmake
[20.795s] -- Up-to-date: /home/sldev/ros2_ws/install/turtlesim/share/turtlesim/cmake/export_turtlesim__rosidl_generator_pyExport.cmake
[20.795s] -- Up-to-date: /home/sldev/ros2_ws/install/turtlesim/share/turtlesim/cmake/export_turtlesim__rosidl_generator_pyExport-noconfig.cmake
[20.795s] -- Up-to-date: /home/sldev/ros2_ws/install/turtlesim/share/turtlesim/cmake/rosidl_cmake-extras.cmake
[20.795s] -- Up-to-date: /home/sldev/ros2_ws/install/turtlesim/share/turtlesim/cmake/ament_cmake_export_dependencies-extras.cmake
[20.795s] -- Up-to-date: /home/sldev/ros2_ws/install/turtlesim/share/turtlesim/cmake/ament_cmake_export_include_directories-extras.cmake
[20.795s] -- Up-to-date: /home/sldev/ros2_ws/install/turtlesim/share/turtlesim/cmake/ament_cmake_export_libraries-extras.cmake
[20.795s] -- Up-to-date: /home/sldev/ros2_ws/install/turtlesim/share/turtlesim/cmake/ament_cmake_export_targets-extras.cmake
[20.796s] -- Up-to-date: /home/sldev/ros2_ws/install/turtlesim/share/turtlesim/cmake/rosidl_cmake_export_typesupport_targets-extras.cmake
[20.796s] -- Up-to-date: /home/sldev/ros2_ws/install/turtlesim/share/turtlesim/cmake/rosidl_cmake_export_typesupport_libraries-extras.cmake
[20.796s] -- Up-to-date: /home/sldev/ros2_ws/install/turtlesim/share/turtlesim/cmake/turtlesimConfig.cmake
[20.796s] -- Up-to-date: /home/sldev/ros2_ws/install/turtlesim/share/turtlesim/cmake/turtlesimConfig-version.cmake
[20.796s] -- Up-to-date: /home/sldev/ros2_ws/install/turtlesim/share/turtlesim/package.xml
[20.800s] Invoked command in '/home/sldev/ros2_ws/build/turtlesim' returned '0': CMAKE_PREFIX_PATH=${CMAKE_PREFIX_PATH}:/opt/ros/jazzy DEBUGINFOD_URLS=https://debuginfod.ubuntu.com /usr/bin/cmake --install /home/sldev/ros2_ws/build/turtlesim
