[0.076s] Invoking command in '/home/sldev/ros2_ws/build/examples_rclcpp_async_client': CMAKE_PREFIX_PATH=${CMAKE_PREFIX_PATH}:/opt/ros/jazzy DEBUGINFOD_URLS=https://debuginfod.ubuntu.com /usr/bin/cmake /home/sldev/ros2_ws/src/examples/rclcpp/services/async_client -DAMENT_CMAKE_SYMLINK_INSTALL=1 -DCMAKE_INSTALL_PREFIX=/home/sldev/ros2_ws/install/examples_rclcpp_async_client
[0.403s] -- The C compiler identification is GNU 13.2.0
[0.706s] -- The CXX compiler identification is GNU 13.2.0
[0.767s] -- Detecting C compiler ABI info
[1.048s] -- Detecting C compiler ABI info - done
[1.066s] -- Check for working C compiler: /usr/bin/cc - skipped
[1.067s] -- Detecting C compile features
[1.068s] -- Detecting C compile features - done
[1.092s] -- Detecting CXX compiler ABI info
[1.389s] -- Detecting CXX compiler ABI info - done
[1.430s] -- Check for working CXX compiler: /usr/bin/c++ - skipped
[1.433s] -- Detecting CXX compile features
[1.441s] -- Detecting CXX compile features - done
[1.447s] -- Found ament_cmake: 2.5.0 (/opt/ros/jazzy/share/ament_cmake/cmake)
[1.843s] -- Found Python3: /usr/bin/python3 (found version "3.12.3") found components: Interpreter 
[2.043s] -- Override CMake install command with custom implementation using symlinks instead of copying resources
[2.116s] -- Found example_interfaces: 0.12.0 (/opt/ros/jazzy/share/example_interfaces/cmake)
[2.266s] -- Found rosidl_generator_c: 4.6.2 (/opt/ros/jazzy/share/rosidl_generator_c/cmake)
[2.331s] -- Found rosidl_generator_cpp: 4.6.2 (/opt/ros/jazzy/share/rosidl_generator_cpp/cmake)
[2.394s] -- Using all available rosidl_typesupport_c: rosidl_typesupport_fastrtps_c;rosidl_typesupport_introspection_c
[2.480s] -- Using all available rosidl_typesupport_cpp: rosidl_typesupport_fastrtps_cpp;rosidl_typesupport_introspection_cpp
[2.915s] -- Found rclcpp: 28.1.2 (/opt/ros/jazzy/share/rclcpp/cmake)
[3.080s] -- Found rmw_implementation_cmake: 7.3.1 (/opt/ros/jazzy/share/rmw_implementation_cmake/cmake)
[3.084s] -- Found rmw_fastrtps_cpp: 8.4.0 (/opt/ros/jazzy/share/rmw_fastrtps_cpp/cmake)
[3.328s] -- Found OpenSSL: /usr/lib/x86_64-linux-gnu/libcrypto.so (found version "3.0.13")  
[3.377s] -- Found FastRTPS: /opt/ros/jazzy/include (Required is at least version "2.13") 
[3.450s] -- Using RMW implementation 'rmw_fastrtps_cpp' as default
[3.699s] -- Found ament_lint_auto: 0.17.0 (/opt/ros/jazzy/share/ament_lint_auto/cmake)
[4.149s] -- Added test 'copyright' to check source files copyright and LICENSE
[4.151s] -- Added test 'cppcheck' to perform static code analysis on C / C++ code
[4.157s] -- Configured cppcheck include dirs: 
[4.157s] -- Configured cppcheck exclude dirs and/or files: 
[4.157s] -- Added test 'cpplint' to check C / C++ code against the Google style
[4.158s] -- Configured cpplint exclude dirs and/or files: 
[4.159s] -- Added test 'lint_cmake' to check CMake code style
[4.162s] -- Added test 'uncrustify' to check C / C++ code style
[4.162s] -- Configured uncrustify additional arguments: 
[4.163s] -- Added test 'xmllint' to check XML markup files
[4.174s] -- Configuring done (4.0s)
[4.196s] -- Generating done (0.0s)
[4.202s] -- Build files have been written to: /home/sldev/ros2_ws/build/examples_rclcpp_async_client
[4.243s] Invoked command in '/home/sldev/ros2_ws/build/examples_rclcpp_async_client' returned '0': CMAKE_PREFIX_PATH=${CMAKE_PREFIX_PATH}:/opt/ros/jazzy DEBUGINFOD_URLS=https://debuginfod.ubuntu.com /usr/bin/cmake /home/sldev/ros2_ws/src/examples/rclcpp/services/async_client -DAMENT_CMAKE_SYMLINK_INSTALL=1 -DCMAKE_INSTALL_PREFIX=/home/sldev/ros2_ws/install/examples_rclcpp_async_client
[4.248s] Invoking command in '/home/sldev/ros2_ws/build/examples_rclcpp_async_client': CMAKE_PREFIX_PATH=${CMAKE_PREFIX_PATH}:/opt/ros/jazzy DEBUGINFOD_URLS=https://debuginfod.ubuntu.com /usr/bin/cmake --build /home/sldev/ros2_ws/build/examples_rclcpp_async_client -- -j6 -l6
[4.432s] [ 50%] [32mBuilding CXX object CMakeFiles/client_main.dir/main.cpp.o[0m
[50.994s] [100%] [32m[1mLinking CXX executable client_main[0m
[51.986s] [100%] Built target client_main
[53.066s] Invoked command in '/home/sldev/ros2_ws/build/examples_rclcpp_async_client' returned '0': CMAKE_PREFIX_PATH=${CMAKE_PREFIX_PATH}:/opt/ros/jazzy DEBUGINFOD_URLS=https://debuginfod.ubuntu.com /usr/bin/cmake --build /home/sldev/ros2_ws/build/examples_rclcpp_async_client -- -j6 -l6
[53.338s] Invoking command in '/home/sldev/ros2_ws/build/examples_rclcpp_async_client': CMAKE_PREFIX_PATH=${CMAKE_PREFIX_PATH}:/opt/ros/jazzy DEBUGINFOD_URLS=https://debuginfod.ubuntu.com /usr/bin/cmake --install /home/sldev/ros2_ws/build/examples_rclcpp_async_client
[53.375s] -- Install configuration: ""
[53.378s] -- Execute custom install script
[53.380s] -- Symlinking: /home/sldev/ros2_ws/install/examples_rclcpp_async_client/lib/examples_rclcpp_async_client/client_main
[53.423s] -- Symlinking: /home/sldev/ros2_ws/install/examples_rclcpp_async_client/share/ament_index/resource_index/package_run_dependencies/examples_rclcpp_async_client
[53.465s] -- Symlinking: /home/sldev/ros2_ws/install/examples_rclcpp_async_client/share/ament_index/resource_index/parent_prefix_path/examples_rclcpp_async_client
[53.505s] -- Symlinking: /home/sldev/ros2_ws/install/examples_rclcpp_async_client/share/examples_rclcpp_async_client/environment/ament_prefix_path.sh
[53.527s] -- Symlinking: /home/sldev/ros2_ws/install/examples_rclcpp_async_client/share/examples_rclcpp_async_client/environment/ament_prefix_path.dsv
[53.587s] -- Symlinking: /home/sldev/ros2_ws/install/examples_rclcpp_async_client/share/examples_rclcpp_async_client/environment/path.sh
[53.620s] -- Symlinking: /home/sldev/ros2_ws/install/examples_rclcpp_async_client/share/examples_rclcpp_async_client/environment/path.dsv
[53.661s] -- Symlinking: /home/sldev/ros2_ws/install/examples_rclcpp_async_client/share/examples_rclcpp_async_client/local_setup.bash
[53.709s] -- Symlinking: /home/sldev/ros2_ws/install/examples_rclcpp_async_client/share/examples_rclcpp_async_client/local_setup.sh
[53.726s] -- Symlinking: /home/sldev/ros2_ws/install/examples_rclcpp_async_client/share/examples_rclcpp_async_client/local_setup.zsh
[53.761s] -- Symlinking: /home/sldev/ros2_ws/install/examples_rclcpp_async_client/share/examples_rclcpp_async_client/local_setup.dsv
[53.790s] -- Symlinking: /home/sldev/ros2_ws/install/examples_rclcpp_async_client/share/examples_rclcpp_async_client/package.dsv
[53.816s] -- Symlinking: /home/sldev/ros2_ws/install/examples_rclcpp_async_client/share/ament_index/resource_index/packages/examples_rclcpp_async_client
[53.841s] -- Symlinking: /home/sldev/ros2_ws/install/examples_rclcpp_async_client/share/examples_rclcpp_async_client/cmake/examples_rclcpp_async_clientConfig.cmake
[53.880s] -- Symlinking: /home/sldev/ros2_ws/install/examples_rclcpp_async_client/share/examples_rclcpp_async_client/cmake/examples_rclcpp_async_clientConfig-version.cmake
[53.921s] -- Symlinking: /home/sldev/ros2_ws/install/examples_rclcpp_async_client/share/examples_rclcpp_async_client/package.xml
[53.987s] Invoked command in '/home/sldev/ros2_ws/build/examples_rclcpp_async_client' returned '0': CMAKE_PREFIX_PATH=${CMAKE_PREFIX_PATH}:/opt/ros/jazzy DEBUGINFOD_URLS=https://debuginfod.ubuntu.com /usr/bin/cmake --install /home/sldev/ros2_ws/build/examples_rclcpp_async_client
