[3.606s] Invoking command in '/home/sldev/ros2_ws/src/examples/rclpy/executors': DEBUGINFOD_URLS=https://debuginfod.ubuntu.com PYTHONPATH=/home/sldev/ros2_ws/build/examples_rclpy_executors/prefix_override:/home/sldev/ros2_ws/install/examples_rclpy_executors/lib/python3.12/site-packages:${PYTHONPATH} /usr/bin/python3 -W ignore:setup.py install is deprecated setup.py egg_info --egg-base ../../../../build/examples_rclpy_executors build --build-base /home/sldev/ros2_ws/build/examples_rclpy_executors/build install --record /home/sldev/ros2_ws/build/examples_rclpy_executors/install.log --single-version-externally-managed install_data
[4.252s] running egg_info
[4.287s] writing ../../../../build/examples_rclpy_executors/examples_rclpy_executors.egg-info/PKG-INFO
[4.288s] writing dependency_links to ../../../../build/examples_rclpy_executors/examples_rclpy_executors.egg-info/dependency_links.txt
[4.289s] writing entry points to ../../../../build/examples_rclpy_executors/examples_rclpy_executors.egg-info/entry_points.txt
[4.289s] writing requirements to ../../../../build/examples_rclpy_executors/examples_rclpy_executors.egg-info/requires.txt
[4.289s] writing top-level names to ../../../../build/examples_rclpy_executors/examples_rclpy_executors.egg-info/top_level.txt
[4.453s] reading manifest file '../../../../build/examples_rclpy_executors/examples_rclpy_executors.egg-info/SOURCES.txt'
[4.459s] writing manifest file '../../../../build/examples_rclpy_executors/examples_rclpy_executors.egg-info/SOURCES.txt'
[4.460s] running build
[4.460s] running build_py
[4.460s] running install
[4.526s] running install_lib
[4.577s] running install_data
[4.577s] running install_egg_info
[4.619s] removing '/home/sldev/ros2_ws/install/examples_rclpy_executors/lib/python3.12/site-packages/examples_rclpy_executors-0.19.3-py3.12.egg-info' (and everything under it)
[4.620s] Copying ../../../../build/examples_rclpy_executors/examples_rclpy_executors.egg-info to /home/sldev/ros2_ws/install/examples_rclpy_executors/lib/python3.12/site-packages/examples_rclpy_executors-0.19.3-py3.12.egg-info
[4.622s] running install_scripts
[4.910s] Installing callback_group script to /home/sldev/ros2_ws/install/examples_rclpy_executors/lib/examples_rclpy_executors
[4.910s] Installing composed script to /home/sldev/ros2_ws/install/examples_rclpy_executors/lib/examples_rclpy_executors
[4.911s] Installing custom_callback_group script to /home/sldev/ros2_ws/install/examples_rclpy_executors/lib/examples_rclpy_executors
[4.913s] Installing custom_executor script to /home/sldev/ros2_ws/install/examples_rclpy_executors/lib/examples_rclpy_executors
[4.915s] Installing listener script to /home/sldev/ros2_ws/install/examples_rclpy_executors/lib/examples_rclpy_executors
[4.945s] Installing talker script to /home/sldev/ros2_ws/install/examples_rclpy_executors/lib/examples_rclpy_executors
[4.945s] writing list of installed files to '/home/sldev/ros2_ws/build/examples_rclpy_executors/install.log'
[5.549s] Invoked command in '/home/sldev/ros2_ws/src/examples/rclpy/executors' returned '0': DEBUGINFOD_URLS=https://debuginfod.ubuntu.com PYTHONPATH=/home/sldev/ros2_ws/build/examples_rclpy_executors/prefix_override:/home/sldev/ros2_ws/install/examples_rclpy_executors/lib/python3.12/site-packages:${PYTHONPATH} /usr/bin/python3 -W ignore:setup.py install is deprecated setup.py egg_info --egg-base ../../../../build/examples_rclpy_executors build --build-base /home/sldev/ros2_ws/build/examples_rclpy_executors/build install --record /home/sldev/ros2_ws/build/examples_rclpy_executors/install.log --single-version-externally-managed install_data
