[0.013s] Invoking command in '/home/sldev/ros2_ws/src/build/turtlesim': CMAKE_PREFIX_PATH=${CMAKE_PREFIX_PATH}:/opt/ros/jazzy DEBUGINFOD_URLS=https://debuginfod.ubuntu.com /usr/bin/cmake /home/sldev/ros2_ws/src/ros_tutorials/turtlesim -DCMAKE_INSTALL_PREFIX=/home/sldev/ros2_ws/src/install/turtlesim
[0.162s] -- The C compiler identification is GNU 13.2.0
[0.280s] -- The CXX compiler identification is GNU 13.2.0
[0.314s] -- Detecting C compiler ABI info
[0.490s] -- Detecting C compiler ABI info - done
[0.506s] -- Check for working C compiler: /usr/bin/cc - skipped
[0.507s] -- Detecting C compile features
[0.508s] -- Detecting C compile features - done
[0.530s] -- Detecting CXX compiler ABI info
[0.875s] -- Detecting CXX compiler ABI info - done
[0.880s] -- Check for working CXX compiler: /usr/bin/c++ - skipped
[0.888s] -- Detecting CXX compile features
[0.890s] -- Detecting CXX compile features - done
[0.901s] -- Found ament_cmake: 2.5.0 (/opt/ros/jazzy/share/ament_cmake/cmake)
[1.208s] -- Found Python3: /usr/bin/python3 (found version "3.12.3") found components: Interpreter 
[1.397s] -- Found ament_index_cpp: 1.8.1 (/opt/ros/jazzy/share/ament_index_cpp/cmake)
[1.416s] -- Found geometry_msgs: 5.3.5 (/opt/ros/jazzy/share/geometry_msgs/cmake)
[1.496s] -- Found rosidl_generator_c: 4.6.2 (/opt/ros/jazzy/share/rosidl_generator_c/cmake)
[1.529s] -- Found rosidl_generator_cpp: 4.6.2 (/opt/ros/jazzy/share/rosidl_generator_cpp/cmake)
[1.582s] -- Using all available rosidl_typesupport_c: rosidl_typesupport_fastrtps_c;rosidl_typesupport_introspection_c
[1.599s] -- Using all available rosidl_typesupport_cpp: rosidl_typesupport_fastrtps_cpp;rosidl_typesupport_introspection_cpp
[1.773s] -- Found rcl_interfaces: 2.0.2 (/opt/ros/jazzy/share/rcl_interfaces/cmake)
[1.857s] -- Found rclcpp: 28.1.2 (/opt/ros/jazzy/share/rclcpp/cmake)
[1.891s] -- Found rmw_implementation_cmake: 7.3.1 (/opt/ros/jazzy/share/rmw_implementation_cmake/cmake)
[1.896s] -- Found rmw_fastrtps_cpp: 8.4.0 (/opt/ros/jazzy/share/rmw_fastrtps_cpp/cmake)
[2.068s] -- Found OpenSSL: /usr/lib/x86_64-linux-gnu/libcrypto.so (found version "3.0.13")  
[2.106s] -- Found FastRTPS: /opt/ros/jazzy/include (Required is at least version "2.13") 
[2.153s] -- Using RMW implementation 'rmw_fastrtps_cpp' as default
[2.269s] -- Found rclcpp_action: 28.1.2 (/opt/ros/jazzy/share/rclcpp_action/cmake)
[2.357s] -- Found rosidl_default_generators: 1.6.0 (/opt/ros/jazzy/share/rosidl_default_generators/cmake)
[2.388s] -- Found rosidl_adapter: 4.6.2 (/opt/ros/jazzy/share/rosidl_adapter/cmake)
[2.397s] -- Found std_srvs: 5.3.5 (/opt/ros/jazzy/share/std_srvs/cmake)
[3.588s] -- Found ament_cmake_ros: 0.12.0 (/opt/ros/jazzy/share/ament_cmake_ros/cmake)
[4.961s] -- Using all available rosidl_typesupport_c: rosidl_typesupport_fastrtps_c;rosidl_typesupport_introspection_c
[5.508s] -- Using all available rosidl_typesupport_cpp: rosidl_typesupport_fastrtps_cpp;rosidl_typesupport_introspection_cpp
[5.514s] -- Found python_cmake_module: 0.11.1 (/opt/ros/jazzy/share/python_cmake_module/cmake)
[5.746s] -- Found PythonExtra: /usr/bin/python3  
[6.778s] -- Found Python3: /usr/bin/python3 (found version "3.12.3") found components: Interpreter Development NumPy Development.Module Development.Embed 
[6.843s] -- Found ament_lint_auto: 0.17.0 (/opt/ros/jazzy/share/ament_lint_auto/cmake)
[6.890s] -- Added test 'copyright' to check source files copyright and LICENSE
[6.897s] -- Added test 'cppcheck' to perform static code analysis on C / C++ code
[6.901s] -- Configured cppcheck include dirs: /home/sldev/ros2_ws/src/ros_tutorials/turtlesim/include
[6.901s] -- Configured cppcheck exclude dirs and/or files: 
[6.905s] -- Added test 'cpplint' to check C / C++ code against the Google style
[6.905s] -- Configured cpplint exclude dirs and/or files: 
[6.906s] -- Added test 'flake8' to check Python code syntax and style conventions
[6.906s] -- Configured 'flake8' exclude dirs and/or files: 
[6.908s] -- Added test 'lint_cmake' to check CMake code style
[6.909s] -- Added test 'pep257' to check Python code against some of the docstring style conventions in PEP 257
[6.913s] -- Added test 'uncrustify' to check C / C++ code style
[6.913s] -- Configured uncrustify additional arguments: 
[6.914s] -- Added test 'xmllint' to check XML markup files
[6.919s] -- Configuring done (6.9s)
[7.049s] -- Generating done (0.1s)
[7.061s] -- Build files have been written to: /home/sldev/ros2_ws/src/build/turtlesim
[7.106s] Invoked command in '/home/sldev/ros2_ws/src/build/turtlesim' returned '0': CMAKE_PREFIX_PATH=${CMAKE_PREFIX_PATH}:/opt/ros/jazzy DEBUGINFOD_URLS=https://debuginfod.ubuntu.com /usr/bin/cmake /home/sldev/ros2_ws/src/ros_tutorials/turtlesim -DCMAKE_INSTALL_PREFIX=/home/sldev/ros2_ws/src/install/turtlesim
[7.109s] Invoking command in '/home/sldev/ros2_ws/src/build/turtlesim': CMAKE_PREFIX_PATH=${CMAKE_PREFIX_PATH}:/opt/ros/jazzy DEBUGINFOD_URLS=https://debuginfod.ubuntu.com /usr/bin/cmake --build /home/sldev/ros2_ws/src/build/turtlesim -- -j6 -l6
[7.208s] [  0%] [34m[1mGenerating type hashes for ROS interfaces[0m
[7.996s] [  0%] Built target turtlesim__rosidl_generator_type_description
[8.079s] [  0%] Built target ament_cmake_python_copy_turtlesim
[8.110s] [  1%] [34m[1mGenerating C code for ROS interfaces[0m
[10.865s] [  2%] [32mBuilding C object CMakeFiles/turtlesim__rosidl_generator_c.dir/rosidl_generator_c/turtlesim/action/detail/rotate_absolute__description.c.o[0m
[11.045s] [  3%] [32mBuilding C object CMakeFiles/turtlesim__rosidl_generator_c.dir/rosidl_generator_c/turtlesim/msg/detail/color__description.c.o[0m
[11.111s] [  4%] [32mBuilding C object CMakeFiles/turtlesim__rosidl_generator_c.dir/rosidl_generator_c/turtlesim/msg/detail/color__functions.c.o[0m
[11.198s] [  4%] [32mBuilding C object CMakeFiles/turtlesim__rosidl_generator_c.dir/rosidl_generator_c/turtlesim/msg/detail/color__type_support.c.o[0m
[11.250s] [  5%] [32mBuilding C object CMakeFiles/turtlesim__rosidl_generator_c.dir/rosidl_generator_c/turtlesim/msg/detail/pose__description.c.o[0m
[11.317s] [  6%] [32mBuilding C object CMakeFiles/turtlesim__rosidl_generator_c.dir/rosidl_generator_c/turtlesim/msg/detail/pose__functions.c.o[0m
[11.402s] [  7%] [32mBuilding C object CMakeFiles/turtlesim__rosidl_generator_c.dir/rosidl_generator_c/turtlesim/msg/detail/pose__type_support.c.o[0m
[11.464s] [  8%] [32mBuilding C object CMakeFiles/turtlesim__rosidl_generator_c.dir/rosidl_generator_c/turtlesim/srv/detail/kill__description.c.o[0m
[11.560s] [  9%] [32mBuilding C object CMakeFiles/turtlesim__rosidl_generator_c.dir/rosidl_generator_c/turtlesim/srv/detail/kill__functions.c.o[0m
[11.682s] [ 10%] [32mBuilding C object CMakeFiles/turtlesim__rosidl_generator_c.dir/rosidl_generator_c/turtlesim/srv/detail/kill__type_support.c.o[0m
[11.747s] [ 10%] [32mBuilding C object CMakeFiles/turtlesim__rosidl_generator_c.dir/rosidl_generator_c/turtlesim/srv/detail/set_pen__description.c.o[0m
[11.839s] [ 11%] [32mBuilding C object CMakeFiles/turtlesim__rosidl_generator_c.dir/rosidl_generator_c/turtlesim/srv/detail/set_pen__functions.c.o[0m
[11.970s] [ 12%] [32mBuilding C object CMakeFiles/turtlesim__rosidl_generator_c.dir/rosidl_generator_c/turtlesim/srv/detail/set_pen__type_support.c.o[0m
[12.040s] [ 13%] [32mBuilding C object CMakeFiles/turtlesim__rosidl_generator_c.dir/rosidl_generator_c/turtlesim/srv/detail/spawn__description.c.o[0m
[12.126s] [ 14%] [32mBuilding C object CMakeFiles/turtlesim__rosidl_generator_c.dir/rosidl_generator_c/turtlesim/srv/detail/spawn__functions.c.o[0m
[12.258s] [ 15%] [32mBuilding C object CMakeFiles/turtlesim__rosidl_generator_c.dir/rosidl_generator_c/turtlesim/srv/detail/spawn__type_support.c.o[0m
[12.325s] [ 16%] [32mBuilding C object CMakeFiles/turtlesim__rosidl_generator_c.dir/rosidl_generator_c/turtlesim/srv/detail/teleport_absolute__description.c.o[0m
[12.425s] [ 17%] [32mBuilding C object CMakeFiles/turtlesim__rosidl_generator_c.dir/rosidl_generator_c/turtlesim/srv/detail/teleport_absolute__functions.c.o[0m
[12.571s] [ 17%] [32mBuilding C object CMakeFiles/turtlesim__rosidl_generator_c.dir/rosidl_generator_c/turtlesim/srv/detail/teleport_absolute__type_support.c.o[0m
[12.644s] [ 18%] [32mBuilding C object CMakeFiles/turtlesim__rosidl_generator_c.dir/rosidl_generator_c/turtlesim/srv/detail/teleport_relative__description.c.o[0m
[12.747s] [ 19%] [32mBuilding C object CMakeFiles/turtlesim__rosidl_generator_c.dir/rosidl_generator_c/turtlesim/srv/detail/teleport_relative__functions.c.o[0m
[12.958s] [ 20%] [32mBuilding C object CMakeFiles/turtlesim__rosidl_generator_c.dir/rosidl_generator_c/turtlesim/srv/detail/teleport_relative__type_support.c.o[0m
[13.052s] [ 21%] [32mBuilding C object CMakeFiles/turtlesim__rosidl_generator_c.dir/rosidl_generator_c/turtlesim/action/detail/rotate_absolute__type_support.c.o[0m
[13.147s] [ 22%] [32mBuilding C object CMakeFiles/turtlesim__rosidl_generator_c.dir/rosidl_generator_c/turtlesim/action/detail/rotate_absolute__functions.c.o[0m
[13.496s] [ 23%] [32m[1mLinking C shared library libturtlesim__rosidl_generator_c.so[0m
[13.586s] [ 23%] Built target turtlesim__rosidl_generator_c
[13.962s] running egg_info
[13.964s] creating turtlesim.egg-info
[14.003s] writing turtlesim.egg-info/PKG-INFO
[14.004s] writing dependency_links to turtlesim.egg-info/dependency_links.txt
[14.004s] writing top-level names to turtlesim.egg-info/top_level.txt
[14.005s] writing manifest file 'turtlesim.egg-info/SOURCES.txt'
[14.115s] reading manifest file 'turtlesim.egg-info/SOURCES.txt'
[14.115s] writing manifest file 'turtlesim.egg-info/SOURCES.txt'
[14.215s] [ 23%] Built target ament_cmake_python_build_turtlesim_egg
[14.244s] [ 24%] [34m[1mGenerating C type support dispatch for ROS interfaces[0m
[15.350s] [ 25%] [32mBuilding CXX object CMakeFiles/turtlesim__rosidl_typesupport_c.dir/rosidl_typesupport_c/turtlesim/action/rotate_absolute__type_support.cpp.o[0m
[15.487s] [ 26%] [32mBuilding CXX object CMakeFiles/turtlesim__rosidl_typesupport_c.dir/rosidl_typesupport_c/turtlesim/msg/pose__type_support.cpp.o[0m
[15.570s] [ 27%] [32mBuilding CXX object CMakeFiles/turtlesim__rosidl_typesupport_c.dir/rosidl_typesupport_c/turtlesim/srv/kill__type_support.cpp.o[0m
[15.654s] [ 28%] [32mBuilding CXX object CMakeFiles/turtlesim__rosidl_typesupport_c.dir/rosidl_typesupport_c/turtlesim/srv/set_pen__type_support.cpp.o[0m
[15.734s] [ 28%] [32mBuilding CXX object CMakeFiles/turtlesim__rosidl_typesupport_c.dir/rosidl_typesupport_c/turtlesim/srv/spawn__type_support.cpp.o[0m
[15.841s] [ 29%] [32mBuilding CXX object CMakeFiles/turtlesim__rosidl_typesupport_c.dir/rosidl_typesupport_c/turtlesim/srv/teleport_absolute__type_support.cpp.o[0m
[15.961s] [ 30%] [32mBuilding CXX object CMakeFiles/turtlesim__rosidl_typesupport_c.dir/rosidl_typesupport_c/turtlesim/srv/teleport_relative__type_support.cpp.o[0m
[16.055s] [ 31%] [32mBuilding CXX object CMakeFiles/turtlesim__rosidl_typesupport_c.dir/rosidl_typesupport_c/turtlesim/msg/color__type_support.cpp.o[0m
[16.147s] [ 32%] [32m[1mLinking CXX shared library libturtlesim__rosidl_typesupport_c.so[0m
[16.238s] [ 32%] Built target turtlesim__rosidl_typesupport_c
[16.261s] [ 33%] [34m[1mGenerating C introspection for ROS interfaces[0m
[17.900s] [ 34%] [32mBuilding C object CMakeFiles/turtlesim__rosidl_typesupport_introspection_c.dir/rosidl_typesupport_introspection_c/turtlesim/action/detail/rotate_absolute__type_support.c.o[0m
[18.058s] [ 35%] [32mBuilding C object CMakeFiles/turtlesim__rosidl_typesupport_introspection_c.dir/rosidl_typesupport_introspection_c/turtlesim/srv/detail/kill__type_support.c.o[0m
[18.167s] [ 36%] [32mBuilding C object CMakeFiles/turtlesim__rosidl_typesupport_introspection_c.dir/rosidl_typesupport_introspection_c/turtlesim/srv/detail/set_pen__type_support.c.o[0m
[18.248s] [ 37%] [32mBuilding C object CMakeFiles/turtlesim__rosidl_typesupport_introspection_c.dir/rosidl_typesupport_introspection_c/turtlesim/srv/detail/spawn__type_support.c.o[0m
[18.333s] [ 38%] [32mBuilding C object CMakeFiles/turtlesim__rosidl_typesupport_introspection_c.dir/rosidl_typesupport_introspection_c/turtlesim/srv/detail/teleport_absolute__type_support.c.o[0m
[18.422s] [ 39%] [32mBuilding C object CMakeFiles/turtlesim__rosidl_typesupport_introspection_c.dir/rosidl_typesupport_introspection_c/turtlesim/srv/detail/teleport_relative__type_support.c.o[0m
[18.521s] [ 39%] [32mBuilding C object CMakeFiles/turtlesim__rosidl_typesupport_introspection_c.dir/rosidl_typesupport_introspection_c/turtlesim/msg/detail/pose__type_support.c.o[0m
[18.588s] [ 40%] [32mBuilding C object CMakeFiles/turtlesim__rosidl_typesupport_introspection_c.dir/rosidl_typesupport_introspection_c/turtlesim/msg/detail/color__type_support.c.o[0m
[18.650s] [ 41%] [32m[1mLinking C shared library libturtlesim__rosidl_typesupport_introspection_c.so[0m
[18.704s] [ 41%] Built target turtlesim__rosidl_typesupport_introspection_c
[18.723s] [ 42%] [34m[1mGenerating C type support for eProsima Fast-RTPS[0m
[20.916s] [ 42%] [32mBuilding CXX object CMakeFiles/turtlesim__rosidl_typesupport_fastrtps_c.dir/rosidl_typesupport_fastrtps_c/turtlesim/action/detail/rotate_absolute__type_support_c.cpp.o[0m
[21.820s] [ 43%] [32mBuilding CXX object CMakeFiles/turtlesim__rosidl_typesupport_fastrtps_c.dir/rosidl_typesupport_fastrtps_c/turtlesim/srv/detail/set_pen__type_support_c.cpp.o[0m
[22.609s] [ 44%] [32mBuilding CXX object CMakeFiles/turtlesim__rosidl_typesupport_fastrtps_c.dir/rosidl_typesupport_fastrtps_c/turtlesim/srv/detail/spawn__type_support_c.cpp.o[0m
[23.399s] [ 45%] [32mBuilding CXX object CMakeFiles/turtlesim__rosidl_typesupport_fastrtps_c.dir/rosidl_typesupport_fastrtps_c/turtlesim/srv/detail/teleport_absolute__type_support_c.cpp.o[0m
[24.202s] [ 45%] [32mBuilding CXX object CMakeFiles/turtlesim__rosidl_typesupport_fastrtps_c.dir/rosidl_typesupport_fastrtps_c/turtlesim/srv/detail/teleport_relative__type_support_c.cpp.o[0m
[25.079s] [ 46%] [32mBuilding CXX object CMakeFiles/turtlesim__rosidl_typesupport_fastrtps_c.dir/rosidl_typesupport_fastrtps_c/turtlesim/srv/detail/kill__type_support_c.cpp.o[0m
[25.909s] [ 47%] [32mBuilding CXX object CMakeFiles/turtlesim__rosidl_typesupport_fastrtps_c.dir/rosidl_typesupport_fastrtps_c/turtlesim/msg/detail/pose__type_support_c.cpp.o[0m
[26.764s] [ 48%] [32mBuilding CXX object CMakeFiles/turtlesim__rosidl_typesupport_fastrtps_c.dir/rosidl_typesupport_fastrtps_c/turtlesim/msg/detail/color__type_support_c.cpp.o[0m
[27.484s] [ 49%] [32m[1mLinking CXX shared library libturtlesim__rosidl_typesupport_fastrtps_c.so[0m
[27.678s] [ 49%] Built target turtlesim__rosidl_typesupport_fastrtps_c
[27.710s] [ 50%] [34m[1mGenerating C++ code for ROS interfaces[0m
[30.222s] [ 50%] Built target turtlesim__cpp
[30.238s] [ 51%] [34m[1mGenerating C++ type support dispatch for ROS interfaces[0m
[31.309s] [ 52%] [32mBuilding CXX object CMakeFiles/turtlesim__rosidl_typesupport_cpp.dir/rosidl_typesupport_cpp/turtlesim/action/rotate_absolute__type_support.cpp.o[0m
[32.504s] [ 52%] [32mBuilding CXX object CMakeFiles/turtlesim__rosidl_typesupport_cpp.dir/rosidl_typesupport_cpp/turtlesim/srv/kill__type_support.cpp.o[0m
[33.096s] [ 53%] [32mBuilding CXX object CMakeFiles/turtlesim__rosidl_typesupport_cpp.dir/rosidl_typesupport_cpp/turtlesim/srv/set_pen__type_support.cpp.o[0m
[33.690s] [ 54%] [32mBuilding CXX object CMakeFiles/turtlesim__rosidl_typesupport_cpp.dir/rosidl_typesupport_cpp/turtlesim/srv/spawn__type_support.cpp.o[0m
[34.323s] [ 55%] [32mBuilding CXX object CMakeFiles/turtlesim__rosidl_typesupport_cpp.dir/rosidl_typesupport_cpp/turtlesim/srv/teleport_absolute__type_support.cpp.o[0m
[34.895s] [ 56%] [32mBuilding CXX object CMakeFiles/turtlesim__rosidl_typesupport_cpp.dir/rosidl_typesupport_cpp/turtlesim/srv/teleport_relative__type_support.cpp.o[0m
[35.538s] [ 57%] [32mBuilding CXX object CMakeFiles/turtlesim__rosidl_typesupport_cpp.dir/rosidl_typesupport_cpp/turtlesim/msg/pose__type_support.cpp.o[0m
[36.057s] [ 58%] [32mBuilding CXX object CMakeFiles/turtlesim__rosidl_typesupport_cpp.dir/rosidl_typesupport_cpp/turtlesim/msg/color__type_support.cpp.o[0m
[36.580s] [ 59%] [32m[1mLinking CXX shared library libturtlesim__rosidl_typesupport_cpp.so[0m
[36.806s] [ 59%] Built target turtlesim__rosidl_typesupport_cpp
[36.825s] [ 59%] [34m[1mGenerating C++ introspection for ROS interfaces[0m
[38.240s] [ 60%] [32mBuilding CXX object CMakeFiles/turtlesim__rosidl_typesupport_introspection_cpp.dir/rosidl_typesupport_introspection_cpp/turtlesim/action/detail/rotate_absolute__type_support.cpp.o[0m
[39.457s] [ 61%] [32mBuilding CXX object CMakeFiles/turtlesim__rosidl_typesupport_introspection_cpp.dir/rosidl_typesupport_introspection_cpp/turtlesim/msg/detail/color__type_support.cpp.o[0m
[39.967s] [ 62%] [32mBuilding CXX object CMakeFiles/turtlesim__rosidl_typesupport_introspection_cpp.dir/rosidl_typesupport_introspection_cpp/turtlesim/msg/detail/pose__type_support.cpp.o[0m
[40.466s] [ 63%] [32mBuilding CXX object CMakeFiles/turtlesim__rosidl_typesupport_introspection_cpp.dir/rosidl_typesupport_introspection_cpp/turtlesim/srv/detail/kill__type_support.cpp.o[0m
[41.153s] [ 64%] [32mBuilding CXX object CMakeFiles/turtlesim__rosidl_typesupport_introspection_cpp.dir/rosidl_typesupport_introspection_cpp/turtlesim/srv/detail/set_pen__type_support.cpp.o[0m
[41.808s] [ 65%] [32mBuilding CXX object CMakeFiles/turtlesim__rosidl_typesupport_introspection_cpp.dir/rosidl_typesupport_introspection_cpp/turtlesim/srv/detail/spawn__type_support.cpp.o[0m
[42.542s] [ 65%] [32mBuilding CXX object CMakeFiles/turtlesim__rosidl_typesupport_introspection_cpp.dir/rosidl_typesupport_introspection_cpp/turtlesim/srv/detail/teleport_absolute__type_support.cpp.o[0m
[43.185s] [ 66%] [32mBuilding CXX object CMakeFiles/turtlesim__rosidl_typesupport_introspection_cpp.dir/rosidl_typesupport_introspection_cpp/turtlesim/srv/detail/teleport_relative__type_support.cpp.o[0m
[43.786s] [ 67%] [32m[1mLinking CXX shared library libturtlesim__rosidl_typesupport_introspection_cpp.so[0m
[43.998s] [ 67%] Built target turtlesim__rosidl_typesupport_introspection_cpp
[44.030s] [ 68%] [32mBuilding CXX object CMakeFiles/mimic.dir/tutorials/mimic.cpp.o[0m
[91.765s] [ 69%] [32m[1mLinking CXX executable mimic[0m
[92.924s] [ 69%] Built target mimic
[92.971s] [ 69%] [32mBuilding CXX object CMakeFiles/draw_square.dir/tutorials/draw_square.cpp.o[0m
[107.625s] [ 70%] [32m[1mLinking CXX executable draw_square[0m
[108.587s] [ 70%] Built target draw_square
[108.623s] [ 71%] [32mBuilding CXX object CMakeFiles/turtle_teleop_key.dir/tutorials/teleop_turtle_key.cpp.o[0m
[117.033s] [ 72%] [32m[1mLinking CXX executable turtle_teleop_key[0m
[117.465s] [ 72%] Built target turtle_teleop_key
[117.483s] [ 73%] [34m[1mGenerating include/turtlesim/moc_turtle_frame.cpp[0m
[117.611s] [ 74%] [32mBuilding CXX object CMakeFiles/turtlesim_node.dir/src/turtlesim.cpp.o[0m
[124.053s] [ 74%] [32mBuilding CXX object CMakeFiles/turtlesim_node.dir/include/turtlesim/moc_turtle_frame.cpp.o[0m
[130.069s] [ 75%] [32mBuilding CXX object CMakeFiles/turtlesim_node.dir/src/turtle_frame.cpp.o[0m
[130.074s] [ 76%] [32mBuilding CXX object CMakeFiles/turtlesim_node.dir/src/turtle.cpp.o[0m
[148.599s] [ 77%] [32m[1mLinking CXX executable turtlesim_node[0m
[153.446s] [ 77%] Built target turtlesim_node
[153.473s] [ 78%] [34m[1mGenerating C++ type support for eProsima Fast-RTPS[0m
[155.178s] [ 80%] [32mBuilding CXX object CMakeFiles/turtlesim__rosidl_typesupport_fastrtps_cpp.dir/rosidl_typesupport_fastrtps_cpp/turtlesim/action/detail/dds_fastrtps/rotate_absolute__type_support.cpp.o[0m
[155.178s] [ 80%] [32mBuilding CXX object CMakeFiles/turtlesim__rosidl_typesupport_fastrtps_cpp.dir/rosidl_typesupport_fastrtps_cpp/turtlesim/msg/detail/dds_fastrtps/pose__type_support.cpp.o[0m
[155.178s] [ 81%] [32mBuilding CXX object CMakeFiles/turtlesim__rosidl_typesupport_fastrtps_cpp.dir/rosidl_typesupport_fastrtps_cpp/turtlesim/msg/detail/dds_fastrtps/color__type_support.cpp.o[0m
[155.178s] [ 81%] [32mBuilding CXX object CMakeFiles/turtlesim__rosidl_typesupport_fastrtps_cpp.dir/rosidl_typesupport_fastrtps_cpp/turtlesim/srv/detail/dds_fastrtps/set_pen__type_support.cpp.o[0m
[155.178s] [ 82%] [32mBuilding CXX object CMakeFiles/turtlesim__rosidl_typesupport_fastrtps_cpp.dir/rosidl_typesupport_fastrtps_cpp/turtlesim/srv/detail/dds_fastrtps/kill__type_support.cpp.o[0m
[155.185s] [ 83%] [32mBuilding CXX object CMakeFiles/turtlesim__rosidl_typesupport_fastrtps_cpp.dir/rosidl_typesupport_fastrtps_cpp/turtlesim/srv/detail/dds_fastrtps/spawn__type_support.cpp.o[0m
[156.027s] [ 84%] [32mBuilding CXX object CMakeFiles/turtlesim__rosidl_typesupport_fastrtps_cpp.dir/rosidl_typesupport_fastrtps_cpp/turtlesim/srv/detail/dds_fastrtps/teleport_absolute__type_support.cpp.o[0m
[156.049s] [ 85%] [32mBuilding CXX object CMakeFiles/turtlesim__rosidl_typesupport_fastrtps_cpp.dir/rosidl_typesupport_fastrtps_cpp/turtlesim/srv/detail/dds_fastrtps/teleport_relative__type_support.cpp.o[0m
[157.021s] [ 86%] [32m[1mLinking CXX shared library libturtlesim__rosidl_typesupport_fastrtps_cpp.so[0m
[157.232s] [ 86%] Built target turtlesim__rosidl_typesupport_fastrtps_cpp
[157.267s] [ 86%] Built target turtlesim
[157.301s] [ 86%] [34m[1mGenerating Python code for ROS interfaces[0m
[160.125s] [ 86%] Built target turtlesim__py
[160.173s] [ 88%] [32mBuilding C object CMakeFiles/turtlesim__rosidl_generator_py.dir/rosidl_generator_py/turtlesim/srv/_set_pen_s.c.o[0m
[160.173s] [ 88%] [32mBuilding C object CMakeFiles/turtlesim__rosidl_generator_py.dir/rosidl_generator_py/turtlesim/msg/_pose_s.c.o[0m
[160.173s] [ 88%] [32mBuilding C object CMakeFiles/turtlesim__rosidl_generator_py.dir/rosidl_generator_py/turtlesim/srv/_kill_s.c.o[0m
[160.174s] [ 89%] [32mBuilding C object CMakeFiles/turtlesim__rosidl_generator_py.dir/rosidl_generator_py/turtlesim/msg/_color_s.c.o[0m
[160.174s] [ 90%] [32mBuilding C object CMakeFiles/turtlesim__rosidl_generator_py.dir/rosidl_generator_py/turtlesim/srv/_spawn_s.c.o[0m
[160.175s] [ 91%] [32mBuilding C object CMakeFiles/turtlesim__rosidl_generator_py.dir/rosidl_generator_py/turtlesim/action/_rotate_absolute_s.c.o[0m
[160.603s] [ 92%] [32mBuilding C object CMakeFiles/turtlesim__rosidl_generator_py.dir/rosidl_generator_py/turtlesim/srv/_teleport_absolute_s.c.o[0m
[160.608s] [ 93%] [32mBuilding C object CMakeFiles/turtlesim__rosidl_generator_py.dir/rosidl_generator_py/turtlesim/srv/_teleport_relative_s.c.o[0m
[160.838s] [ 94%] [32m[1mLinking C shared library libturtlesim__rosidl_generator_py.so[0m
[160.923s] [ 94%] Built target turtlesim__rosidl_generator_py
[160.974s] [ 97%] [32mBuilding C object CMakeFiles/turtlesim_s__rosidl_typesupport_c.dir/rosidl_generator_py/turtlesim/_turtlesim_s.ep.rosidl_typesupport_c.c.o[0m
[160.974s] [ 97%] [32mBuilding C object CMakeFiles/turtlesim_s__rosidl_typesupport_introspection_c.dir/rosidl_generator_py/turtlesim/_turtlesim_s.ep.rosidl_typesupport_introspection_c.c.o[0m
[160.974s] [ 97%] [32mBuilding C object CMakeFiles/turtlesim_s__rosidl_typesupport_fastrtps_c.dir/rosidl_generator_py/turtlesim/_turtlesim_s.ep.rosidl_typesupport_fastrtps_c.c.o[0m
[161.266s] [ 98%] [32m[1mLinking C shared module rosidl_generator_py/turtlesim/turtlesim_s__rosidl_typesupport_c.so[0m
[161.277s] [ 99%] [32m[1mLinking C shared module rosidl_generator_py/turtlesim/turtlesim_s__rosidl_typesupport_introspection_c.so[0m
[161.286s] [100%] [32m[1mLinking C shared module rosidl_generator_py/turtlesim/turtlesim_s__rosidl_typesupport_fastrtps_c.so[0m
[161.319s] [100%] Built target turtlesim_s__rosidl_typesupport_c
[161.332s] [100%] Built target turtlesim_s__rosidl_typesupport_introspection_c
[161.343s] [100%] Built target turtlesim_s__rosidl_typesupport_fastrtps_c
[161.451s] Invoked command in '/home/sldev/ros2_ws/src/build/turtlesim' returned '0': CMAKE_PREFIX_PATH=${CMAKE_PREFIX_PATH}:/opt/ros/jazzy DEBUGINFOD_URLS=https://debuginfod.ubuntu.com /usr/bin/cmake --build /home/sldev/ros2_ws/src/build/turtlesim -- -j6 -l6
[161.791s] Invoking command in '/home/sldev/ros2_ws/src/build/turtlesim': CMAKE_PREFIX_PATH=${CMAKE_PREFIX_PATH}:/opt/ros/jazzy DEBUGINFOD_URLS=https://debuginfod.ubuntu.com /usr/bin/cmake --install /home/sldev/ros2_ws/src/build/turtlesim
[161.805s] -- Install configuration: ""
[161.807s] -- Installing: /home/sldev/ros2_ws/src/install/turtlesim/share/ament_index/resource_index/rosidl_interfaces/turtlesim
[161.808s] -- Installing: /home/sldev/ros2_ws/src/install/turtlesim/share/turtlesim/action/RotateAbsolute.json
[161.809s] -- Installing: /home/sldev/ros2_ws/src/install/turtlesim/share/turtlesim/msg/Color.json
[161.809s] -- Installing: /home/sldev/ros2_ws/src/install/turtlesim/share/turtlesim/msg/Pose.json
[161.810s] -- Installing: /home/sldev/ros2_ws/src/install/turtlesim/share/turtlesim/srv/Kill.json
[161.810s] -- Installing: /home/sldev/ros2_ws/src/install/turtlesim/share/turtlesim/srv/SetPen.json
[161.811s] -- Installing: /home/sldev/ros2_ws/src/install/turtlesim/share/turtlesim/srv/Spawn.json
[161.811s] -- Installing: /home/sldev/ros2_ws/src/install/turtlesim/share/turtlesim/srv/TeleportAbsolute.json
[161.812s] -- Installing: /home/sldev/ros2_ws/src/install/turtlesim/share/turtlesim/srv/TeleportRelative.json
[161.812s] -- Installing: /home/sldev/ros2_ws/src/install/turtlesim/include/turtlesim/turtlesim
[161.813s] -- Installing: /home/sldev/ros2_ws/src/install/turtlesim/include/turtlesim/turtlesim/action
[161.813s] -- Installing: /home/sldev/ros2_ws/src/install/turtlesim/include/turtlesim/turtlesim/action/rotate_absolute.h
[161.813s] -- Installing: /home/sldev/ros2_ws/src/install/turtlesim/include/turtlesim/turtlesim/action/detail
[161.813s] -- Installing: /home/sldev/ros2_ws/src/install/turtlesim/include/turtlesim/turtlesim/action/detail/rotate_absolute__functions.h
[161.814s] -- Installing: /home/sldev/ros2_ws/src/install/turtlesim/include/turtlesim/turtlesim/action/detail/rotate_absolute__functions.c
[161.815s] -- Installing: /home/sldev/ros2_ws/src/install/turtlesim/include/turtlesim/turtlesim/action/detail/rotate_absolute__type_support.c
[161.815s] -- Installing: /home/sldev/ros2_ws/src/install/turtlesim/include/turtlesim/turtlesim/action/detail/rotate_absolute__description.c
[161.816s] -- Installing: /home/sldev/ros2_ws/src/install/turtlesim/include/turtlesim/turtlesim/action/detail/rotate_absolute__type_support.h
[161.816s] -- Installing: /home/sldev/ros2_ws/src/install/turtlesim/include/turtlesim/turtlesim/action/detail/rotate_absolute__struct.h
[161.817s] -- Installing: /home/sldev/ros2_ws/src/install/turtlesim/include/turtlesim/turtlesim/srv
[161.817s] -- Installing: /home/sldev/ros2_ws/src/install/turtlesim/include/turtlesim/turtlesim/srv/teleport_absolute.h
[161.817s] -- Installing: /home/sldev/ros2_ws/src/install/turtlesim/include/turtlesim/turtlesim/srv/kill.h
[161.818s] -- Installing: /home/sldev/ros2_ws/src/install/turtlesim/include/turtlesim/turtlesim/srv/teleport_relative.h
[161.819s] -- Installing: /home/sldev/ros2_ws/src/install/turtlesim/include/turtlesim/turtlesim/srv/set_pen.h
[161.819s] -- Installing: /home/sldev/ros2_ws/src/install/turtlesim/include/turtlesim/turtlesim/srv/spawn.h
[161.820s] -- Installing: /home/sldev/ros2_ws/src/install/turtlesim/include/turtlesim/turtlesim/srv/detail
[161.820s] -- Installing: /home/sldev/ros2_ws/src/install/turtlesim/include/turtlesim/turtlesim/srv/detail/kill__struct.h
[161.820s] -- Installing: /home/sldev/ros2_ws/src/install/turtlesim/include/turtlesim/turtlesim/srv/detail/teleport_relative__type_support.h
[161.820s] -- Installing: /home/sldev/ros2_ws/src/install/turtlesim/include/turtlesim/turtlesim/srv/detail/kill__functions.h
[161.820s] -- Installing: /home/sldev/ros2_ws/src/install/turtlesim/include/turtlesim/turtlesim/srv/detail/kill__type_support.h
[161.820s] -- Installing: /home/sldev/ros2_ws/src/install/turtlesim/include/turtlesim/turtlesim/srv/detail/spawn__functions.h
[161.821s] -- Installing: /home/sldev/ros2_ws/src/install/turtlesim/include/turtlesim/turtlesim/srv/detail/teleport_absolute__functions.c
[161.821s] -- Installing: /home/sldev/ros2_ws/src/install/turtlesim/include/turtlesim/turtlesim/srv/detail/teleport_relative__type_support.c
[161.822s] -- Installing: /home/sldev/ros2_ws/src/install/turtlesim/include/turtlesim/turtlesim/srv/detail/teleport_relative__functions.h
[161.822s] -- Installing: /home/sldev/ros2_ws/src/install/turtlesim/include/turtlesim/turtlesim/srv/detail/teleport_absolute__type_support.h
[161.822s] -- Installing: /home/sldev/ros2_ws/src/install/turtlesim/include/turtlesim/turtlesim/srv/detail/spawn__description.c
[161.823s] -- Installing: /home/sldev/ros2_ws/src/install/turtlesim/include/turtlesim/turtlesim/srv/detail/teleport_absolute__functions.h
[161.823s] -- Installing: /home/sldev/ros2_ws/src/install/turtlesim/include/turtlesim/turtlesim/srv/detail/kill__functions.c
[161.824s] -- Installing: /home/sldev/ros2_ws/src/install/turtlesim/include/turtlesim/turtlesim/srv/detail/teleport_absolute__description.c
[161.825s] -- Installing: /home/sldev/ros2_ws/src/install/turtlesim/include/turtlesim/turtlesim/srv/detail/set_pen__struct.h
[161.825s] -- Installing: /home/sldev/ros2_ws/src/install/turtlesim/include/turtlesim/turtlesim/srv/detail/set_pen__functions.c
[161.825s] -- Installing: /home/sldev/ros2_ws/src/install/turtlesim/include/turtlesim/turtlesim/srv/detail/teleport_absolute__type_support.c
[161.826s] -- Installing: /home/sldev/ros2_ws/src/install/turtlesim/include/turtlesim/turtlesim/srv/detail/spawn__functions.c
[161.826s] -- Installing: /home/sldev/ros2_ws/src/install/turtlesim/include/turtlesim/turtlesim/srv/detail/set_pen__functions.h
[161.827s] -- Installing: /home/sldev/ros2_ws/src/install/turtlesim/include/turtlesim/turtlesim/srv/detail/spawn__type_support.c
[161.827s] -- Installing: /home/sldev/ros2_ws/src/install/turtlesim/include/turtlesim/turtlesim/srv/detail/set_pen__type_support.h
[161.827s] -- Installing: /home/sldev/ros2_ws/src/install/turtlesim/include/turtlesim/turtlesim/srv/detail/spawn__type_support.h
[161.827s] -- Installing: /home/sldev/ros2_ws/src/install/turtlesim/include/turtlesim/turtlesim/srv/detail/teleport_absolute__struct.h
[161.827s] -- Installing: /home/sldev/ros2_ws/src/install/turtlesim/include/turtlesim/turtlesim/srv/detail/teleport_relative__struct.h
[161.828s] -- Installing: /home/sldev/ros2_ws/src/install/turtlesim/include/turtlesim/turtlesim/srv/detail/teleport_relative__description.c
[161.828s] -- Installing: /home/sldev/ros2_ws/src/install/turtlesim/include/turtlesim/turtlesim/srv/detail/set_pen__type_support.c
[161.829s] -- Installing: /home/sldev/ros2_ws/src/install/turtlesim/include/turtlesim/turtlesim/srv/detail/set_pen__description.c
[161.829s] -- Installing: /home/sldev/ros2_ws/src/install/turtlesim/include/turtlesim/turtlesim/srv/detail/kill__type_support.c
[161.830s] -- Installing: /home/sldev/ros2_ws/src/install/turtlesim/include/turtlesim/turtlesim/srv/detail/spawn__struct.h
[161.830s] -- Installing: /home/sldev/ros2_ws/src/install/turtlesim/include/turtlesim/turtlesim/srv/detail/kill__description.c
[161.831s] -- Installing: /home/sldev/ros2_ws/src/install/turtlesim/include/turtlesim/turtlesim/srv/detail/teleport_relative__functions.c
[161.831s] -- Installing: /home/sldev/ros2_ws/src/install/turtlesim/include/turtlesim/turtlesim/msg
[161.831s] -- Installing: /home/sldev/ros2_ws/src/install/turtlesim/include/turtlesim/turtlesim/msg/pose.h
[161.832s] -- Installing: /home/sldev/ros2_ws/src/install/turtlesim/include/turtlesim/turtlesim/msg/color.h
[161.832s] -- Installing: /home/sldev/ros2_ws/src/install/turtlesim/include/turtlesim/turtlesim/msg/rosidl_generator_c__visibility_control.h
[161.832s] -- Installing: /home/sldev/ros2_ws/src/install/turtlesim/include/turtlesim/turtlesim/msg/detail
[161.832s] -- Installing: /home/sldev/ros2_ws/src/install/turtlesim/include/turtlesim/turtlesim/msg/detail/pose__functions.c
[161.833s] -- Installing: /home/sldev/ros2_ws/src/install/turtlesim/include/turtlesim/turtlesim/msg/detail/pose__struct.h
[161.833s] -- Installing: /home/sldev/ros2_ws/src/install/turtlesim/include/turtlesim/turtlesim/msg/detail/color__functions.c
[161.833s] -- Installing: /home/sldev/ros2_ws/src/install/turtlesim/include/turtlesim/turtlesim/msg/detail/color__type_support.c
[161.834s] -- Installing: /home/sldev/ros2_ws/src/install/turtlesim/include/turtlesim/turtlesim/msg/detail/color__functions.h
[161.834s] -- Installing: /home/sldev/ros2_ws/src/install/turtlesim/include/turtlesim/turtlesim/msg/detail/color__struct.h
[161.834s] -- Installing: /home/sldev/ros2_ws/src/install/turtlesim/include/turtlesim/turtlesim/msg/detail/pose__type_support.h
[161.834s] -- Installing: /home/sldev/ros2_ws/src/install/turtlesim/include/turtlesim/turtlesim/msg/detail/pose__type_support.c
[161.835s] -- Installing: /home/sldev/ros2_ws/src/install/turtlesim/include/turtlesim/turtlesim/msg/detail/color__type_support.h
[161.835s] -- Installing: /home/sldev/ros2_ws/src/install/turtlesim/include/turtlesim/turtlesim/msg/detail/color__description.c
[161.836s] -- Installing: /home/sldev/ros2_ws/src/install/turtlesim/include/turtlesim/turtlesim/msg/detail/pose__description.c
[161.836s] -- Installing: /home/sldev/ros2_ws/src/install/turtlesim/include/turtlesim/turtlesim/msg/detail/pose__functions.h
[161.837s] -- Installing: /home/sldev/ros2_ws/src/install/turtlesim/share/turtlesim/environment/library_path.sh
[161.838s] -- Installing: /home/sldev/ros2_ws/src/install/turtlesim/share/turtlesim/environment/library_path.dsv
[161.838s] -- Installing: /home/sldev/ros2_ws/src/install/turtlesim/lib/libturtlesim__rosidl_generator_c.so
[161.840s] -- Set non-toolchain portion of runtime path of "/home/sldev/ros2_ws/src/install/turtlesim/lib/libturtlesim__rosidl_generator_c.so" to ""
[161.840s] -- Up-to-date: /home/sldev/ros2_ws/src/install/turtlesim/include/turtlesim/turtlesim
[161.840s] -- Up-to-date: /home/sldev/ros2_ws/src/install/turtlesim/include/turtlesim/turtlesim/action
[161.840s] -- Up-to-date: /home/sldev/ros2_ws/src/install/turtlesim/include/turtlesim/turtlesim/action/detail
[161.841s] -- Installing: /home/sldev/ros2_ws/src/install/turtlesim/include/turtlesim/turtlesim/action/detail/rotate_absolute__rosidl_typesupport_fastrtps_c.h
[161.841s] -- Up-to-date: /home/sldev/ros2_ws/src/install/turtlesim/include/turtlesim/turtlesim/srv
[161.842s] -- Up-to-date: /home/sldev/ros2_ws/src/install/turtlesim/include/turtlesim/turtlesim/srv/detail
[161.842s] -- Installing: /home/sldev/ros2_ws/src/install/turtlesim/include/turtlesim/turtlesim/srv/detail/spawn__rosidl_typesupport_fastrtps_c.h
[161.842s] -- Installing: /home/sldev/ros2_ws/src/install/turtlesim/include/turtlesim/turtlesim/srv/detail/teleport_absolute__rosidl_typesupport_fastrtps_c.h
[161.843s] -- Installing: /home/sldev/ros2_ws/src/install/turtlesim/include/turtlesim/turtlesim/srv/detail/kill__rosidl_typesupport_fastrtps_c.h
[161.843s] -- Installing: /home/sldev/ros2_ws/src/install/turtlesim/include/turtlesim/turtlesim/srv/detail/set_pen__rosidl_typesupport_fastrtps_c.h
[161.844s] -- Installing: /home/sldev/ros2_ws/src/install/turtlesim/include/turtlesim/turtlesim/srv/detail/teleport_relative__rosidl_typesupport_fastrtps_c.h
[161.844s] -- Up-to-date: /home/sldev/ros2_ws/src/install/turtlesim/include/turtlesim/turtlesim/msg
[161.844s] -- Installing: /home/sldev/ros2_ws/src/install/turtlesim/include/turtlesim/turtlesim/msg/rosidl_typesupport_fastrtps_c__visibility_control.h
[161.845s] -- Up-to-date: /home/sldev/ros2_ws/src/install/turtlesim/include/turtlesim/turtlesim/msg/detail
[161.845s] -- Installing: /home/sldev/ros2_ws/src/install/turtlesim/include/turtlesim/turtlesim/msg/detail/color__rosidl_typesupport_fastrtps_c.h
[161.846s] -- Installing: /home/sldev/ros2_ws/src/install/turtlesim/include/turtlesim/turtlesim/msg/detail/pose__rosidl_typesupport_fastrtps_c.h
[161.846s] -- Installing: /home/sldev/ros2_ws/src/install/turtlesim/lib/libturtlesim__rosidl_typesupport_fastrtps_c.so
[161.847s] -- Set non-toolchain portion of runtime path of "/home/sldev/ros2_ws/src/install/turtlesim/lib/libturtlesim__rosidl_typesupport_fastrtps_c.so" to ""
[161.847s] -- Up-to-date: /home/sldev/ros2_ws/src/install/turtlesim/include/turtlesim/turtlesim
[161.847s] -- Up-to-date: /home/sldev/ros2_ws/src/install/turtlesim/include/turtlesim/turtlesim/action
[161.847s] -- Up-to-date: /home/sldev/ros2_ws/src/install/turtlesim/include/turtlesim/turtlesim/action/detail
[161.847s] -- Installing: /home/sldev/ros2_ws/src/install/turtlesim/include/turtlesim/turtlesim/action/detail/rotate_absolute__traits.hpp
[161.847s] -- Installing: /home/sldev/ros2_ws/src/install/turtlesim/include/turtlesim/turtlesim/action/detail/rotate_absolute__builder.hpp
[161.848s] -- Installing: /home/sldev/ros2_ws/src/install/turtlesim/include/turtlesim/turtlesim/action/detail/rotate_absolute__struct.hpp
[161.848s] -- Installing: /home/sldev/ros2_ws/src/install/turtlesim/include/turtlesim/turtlesim/action/detail/rotate_absolute__type_support.hpp
[161.848s] -- Installing: /home/sldev/ros2_ws/src/install/turtlesim/include/turtlesim/turtlesim/action/rotate_absolute.hpp
[161.848s] -- Up-to-date: /home/sldev/ros2_ws/src/install/turtlesim/include/turtlesim/turtlesim/srv
[161.848s] -- Installing: /home/sldev/ros2_ws/src/install/turtlesim/include/turtlesim/turtlesim/srv/kill.hpp
[161.848s] -- Installing: /home/sldev/ros2_ws/src/install/turtlesim/include/turtlesim/turtlesim/srv/teleport_absolute.hpp
[161.848s] -- Installing: /home/sldev/ros2_ws/src/install/turtlesim/include/turtlesim/turtlesim/srv/spawn.hpp
[161.849s] -- Installing: /home/sldev/ros2_ws/src/install/turtlesim/include/turtlesim/turtlesim/srv/teleport_relative.hpp
[161.849s] -- Up-to-date: /home/sldev/ros2_ws/src/install/turtlesim/include/turtlesim/turtlesim/srv/detail
[161.849s] -- Installing: /home/sldev/ros2_ws/src/install/turtlesim/include/turtlesim/turtlesim/srv/detail/kill__traits.hpp
[161.849s] -- Installing: /home/sldev/ros2_ws/src/install/turtlesim/include/turtlesim/turtlesim/srv/detail/teleport_absolute__builder.hpp
[161.849s] -- Installing: /home/sldev/ros2_ws/src/install/turtlesim/include/turtlesim/turtlesim/srv/detail/kill__builder.hpp
[161.849s] -- Installing: /home/sldev/ros2_ws/src/install/turtlesim/include/turtlesim/turtlesim/srv/detail/teleport_absolute__type_support.hpp
[161.849s] -- Installing: /home/sldev/ros2_ws/src/install/turtlesim/include/turtlesim/turtlesim/srv/detail/set_pen__builder.hpp
[161.849s] -- Installing: /home/sldev/ros2_ws/src/install/turtlesim/include/turtlesim/turtlesim/srv/detail/set_pen__traits.hpp
[161.850s] -- Installing: /home/sldev/ros2_ws/src/install/turtlesim/include/turtlesim/turtlesim/srv/detail/spawn__traits.hpp
[161.850s] -- Installing: /home/sldev/ros2_ws/src/install/turtlesim/include/turtlesim/turtlesim/srv/detail/spawn__type_support.hpp
[161.850s] -- Installing: /home/sldev/ros2_ws/src/install/turtlesim/include/turtlesim/turtlesim/srv/detail/spawn__builder.hpp
[161.850s] -- Installing: /home/sldev/ros2_ws/src/install/turtlesim/include/turtlesim/turtlesim/srv/detail/teleport_relative__traits.hpp
[161.850s] -- Installing: /home/sldev/ros2_ws/src/install/turtlesim/include/turtlesim/turtlesim/srv/detail/kill__struct.hpp
[161.850s] -- Installing: /home/sldev/ros2_ws/src/install/turtlesim/include/turtlesim/turtlesim/srv/detail/set_pen__type_support.hpp
[161.851s] -- Installing: /home/sldev/ros2_ws/src/install/turtlesim/include/turtlesim/turtlesim/srv/detail/kill__type_support.hpp
[161.851s] -- Installing: /home/sldev/ros2_ws/src/install/turtlesim/include/turtlesim/turtlesim/srv/detail/teleport_relative__type_support.hpp
[161.851s] -- Installing: /home/sldev/ros2_ws/src/install/turtlesim/include/turtlesim/turtlesim/srv/detail/set_pen__struct.hpp
[161.851s] -- Installing: /home/sldev/ros2_ws/src/install/turtlesim/include/turtlesim/turtlesim/srv/detail/teleport_relative__builder.hpp
[161.851s] -- Installing: /home/sldev/ros2_ws/src/install/turtlesim/include/turtlesim/turtlesim/srv/detail/spawn__struct.hpp
[161.852s] -- Installing: /home/sldev/ros2_ws/src/install/turtlesim/include/turtlesim/turtlesim/srv/detail/teleport_absolute__traits.hpp
[161.852s] -- Installing: /home/sldev/ros2_ws/src/install/turtlesim/include/turtlesim/turtlesim/srv/detail/teleport_relative__struct.hpp
[161.852s] -- Installing: /home/sldev/ros2_ws/src/install/turtlesim/include/turtlesim/turtlesim/srv/detail/teleport_absolute__struct.hpp
[161.852s] -- Installing: /home/sldev/ros2_ws/src/install/turtlesim/include/turtlesim/turtlesim/srv/set_pen.hpp
[161.852s] -- Up-to-date: /home/sldev/ros2_ws/src/install/turtlesim/include/turtlesim/turtlesim/msg
[161.852s] -- Installing: /home/sldev/ros2_ws/src/install/turtlesim/include/turtlesim/turtlesim/msg/rosidl_generator_cpp__visibility_control.hpp
[161.853s] -- Installing: /home/sldev/ros2_ws/src/install/turtlesim/include/turtlesim/turtlesim/msg/pose.hpp
[161.853s] -- Up-to-date: /home/sldev/ros2_ws/src/install/turtlesim/include/turtlesim/turtlesim/msg/detail
[161.853s] -- Installing: /home/sldev/ros2_ws/src/install/turtlesim/include/turtlesim/turtlesim/msg/detail/pose__type_support.hpp
[161.853s] -- Installing: /home/sldev/ros2_ws/src/install/turtlesim/include/turtlesim/turtlesim/msg/detail/color__traits.hpp
[161.853s] -- Installing: /home/sldev/ros2_ws/src/install/turtlesim/include/turtlesim/turtlesim/msg/detail/color__builder.hpp
[161.853s] -- Installing: /home/sldev/ros2_ws/src/install/turtlesim/include/turtlesim/turtlesim/msg/detail/color__type_support.hpp
[161.857s] -- Installing: /home/sldev/ros2_ws/src/install/turtlesim/include/turtlesim/turtlesim/msg/detail/pose__traits.hpp
[161.857s] -- Installing: /home/sldev/ros2_ws/src/install/turtlesim/include/turtlesim/turtlesim/msg/detail/color__struct.hpp
[161.857s] -- Installing: /home/sldev/ros2_ws/src/install/turtlesim/include/turtlesim/turtlesim/msg/detail/pose__struct.hpp
[161.857s] -- Installing: /home/sldev/ros2_ws/src/install/turtlesim/include/turtlesim/turtlesim/msg/detail/pose__builder.hpp
[161.857s] -- Installing: /home/sldev/ros2_ws/src/install/turtlesim/include/turtlesim/turtlesim/msg/color.hpp
[161.857s] -- Up-to-date: /home/sldev/ros2_ws/src/install/turtlesim/include/turtlesim/turtlesim
[161.857s] -- Up-to-date: /home/sldev/ros2_ws/src/install/turtlesim/include/turtlesim/turtlesim/action
[161.857s] -- Up-to-date: /home/sldev/ros2_ws/src/install/turtlesim/include/turtlesim/turtlesim/action/detail
[161.858s] -- Installing: /home/sldev/ros2_ws/src/install/turtlesim/include/turtlesim/turtlesim/action/detail/dds_fastrtps
[161.858s] -- Installing: /home/sldev/ros2_ws/src/install/turtlesim/include/turtlesim/turtlesim/action/detail/rotate_absolute__rosidl_typesupport_fastrtps_cpp.hpp
[161.858s] -- Up-to-date: /home/sldev/ros2_ws/src/install/turtlesim/include/turtlesim/turtlesim/srv
[161.858s] -- Up-to-date: /home/sldev/ros2_ws/src/install/turtlesim/include/turtlesim/turtlesim/srv/detail
[161.858s] -- Installing: /home/sldev/ros2_ws/src/install/turtlesim/include/turtlesim/turtlesim/srv/detail/dds_fastrtps
[161.858s] -- Installing: /home/sldev/ros2_ws/src/install/turtlesim/include/turtlesim/turtlesim/srv/detail/teleport_relative__rosidl_typesupport_fastrtps_cpp.hpp
[161.858s] -- Installing: /home/sldev/ros2_ws/src/install/turtlesim/include/turtlesim/turtlesim/srv/detail/kill__rosidl_typesupport_fastrtps_cpp.hpp
[161.858s] -- Installing: /home/sldev/ros2_ws/src/install/turtlesim/include/turtlesim/turtlesim/srv/detail/spawn__rosidl_typesupport_fastrtps_cpp.hpp
[161.858s] -- Installing: /home/sldev/ros2_ws/src/install/turtlesim/include/turtlesim/turtlesim/srv/detail/teleport_absolute__rosidl_typesupport_fastrtps_cpp.hpp
[161.858s] -- Installing: /home/sldev/ros2_ws/src/install/turtlesim/include/turtlesim/turtlesim/srv/detail/set_pen__rosidl_typesupport_fastrtps_cpp.hpp
[161.859s] -- Up-to-date: /home/sldev/ros2_ws/src/install/turtlesim/include/turtlesim/turtlesim/msg
[161.859s] -- Installing: /home/sldev/ros2_ws/src/install/turtlesim/include/turtlesim/turtlesim/msg/rosidl_typesupport_fastrtps_cpp__visibility_control.h
[161.859s] -- Up-to-date: /home/sldev/ros2_ws/src/install/turtlesim/include/turtlesim/turtlesim/msg/detail
[161.859s] -- Installing: /home/sldev/ros2_ws/src/install/turtlesim/include/turtlesim/turtlesim/msg/detail/dds_fastrtps
[161.859s] -- Installing: /home/sldev/ros2_ws/src/install/turtlesim/include/turtlesim/turtlesim/msg/detail/color__rosidl_typesupport_fastrtps_cpp.hpp
[161.859s] -- Installing: /home/sldev/ros2_ws/src/install/turtlesim/include/turtlesim/turtlesim/msg/detail/pose__rosidl_typesupport_fastrtps_cpp.hpp
[161.860s] -- Installing: /home/sldev/ros2_ws/src/install/turtlesim/lib/libturtlesim__rosidl_typesupport_fastrtps_cpp.so
[161.860s] -- Set non-toolchain portion of runtime path of "/home/sldev/ros2_ws/src/install/turtlesim/lib/libturtlesim__rosidl_typesupport_fastrtps_cpp.so" to ""
[161.860s] -- Up-to-date: /home/sldev/ros2_ws/src/install/turtlesim/include/turtlesim/turtlesim
[161.860s] -- Up-to-date: /home/sldev/ros2_ws/src/install/turtlesim/include/turtlesim/turtlesim/action
[161.860s] -- Up-to-date: /home/sldev/ros2_ws/src/install/turtlesim/include/turtlesim/turtlesim/action/detail
[161.860s] -- Installing: /home/sldev/ros2_ws/src/install/turtlesim/include/turtlesim/turtlesim/action/detail/rotate_absolute__type_support.c
[161.862s] -- Installing: /home/sldev/ros2_ws/src/install/turtlesim/include/turtlesim/turtlesim/action/detail/rotate_absolute__rosidl_typesupport_introspection_c.h
[161.862s] -- Up-to-date: /home/sldev/ros2_ws/src/install/turtlesim/include/turtlesim/turtlesim/srv
[161.862s] -- Up-to-date: /home/sldev/ros2_ws/src/install/turtlesim/include/turtlesim/turtlesim/srv/detail
[161.863s] -- Installing: /home/sldev/ros2_ws/src/install/turtlesim/include/turtlesim/turtlesim/srv/detail/teleport_absolute__rosidl_typesupport_introspection_c.h
[161.863s] -- Installing: /home/sldev/ros2_ws/src/install/turtlesim/include/turtlesim/turtlesim/srv/detail/teleport_relative__type_support.c
[161.864s] -- Installing: /home/sldev/ros2_ws/src/install/turtlesim/include/turtlesim/turtlesim/srv/detail/spawn__rosidl_typesupport_introspection_c.h
[161.864s] -- Installing: /home/sldev/ros2_ws/src/install/turtlesim/include/turtlesim/turtlesim/srv/detail/teleport_absolute__type_support.c
[161.865s] -- Installing: /home/sldev/ros2_ws/src/install/turtlesim/include/turtlesim/turtlesim/srv/detail/spawn__type_support.c
[161.866s] -- Installing: /home/sldev/ros2_ws/src/install/turtlesim/include/turtlesim/turtlesim/srv/detail/kill__rosidl_typesupport_introspection_c.h
[161.866s] -- Installing: /home/sldev/ros2_ws/src/install/turtlesim/include/turtlesim/turtlesim/srv/detail/set_pen__rosidl_typesupport_introspection_c.h
[161.867s] -- Installing: /home/sldev/ros2_ws/src/install/turtlesim/include/turtlesim/turtlesim/srv/detail/set_pen__type_support.c
[161.868s] -- Installing: /home/sldev/ros2_ws/src/install/turtlesim/include/turtlesim/turtlesim/srv/detail/teleport_relative__rosidl_typesupport_introspection_c.h
[161.868s] -- Installing: /home/sldev/ros2_ws/src/install/turtlesim/include/turtlesim/turtlesim/srv/detail/kill__type_support.c
[161.870s] -- Up-to-date: /home/sldev/ros2_ws/src/install/turtlesim/include/turtlesim/turtlesim/msg
[161.870s] -- Installing: /home/sldev/ros2_ws/src/install/turtlesim/include/turtlesim/turtlesim/msg/rosidl_typesupport_introspection_c__visibility_control.h
[161.870s] -- Up-to-date: /home/sldev/ros2_ws/src/install/turtlesim/include/turtlesim/turtlesim/msg/detail
[161.870s] -- Installing: /home/sldev/ros2_ws/src/install/turtlesim/include/turtlesim/turtlesim/msg/detail/color__type_support.c
[161.871s] -- Installing: /home/sldev/ros2_ws/src/install/turtlesim/include/turtlesim/turtlesim/msg/detail/pose__rosidl_typesupport_introspection_c.h
[161.872s] -- Installing: /home/sldev/ros2_ws/src/install/turtlesim/include/turtlesim/turtlesim/msg/detail/pose__type_support.c
[161.872s] -- Installing: /home/sldev/ros2_ws/src/install/turtlesim/include/turtlesim/turtlesim/msg/detail/color__rosidl_typesupport_introspection_c.h
[161.873s] -- Installing: /home/sldev/ros2_ws/src/install/turtlesim/lib/libturtlesim__rosidl_typesupport_introspection_c.so
[161.873s] -- Set non-toolchain portion of runtime path of "/home/sldev/ros2_ws/src/install/turtlesim/lib/libturtlesim__rosidl_typesupport_introspection_c.so" to ""
[161.873s] -- Installing: /home/sldev/ros2_ws/src/install/turtlesim/lib/libturtlesim__rosidl_typesupport_c.so
[161.874s] -- Set non-toolchain portion of runtime path of "/home/sldev/ros2_ws/src/install/turtlesim/lib/libturtlesim__rosidl_typesupport_c.so" to ""
[161.874s] -- Up-to-date: /home/sldev/ros2_ws/src/install/turtlesim/include/turtlesim/turtlesim
[161.875s] -- Up-to-date: /home/sldev/ros2_ws/src/install/turtlesim/include/turtlesim/turtlesim/action
[161.875s] -- Up-to-date: /home/sldev/ros2_ws/src/install/turtlesim/include/turtlesim/turtlesim/action/detail
[161.875s] -- Installing: /home/sldev/ros2_ws/src/install/turtlesim/include/turtlesim/turtlesim/action/detail/rotate_absolute__type_support.cpp
[161.876s] -- Installing: /home/sldev/ros2_ws/src/install/turtlesim/include/turtlesim/turtlesim/action/detail/rotate_absolute__rosidl_typesupport_introspection_cpp.hpp
[161.877s] -- Up-to-date: /home/sldev/ros2_ws/src/install/turtlesim/include/turtlesim/turtlesim/srv
[161.877s] -- Up-to-date: /home/sldev/ros2_ws/src/install/turtlesim/include/turtlesim/turtlesim/srv/detail
[161.878s] -- Installing: /home/sldev/ros2_ws/src/install/turtlesim/include/turtlesim/turtlesim/srv/detail/set_pen__rosidl_typesupport_introspection_cpp.hpp
[161.879s] -- Installing: /home/sldev/ros2_ws/src/install/turtlesim/include/turtlesim/turtlesim/srv/detail/teleport_absolute__type_support.cpp
[161.880s] -- Installing: /home/sldev/ros2_ws/src/install/turtlesim/include/turtlesim/turtlesim/srv/detail/spawn__type_support.cpp
[161.880s] -- Installing: /home/sldev/ros2_ws/src/install/turtlesim/include/turtlesim/turtlesim/srv/detail/kill__rosidl_typesupport_introspection_cpp.hpp
[161.881s] -- Installing: /home/sldev/ros2_ws/src/install/turtlesim/include/turtlesim/turtlesim/srv/detail/set_pen__type_support.cpp
[161.882s] -- Installing: /home/sldev/ros2_ws/src/install/turtlesim/include/turtlesim/turtlesim/srv/detail/teleport_relative__type_support.cpp
[161.882s] -- Installing: /home/sldev/ros2_ws/src/install/turtlesim/include/turtlesim/turtlesim/srv/detail/spawn__rosidl_typesupport_introspection_cpp.hpp
[161.883s] -- Installing: /home/sldev/ros2_ws/src/install/turtlesim/include/turtlesim/turtlesim/srv/detail/kill__type_support.cpp
[161.884s] -- Installing: /home/sldev/ros2_ws/src/install/turtlesim/include/turtlesim/turtlesim/srv/detail/teleport_relative__rosidl_typesupport_introspection_cpp.hpp
[161.884s] -- Installing: /home/sldev/ros2_ws/src/install/turtlesim/include/turtlesim/turtlesim/srv/detail/teleport_absolute__rosidl_typesupport_introspection_cpp.hpp
[161.885s] -- Up-to-date: /home/sldev/ros2_ws/src/install/turtlesim/include/turtlesim/turtlesim/msg
[161.885s] -- Up-to-date: /home/sldev/ros2_ws/src/install/turtlesim/include/turtlesim/turtlesim/msg/detail
[161.885s] -- Installing: /home/sldev/ros2_ws/src/install/turtlesim/include/turtlesim/turtlesim/msg/detail/color__rosidl_typesupport_introspection_cpp.hpp
[161.886s] -- Installing: /home/sldev/ros2_ws/src/install/turtlesim/include/turtlesim/turtlesim/msg/detail/pose__rosidl_typesupport_introspection_cpp.hpp
[161.887s] -- Installing: /home/sldev/ros2_ws/src/install/turtlesim/include/turtlesim/turtlesim/msg/detail/pose__type_support.cpp
[161.887s] -- Installing: /home/sldev/ros2_ws/src/install/turtlesim/include/turtlesim/turtlesim/msg/detail/color__type_support.cpp
[161.888s] -- Installing: /home/sldev/ros2_ws/src/install/turtlesim/lib/libturtlesim__rosidl_typesupport_introspection_cpp.so
[161.890s] -- Set non-toolchain portion of runtime path of "/home/sldev/ros2_ws/src/install/turtlesim/lib/libturtlesim__rosidl_typesupport_introspection_cpp.so" to ""
[161.890s] -- Installing: /home/sldev/ros2_ws/src/install/turtlesim/lib/libturtlesim__rosidl_typesupport_cpp.so
[161.891s] -- Set non-toolchain portion of runtime path of "/home/sldev/ros2_ws/src/install/turtlesim/lib/libturtlesim__rosidl_typesupport_cpp.so" to ""
[161.892s] -- Installing: /home/sldev/ros2_ws/src/install/turtlesim/share/turtlesim/environment/pythonpath.sh
[161.892s] -- Installing: /home/sldev/ros2_ws/src/install/turtlesim/share/turtlesim/environment/pythonpath.dsv
[161.893s] -- Installing: /home/sldev/ros2_ws/src/install/turtlesim/lib/python3.12/site-packages/turtlesim-1.8.3-py3.12.egg-info
[161.893s] -- Installing: /home/sldev/ros2_ws/src/install/turtlesim/lib/python3.12/site-packages/turtlesim-1.8.3-py3.12.egg-info/PKG-INFO
[161.894s] -- Installing: /home/sldev/ros2_ws/src/install/turtlesim/lib/python3.12/site-packages/turtlesim-1.8.3-py3.12.egg-info/top_level.txt
[161.894s] -- Installing: /home/sldev/ros2_ws/src/install/turtlesim/lib/python3.12/site-packages/turtlesim-1.8.3-py3.12.egg-info/SOURCES.txt
[161.895s] -- Installing: /home/sldev/ros2_ws/src/install/turtlesim/lib/python3.12/site-packages/turtlesim-1.8.3-py3.12.egg-info/dependency_links.txt
[161.895s] -- Installing: /home/sldev/ros2_ws/src/install/turtlesim/lib/python3.12/site-packages/turtlesim
[161.895s] -- Installing: /home/sldev/ros2_ws/src/install/turtlesim/lib/python3.12/site-packages/turtlesim/turtlesim_s__rosidl_typesupport_fastrtps_c.so
[161.896s] -- Installing: /home/sldev/ros2_ws/src/install/turtlesim/lib/python3.12/site-packages/turtlesim/_turtlesim_s.ep.rosidl_typesupport_introspection_c.c
[161.896s] -- Installing: /home/sldev/ros2_ws/src/install/turtlesim/lib/python3.12/site-packages/turtlesim/action
[161.896s] -- Installing: /home/sldev/ros2_ws/src/install/turtlesim/lib/python3.12/site-packages/turtlesim/action/_rotate_absolute_s.c
[161.896s] -- Installing: /home/sldev/ros2_ws/src/install/turtlesim/lib/python3.12/site-packages/turtlesim/action/_rotate_absolute.py
[161.897s] -- Installing: /home/sldev/ros2_ws/src/install/turtlesim/lib/python3.12/site-packages/turtlesim/action/__init__.py
[161.897s] -- Installing: /home/sldev/ros2_ws/src/install/turtlesim/lib/python3.12/site-packages/turtlesim/turtlesim_s__rosidl_typesupport_c.so
[161.897s] -- Installing: /home/sldev/ros2_ws/src/install/turtlesim/lib/python3.12/site-packages/turtlesim/turtlesim_s__rosidl_typesupport_introspection_c.so
[161.897s] -- Installing: /home/sldev/ros2_ws/src/install/turtlesim/lib/python3.12/site-packages/turtlesim/srv
[161.897s] -- Installing: /home/sldev/ros2_ws/src/install/turtlesim/lib/python3.12/site-packages/turtlesim/srv/_set_pen.py
[161.898s] -- Installing: /home/sldev/ros2_ws/src/install/turtlesim/lib/python3.12/site-packages/turtlesim/srv/_kill.py
[161.898s] -- Installing: /home/sldev/ros2_ws/src/install/turtlesim/lib/python3.12/site-packages/turtlesim/srv/_teleport_relative.py
[161.898s] -- Installing: /home/sldev/ros2_ws/src/install/turtlesim/lib/python3.12/site-packages/turtlesim/srv/_teleport_relative_s.c
[161.898s] -- Installing: /home/sldev/ros2_ws/src/install/turtlesim/lib/python3.12/site-packages/turtlesim/srv/_teleport_absolute_s.c
[161.898s] -- Installing: /home/sldev/ros2_ws/src/install/turtlesim/lib/python3.12/site-packages/turtlesim/srv/_spawn.py
[161.898s] -- Installing: /home/sldev/ros2_ws/src/install/turtlesim/lib/python3.12/site-packages/turtlesim/srv/_spawn_s.c
[161.898s] -- Installing: /home/sldev/ros2_ws/src/install/turtlesim/lib/python3.12/site-packages/turtlesim/srv/_kill_s.c
[161.899s] -- Installing: /home/sldev/ros2_ws/src/install/turtlesim/lib/python3.12/site-packages/turtlesim/srv/_teleport_absolute.py
[161.899s] -- Installing: /home/sldev/ros2_ws/src/install/turtlesim/lib/python3.12/site-packages/turtlesim/srv/__init__.py
[161.899s] -- Installing: /home/sldev/ros2_ws/src/install/turtlesim/lib/python3.12/site-packages/turtlesim/srv/_set_pen_s.c
[161.899s] -- Installing: /home/sldev/ros2_ws/src/install/turtlesim/lib/python3.12/site-packages/turtlesim/msg
[161.899s] -- Installing: /home/sldev/ros2_ws/src/install/turtlesim/lib/python3.12/site-packages/turtlesim/msg/_color.py
[161.899s] -- Installing: /home/sldev/ros2_ws/src/install/turtlesim/lib/python3.12/site-packages/turtlesim/msg/_pose_s.c
[161.900s] -- Installing: /home/sldev/ros2_ws/src/install/turtlesim/lib/python3.12/site-packages/turtlesim/msg/_pose.py
[161.900s] -- Installing: /home/sldev/ros2_ws/src/install/turtlesim/lib/python3.12/site-packages/turtlesim/msg/_color_s.c
[161.900s] -- Installing: /home/sldev/ros2_ws/src/install/turtlesim/lib/python3.12/site-packages/turtlesim/msg/__init__.py
[161.900s] -- Installing: /home/sldev/ros2_ws/src/install/turtlesim/lib/python3.12/site-packages/turtlesim/__init__.py
[161.900s] -- Installing: /home/sldev/ros2_ws/src/install/turtlesim/lib/python3.12/site-packages/turtlesim/_turtlesim_s.ep.rosidl_typesupport_c.c
[161.901s] -- Installing: /home/sldev/ros2_ws/src/install/turtlesim/lib/python3.12/site-packages/turtlesim/_turtlesim_s.ep.rosidl_typesupport_fastrtps_c.c
[161.978s] Listing '/home/sldev/ros2_ws/src/install/turtlesim/lib/python3.12/site-packages/turtlesim'...
[161.978s] Compiling '/home/sldev/ros2_ws/src/install/turtlesim/lib/python3.12/site-packages/turtlesim/__init__.py'...
[161.978s] Listing '/home/sldev/ros2_ws/src/install/turtlesim/lib/python3.12/site-packages/turtlesim/action'...
[161.979s] Compiling '/home/sldev/ros2_ws/src/install/turtlesim/lib/python3.12/site-packages/turtlesim/action/__init__.py'...
[161.979s] Compiling '/home/sldev/ros2_ws/src/install/turtlesim/lib/python3.12/site-packages/turtlesim/action/_rotate_absolute.py'...
[161.979s] Listing '/home/sldev/ros2_ws/src/install/turtlesim/lib/python3.12/site-packages/turtlesim/msg'...
[161.979s] Compiling '/home/sldev/ros2_ws/src/install/turtlesim/lib/python3.12/site-packages/turtlesim/msg/__init__.py'...
[161.979s] Compiling '/home/sldev/ros2_ws/src/install/turtlesim/lib/python3.12/site-packages/turtlesim/msg/_color.py'...
[161.979s] Compiling '/home/sldev/ros2_ws/src/install/turtlesim/lib/python3.12/site-packages/turtlesim/msg/_pose.py'...
[161.979s] Listing '/home/sldev/ros2_ws/src/install/turtlesim/lib/python3.12/site-packages/turtlesim/srv'...
[161.979s] Compiling '/home/sldev/ros2_ws/src/install/turtlesim/lib/python3.12/site-packages/turtlesim/srv/__init__.py'...
[161.979s] Compiling '/home/sldev/ros2_ws/src/install/turtlesim/lib/python3.12/site-packages/turtlesim/srv/_kill.py'...
[161.979s] Compiling '/home/sldev/ros2_ws/src/install/turtlesim/lib/python3.12/site-packages/turtlesim/srv/_set_pen.py'...
[161.980s] Compiling '/home/sldev/ros2_ws/src/install/turtlesim/lib/python3.12/site-packages/turtlesim/srv/_spawn.py'...
[161.980s] Compiling '/home/sldev/ros2_ws/src/install/turtlesim/lib/python3.12/site-packages/turtlesim/srv/_teleport_absolute.py'...
[161.980s] Compiling '/home/sldev/ros2_ws/src/install/turtlesim/lib/python3.12/site-packages/turtlesim/srv/_teleport_relative.py'...
[161.995s] -- Installing: /home/sldev/ros2_ws/src/install/turtlesim/lib/python3.12/site-packages/turtlesim/turtlesim_s__rosidl_typesupport_fastrtps_c.so
[161.996s] -- Set non-toolchain portion of runtime path of "/home/sldev/ros2_ws/src/install/turtlesim/lib/python3.12/site-packages/turtlesim/turtlesim_s__rosidl_typesupport_fastrtps_c.so" to ""
[161.997s] -- Installing: /home/sldev/ros2_ws/src/install/turtlesim/lib/python3.12/site-packages/turtlesim/turtlesim_s__rosidl_typesupport_introspection_c.so
[161.997s] -- Set non-toolchain portion of runtime path of "/home/sldev/ros2_ws/src/install/turtlesim/lib/python3.12/site-packages/turtlesim/turtlesim_s__rosidl_typesupport_introspection_c.so" to ""
[161.998s] -- Installing: /home/sldev/ros2_ws/src/install/turtlesim/lib/python3.12/site-packages/turtlesim/turtlesim_s__rosidl_typesupport_c.so
[161.998s] -- Set non-toolchain portion of runtime path of "/home/sldev/ros2_ws/src/install/turtlesim/lib/python3.12/site-packages/turtlesim/turtlesim_s__rosidl_typesupport_c.so" to ""
[161.998s] -- Installing: /home/sldev/ros2_ws/src/install/turtlesim/lib/libturtlesim__rosidl_generator_py.so
[161.999s] -- Set non-toolchain portion of runtime path of "/home/sldev/ros2_ws/src/install/turtlesim/lib/libturtlesim__rosidl_generator_py.so" to ""
[161.999s] -- Installing: /home/sldev/ros2_ws/src/install/turtlesim/share/turtlesim/action/RotateAbsolute.idl
[162.000s] -- Installing: /home/sldev/ros2_ws/src/install/turtlesim/share/turtlesim/msg/Color.idl
[162.000s] -- Installing: /home/sldev/ros2_ws/src/install/turtlesim/share/turtlesim/msg/Pose.idl
[162.000s] -- Installing: /home/sldev/ros2_ws/src/install/turtlesim/share/turtlesim/srv/Kill.idl
[162.000s] -- Installing: /home/sldev/ros2_ws/src/install/turtlesim/share/turtlesim/srv/SetPen.idl
[162.001s] -- Installing: /home/sldev/ros2_ws/src/install/turtlesim/share/turtlesim/srv/Spawn.idl
[162.001s] -- Installing: /home/sldev/ros2_ws/src/install/turtlesim/share/turtlesim/srv/TeleportAbsolute.idl
[162.001s] -- Installing: /home/sldev/ros2_ws/src/install/turtlesim/share/turtlesim/srv/TeleportRelative.idl
[162.001s] -- Installing: /home/sldev/ros2_ws/src/install/turtlesim/share/turtlesim/action/RotateAbsolute.action
[162.003s] -- Installing: /home/sldev/ros2_ws/src/install/turtlesim/share/turtlesim/msg/Color.msg
[162.004s] -- Installing: /home/sldev/ros2_ws/src/install/turtlesim/share/turtlesim/msg/Pose.msg
[162.004s] -- Installing: /home/sldev/ros2_ws/src/install/turtlesim/share/turtlesim/srv/Kill.srv
[162.005s] -- Installing: /home/sldev/ros2_ws/src/install/turtlesim/share/turtlesim/srv/SetPen.srv
[162.005s] -- Installing: /home/sldev/ros2_ws/src/install/turtlesim/share/turtlesim/srv/Spawn.srv
[162.006s] -- Installing: /home/sldev/ros2_ws/src/install/turtlesim/share/turtlesim/srv/TeleportAbsolute.srv
[162.007s] -- Installing: /home/sldev/ros2_ws/src/install/turtlesim/share/turtlesim/srv/TeleportRelative.srv
[162.007s] -- Installing: /home/sldev/ros2_ws/src/install/turtlesim/lib/turtlesim/turtlesim_node
[162.024s] -- Set non-toolchain portion of runtime path of "/home/sldev/ros2_ws/src/install/turtlesim/lib/turtlesim/turtlesim_node" to ""
[162.024s] -- Installing: /home/sldev/ros2_ws/src/install/turtlesim/lib/turtlesim/turtle_teleop_key
[162.028s] -- Set non-toolchain portion of runtime path of "/home/sldev/ros2_ws/src/install/turtlesim/lib/turtlesim/turtle_teleop_key" to ""
[162.028s] -- Installing: /home/sldev/ros2_ws/src/install/turtlesim/lib/turtlesim/draw_square
[162.036s] -- Set non-toolchain portion of runtime path of "/home/sldev/ros2_ws/src/install/turtlesim/lib/turtlesim/draw_square" to ""
[162.036s] -- Installing: /home/sldev/ros2_ws/src/install/turtlesim/lib/turtlesim/mimic
[162.043s] -- Set non-toolchain portion of runtime path of "/home/sldev/ros2_ws/src/install/turtlesim/lib/turtlesim/mimic" to ""
[162.043s] -- Installing: /home/sldev/ros2_ws/src/install/turtlesim/share/turtlesim/images
[162.043s] -- Installing: /home/sldev/ros2_ws/src/install/turtlesim/share/turtlesim/images/ardent.png
[162.044s] -- Installing: /home/sldev/ros2_ws/src/install/turtlesim/share/turtlesim/images/eloquent.png
[162.044s] -- Installing: /home/sldev/ros2_ws/src/install/turtlesim/share/turtlesim/images/dashing.png
[162.045s] -- Installing: /home/sldev/ros2_ws/src/install/turtlesim/share/turtlesim/images/foxy.png
[162.045s] -- Installing: /home/sldev/ros2_ws/src/install/turtlesim/share/turtlesim/images/galactic.png
[162.046s] -- Installing: /home/sldev/ros2_ws/src/install/turtlesim/share/turtlesim/images/jazzy.png
[162.046s] -- Installing: /home/sldev/ros2_ws/src/install/turtlesim/share/turtlesim/images/crystal.png
[162.047s] -- Installing: /home/sldev/ros2_ws/src/install/turtlesim/share/turtlesim/images/humble.png
[162.047s] -- Installing: /home/sldev/ros2_ws/src/install/turtlesim/share/turtlesim/images/iron.png
[162.048s] -- Installing: /home/sldev/ros2_ws/src/install/turtlesim/share/turtlesim/images/bouncy.png
[162.048s] -- Installing: /home/sldev/ros2_ws/src/install/turtlesim/share/turtlesim/images/rolling.png
[162.049s] -- Installing: /home/sldev/ros2_ws/src/install/turtlesim/share/turtlesim/launch
[162.050s] -- Installing: /home/sldev/ros2_ws/src/install/turtlesim/share/turtlesim/launch/multisim.launch.py
[162.051s] -- Installing: /home/sldev/ros2_ws/src/install/turtlesim/share/ament_index/resource_index/package_run_dependencies/turtlesim
[162.052s] -- Installing: /home/sldev/ros2_ws/src/install/turtlesim/share/ament_index/resource_index/parent_prefix_path/turtlesim
[162.052s] -- Installing: /home/sldev/ros2_ws/src/install/turtlesim/share/turtlesim/environment/ament_prefix_path.sh
[162.053s] -- Installing: /home/sldev/ros2_ws/src/install/turtlesim/share/turtlesim/environment/ament_prefix_path.dsv
[162.053s] -- Installing: /home/sldev/ros2_ws/src/install/turtlesim/share/turtlesim/environment/path.sh
[162.053s] -- Installing: /home/sldev/ros2_ws/src/install/turtlesim/share/turtlesim/environment/path.dsv
[162.054s] -- Installing: /home/sldev/ros2_ws/src/install/turtlesim/share/turtlesim/local_setup.bash
[162.055s] -- Installing: /home/sldev/ros2_ws/src/install/turtlesim/share/turtlesim/local_setup.sh
[162.055s] -- Installing: /home/sldev/ros2_ws/src/install/turtlesim/share/turtlesim/local_setup.zsh
[162.056s] -- Installing: /home/sldev/ros2_ws/src/install/turtlesim/share/turtlesim/local_setup.dsv
[162.056s] -- Installing: /home/sldev/ros2_ws/src/install/turtlesim/share/turtlesim/package.dsv
[162.057s] -- Installing: /home/sldev/ros2_ws/src/install/turtlesim/share/ament_index/resource_index/packages/turtlesim
[162.058s] -- Installing: /home/sldev/ros2_ws/src/install/turtlesim/share/turtlesim/cmake/export_turtlesim__rosidl_generator_cExport.cmake
[162.059s] -- Installing: /home/sldev/ros2_ws/src/install/turtlesim/share/turtlesim/cmake/export_turtlesim__rosidl_generator_cExport-noconfig.cmake
[162.059s] -- Installing: /home/sldev/ros2_ws/src/install/turtlesim/share/turtlesim/cmake/export_turtlesim__rosidl_typesupport_fastrtps_cExport.cmake
[162.060s] -- Installing: /home/sldev/ros2_ws/src/install/turtlesim/share/turtlesim/cmake/export_turtlesim__rosidl_typesupport_fastrtps_cExport-noconfig.cmake
[162.060s] -- Installing: /home/sldev/ros2_ws/src/install/turtlesim/share/turtlesim/cmake/export_turtlesim__rosidl_generator_cppExport.cmake
[162.061s] -- Installing: /home/sldev/ros2_ws/src/install/turtlesim/share/turtlesim/cmake/export_turtlesim__rosidl_typesupport_fastrtps_cppExport.cmake
[162.062s] -- Installing: /home/sldev/ros2_ws/src/install/turtlesim/share/turtlesim/cmake/export_turtlesim__rosidl_typesupport_fastrtps_cppExport-noconfig.cmake
[162.062s] -- Installing: /home/sldev/ros2_ws/src/install/turtlesim/share/turtlesim/cmake/turtlesim__rosidl_typesupport_introspection_cExport.cmake
[162.063s] -- Installing: /home/sldev/ros2_ws/src/install/turtlesim/share/turtlesim/cmake/turtlesim__rosidl_typesupport_introspection_cExport-noconfig.cmake
[162.063s] -- Installing: /home/sldev/ros2_ws/src/install/turtlesim/share/turtlesim/cmake/turtlesim__rosidl_typesupport_cExport.cmake
[162.064s] -- Installing: /home/sldev/ros2_ws/src/install/turtlesim/share/turtlesim/cmake/turtlesim__rosidl_typesupport_cExport-noconfig.cmake
[162.065s] -- Installing: /home/sldev/ros2_ws/src/install/turtlesim/share/turtlesim/cmake/turtlesim__rosidl_typesupport_introspection_cppExport.cmake
[162.065s] -- Installing: /home/sldev/ros2_ws/src/install/turtlesim/share/turtlesim/cmake/turtlesim__rosidl_typesupport_introspection_cppExport-noconfig.cmake
[162.066s] -- Installing: /home/sldev/ros2_ws/src/install/turtlesim/share/turtlesim/cmake/turtlesim__rosidl_typesupport_cppExport.cmake
[162.067s] -- Installing: /home/sldev/ros2_ws/src/install/turtlesim/share/turtlesim/cmake/turtlesim__rosidl_typesupport_cppExport-noconfig.cmake
[162.067s] -- Installing: /home/sldev/ros2_ws/src/install/turtlesim/share/turtlesim/cmake/export_turtlesim__rosidl_generator_pyExport.cmake
[162.068s] -- Installing: /home/sldev/ros2_ws/src/install/turtlesim/share/turtlesim/cmake/export_turtlesim__rosidl_generator_pyExport-noconfig.cmake
[162.069s] -- Installing: /home/sldev/ros2_ws/src/install/turtlesim/share/turtlesim/cmake/rosidl_cmake-extras.cmake
[162.070s] -- Installing: /home/sldev/ros2_ws/src/install/turtlesim/share/turtlesim/cmake/ament_cmake_export_dependencies-extras.cmake
[162.071s] -- Installing: /home/sldev/ros2_ws/src/install/turtlesim/share/turtlesim/cmake/ament_cmake_export_include_directories-extras.cmake
[162.072s] -- Installing: /home/sldev/ros2_ws/src/install/turtlesim/share/turtlesim/cmake/ament_cmake_export_libraries-extras.cmake
[162.073s] -- Installing: /home/sldev/ros2_ws/src/install/turtlesim/share/turtlesim/cmake/ament_cmake_export_targets-extras.cmake
[162.073s] -- Installing: /home/sldev/ros2_ws/src/install/turtlesim/share/turtlesim/cmake/rosidl_cmake_export_typesupport_targets-extras.cmake
[162.074s] -- Installing: /home/sldev/ros2_ws/src/install/turtlesim/share/turtlesim/cmake/rosidl_cmake_export_typesupport_libraries-extras.cmake
[162.075s] -- Installing: /home/sldev/ros2_ws/src/install/turtlesim/share/turtlesim/cmake/turtlesimConfig.cmake
[162.075s] -- Installing: /home/sldev/ros2_ws/src/install/turtlesim/share/turtlesim/cmake/turtlesimConfig-version.cmake
[162.076s] -- Installing: /home/sldev/ros2_ws/src/install/turtlesim/share/turtlesim/package.xml
[162.081s] Invoked command in '/home/sldev/ros2_ws/src/build/turtlesim' returned '0': CMAKE_PREFIX_PATH=${CMAKE_PREFIX_PATH}:/opt/ros/jazzy DEBUGINFOD_URLS=https://debuginfod.ubuntu.com /usr/bin/cmake --install /home/sldev/ros2_ws/src/build/turtlesim
