[3.152s] Invoking command in '/home/sldev/ros2_ws/src/py_srvcli': DEBUGINFOD_URLS=https://debuginfod.ubuntu.com PYTHONPATH=/home/sldev/ros2_ws/build/py_srvcli/prefix_override:/home/sldev/ros2_ws/install/py_srvcli/lib/python3.12/site-packages:${PYTHONPATH} /usr/bin/python3 -W ignore:setup.py install is deprecated setup.py egg_info --egg-base ../../build/py_srvcli build --build-base /home/sldev/ros2_ws/build/py_srvcli/build install --record /home/sldev/ros2_ws/build/py_srvcli/install.log --single-version-externally-managed install_data
[3.718s] running egg_info
[3.759s] writing ../../build/py_srvcli/py_srvcli.egg-info/PKG-INFO
[3.761s] writing dependency_links to ../../build/py_srvcli/py_srvcli.egg-info/dependency_links.txt
[3.762s] writing entry points to ../../build/py_srvcli/py_srvcli.egg-info/entry_points.txt
[3.763s] writing requirements to ../../build/py_srvcli/py_srvcli.egg-info/requires.txt
[3.764s] writing top-level names to ../../build/py_srvcli/py_srvcli.egg-info/top_level.txt
[3.837s] reading manifest file '../../build/py_srvcli/py_srvcli.egg-info/SOURCES.txt'
[3.838s] adding license file 'LICENSE'
[3.839s] writing manifest file '../../build/py_srvcli/py_srvcli.egg-info/SOURCES.txt'
[3.840s] running build
[3.840s] running build_py
[3.842s] running install
[3.856s] running install_lib
[3.889s] running install_data
[3.891s] running install_egg_info
[3.924s] removing '/home/sldev/ros2_ws/install/py_srvcli/lib/python3.12/site-packages/py_srvcli-0.0.0-py3.12.egg-info' (and everything under it)
[3.925s] Copying ../../build/py_srvcli/py_srvcli.egg-info to /home/sldev/ros2_ws/install/py_srvcli/lib/python3.12/site-packages/py_srvcli-0.0.0-py3.12.egg-info
[3.928s] running install_scripts
[4.138s] Installing client script to /home/sldev/ros2_ws/install/py_srvcli/lib/py_srvcli
[4.141s] Installing service script to /home/sldev/ros2_ws/install/py_srvcli/lib/py_srvcli
[4.143s] writing list of installed files to '/home/sldev/ros2_ws/build/py_srvcli/install.log'
[4.241s] Invoked command in '/home/sldev/ros2_ws/src/py_srvcli' returned '0': DEBUGINFOD_URLS=https://debuginfod.ubuntu.com PYTHONPATH=/home/sldev/ros2_ws/build/py_srvcli/prefix_override:/home/sldev/ros2_ws/install/py_srvcli/lib/python3.12/site-packages:${PYTHONPATH} /usr/bin/python3 -W ignore:setup.py install is deprecated setup.py egg_info --egg-base ../../build/py_srvcli build --build-base /home/sldev/ros2_ws/build/py_srvcli/build install --record /home/sldev/ros2_ws/build/py_srvcli/install.log --single-version-externally-managed install_data
