[1.136s] Invoking command in '/home/sldev/ros2_ws/src/py_pubsub': DEBUGINFOD_URLS=https://debuginfod.ubuntu.com PYTHONPATH=/home/sldev/ros2_ws/build/py_pubsub/prefix_override:/home/sldev/ros2_ws/install/py_pubsub/lib/python3.12/site-packages:${PYTHONPATH} /usr/bin/python3 -W ignore:setup.py install is deprecated setup.py egg_info --egg-base ../../build/py_pubsub build --build-base /home/sldev/ros2_ws/build/py_pubsub/build install --record /home/sldev/ros2_ws/build/py_pubsub/install.log --single-version-externally-managed install_data
[1.537s] running egg_info
[1.563s] writing ../../build/py_pubsub/py_pubsub.egg-info/PKG-INFO
[1.564s] writing dependency_links to ../../build/py_pubsub/py_pubsub.egg-info/dependency_links.txt
[1.564s] writing entry points to ../../build/py_pubsub/py_pubsub.egg-info/entry_points.txt
[1.564s] writing requirements to ../../build/py_pubsub/py_pubsub.egg-info/requires.txt
[1.564s] writing top-level names to ../../build/py_pubsub/py_pubsub.egg-info/top_level.txt
[1.621s] reading manifest file '../../build/py_pubsub/py_pubsub.egg-info/SOURCES.txt'
[1.621s] adding license file 'LICENSE'
[1.622s] writing manifest file '../../build/py_pubsub/py_pubsub.egg-info/SOURCES.txt'
[1.622s] running build
[1.622s] running build_py
[1.623s] running install
[1.633s] running install_lib
[1.660s] running install_data
[1.661s] copying package.xml -> /home/sldev/ros2_ws/install/py_pubsub/share/py_pubsub
[1.661s] running install_egg_info
[1.687s] removing '/home/sldev/ros2_ws/install/py_pubsub/lib/python3.12/site-packages/py_pubsub-0.0.0-py3.12.egg-info' (and everything under it)
[1.687s] Copying ../../build/py_pubsub/py_pubsub.egg-info to /home/sldev/ros2_ws/install/py_pubsub/lib/python3.12/site-packages/py_pubsub-0.0.0-py3.12.egg-info
[1.690s] running install_scripts
[1.876s] Installing listener script to /home/sldev/ros2_ws/install/py_pubsub/lib/py_pubsub
[1.877s] Installing talker script to /home/sldev/ros2_ws/install/py_pubsub/lib/py_pubsub
[1.877s] writing list of installed files to '/home/sldev/ros2_ws/build/py_pubsub/install.log'
[1.956s] Invoked command in '/home/sldev/ros2_ws/src/py_pubsub' returned '0': DEBUGINFOD_URLS=https://debuginfod.ubuntu.com PYTHONPATH=/home/sldev/ros2_ws/build/py_pubsub/prefix_override:/home/sldev/ros2_ws/install/py_pubsub/lib/python3.12/site-packages:${PYTHONPATH} /usr/bin/python3 -W ignore:setup.py install is deprecated setup.py egg_info --egg-base ../../build/py_pubsub build --build-base /home/sldev/ros2_ws/build/py_pubsub/build install --record /home/sldev/ros2_ws/build/py_pubsub/install.log --single-version-externally-managed install_data
