[1.910s] Invoking command in '/home/sldev/ros2_ws/src/python_parameters': DEBUGINFOD_URLS=https://debuginfod.ubuntu.com PYTHONPATH=/home/sldev/ros2_ws/build/python_parameters/prefix_override:/home/sldev/ros2_ws/install/python_parameters/lib/python3.12/site-packages:${PYTHONPATH} /usr/bin/python3 -W ignore:setup.py install is deprecated setup.py egg_info --egg-base ../../build/python_parameters build --build-base /home/sldev/ros2_ws/build/python_parameters/build install --record /home/sldev/ros2_ws/build/python_parameters/install.log --single-version-externally-managed install_data
[2.482s] running egg_info
[2.526s] writing ../../build/python_parameters/python_parameters.egg-info/PKG-INFO
[2.528s] writing dependency_links to ../../build/python_parameters/python_parameters.egg-info/dependency_links.txt
[2.528s] writing entry points to ../../build/python_parameters/python_parameters.egg-info/entry_points.txt
[2.529s] writing requirements to ../../build/python_parameters/python_parameters.egg-info/requires.txt
[2.529s] writing top-level names to ../../build/python_parameters/python_parameters.egg-info/top_level.txt
[2.612s] reading manifest file '../../build/python_parameters/python_parameters.egg-info/SOURCES.txt'
[2.614s] adding license file 'LICENSE'
[2.617s] writing manifest file '../../build/python_parameters/python_parameters.egg-info/SOURCES.txt'
[2.617s] running build
[2.618s] running build_py
[2.618s] running install
[2.637s] running install_lib
[2.684s] running install_data
[2.684s] running install_egg_info
[2.733s] removing '/home/sldev/ros2_ws/install/python_parameters/lib/python3.12/site-packages/python_parameters-0.0.0-py3.12.egg-info' (and everything under it)
[2.733s] Copying ../../build/python_parameters/python_parameters.egg-info to /home/sldev/ros2_ws/install/python_parameters/lib/python3.12/site-packages/python_parameters-0.0.0-py3.12.egg-info
[2.736s] running install_scripts
[3.029s] Installing minimal_param_node script to /home/sldev/ros2_ws/install/python_parameters/lib/python_parameters
[3.030s] writing list of installed files to '/home/sldev/ros2_ws/build/python_parameters/install.log'
[3.119s] Invoked command in '/home/sldev/ros2_ws/src/python_parameters' returned '0': DEBUGINFOD_URLS=https://debuginfod.ubuntu.com PYTHONPATH=/home/sldev/ros2_ws/build/python_parameters/prefix_override:/home/sldev/ros2_ws/install/python_parameters/lib/python3.12/site-packages:${PYTHONPATH} /usr/bin/python3 -W ignore:setup.py install is deprecated setup.py egg_info --egg-base ../../build/python_parameters build --build-base /home/sldev/ros2_ws/build/python_parameters/build install --record /home/sldev/ros2_ws/build/python_parameters/install.log --single-version-externally-managed install_data
