[1.558s] Invoking command in '/home/sldev/ros2_ws/src/py_pubsub': DEBUGINFOD_URLS=https://debuginfod.ubuntu.com PYTHONPATH=/home/sldev/ros2_ws/build/py_pubsub/prefix_override:/home/sldev/ros2_ws/install/py_pubsub/lib/python3.12/site-packages:${PYTHONPATH} /usr/bin/python3 -W ignore:setup.py install is deprecated setup.py egg_info --egg-base ../../build/py_pubsub build --build-base /home/sldev/ros2_ws/build/py_pubsub/build install --record /home/sldev/ros2_ws/build/py_pubsub/install.log --single-version-externally-managed install_data
[1.960s] running egg_info
[1.961s] creating ../../build/py_pubsub/py_pubsub.egg-info
[1.990s] writing ../../build/py_pubsub/py_pubsub.egg-info/PKG-INFO
[1.992s] writing dependency_links to ../../build/py_pubsub/py_pubsub.egg-info/dependency_links.txt
[1.995s] writing entry points to ../../build/py_pubsub/py_pubsub.egg-info/entry_points.txt
[1.996s] writing requirements to ../../build/py_pubsub/py_pubsub.egg-info/requires.txt
[1.996s] writing top-level names to ../../build/py_pubsub/py_pubsub.egg-info/top_level.txt
[1.996s] writing manifest file '../../build/py_pubsub/py_pubsub.egg-info/SOURCES.txt'
[2.057s] reading manifest file '../../build/py_pubsub/py_pubsub.egg-info/SOURCES.txt'
[2.058s] adding license file 'LICENSE'
[2.061s] writing manifest file '../../build/py_pubsub/py_pubsub.egg-info/SOURCES.txt'
[2.062s] running build
[2.062s] running build_py
[2.063s] creating /home/sldev/ros2_ws/build/py_pubsub/build
[2.064s] creating /home/sldev/ros2_ws/build/py_pubsub/build/lib
[2.064s] creating /home/sldev/ros2_ws/build/py_pubsub/build/lib/py_pubsub
[2.065s] copying py_pubsub/subscriber_member_function.py -> /home/sldev/ros2_ws/build/py_pubsub/build/lib/py_pubsub
[2.065s] copying py_pubsub/__init__.py -> /home/sldev/ros2_ws/build/py_pubsub/build/lib/py_pubsub
[2.065s] copying py_pubsub/publisher_member_function.py -> /home/sldev/ros2_ws/build/py_pubsub/build/lib/py_pubsub
[2.067s] running install
[2.079s] running install_lib
[2.112s] creating /home/sldev/ros2_ws/install/py_pubsub/lib/python3.12/site-packages/py_pubsub
[2.112s] copying /home/sldev/ros2_ws/build/py_pubsub/build/lib/py_pubsub/subscriber_member_function.py -> /home/sldev/ros2_ws/install/py_pubsub/lib/python3.12/site-packages/py_pubsub
[2.112s] copying /home/sldev/ros2_ws/build/py_pubsub/build/lib/py_pubsub/__init__.py -> /home/sldev/ros2_ws/install/py_pubsub/lib/python3.12/site-packages/py_pubsub
[2.112s] copying /home/sldev/ros2_ws/build/py_pubsub/build/lib/py_pubsub/publisher_member_function.py -> /home/sldev/ros2_ws/install/py_pubsub/lib/python3.12/site-packages/py_pubsub
[2.113s] byte-compiling /home/sldev/ros2_ws/install/py_pubsub/lib/python3.12/site-packages/py_pubsub/subscriber_member_function.py to subscriber_member_function.cpython-312.pyc
[2.114s] byte-compiling /home/sldev/ros2_ws/install/py_pubsub/lib/python3.12/site-packages/py_pubsub/__init__.py to __init__.cpython-312.pyc
[2.114s] byte-compiling /home/sldev/ros2_ws/install/py_pubsub/lib/python3.12/site-packages/py_pubsub/publisher_member_function.py to publisher_member_function.cpython-312.pyc
[2.114s] running install_data
[2.115s] creating /home/sldev/ros2_ws/install/py_pubsub/share/ament_index
[2.115s] creating /home/sldev/ros2_ws/install/py_pubsub/share/ament_index/resource_index
[2.115s] creating /home/sldev/ros2_ws/install/py_pubsub/share/ament_index/resource_index/packages
[2.115s] copying resource/py_pubsub -> /home/sldev/ros2_ws/install/py_pubsub/share/ament_index/resource_index/packages
[2.115s] copying package.xml -> /home/sldev/ros2_ws/install/py_pubsub/share/py_pubsub
[2.115s] running install_egg_info
[2.144s] Copying ../../build/py_pubsub/py_pubsub.egg-info to /home/sldev/ros2_ws/install/py_pubsub/lib/python3.12/site-packages/py_pubsub-0.0.0-py3.12.egg-info
[2.146s] running install_scripts
[2.365s] Installing listener script to /home/sldev/ros2_ws/install/py_pubsub/lib/py_pubsub
[2.366s] Installing talker script to /home/sldev/ros2_ws/install/py_pubsub/lib/py_pubsub
[2.366s] writing list of installed files to '/home/sldev/ros2_ws/build/py_pubsub/install.log'
[2.458s] Invoked command in '/home/sldev/ros2_ws/src/py_pubsub' returned '0': DEBUGINFOD_URLS=https://debuginfod.ubuntu.com PYTHONPATH=/home/sldev/ros2_ws/build/py_pubsub/prefix_override:/home/sldev/ros2_ws/install/py_pubsub/lib/python3.12/site-packages:${PYTHONPATH} /usr/bin/python3 -W ignore:setup.py install is deprecated setup.py egg_info --egg-base ../../build/py_pubsub build --build-base /home/sldev/ros2_ws/build/py_pubsub/build install --record /home/sldev/ros2_ws/build/py_pubsub/install.log --single-version-externally-managed install_data
