[1.178s] Invoking command in '/home/sldev/ros2_ws/src/python_parameters': DEBUGINFOD_URLS=https://debuginfod.ubuntu.com PYTHONPATH=/home/sldev/ros2_ws/build/python_parameters/prefix_override:/home/sldev/ros2_ws/install/python_parameters/lib/python3.12/site-packages:${PYTHONPATH} /usr/bin/python3 -W ignore:setup.py install is deprecated setup.py egg_info --egg-base ../../build/python_parameters build --build-base /home/sldev/ros2_ws/build/python_parameters/build install --record /home/sldev/ros2_ws/build/python_parameters/install.log --single-version-externally-managed install_data
[1.580s] running egg_info
[1.608s] writing ../../build/python_parameters/python_parameters.egg-info/PKG-INFO
[1.609s] writing dependency_links to ../../build/python_parameters/python_parameters.egg-info/dependency_links.txt
[1.609s] writing entry points to ../../build/python_parameters/python_parameters.egg-info/entry_points.txt
[1.609s] writing requirements to ../../build/python_parameters/python_parameters.egg-info/requires.txt
[1.609s] writing top-level names to ../../build/python_parameters/python_parameters.egg-info/top_level.txt
[1.666s] reading manifest file '../../build/python_parameters/python_parameters.egg-info/SOURCES.txt'
[1.667s] adding license file 'LICENSE'
[1.667s] writing manifest file '../../build/python_parameters/python_parameters.egg-info/SOURCES.txt'
[1.667s] running build
[1.667s] running build_py
[1.667s] copying python_parameters/python_parameters_node.py -> /home/sldev/ros2_ws/build/python_parameters/build/lib/python_parameters
[1.668s] running install
[1.678s] running install_lib
[1.704s] copying /home/sldev/ros2_ws/build/python_parameters/build/lib/python_parameters/python_parameters_node.py -> /home/sldev/ros2_ws/install/python_parameters/lib/python3.12/site-packages/python_parameters
[1.705s] byte-compiling /home/sldev/ros2_ws/install/python_parameters/lib/python3.12/site-packages/python_parameters/python_parameters_node.py to python_parameters_node.cpython-312.pyc
[1.706s] running install_data
[1.706s] running install_egg_info
[1.735s] removing '/home/sldev/ros2_ws/install/python_parameters/lib/python3.12/site-packages/python_parameters-0.0.0-py3.12.egg-info' (and everything under it)
[1.736s] Copying ../../build/python_parameters/python_parameters.egg-info to /home/sldev/ros2_ws/install/python_parameters/lib/python3.12/site-packages/python_parameters-0.0.0-py3.12.egg-info
[1.737s] running install_scripts
[1.898s] Installing minimal_param_node script to /home/sldev/ros2_ws/install/python_parameters/lib/python_parameters
[1.900s] writing list of installed files to '/home/sldev/ros2_ws/build/python_parameters/install.log'
[1.981s] Invoked command in '/home/sldev/ros2_ws/src/python_parameters' returned '0': DEBUGINFOD_URLS=https://debuginfod.ubuntu.com PYTHONPATH=/home/sldev/ros2_ws/build/python_parameters/prefix_override:/home/sldev/ros2_ws/install/python_parameters/lib/python3.12/site-packages:${PYTHONPATH} /usr/bin/python3 -W ignore:setup.py install is deprecated setup.py egg_info --egg-base ../../build/python_parameters build --build-base /home/sldev/ros2_ws/build/python_parameters/build install --record /home/sldev/ros2_ws/build/python_parameters/install.log --single-version-externally-managed install_data
