[1.896s] Invoking command in '/home/sldev/ros2_ws/build/examples_rclpy_minimal_service': DEBUGINFOD_URLS=https://debuginfod.ubuntu.com PYTHONPATH=/home/sldev/ros2_ws/build/examples_rclpy_minimal_service/prefix_override:/home/sldev/ros2_ws/install/examples_rclpy_minimal_service/lib/python3.12/site-packages:${PYTHONPATH} /usr/bin/python3 -W ignore:setup.py install is deprecated setup.py develop --editable --build-directory /home/sldev/ros2_ws/build/examples_rclpy_minimal_service/build --no-deps symlink_data
[2.612s] running develop
[2.613s] /usr/lib/python3/dist-packages/setuptools/command/develop.py:40: EasyInstallDeprecationWarning: easy_install command is deprecated.
[2.613s] !!
[2.613s] 
[2.613s]         ********************************************************************************
[2.613s]         Please avoid running ``setup.py`` and ``easy_install``.
[2.614s]         Instead, use pypa/build, pypa/installer or other
[2.614s]         standards-based tools.
[2.614s] 
[2.614s]         See https://github.com/pypa/setuptools/issues/917 for details.
[2.615s]         ********************************************************************************
[2.615s] 
[2.616s] !!
[2.616s]   easy_install.initialize_options(self)
[3.173s] running egg_info
[3.173s] creating examples_rclpy_minimal_service.egg-info
[3.211s] writing examples_rclpy_minimal_service.egg-info/PKG-INFO
[3.219s] writing dependency_links to examples_rclpy_minimal_service.egg-info/dependency_links.txt
[3.220s] writing entry points to examples_rclpy_minimal_service.egg-info/entry_points.txt
[3.221s] writing requirements to examples_rclpy_minimal_service.egg-info/requires.txt
[3.221s] writing top-level names to examples_rclpy_minimal_service.egg-info/top_level.txt
[3.235s] writing manifest file 'examples_rclpy_minimal_service.egg-info/SOURCES.txt'
[3.306s] reading manifest file 'examples_rclpy_minimal_service.egg-info/SOURCES.txt'
[3.307s] writing manifest file 'examples_rclpy_minimal_service.egg-info/SOURCES.txt'
[3.353s] running build_ext
[3.354s] Creating /home/sldev/ros2_ws/install/examples_rclpy_minimal_service/lib/python3.12/site-packages/examples-rclpy-minimal-service.egg-link (link to .)
[3.356s] Installing service script to /home/sldev/ros2_ws/install/examples_rclpy_minimal_service/lib/examples_rclpy_minimal_service
[3.356s] Installing service_member_function script to /home/sldev/ros2_ws/install/examples_rclpy_minimal_service/lib/examples_rclpy_minimal_service
[3.357s] 
[3.357s] Installed /home/sldev/ros2_ws/build/examples_rclpy_minimal_service
[3.358s] running symlink_data
[3.358s] creating /home/sldev/ros2_ws/install/examples_rclpy_minimal_service/share/ament_index
[3.358s] creating /home/sldev/ros2_ws/install/examples_rclpy_minimal_service/share/ament_index/resource_index
[3.358s] creating /home/sldev/ros2_ws/install/examples_rclpy_minimal_service/share/ament_index/resource_index/packages
[3.359s] symbolically linking /home/sldev/ros2_ws/build/examples_rclpy_minimal_service/resource/examples_rclpy_minimal_service -> /home/sldev/ros2_ws/install/examples_rclpy_minimal_service/share/ament_index/resource_index/packages
[3.359s] symbolically linking /home/sldev/ros2_ws/build/examples_rclpy_minimal_service/package.xml -> /home/sldev/ros2_ws/install/examples_rclpy_minimal_service/share/examples_rclpy_minimal_service
[3.617s] Invoked command in '/home/sldev/ros2_ws/build/examples_rclpy_minimal_service' returned '0': DEBUGINFOD_URLS=https://debuginfod.ubuntu.com PYTHONPATH=/home/sldev/ros2_ws/build/examples_rclpy_minimal_service/prefix_override:/home/sldev/ros2_ws/install/examples_rclpy_minimal_service/lib/python3.12/site-packages:${PYTHONPATH} /usr/bin/python3 -W ignore:setup.py install is deprecated setup.py develop --editable --build-directory /home/sldev/ros2_ws/build/examples_rclpy_minimal_service/build --no-deps symlink_data
