[1.798s] Invoking command in '/home/sldev/ros2_ws/build/examples_rclpy_pointcloud_publisher': DEBUGINFOD_URLS=https://debuginfod.ubuntu.com PYTHONPATH=/home/sldev/ros2_ws/build/examples_rclpy_pointcloud_publisher/prefix_override:/home/sldev/ros2_ws/install/examples_rclpy_pointcloud_publisher/lib/python3.12/site-packages:${PYTHONPATH} /usr/bin/python3 -W ignore:setup.py install is deprecated setup.py develop --editable --build-directory /home/sldev/ros2_ws/build/examples_rclpy_pointcloud_publisher/build --no-deps symlink_data
[2.487s] running develop
[2.487s] /usr/lib/python3/dist-packages/setuptools/command/develop.py:40: EasyInstallDeprecationWarning: easy_install command is deprecated.
[2.488s] !!
[2.488s] 
[2.488s]         ********************************************************************************
[2.488s]         Please avoid running ``setup.py`` and ``easy_install``.
[2.488s]         Instead, use pypa/build, pypa/installer or other
[2.489s]         standards-based tools.
[2.489s] 
[2.489s]         See https://github.com/pypa/setuptools/issues/917 for details.
[2.489s]         ********************************************************************************
[2.489s] 
[2.490s] !!
[2.491s]   easy_install.initialize_options(self)
[2.986s] running egg_info
[2.986s] creating examples_rclpy_pointcloud_publisher.egg-info
[3.030s] writing examples_rclpy_pointcloud_publisher.egg-info/PKG-INFO
[3.031s] writing dependency_links to examples_rclpy_pointcloud_publisher.egg-info/dependency_links.txt
[3.032s] writing entry points to examples_rclpy_pointcloud_publisher.egg-info/entry_points.txt
[3.032s] writing requirements to examples_rclpy_pointcloud_publisher.egg-info/requires.txt
[3.032s] writing top-level names to examples_rclpy_pointcloud_publisher.egg-info/top_level.txt
[3.033s] writing manifest file 'examples_rclpy_pointcloud_publisher.egg-info/SOURCES.txt'
[3.112s] reading manifest file 'examples_rclpy_pointcloud_publisher.egg-info/SOURCES.txt'
[3.114s] writing manifest file 'examples_rclpy_pointcloud_publisher.egg-info/SOURCES.txt'
[3.165s] running build_ext
[3.165s] Creating /home/sldev/ros2_ws/install/examples_rclpy_pointcloud_publisher/lib/python3.12/site-packages/examples-rclpy-pointcloud-publisher.egg-link (link to .)
[3.165s] Installing pointcloud_publisher script to /home/sldev/ros2_ws/install/examples_rclpy_pointcloud_publisher/lib/examples_rclpy_pointcloud_publisher
[3.179s] 
[3.179s] Installed /home/sldev/ros2_ws/build/examples_rclpy_pointcloud_publisher
[3.179s] running symlink_data
[3.179s] creating /home/sldev/ros2_ws/install/examples_rclpy_pointcloud_publisher/share/ament_index
[3.179s] creating /home/sldev/ros2_ws/install/examples_rclpy_pointcloud_publisher/share/ament_index/resource_index
[3.179s] creating /home/sldev/ros2_ws/install/examples_rclpy_pointcloud_publisher/share/ament_index/resource_index/packages
[3.180s] symbolically linking /home/sldev/ros2_ws/build/examples_rclpy_pointcloud_publisher/resource/examples_rclpy_pointcloud_publisher -> /home/sldev/ros2_ws/install/examples_rclpy_pointcloud_publisher/share/ament_index/resource_index/packages
[3.180s] symbolically linking /home/sldev/ros2_ws/build/examples_rclpy_pointcloud_publisher/package.xml -> /home/sldev/ros2_ws/install/examples_rclpy_pointcloud_publisher/share/examples_rclpy_pointcloud_publisher
[3.330s] Invoked command in '/home/sldev/ros2_ws/build/examples_rclpy_pointcloud_publisher' returned '0': DEBUGINFOD_URLS=https://debuginfod.ubuntu.com PYTHONPATH=/home/sldev/ros2_ws/build/examples_rclpy_pointcloud_publisher/prefix_override:/home/sldev/ros2_ws/install/examples_rclpy_pointcloud_publisher/lib/python3.12/site-packages:${PYTHONPATH} /usr/bin/python3 -W ignore:setup.py install is deprecated setup.py develop --editable --build-directory /home/sldev/ros2_ws/build/examples_rclpy_pointcloud_publisher/build --no-deps symlink_data
