[0.079s] Invoking command in '/home/sldev/ros2_ws/build/examples_rclcpp_cbg_executor': CMAKE_PREFIX_PATH=${CMAKE_PREFIX_PATH}:/opt/ros/jazzy DEBUGINFOD_URLS=https://debuginfod.ubuntu.com /usr/bin/cmake /home/sldev/ros2_ws/src/examples/rclcpp/executors/cbg_executor -DCMAKE_INSTALL_PREFIX=/home/sldev/ros2_ws/install/examples_rclcpp_cbg_executor
[0.135s] -- Found ament_cmake: 2.5.0 (/opt/ros/jazzy/share/ament_cmake/cmake)
[0.736s] -- Override CMake install command with custom implementation using symlinks instead of copying resources
[0.805s] -- Found rclcpp: 28.1.2 (/opt/ros/jazzy/share/rclcpp/cmake)
[0.901s] -- Found rosidl_generator_c: 4.6.2 (/opt/ros/jazzy/share/rosidl_generator_c/cmake)
[0.930s] -- Found rosidl_generator_cpp: 4.6.2 (/opt/ros/jazzy/share/rosidl_generator_cpp/cmake)
[0.983s] -- Using all available rosidl_typesupport_c: rosidl_typesupport_fastrtps_c;rosidl_typesupport_introspection_c
[1.026s] -- Using all available rosidl_typesupport_cpp: rosidl_typesupport_fastrtps_cpp;rosidl_typesupport_introspection_cpp
[1.266s] -- Found rmw_implementation_cmake: 7.3.1 (/opt/ros/jazzy/share/rmw_implementation_cmake/cmake)
[1.272s] -- Found rmw_fastrtps_cpp: 8.4.0 (/opt/ros/jazzy/share/rmw_fastrtps_cpp/cmake)
[1.492s] -- Using RMW implementation 'rmw_fastrtps_cpp' as default
[1.741s] -- Found std_msgs: 5.3.5 (/opt/ros/jazzy/share/std_msgs/cmake)
[1.805s] -- Found ament_lint_auto: 0.17.0 (/opt/ros/jazzy/share/ament_lint_auto/cmake)
[2.132s] -- Added test 'copyright' to check source files copyright and LICENSE
[2.136s] -- Added test 'cppcheck' to perform static code analysis on C / C++ code
[2.136s] -- Configured cppcheck include dirs: /home/sldev/ros2_ws/src/examples/rclcpp/executors/cbg_executor/include
[2.136s] -- Configured cppcheck exclude dirs and/or files: 
[2.136s] -- Added test 'cpplint' to check C / C++ code against the Google style
[2.137s] -- Configured cpplint exclude dirs and/or files: 
[2.137s] -- Added test 'lint_cmake' to check CMake code style
[2.138s] -- Added test 'uncrustify' to check C / C++ code style
[2.139s] -- Configured uncrustify additional arguments: 
[2.140s] -- Added test 'xmllint' to check XML markup files
[2.153s] -- Configuring done (2.1s)
[2.271s] -- Generating done (0.1s)
[2.281s] -- Build files have been written to: /home/sldev/ros2_ws/build/examples_rclcpp_cbg_executor
[2.313s] Invoked command in '/home/sldev/ros2_ws/build/examples_rclcpp_cbg_executor' returned '0': CMAKE_PREFIX_PATH=${CMAKE_PREFIX_PATH}:/opt/ros/jazzy DEBUGINFOD_URLS=https://debuginfod.ubuntu.com /usr/bin/cmake /home/sldev/ros2_ws/src/examples/rclcpp/executors/cbg_executor -DCMAKE_INSTALL_PREFIX=/home/sldev/ros2_ws/install/examples_rclcpp_cbg_executor
[2.318s] Invoking command in '/home/sldev/ros2_ws/build/examples_rclcpp_cbg_executor': CMAKE_PREFIX_PATH=${CMAKE_PREFIX_PATH}:/opt/ros/jazzy DEBUGINFOD_URLS=https://debuginfod.ubuntu.com /usr/bin/cmake --build /home/sldev/ros2_ws/build/examples_rclcpp_cbg_executor -- -j6 -l6
[2.556s] [ 60%] Built target ping
[2.556s] [ 60%] Built target pong
[2.595s] [100%] Built target ping_pong
[2.632s] Invoked command in '/home/sldev/ros2_ws/build/examples_rclcpp_cbg_executor' returned '0': CMAKE_PREFIX_PATH=${CMAKE_PREFIX_PATH}:/opt/ros/jazzy DEBUGINFOD_URLS=https://debuginfod.ubuntu.com /usr/bin/cmake --build /home/sldev/ros2_ws/build/examples_rclcpp_cbg_executor -- -j6 -l6
[2.750s] Invoking command in '/home/sldev/ros2_ws/build/examples_rclcpp_cbg_executor': CMAKE_PREFIX_PATH=${CMAKE_PREFIX_PATH}:/opt/ros/jazzy DEBUGINFOD_URLS=https://debuginfod.ubuntu.com /usr/bin/cmake --install /home/sldev/ros2_ws/build/examples_rclcpp_cbg_executor
[2.804s] -- Install configuration: ""
[2.805s] -- Execute custom install script
[2.805s] -- Up-to-date symlink: /home/sldev/ros2_ws/install/examples_rclcpp_cbg_executor/lib/examples_rclcpp_cbg_executor/ping
[2.805s] -- Up-to-date symlink: /home/sldev/ros2_ws/install/examples_rclcpp_cbg_executor/lib/examples_rclcpp_cbg_executor/pong
[2.805s] -- Up-to-date symlink: /home/sldev/ros2_ws/install/examples_rclcpp_cbg_executor/lib/examples_rclcpp_cbg_executor/ping_pong
[2.805s] -- Up-to-date symlink: /home/sldev/ros2_ws/install/examples_rclcpp_cbg_executor/include/examples_rclcpp_cbg_executor/ping_node.hpp
[2.806s] -- Up-to-date symlink: /home/sldev/ros2_ws/install/examples_rclcpp_cbg_executor/include/examples_rclcpp_cbg_executor/pong_node.hpp
[2.806s] -- Up-to-date symlink: /home/sldev/ros2_ws/install/examples_rclcpp_cbg_executor/share/ament_index/resource_index/package_run_dependencies/examples_rclcpp_cbg_executor
[2.806s] -- Up-to-date symlink: /home/sldev/ros2_ws/install/examples_rclcpp_cbg_executor/share/ament_index/resource_index/parent_prefix_path/examples_rclcpp_cbg_executor
[2.806s] -- Up-to-date symlink: /home/sldev/ros2_ws/install/examples_rclcpp_cbg_executor/share/examples_rclcpp_cbg_executor/environment/ament_prefix_path.sh
[2.807s] -- Up-to-date symlink: /home/sldev/ros2_ws/install/examples_rclcpp_cbg_executor/share/examples_rclcpp_cbg_executor/environment/ament_prefix_path.dsv
[2.807s] -- Up-to-date symlink: /home/sldev/ros2_ws/install/examples_rclcpp_cbg_executor/share/examples_rclcpp_cbg_executor/environment/path.sh
[2.807s] -- Up-to-date symlink: /home/sldev/ros2_ws/install/examples_rclcpp_cbg_executor/share/examples_rclcpp_cbg_executor/environment/path.dsv
[2.807s] -- Up-to-date symlink: /home/sldev/ros2_ws/install/examples_rclcpp_cbg_executor/share/examples_rclcpp_cbg_executor/local_setup.bash
[2.807s] -- Up-to-date symlink: /home/sldev/ros2_ws/install/examples_rclcpp_cbg_executor/share/examples_rclcpp_cbg_executor/local_setup.sh
[2.808s] -- Up-to-date symlink: /home/sldev/ros2_ws/install/examples_rclcpp_cbg_executor/share/examples_rclcpp_cbg_executor/local_setup.zsh
[2.808s] -- Up-to-date symlink: /home/sldev/ros2_ws/install/examples_rclcpp_cbg_executor/share/examples_rclcpp_cbg_executor/local_setup.dsv
[2.808s] -- Symlinking: /home/sldev/ros2_ws/install/examples_rclcpp_cbg_executor/share/examples_rclcpp_cbg_executor/package.dsv
[2.822s] -- Up-to-date symlink: /home/sldev/ros2_ws/install/examples_rclcpp_cbg_executor/share/ament_index/resource_index/packages/examples_rclcpp_cbg_executor
[2.822s] -- Up-to-date symlink: /home/sldev/ros2_ws/install/examples_rclcpp_cbg_executor/share/examples_rclcpp_cbg_executor/cmake/ament_cmake_export_dependencies-extras.cmake
[2.823s] -- Up-to-date symlink: /home/sldev/ros2_ws/install/examples_rclcpp_cbg_executor/share/examples_rclcpp_cbg_executor/cmake/examples_rclcpp_cbg_executorConfig.cmake
[2.824s] -- Up-to-date symlink: /home/sldev/ros2_ws/install/examples_rclcpp_cbg_executor/share/examples_rclcpp_cbg_executor/cmake/examples_rclcpp_cbg_executorConfig-version.cmake
[2.825s] -- Up-to-date symlink: /home/sldev/ros2_ws/install/examples_rclcpp_cbg_executor/share/examples_rclcpp_cbg_executor/package.xml
[2.879s] Invoked command in '/home/sldev/ros2_ws/build/examples_rclcpp_cbg_executor' returned '0': CMAKE_PREFIX_PATH=${CMAKE_PREFIX_PATH}:/opt/ros/jazzy DEBUGINFOD_URLS=https://debuginfod.ubuntu.com /usr/bin/cmake --install /home/sldev/ros2_ws/build/examples_rclcpp_cbg_executor
