[0.058s] Invoking command in '/home/sldev/ros2_ws/build/examples_rclcpp_minimal_action_client': CMAKE_PREFIX_PATH=${CMAKE_PREFIX_PATH}:/opt/ros/jazzy DEBUGINFOD_URLS=https://debuginfod.ubuntu.com /usr/bin/cmake /home/sldev/ros2_ws/src/examples/rclcpp/actions/minimal_action_client -DAMENT_CMAKE_SYMLINK_INSTALL=1 -DCMAKE_INSTALL_PREFIX=/home/sldev/ros2_ws/install/examples_rclcpp_minimal_action_client
[0.374s] -- The C compiler identification is GNU 13.2.0
[0.685s] -- The CXX compiler identification is GNU 13.2.0
[0.737s] -- Detecting C compiler ABI info
[0.971s] -- Detecting C compiler ABI info - done
[0.999s] -- Check for working C compiler: /usr/bin/cc - skipped
[0.999s] -- Detecting C compile features
[1.001s] -- Detecting C compile features - done
[1.032s] -- Detecting CXX compiler ABI info
[1.288s] -- Detecting CXX compiler ABI info - done
[1.324s] -- Check for working CXX compiler: /usr/bin/c++ - skipped
[1.326s] -- Detecting CXX compile features
[1.337s] -- Detecting CXX compile features - done
[1.380s] -- Found ament_cmake: 2.5.0 (/opt/ros/jazzy/share/ament_cmake/cmake)
[1.778s] -- Found Python3: /usr/bin/python3 (found version "3.12.3") found components: Interpreter 
[1.970s] -- Override CMake install command with custom implementation using symlinks instead of copying resources
[2.087s] -- Found example_interfaces: 0.12.0 (/opt/ros/jazzy/share/example_interfaces/cmake)
[2.240s] -- Found rosidl_generator_c: 4.6.2 (/opt/ros/jazzy/share/rosidl_generator_c/cmake)
[2.302s] -- Found rosidl_generator_cpp: 4.6.2 (/opt/ros/jazzy/share/rosidl_generator_cpp/cmake)
[2.360s] -- Using all available rosidl_typesupport_c: rosidl_typesupport_fastrtps_c;rosidl_typesupport_introspection_c
[2.455s] -- Using all available rosidl_typesupport_cpp: rosidl_typesupport_fastrtps_cpp;rosidl_typesupport_introspection_cpp
[2.886s] -- Found rclcpp: 28.1.2 (/opt/ros/jazzy/share/rclcpp/cmake)
[3.032s] -- Found rmw_implementation_cmake: 7.3.1 (/opt/ros/jazzy/share/rmw_implementation_cmake/cmake)
[3.051s] -- Found rmw_fastrtps_cpp: 8.4.0 (/opt/ros/jazzy/share/rmw_fastrtps_cpp/cmake)
[3.309s] -- Found OpenSSL: /usr/lib/x86_64-linux-gnu/libcrypto.so (found version "3.0.13")  
[3.357s] -- Found FastRTPS: /opt/ros/jazzy/include (Required is at least version "2.13") 
[3.441s] -- Using RMW implementation 'rmw_fastrtps_cpp' as default
[3.701s] -- Found rclcpp_action: 28.1.2 (/opt/ros/jazzy/share/rclcpp_action/cmake)
[3.768s] -- Found ament_lint_auto: 0.17.0 (/opt/ros/jazzy/share/ament_lint_auto/cmake)
[4.133s] -- Added test 'copyright' to check source files copyright and LICENSE
[4.136s] -- Added test 'cppcheck' to perform static code analysis on C / C++ code
[4.137s] -- Configured cppcheck include dirs: 
[4.138s] -- Configured cppcheck exclude dirs and/or files: 
[4.145s] -- Added test 'cpplint' to check C / C++ code against the Google style
[4.166s] -- Configured cpplint exclude dirs and/or files: 
[4.166s] -- Added test 'lint_cmake' to check CMake code style
[4.166s] -- Added test 'uncrustify' to check C / C++ code style
[4.166s] -- Configured uncrustify additional arguments: 
[4.166s] -- Added test 'xmllint' to check XML markup files
[4.166s] -- Configuring done (4.0s)
[4.234s] -- Generating done (0.1s)
[4.239s] -- Build files have been written to: /home/sldev/ros2_ws/build/examples_rclcpp_minimal_action_client
[4.266s] Invoked command in '/home/sldev/ros2_ws/build/examples_rclcpp_minimal_action_client' returned '0': CMAKE_PREFIX_PATH=${CMAKE_PREFIX_PATH}:/opt/ros/jazzy DEBUGINFOD_URLS=https://debuginfod.ubuntu.com /usr/bin/cmake /home/sldev/ros2_ws/src/examples/rclcpp/actions/minimal_action_client -DAMENT_CMAKE_SYMLINK_INSTALL=1 -DCMAKE_INSTALL_PREFIX=/home/sldev/ros2_ws/install/examples_rclcpp_minimal_action_client
[4.268s] Invoking command in '/home/sldev/ros2_ws/build/examples_rclcpp_minimal_action_client': CMAKE_PREFIX_PATH=${CMAKE_PREFIX_PATH}:/opt/ros/jazzy DEBUGINFOD_URLS=https://debuginfod.ubuntu.com /usr/bin/cmake --build /home/sldev/ros2_ws/build/examples_rclcpp_minimal_action_client -- -j6 -l6
[4.508s] [ 12%] [32mBuilding CXX object CMakeFiles/action_client_member_functions.dir/member_functions.cpp.o[0m
[4.515s] [ 25%] [32mBuilding CXX object CMakeFiles/action_client_not_composable_with_cancel.dir/not_composable_with_cancel.cpp.o[0m
[4.548s] [ 37%] [32mBuilding CXX object CMakeFiles/action_client_not_composable_with_feedback.dir/not_composable_with_feedback.cpp.o[0m
[4.553s] [ 50%] [32mBuilding CXX object CMakeFiles/action_client_not_composable.dir/not_composable.cpp.o[0m
[57.344s] [ 62%] [32m[1mLinking CXX executable action_client_not_composable[0m
[58.483s] [ 75%] [32m[1mLinking CXX executable action_client_not_composable_with_feedback[0m
[58.491s] [ 75%] Built target action_client_not_composable
[59.235s] [ 75%] Built target action_client_not_composable_with_feedback
[69.828s] [ 87%] [32m[1mLinking CXX executable action_client_not_composable_with_cancel[0m
[71.030s] [ 87%] Built target action_client_not_composable_with_cancel
[75.861s] [100%] [32m[1mLinking CXX executable action_client_member_functions[0m
[76.644s] [100%] Built target action_client_member_functions
[76.776s] Invoked command in '/home/sldev/ros2_ws/build/examples_rclcpp_minimal_action_client' returned '0': CMAKE_PREFIX_PATH=${CMAKE_PREFIX_PATH}:/opt/ros/jazzy DEBUGINFOD_URLS=https://debuginfod.ubuntu.com /usr/bin/cmake --build /home/sldev/ros2_ws/build/examples_rclcpp_minimal_action_client -- -j6 -l6
[77.016s] Invoking command in '/home/sldev/ros2_ws/build/examples_rclcpp_minimal_action_client': CMAKE_PREFIX_PATH=${CMAKE_PREFIX_PATH}:/opt/ros/jazzy DEBUGINFOD_URLS=https://debuginfod.ubuntu.com /usr/bin/cmake --install /home/sldev/ros2_ws/build/examples_rclcpp_minimal_action_client
[77.139s] -- Install configuration: ""
[77.139s] -- Execute custom install script
[77.139s] -- Symlinking: /home/sldev/ros2_ws/install/examples_rclcpp_minimal_action_client/lib/examples_rclcpp_minimal_action_client/action_client_member_functions
[77.140s] -- Symlinking: /home/sldev/ros2_ws/install/examples_rclcpp_minimal_action_client/lib/examples_rclcpp_minimal_action_client/action_client_not_composable
[77.158s] -- Symlinking: /home/sldev/ros2_ws/install/examples_rclcpp_minimal_action_client/lib/examples_rclcpp_minimal_action_client/action_client_not_composable_with_cancel
[77.191s] -- Symlinking: /home/sldev/ros2_ws/install/examples_rclcpp_minimal_action_client/lib/examples_rclcpp_minimal_action_client/action_client_not_composable_with_feedback
[77.230s] -- Symlinking: /home/sldev/ros2_ws/install/examples_rclcpp_minimal_action_client/share/ament_index/resource_index/package_run_dependencies/examples_rclcpp_minimal_action_client
[77.264s] -- Symlinking: /home/sldev/ros2_ws/install/examples_rclcpp_minimal_action_client/share/ament_index/resource_index/parent_prefix_path/examples_rclcpp_minimal_action_client
[77.306s] -- Symlinking: /home/sldev/ros2_ws/install/examples_rclcpp_minimal_action_client/share/examples_rclcpp_minimal_action_client/environment/ament_prefix_path.sh
[77.352s] -- Symlinking: /home/sldev/ros2_ws/install/examples_rclcpp_minimal_action_client/share/examples_rclcpp_minimal_action_client/environment/ament_prefix_path.dsv
[77.411s] -- Symlinking: /home/sldev/ros2_ws/install/examples_rclcpp_minimal_action_client/share/examples_rclcpp_minimal_action_client/environment/path.sh
[77.479s] -- Symlinking: /home/sldev/ros2_ws/install/examples_rclcpp_minimal_action_client/share/examples_rclcpp_minimal_action_client/environment/path.dsv
[77.507s] -- Symlinking: /home/sldev/ros2_ws/install/examples_rclcpp_minimal_action_client/share/examples_rclcpp_minimal_action_client/local_setup.bash
[77.546s] -- Symlinking: /home/sldev/ros2_ws/install/examples_rclcpp_minimal_action_client/share/examples_rclcpp_minimal_action_client/local_setup.sh
[77.585s] -- Symlinking: /home/sldev/ros2_ws/install/examples_rclcpp_minimal_action_client/share/examples_rclcpp_minimal_action_client/local_setup.zsh
[77.615s] -- Symlinking: /home/sldev/ros2_ws/install/examples_rclcpp_minimal_action_client/share/examples_rclcpp_minimal_action_client/local_setup.dsv
[77.657s] -- Symlinking: /home/sldev/ros2_ws/install/examples_rclcpp_minimal_action_client/share/examples_rclcpp_minimal_action_client/package.dsv
[77.674s] -- Symlinking: /home/sldev/ros2_ws/install/examples_rclcpp_minimal_action_client/share/ament_index/resource_index/packages/examples_rclcpp_minimal_action_client
[77.753s] -- Symlinking: /home/sldev/ros2_ws/install/examples_rclcpp_minimal_action_client/share/examples_rclcpp_minimal_action_client/cmake/examples_rclcpp_minimal_action_clientConfig.cmake
[77.794s] -- Symlinking: /home/sldev/ros2_ws/install/examples_rclcpp_minimal_action_client/share/examples_rclcpp_minimal_action_client/cmake/examples_rclcpp_minimal_action_clientConfig-version.cmake
[77.832s] -- Symlinking: /home/sldev/ros2_ws/install/examples_rclcpp_minimal_action_client/share/examples_rclcpp_minimal_action_client/package.xml
[77.864s] Invoked command in '/home/sldev/ros2_ws/build/examples_rclcpp_minimal_action_client' returned '0': CMAKE_PREFIX_PATH=${CMAKE_PREFIX_PATH}:/opt/ros/jazzy DEBUGINFOD_URLS=https://debuginfod.ubuntu.com /usr/bin/cmake --install /home/sldev/ros2_ws/build/examples_rclcpp_minimal_action_client
