[1.860s] Invoking command in '/home/sldev/ros2_ws/src/examples/rclpy/services/minimal_service': DEBUGINFOD_URLS=https://debuginfod.ubuntu.com PYTHONPATH=/home/sldev/ros2_ws/build/examples_rclpy_minimal_service/prefix_override:/home/sldev/ros2_ws/install/examples_rclpy_minimal_service/lib/python3.12/site-packages:${PYTHONPATH} /usr/bin/python3 -W ignore:setup.py install is deprecated setup.py egg_info --egg-base ../../../../../build/examples_rclpy_minimal_service build --build-base /home/sldev/ros2_ws/build/examples_rclpy_minimal_service/build install --record /home/sldev/ros2_ws/build/examples_rclpy_minimal_service/install.log --single-version-externally-managed install_data
[2.446s] running egg_info
[2.506s] writing ../../../../../build/examples_rclpy_minimal_service/examples_rclpy_minimal_service.egg-info/PKG-INFO
[2.507s] writing dependency_links to ../../../../../build/examples_rclpy_minimal_service/examples_rclpy_minimal_service.egg-info/dependency_links.txt
[2.551s] writing entry points to ../../../../../build/examples_rclpy_minimal_service/examples_rclpy_minimal_service.egg-info/entry_points.txt
[2.551s] writing requirements to ../../../../../build/examples_rclpy_minimal_service/examples_rclpy_minimal_service.egg-info/requires.txt
[2.551s] writing top-level names to ../../../../../build/examples_rclpy_minimal_service/examples_rclpy_minimal_service.egg-info/top_level.txt
[2.613s] reading manifest file '../../../../../build/examples_rclpy_minimal_service/examples_rclpy_minimal_service.egg-info/SOURCES.txt'
[2.613s] writing manifest file '../../../../../build/examples_rclpy_minimal_service/examples_rclpy_minimal_service.egg-info/SOURCES.txt'
[2.613s] running build
[2.613s] running build_py
[2.613s] running install
[2.613s] running install_lib
[2.661s] running install_data
[2.662s] running install_egg_info
[2.704s] removing '/home/sldev/ros2_ws/install/examples_rclpy_minimal_service/lib/python3.12/site-packages/examples_rclpy_minimal_service-0.19.3-py3.12.egg-info' (and everything under it)
[2.705s] Copying ../../../../../build/examples_rclpy_minimal_service/examples_rclpy_minimal_service.egg-info to /home/sldev/ros2_ws/install/examples_rclpy_minimal_service/lib/python3.12/site-packages/examples_rclpy_minimal_service-0.19.3-py3.12.egg-info
[2.707s] running install_scripts
[2.958s] Installing service script to /home/sldev/ros2_ws/install/examples_rclpy_minimal_service/lib/examples_rclpy_minimal_service
[2.959s] Installing service_member_function script to /home/sldev/ros2_ws/install/examples_rclpy_minimal_service/lib/examples_rclpy_minimal_service
[2.960s] writing list of installed files to '/home/sldev/ros2_ws/build/examples_rclpy_minimal_service/install.log'
[3.055s] Invoked command in '/home/sldev/ros2_ws/src/examples/rclpy/services/minimal_service' returned '0': DEBUGINFOD_URLS=https://debuginfod.ubuntu.com PYTHONPATH=/home/sldev/ros2_ws/build/examples_rclpy_minimal_service/prefix_override:/home/sldev/ros2_ws/install/examples_rclpy_minimal_service/lib/python3.12/site-packages:${PYTHONPATH} /usr/bin/python3 -W ignore:setup.py install is deprecated setup.py egg_info --egg-base ../../../../../build/examples_rclpy_minimal_service build --build-base /home/sldev/ros2_ws/build/examples_rclpy_minimal_service/build install --record /home/sldev/ros2_ws/build/examples_rclpy_minimal_service/install.log --single-version-externally-managed install_data
