[0.019s] Invoking command in '/home/sldev/ros2_ws/build/examples_rclcpp_wait_set': CMAKE_PREFIX_PATH=${CMAKE_PREFIX_PATH}:/opt/ros/jazzy DEBUGINFOD_URLS=https://debuginfod.ubuntu.com /usr/bin/cmake /home/sldev/ros2_ws/src/examples/rclcpp/wait_set -DCMAKE_INSTALL_PREFIX=/home/sldev/ros2_ws/install/examples_rclcpp_wait_set
[1.585s] -- Found ament_cmake: 2.5.0 (/opt/ros/jazzy/share/ament_cmake/cmake)
[1.585s] -- Override CMake install command with custom implementation using symlinks instead of copying resources
[1.586s] -- Found example_interfaces: 0.12.0 (/opt/ros/jazzy/share/example_interfaces/cmake)
[1.586s] -- Found rosidl_generator_c: 4.6.2 (/opt/ros/jazzy/share/rosidl_generator_c/cmake)
[1.590s] -- Found rosidl_generator_cpp: 4.6.2 (/opt/ros/jazzy/share/rosidl_generator_cpp/cmake)
[1.590s] -- Using all available rosidl_typesupport_c: rosidl_typesupport_fastrtps_c;rosidl_typesupport_introspection_c
[1.590s] -- Using all available rosidl_typesupport_cpp: rosidl_typesupport_fastrtps_cpp;rosidl_typesupport_introspection_cpp
[1.590s] -- Found rclcpp: 28.1.2 (/opt/ros/jazzy/share/rclcpp/cmake)
[1.590s] -- Found rmw_implementation_cmake: 7.3.1 (/opt/ros/jazzy/share/rmw_implementation_cmake/cmake)
[1.590s] -- Found rmw_fastrtps_cpp: 8.4.0 (/opt/ros/jazzy/share/rmw_fastrtps_cpp/cmake)
[1.591s] -- Using RMW implementation 'rmw_fastrtps_cpp' as default
[1.682s] -- Found rclcpp_components: 28.1.2 (/opt/ros/jazzy/share/rclcpp_components/cmake)
[1.780s] -- Found std_msgs: 5.3.5 (/opt/ros/jazzy/share/std_msgs/cmake)
[1.909s] -- Found ament_lint_auto: 0.17.0 (/opt/ros/jazzy/share/ament_lint_auto/cmake)
[2.312s] -- Added test 'copyright' to check source files copyright and LICENSE
[2.322s] -- Added test 'cppcheck' to perform static code analysis on C / C++ code
[2.322s] -- Configured cppcheck include dirs: /home/sldev/ros2_ws/src/examples/rclcpp/wait_set/include
[2.322s] -- Configured cppcheck exclude dirs and/or files: 
[2.326s] -- Added test 'cpplint' to check C / C++ code against the Google style
[2.326s] -- Configured cpplint exclude dirs and/or files: 
[2.329s] -- Added test 'lint_cmake' to check CMake code style
[2.334s] -- Added test 'uncrustify' to check C / C++ code style
[2.334s] -- Configured uncrustify additional arguments: 
[2.334s] -- Added test 'xmllint' to check XML markup files
[2.340s] -- Configuring done (2.3s)
[2.488s] -- Generating done (0.1s)
[2.496s] -- Build files have been written to: /home/sldev/ros2_ws/build/examples_rclcpp_wait_set
[2.848s] Invoked command in '/home/sldev/ros2_ws/build/examples_rclcpp_wait_set' returned '0': CMAKE_PREFIX_PATH=${CMAKE_PREFIX_PATH}:/opt/ros/jazzy DEBUGINFOD_URLS=https://debuginfod.ubuntu.com /usr/bin/cmake /home/sldev/ros2_ws/src/examples/rclcpp/wait_set -DCMAKE_INSTALL_PREFIX=/home/sldev/ros2_ws/install/examples_rclcpp_wait_set
[2.851s] Invoking command in '/home/sldev/ros2_ws/build/examples_rclcpp_wait_set': CMAKE_PREFIX_PATH=${CMAKE_PREFIX_PATH}:/opt/ros/jazzy DEBUGINFOD_URLS=https://debuginfod.ubuntu.com /usr/bin/cmake --build /home/sldev/ros2_ws/build/examples_rclcpp_wait_set -- -j6 -l6
[3.012s] [  8%] Built target talker
[3.031s] [ 16%] Built target listener
[3.035s] [ 25%] Built target wait_set_talker
[3.051s] [ 33%] Built target wait_set_listener
[3.051s] [ 41%] Built target wait_set
[3.057s] [ 50%] Built target static_wait_set
[3.136s] [ 58%] Built target thread_safe_wait_set
[3.150s] [ 66%] Built target wait_set_random_order
[3.165s] [ 75%] Built target wait_set_topics_and_timer
[3.169s] [ 83%] Built target executor_random_order
[3.174s] [ 91%] Built target wait_set_topics_with_different_rates
[3.188s] [100%] Built target wait_set_composed
[3.598s] Invoked command in '/home/sldev/ros2_ws/build/examples_rclcpp_wait_set' returned '0': CMAKE_PREFIX_PATH=${CMAKE_PREFIX_PATH}:/opt/ros/jazzy DEBUGINFOD_URLS=https://debuginfod.ubuntu.com /usr/bin/cmake --build /home/sldev/ros2_ws/build/examples_rclcpp_wait_set -- -j6 -l6
[4.865s] Invoking command in '/home/sldev/ros2_ws/build/examples_rclcpp_wait_set': CMAKE_PREFIX_PATH=${CMAKE_PREFIX_PATH}:/opt/ros/jazzy DEBUGINFOD_URLS=https://debuginfod.ubuntu.com /usr/bin/cmake --install /home/sldev/ros2_ws/build/examples_rclcpp_wait_set
[4.878s] -- Install configuration: ""
[4.879s] -- Execute custom install script
[4.880s] -- Up-to-date symlink: /home/sldev/ros2_ws/install/examples_rclcpp_wait_set/lib/examples_rclcpp_wait_set/wait_set_talker
[4.880s] -- Up-to-date symlink: /home/sldev/ros2_ws/install/examples_rclcpp_wait_set/lib/examples_rclcpp_wait_set/wait_set_listener
[4.881s] -- Up-to-date symlink: /home/sldev/ros2_ws/install/examples_rclcpp_wait_set/lib/libtalker.so
[4.887s] -- Up-to-date symlink: /home/sldev/ros2_ws/install/examples_rclcpp_wait_set/lib/liblistener.so
[4.887s] -- Up-to-date symlink: /home/sldev/ros2_ws/install/examples_rclcpp_wait_set/lib/examples_rclcpp_wait_set/wait_set
[4.887s] -- Up-to-date symlink: /home/sldev/ros2_ws/install/examples_rclcpp_wait_set/lib/examples_rclcpp_wait_set/static_wait_set
[4.887s] -- Up-to-date symlink: /home/sldev/ros2_ws/install/examples_rclcpp_wait_set/lib/examples_rclcpp_wait_set/thread_safe_wait_set
[4.887s] -- Up-to-date symlink: /home/sldev/ros2_ws/install/examples_rclcpp_wait_set/lib/examples_rclcpp_wait_set/wait_set_topics_and_timer
[4.887s] -- Up-to-date symlink: /home/sldev/ros2_ws/install/examples_rclcpp_wait_set/lib/examples_rclcpp_wait_set/wait_set_random_order
[4.887s] -- Up-to-date symlink: /home/sldev/ros2_ws/install/examples_rclcpp_wait_set/lib/examples_rclcpp_wait_set/executor_random_order
[4.888s] -- Up-to-date symlink: /home/sldev/ros2_ws/install/examples_rclcpp_wait_set/lib/examples_rclcpp_wait_set/wait_set_topics_with_different_rates
[4.888s] -- Up-to-date symlink: /home/sldev/ros2_ws/install/examples_rclcpp_wait_set/lib/examples_rclcpp_wait_set/wait_set_composed
[4.888s] -- Up-to-date symlink: /home/sldev/ros2_ws/install/examples_rclcpp_wait_set/share/ament_index/resource_index/package_run_dependencies/examples_rclcpp_wait_set
[4.888s] -- Up-to-date symlink: /home/sldev/ros2_ws/install/examples_rclcpp_wait_set/share/ament_index/resource_index/parent_prefix_path/examples_rclcpp_wait_set
[4.888s] -- Up-to-date symlink: /home/sldev/ros2_ws/install/examples_rclcpp_wait_set/share/examples_rclcpp_wait_set/environment/ament_prefix_path.sh
[4.888s] -- Up-to-date symlink: /home/sldev/ros2_ws/install/examples_rclcpp_wait_set/share/examples_rclcpp_wait_set/environment/ament_prefix_path.dsv
[4.888s] -- Up-to-date symlink: /home/sldev/ros2_ws/install/examples_rclcpp_wait_set/share/examples_rclcpp_wait_set/environment/path.sh
[4.888s] -- Up-to-date symlink: /home/sldev/ros2_ws/install/examples_rclcpp_wait_set/share/examples_rclcpp_wait_set/environment/path.dsv
[4.889s] -- Up-to-date symlink: /home/sldev/ros2_ws/install/examples_rclcpp_wait_set/share/examples_rclcpp_wait_set/local_setup.bash
[4.889s] -- Up-to-date symlink: /home/sldev/ros2_ws/install/examples_rclcpp_wait_set/share/examples_rclcpp_wait_set/local_setup.sh
[4.889s] -- Up-to-date symlink: /home/sldev/ros2_ws/install/examples_rclcpp_wait_set/share/examples_rclcpp_wait_set/local_setup.zsh
[4.889s] -- Up-to-date symlink: /home/sldev/ros2_ws/install/examples_rclcpp_wait_set/share/examples_rclcpp_wait_set/local_setup.dsv
[4.889s] -- Symlinking: /home/sldev/ros2_ws/install/examples_rclcpp_wait_set/share/examples_rclcpp_wait_set/package.dsv
[4.903s] -- Up-to-date symlink: /home/sldev/ros2_ws/install/examples_rclcpp_wait_set/share/ament_index/resource_index/packages/examples_rclcpp_wait_set
[4.903s] -- Up-to-date symlink: /home/sldev/ros2_ws/install/examples_rclcpp_wait_set/share/ament_index/resource_index/rclcpp_components/examples_rclcpp_wait_set
[4.905s] -- Up-to-date symlink: /home/sldev/ros2_ws/install/examples_rclcpp_wait_set/share/examples_rclcpp_wait_set/cmake/examples_rclcpp_wait_setConfig.cmake
[4.905s] -- Up-to-date symlink: /home/sldev/ros2_ws/install/examples_rclcpp_wait_set/share/examples_rclcpp_wait_set/cmake/examples_rclcpp_wait_setConfig-version.cmake
[4.905s] -- Up-to-date symlink: /home/sldev/ros2_ws/install/examples_rclcpp_wait_set/share/examples_rclcpp_wait_set/package.xml
[4.911s] Invoked command in '/home/sldev/ros2_ws/build/examples_rclcpp_wait_set' returned '0': CMAKE_PREFIX_PATH=${CMAKE_PREFIX_PATH}:/opt/ros/jazzy DEBUGINFOD_URLS=https://debuginfod.ubuntu.com /usr/bin/cmake --install /home/sldev/ros2_ws/build/examples_rclcpp_wait_set
