[0.051s] Invoking command in '/home/sldev/ros2_ws/build/examples_rclcpp_wait_set': CMAKE_PREFIX_PATH=${CMAKE_PREFIX_PATH}:/opt/ros/jazzy DEBUGINFOD_URLS=https://debuginfod.ubuntu.com /usr/bin/cmake --build /home/sldev/ros2_ws/build/examples_rclcpp_wait_set -- -j6 -l6
[0.282s] [  8%] Built target wait_set
[0.286s] [ 16%] Built target talker
[0.297s] [ 25%] Built target wait_set_talker
[0.303s] [ 33%] Built target wait_set_listener
[0.303s] [ 41%] Built target listener
[0.343s] [ 50%] Built target static_wait_set
[0.407s] [ 58%] Built target thread_safe_wait_set
[0.407s] [ 66%] Built target wait_set_topics_and_timer
[0.407s] [ 75%] Built target wait_set_topics_with_different_rates
[0.414s] [ 83%] Built target wait_set_random_order
[0.423s] [ 91%] Built target executor_random_order
[0.450s] [100%] Built target wait_set_composed
[1.062s] Invoked command in '/home/sldev/ros2_ws/build/examples_rclcpp_wait_set' returned '0': CMAKE_PREFIX_PATH=${CMAKE_PREFIX_PATH}:/opt/ros/jazzy DEBUGINFOD_URLS=https://debuginfod.ubuntu.com /usr/bin/cmake --build /home/sldev/ros2_ws/build/examples_rclcpp_wait_set -- -j6 -l6
[2.602s] Invoking command in '/home/sldev/ros2_ws/build/examples_rclcpp_wait_set': CMAKE_PREFIX_PATH=${CMAKE_PREFIX_PATH}:/opt/ros/jazzy DEBUGINFOD_URLS=https://debuginfod.ubuntu.com /usr/bin/cmake --install /home/sldev/ros2_ws/build/examples_rclcpp_wait_set
[2.621s] -- Install configuration: ""
[2.622s] -- Execute custom install script
[2.625s] -- Up-to-date symlink: /home/sldev/ros2_ws/install/examples_rclcpp_wait_set/lib/examples_rclcpp_wait_set/wait_set_talker
[2.625s] -- Up-to-date symlink: /home/sldev/ros2_ws/install/examples_rclcpp_wait_set/lib/examples_rclcpp_wait_set/wait_set_listener
[2.625s] -- Up-to-date symlink: /home/sldev/ros2_ws/install/examples_rclcpp_wait_set/lib/libtalker.so
[2.625s] -- Up-to-date symlink: /home/sldev/ros2_ws/install/examples_rclcpp_wait_set/lib/liblistener.so
[2.626s] -- Up-to-date symlink: /home/sldev/ros2_ws/install/examples_rclcpp_wait_set/lib/examples_rclcpp_wait_set/wait_set
[2.626s] -- Up-to-date symlink: /home/sldev/ros2_ws/install/examples_rclcpp_wait_set/lib/examples_rclcpp_wait_set/static_wait_set
[2.626s] -- Up-to-date symlink: /home/sldev/ros2_ws/install/examples_rclcpp_wait_set/lib/examples_rclcpp_wait_set/thread_safe_wait_set
[2.627s] -- Up-to-date symlink: /home/sldev/ros2_ws/install/examples_rclcpp_wait_set/lib/examples_rclcpp_wait_set/wait_set_topics_and_timer
[2.627s] -- Up-to-date symlink: /home/sldev/ros2_ws/install/examples_rclcpp_wait_set/lib/examples_rclcpp_wait_set/wait_set_random_order
[2.628s] -- Up-to-date symlink: /home/sldev/ros2_ws/install/examples_rclcpp_wait_set/lib/examples_rclcpp_wait_set/executor_random_order
[2.628s] -- Up-to-date symlink: /home/sldev/ros2_ws/install/examples_rclcpp_wait_set/lib/examples_rclcpp_wait_set/wait_set_topics_with_different_rates
[2.628s] -- Up-to-date symlink: /home/sldev/ros2_ws/install/examples_rclcpp_wait_set/lib/examples_rclcpp_wait_set/wait_set_composed
[2.629s] -- Up-to-date symlink: /home/sldev/ros2_ws/install/examples_rclcpp_wait_set/share/ament_index/resource_index/package_run_dependencies/examples_rclcpp_wait_set
[2.630s] -- Up-to-date symlink: /home/sldev/ros2_ws/install/examples_rclcpp_wait_set/share/ament_index/resource_index/parent_prefix_path/examples_rclcpp_wait_set
[2.631s] -- Up-to-date symlink: /home/sldev/ros2_ws/install/examples_rclcpp_wait_set/share/examples_rclcpp_wait_set/environment/ament_prefix_path.sh
[2.632s] -- Up-to-date symlink: /home/sldev/ros2_ws/install/examples_rclcpp_wait_set/share/examples_rclcpp_wait_set/environment/ament_prefix_path.dsv
[2.632s] -- Up-to-date symlink: /home/sldev/ros2_ws/install/examples_rclcpp_wait_set/share/examples_rclcpp_wait_set/environment/path.sh
[2.632s] -- Up-to-date symlink: /home/sldev/ros2_ws/install/examples_rclcpp_wait_set/share/examples_rclcpp_wait_set/environment/path.dsv
[2.633s] -- Up-to-date symlink: /home/sldev/ros2_ws/install/examples_rclcpp_wait_set/share/examples_rclcpp_wait_set/local_setup.bash
[2.633s] -- Up-to-date symlink: /home/sldev/ros2_ws/install/examples_rclcpp_wait_set/share/examples_rclcpp_wait_set/local_setup.sh
[2.633s] -- Up-to-date symlink: /home/sldev/ros2_ws/install/examples_rclcpp_wait_set/share/examples_rclcpp_wait_set/local_setup.zsh
[2.633s] -- Up-to-date symlink: /home/sldev/ros2_ws/install/examples_rclcpp_wait_set/share/examples_rclcpp_wait_set/local_setup.dsv
[2.637s] -- Symlinking: /home/sldev/ros2_ws/install/examples_rclcpp_wait_set/share/examples_rclcpp_wait_set/package.dsv
[2.659s] -- Up-to-date symlink: /home/sldev/ros2_ws/install/examples_rclcpp_wait_set/share/ament_index/resource_index/packages/examples_rclcpp_wait_set
[2.659s] -- Up-to-date symlink: /home/sldev/ros2_ws/install/examples_rclcpp_wait_set/share/ament_index/resource_index/rclcpp_components/examples_rclcpp_wait_set
[2.659s] -- Up-to-date symlink: /home/sldev/ros2_ws/install/examples_rclcpp_wait_set/share/examples_rclcpp_wait_set/cmake/examples_rclcpp_wait_setConfig.cmake
[2.660s] -- Up-to-date symlink: /home/sldev/ros2_ws/install/examples_rclcpp_wait_set/share/examples_rclcpp_wait_set/cmake/examples_rclcpp_wait_setConfig-version.cmake
[2.660s] -- Up-to-date symlink: /home/sldev/ros2_ws/install/examples_rclcpp_wait_set/share/examples_rclcpp_wait_set/package.xml
[2.667s] Invoked command in '/home/sldev/ros2_ws/build/examples_rclcpp_wait_set' returned '0': CMAKE_PREFIX_PATH=${CMAKE_PREFIX_PATH}:/opt/ros/jazzy DEBUGINFOD_URLS=https://debuginfod.ubuntu.com /usr/bin/cmake --install /home/sldev/ros2_ws/build/examples_rclcpp_wait_set
