[0.045s] Invoking command in '/home/sldev/ros2_ws/build/examples_rclcpp_wait_set': CMAKE_PREFIX_PATH=${CMAKE_PREFIX_PATH}:/opt/ros/jazzy DEBUGINFOD_URLS=https://debuginfod.ubuntu.com /usr/bin/cmake /home/sldev/ros2_ws/src/examples/rclcpp/wait_set -DAMENT_CMAKE_SYMLINK_INSTALL=1 -DCMAKE_INSTALL_PREFIX=/home/sldev/ros2_ws/install/examples_rclcpp_wait_set
[0.326s] -- The C compiler identification is GNU 13.2.0
[0.344s] -- The CXX compiler identification is GNU 13.2.0
[0.392s] -- Detecting C compiler ABI info
[0.642s] -- Detecting C compiler ABI info - done
[0.664s] -- Check for working C compiler: /usr/bin/cc - skipped
[0.678s] -- Detecting C compile features
[0.683s] -- Detecting C compile features - done
[0.705s] -- Detecting CXX compiler ABI info
[1.016s] -- Detecting CXX compiler ABI info - done
[1.040s] -- Check for working CXX compiler: /usr/bin/c++ - skipped
[1.040s] -- Detecting CXX compile features
[1.040s] -- Detecting CXX compile features - done
[1.043s] -- Found ament_cmake: 2.5.0 (/opt/ros/jazzy/share/ament_cmake/cmake)
[1.364s] -- Found Python3: /usr/bin/python3 (found version "3.12.3") found components: Interpreter 
[1.530s] -- Override CMake install command with custom implementation using symlinks instead of copying resources
[1.603s] -- Found example_interfaces: 0.12.0 (/opt/ros/jazzy/share/example_interfaces/cmake)
[1.683s] -- Found rosidl_generator_c: 4.6.2 (/opt/ros/jazzy/share/rosidl_generator_c/cmake)
[1.712s] -- Found rosidl_generator_cpp: 4.6.2 (/opt/ros/jazzy/share/rosidl_generator_cpp/cmake)
[1.748s] -- Using all available rosidl_typesupport_c: rosidl_typesupport_fastrtps_c;rosidl_typesupport_introspection_c
[1.782s] -- Using all available rosidl_typesupport_cpp: rosidl_typesupport_fastrtps_cpp;rosidl_typesupport_introspection_cpp
[2.266s] -- Found rclcpp: 28.1.2 (/opt/ros/jazzy/share/rclcpp/cmake)
[2.450s] -- Found rmw_implementation_cmake: 7.3.1 (/opt/ros/jazzy/share/rmw_implementation_cmake/cmake)
[2.456s] -- Found rmw_fastrtps_cpp: 8.4.0 (/opt/ros/jazzy/share/rmw_fastrtps_cpp/cmake)
[2.718s] -- Found OpenSSL: /usr/lib/x86_64-linux-gnu/libcrypto.so (found version "3.0.13")  
[2.787s] -- Found FastRTPS: /opt/ros/jazzy/include (Required is at least version "2.13") 
[2.853s] -- Using RMW implementation 'rmw_fastrtps_cpp' as default
[3.028s] -- Found rclcpp_components: 28.1.2 (/opt/ros/jazzy/share/rclcpp_components/cmake)
[3.124s] -- Found std_msgs: 5.3.5 (/opt/ros/jazzy/share/std_msgs/cmake)
[3.168s] -- Found ament_lint_auto: 0.17.0 (/opt/ros/jazzy/share/ament_lint_auto/cmake)
[3.459s] -- Added test 'copyright' to check source files copyright and LICENSE
[3.503s] -- Added test 'cppcheck' to perform static code analysis on C / C++ code
[3.508s] -- Configured cppcheck include dirs: /home/sldev/ros2_ws/src/examples/rclcpp/wait_set/include
[3.508s] -- Configured cppcheck exclude dirs and/or files: 
[3.508s] -- Added test 'cpplint' to check C / C++ code against the Google style
[3.508s] -- Configured cpplint exclude dirs and/or files: 
[3.508s] -- Added test 'lint_cmake' to check CMake code style
[3.508s] -- Added test 'uncrustify' to check C / C++ code style
[3.509s] -- Configured uncrustify additional arguments: 
[3.509s] -- Added test 'xmllint' to check XML markup files
[3.509s] -- Configuring done (3.4s)
[3.607s] -- Generating done (0.1s)
[3.622s] -- Build files have been written to: /home/sldev/ros2_ws/build/examples_rclcpp_wait_set
[4.130s] Invoked command in '/home/sldev/ros2_ws/build/examples_rclcpp_wait_set' returned '0': CMAKE_PREFIX_PATH=${CMAKE_PREFIX_PATH}:/opt/ros/jazzy DEBUGINFOD_URLS=https://debuginfod.ubuntu.com /usr/bin/cmake /home/sldev/ros2_ws/src/examples/rclcpp/wait_set -DAMENT_CMAKE_SYMLINK_INSTALL=1 -DCMAKE_INSTALL_PREFIX=/home/sldev/ros2_ws/install/examples_rclcpp_wait_set
[4.135s] Invoking command in '/home/sldev/ros2_ws/build/examples_rclcpp_wait_set': CMAKE_PREFIX_PATH=${CMAKE_PREFIX_PATH}:/opt/ros/jazzy DEBUGINFOD_URLS=https://debuginfod.ubuntu.com /usr/bin/cmake --build /home/sldev/ros2_ws/build/examples_rclcpp_wait_set -- -j6 -l6
[4.253s] [  4%] [32mBuilding CXX object CMakeFiles/talker.dir/src/talker.cpp.o[0m
[15.281s] [  8%] [32m[1mLinking CXX shared library libtalker.so[0m
[15.797s] [  8%] Built target talker
[15.835s] [ 12%] [32mBuilding CXX object CMakeFiles/static_wait_set.dir/src/static_wait_set.cpp.o[0m
[30.169s] [ 16%] [32m[1mLinking CXX executable static_wait_set[0m
[30.885s] [ 16%] Built target static_wait_set
[30.920s] [ 20%] [32mBuilding CXX object CMakeFiles/thread_safe_wait_set.dir/src/thread_safe_wait_set.cpp.o[0m
[44.484s] [ 25%] [32m[1mLinking CXX executable thread_safe_wait_set[0m
[45.252s] [ 25%] Built target thread_safe_wait_set
[45.287s] [ 29%] [32mBuilding CXX object CMakeFiles/wait_set_topics_and_timer.dir/src/wait_set_topics_and_timer.cpp.o[0m
[57.541s] [ 33%] [32mBuilding CXX object CMakeFiles/wait_set_random_order.dir/src/wait_set_random_order.cpp.o[0m
[57.796s] [ 37%] [32m[1mLinking CXX executable wait_set_topics_and_timer[0m
[58.560s] [ 37%] Built target wait_set_topics_and_timer
[58.586s] [ 41%] [32mBuilding CXX object CMakeFiles/wait_set.dir/src/wait_set.cpp.o[0m
[58.617s] [ 45%] [32mBuilding CXX object CMakeFiles/wait_set_listener.dir/rclcpp_components/node_main_wait_set_listener.cpp.o[0m
[59.804s] [ 50%] [32mBuilding CXX object CMakeFiles/executor_random_order.dir/src/executor_random_order.cpp.o[0m
[60.824s] [ 54%] [32mBuilding CXX object CMakeFiles/listener.dir/src/listener.cpp.o[0m
[61.944s] [ 58%] [32mBuilding CXX object CMakeFiles/wait_set_talker.dir/rclcpp_components/node_main_wait_set_talker.cpp.o[0m
[72.496s] [ 62%] [32m[1mLinking CXX executable wait_set_listener[0m
[73.287s] [ 62%] Built target wait_set_listener
[79.010s] [ 66%] [32m[1mLinking CXX executable wait_set_talker[0m
[80.044s] [ 66%] Built target wait_set_talker
[90.059s] [ 70%] [32m[1mLinking CXX executable wait_set[0m
[91.697s] [ 70%] Built target wait_set
[96.219s] [ 75%] [32m[1mLinking CXX shared library liblistener.so[0m
[97.314s] [ 75%] Built target listener
[97.707s] [ 79%] [32m[1mLinking CXX executable wait_set_random_order[0m
[98.564s] [ 79%] Built target wait_set_random_order
[100.302s] [ 83%] [32m[1mLinking CXX executable executor_random_order[0m
[100.890s] [ 83%] Built target executor_random_order
[100.956s] [ 87%] [32mBuilding CXX object CMakeFiles/wait_set_composed.dir/src/wait_set_composed.cpp.o[0m
[105.778s] [ 91%] [32m[1mLinking CXX executable wait_set_composed[0m
[106.414s] [ 91%] Built target wait_set_composed
[106.449s] [ 95%] [32mBuilding CXX object CMakeFiles/wait_set_topics_with_different_rates.dir/src/wait_set_topics_with_different_rates.cpp.o[0m
[119.379s] [100%] [32m[1mLinking CXX executable wait_set_topics_with_different_rates[0m
[119.963s] [100%] Built target wait_set_topics_with_different_rates
[120.083s] Invoked command in '/home/sldev/ros2_ws/build/examples_rclcpp_wait_set' returned '0': CMAKE_PREFIX_PATH=${CMAKE_PREFIX_PATH}:/opt/ros/jazzy DEBUGINFOD_URLS=https://debuginfod.ubuntu.com /usr/bin/cmake --build /home/sldev/ros2_ws/build/examples_rclcpp_wait_set -- -j6 -l6
[120.173s] Invoking command in '/home/sldev/ros2_ws/build/examples_rclcpp_wait_set': CMAKE_PREFIX_PATH=${CMAKE_PREFIX_PATH}:/opt/ros/jazzy DEBUGINFOD_URLS=https://debuginfod.ubuntu.com /usr/bin/cmake --install /home/sldev/ros2_ws/build/examples_rclcpp_wait_set
[120.184s] -- Install configuration: ""
[120.186s] -- Execute custom install script
[120.187s] -- Symlinking: /home/sldev/ros2_ws/install/examples_rclcpp_wait_set/lib/examples_rclcpp_wait_set/wait_set_talker
[120.202s] -- Symlinking: /home/sldev/ros2_ws/install/examples_rclcpp_wait_set/lib/examples_rclcpp_wait_set/wait_set_listener
[120.216s] -- Symlinking: /home/sldev/ros2_ws/install/examples_rclcpp_wait_set/lib/libtalker.so
[120.230s] -- Symlinking: /home/sldev/ros2_ws/install/examples_rclcpp_wait_set/lib/liblistener.so
[120.243s] -- Symlinking: /home/sldev/ros2_ws/install/examples_rclcpp_wait_set/lib/examples_rclcpp_wait_set/wait_set
[120.255s] -- Symlinking: /home/sldev/ros2_ws/install/examples_rclcpp_wait_set/lib/examples_rclcpp_wait_set/static_wait_set
[120.268s] -- Symlinking: /home/sldev/ros2_ws/install/examples_rclcpp_wait_set/lib/examples_rclcpp_wait_set/thread_safe_wait_set
[120.283s] -- Symlinking: /home/sldev/ros2_ws/install/examples_rclcpp_wait_set/lib/examples_rclcpp_wait_set/wait_set_topics_and_timer
[120.300s] -- Symlinking: /home/sldev/ros2_ws/install/examples_rclcpp_wait_set/lib/examples_rclcpp_wait_set/wait_set_random_order
[120.316s] -- Symlinking: /home/sldev/ros2_ws/install/examples_rclcpp_wait_set/lib/examples_rclcpp_wait_set/executor_random_order
[120.331s] -- Symlinking: /home/sldev/ros2_ws/install/examples_rclcpp_wait_set/lib/examples_rclcpp_wait_set/wait_set_topics_with_different_rates
[120.345s] -- Symlinking: /home/sldev/ros2_ws/install/examples_rclcpp_wait_set/lib/examples_rclcpp_wait_set/wait_set_composed
[120.360s] -- Symlinking: /home/sldev/ros2_ws/install/examples_rclcpp_wait_set/share/ament_index/resource_index/package_run_dependencies/examples_rclcpp_wait_set
[120.374s] -- Symlinking: /home/sldev/ros2_ws/install/examples_rclcpp_wait_set/share/ament_index/resource_index/parent_prefix_path/examples_rclcpp_wait_set
[120.389s] -- Symlinking: /home/sldev/ros2_ws/install/examples_rclcpp_wait_set/share/examples_rclcpp_wait_set/environment/ament_prefix_path.sh
[120.410s] -- Symlinking: /home/sldev/ros2_ws/install/examples_rclcpp_wait_set/share/examples_rclcpp_wait_set/environment/ament_prefix_path.dsv
[120.425s] -- Symlinking: /home/sldev/ros2_ws/install/examples_rclcpp_wait_set/share/examples_rclcpp_wait_set/environment/path.sh
[120.437s] -- Symlinking: /home/sldev/ros2_ws/install/examples_rclcpp_wait_set/share/examples_rclcpp_wait_set/environment/path.dsv
[120.450s] -- Symlinking: /home/sldev/ros2_ws/install/examples_rclcpp_wait_set/share/examples_rclcpp_wait_set/local_setup.bash
[120.462s] -- Symlinking: /home/sldev/ros2_ws/install/examples_rclcpp_wait_set/share/examples_rclcpp_wait_set/local_setup.sh
[120.475s] -- Symlinking: /home/sldev/ros2_ws/install/examples_rclcpp_wait_set/share/examples_rclcpp_wait_set/local_setup.zsh
[120.487s] -- Symlinking: /home/sldev/ros2_ws/install/examples_rclcpp_wait_set/share/examples_rclcpp_wait_set/local_setup.dsv
[120.503s] -- Symlinking: /home/sldev/ros2_ws/install/examples_rclcpp_wait_set/share/examples_rclcpp_wait_set/package.dsv
[120.516s] -- Symlinking: /home/sldev/ros2_ws/install/examples_rclcpp_wait_set/share/ament_index/resource_index/packages/examples_rclcpp_wait_set
[120.529s] -- Symlinking: /home/sldev/ros2_ws/install/examples_rclcpp_wait_set/share/ament_index/resource_index/rclcpp_components/examples_rclcpp_wait_set
[120.542s] -- Symlinking: /home/sldev/ros2_ws/install/examples_rclcpp_wait_set/share/examples_rclcpp_wait_set/cmake/examples_rclcpp_wait_setConfig.cmake
[120.555s] -- Symlinking: /home/sldev/ros2_ws/install/examples_rclcpp_wait_set/share/examples_rclcpp_wait_set/cmake/examples_rclcpp_wait_setConfig-version.cmake
[120.567s] -- Symlinking: /home/sldev/ros2_ws/install/examples_rclcpp_wait_set/share/examples_rclcpp_wait_set/package.xml
[120.583s] Invoked command in '/home/sldev/ros2_ws/build/examples_rclcpp_wait_set' returned '0': CMAKE_PREFIX_PATH=${CMAKE_PREFIX_PATH}:/opt/ros/jazzy DEBUGINFOD_URLS=https://debuginfod.ubuntu.com /usr/bin/cmake --install /home/sldev/ros2_ws/build/examples_rclcpp_wait_set
