[1.570s] Invoking command in '/home/sldev/ros2_ws/src/my_package': DEBUGINFOD_URLS=https://debuginfod.ubuntu.com PYTHONPATH=/home/sldev/ros2_ws/build/my_package/prefix_override:/home/sldev/ros2_ws/install/my_package/lib/python3.12/site-packages:${PYTHONPATH} /usr/bin/python3 -W ignore:setup.py install is deprecated setup.py egg_info --egg-base ../../build/my_package build --build-base /home/sldev/ros2_ws/build/my_package/build install --record /home/sldev/ros2_ws/build/my_package/install.log --single-version-externally-managed install_data
[2.025s] running egg_info
[2.025s] creating ../../build/my_package/my_package.egg-info
[2.080s] writing ../../build/my_package/my_package.egg-info/PKG-INFO
[2.081s] writing dependency_links to ../../build/my_package/my_package.egg-info/dependency_links.txt
[2.081s] writing entry points to ../../build/my_package/my_package.egg-info/entry_points.txt
[2.081s] writing requirements to ../../build/my_package/my_package.egg-info/requires.txt
[2.082s] writing top-level names to ../../build/my_package/my_package.egg-info/top_level.txt
[2.082s] writing manifest file '../../build/my_package/my_package.egg-info/SOURCES.txt'
[2.151s] reading manifest file '../../build/my_package/my_package.egg-info/SOURCES.txt'
[2.151s] adding license file 'LICENSE'
[2.151s] writing manifest file '../../build/my_package/my_package.egg-info/SOURCES.txt'
[2.152s] running build
[2.152s] running build_py
[2.153s] creating /home/sldev/ros2_ws/build/my_package/build
[2.153s] creating /home/sldev/ros2_ws/build/my_package/build/lib
[2.153s] creating /home/sldev/ros2_ws/build/my_package/build/lib/my_package
[2.153s] copying my_package/my_node.py -> /home/sldev/ros2_ws/build/my_package/build/lib/my_package
[2.154s] copying my_package/__init__.py -> /home/sldev/ros2_ws/build/my_package/build/lib/my_package
[2.155s] running install
[2.172s] running install_lib
[2.202s] creating /home/sldev/ros2_ws/install/my_package/lib/python3.12/site-packages/my_package
[2.202s] copying /home/sldev/ros2_ws/build/my_package/build/lib/my_package/my_node.py -> /home/sldev/ros2_ws/install/my_package/lib/python3.12/site-packages/my_package
[2.203s] copying /home/sldev/ros2_ws/build/my_package/build/lib/my_package/__init__.py -> /home/sldev/ros2_ws/install/my_package/lib/python3.12/site-packages/my_package
[2.203s] byte-compiling /home/sldev/ros2_ws/install/my_package/lib/python3.12/site-packages/my_package/my_node.py to my_node.cpython-312.pyc
[2.203s] byte-compiling /home/sldev/ros2_ws/install/my_package/lib/python3.12/site-packages/my_package/__init__.py to __init__.cpython-312.pyc
[2.203s] running install_data
[2.204s] creating /home/sldev/ros2_ws/install/my_package/share/ament_index
[2.204s] creating /home/sldev/ros2_ws/install/my_package/share/ament_index/resource_index
[2.204s] creating /home/sldev/ros2_ws/install/my_package/share/ament_index/resource_index/packages
[2.204s] copying resource/my_package -> /home/sldev/ros2_ws/install/my_package/share/ament_index/resource_index/packages
[2.204s] copying package.xml -> /home/sldev/ros2_ws/install/my_package/share/my_package
[2.204s] running install_egg_info
[2.241s] Copying ../../build/my_package/my_package.egg-info to /home/sldev/ros2_ws/install/my_package/lib/python3.12/site-packages/my_package-0.0.0-py3.12.egg-info
[2.243s] running install_scripts
[2.440s] Installing my_node script to /home/sldev/ros2_ws/install/my_package/lib/my_package
[2.442s] writing list of installed files to '/home/sldev/ros2_ws/build/my_package/install.log'
[2.531s] Invoked command in '/home/sldev/ros2_ws/src/my_package' returned '0': DEBUGINFOD_URLS=https://debuginfod.ubuntu.com PYTHONPATH=/home/sldev/ros2_ws/build/my_package/prefix_override:/home/sldev/ros2_ws/install/my_package/lib/python3.12/site-packages:${PYTHONPATH} /usr/bin/python3 -W ignore:setup.py install is deprecated setup.py egg_info --egg-base ../../build/my_package build --build-base /home/sldev/ros2_ws/build/my_package/build install --record /home/sldev/ros2_ws/build/my_package/install.log --single-version-externally-managed install_data
