[0.031s] Invoking command in '/home/sldev/ros2_ws/build/examples_rclcpp_wait_set': CMAKE_PREFIX_PATH=${CMAKE_PREFIX_PATH}:/opt/ros/jazzy DEBUGINFOD_URLS=https://debuginfod.ubuntu.com /usr/bin/cmake --build /home/sldev/ros2_ws/build/examples_rclcpp_wait_set -- -j6 -l6
[0.269s] [  8%] Built target wait_set_talker
[0.287s] [ 16%] Built target talker
[0.302s] [ 25%] Built target wait_set
[0.302s] [ 33%] Built target static_wait_set
[0.307s] [ 45%] Built target wait_set_listener
[0.308s] [ 50%] Built target listener
[0.378s] [ 58%] Built target thread_safe_wait_set
[0.388s] [ 66%] Built target executor_random_order
[0.395s] [ 75%] Built target wait_set_random_order
[0.395s] [ 83%] Built target wait_set_topics_with_different_rates
[0.408s] [ 91%] Built target wait_set_composed
[0.409s] [100%] Built target wait_set_topics_and_timer
[0.461s] Invoked command in '/home/sldev/ros2_ws/build/examples_rclcpp_wait_set' returned '0': CMAKE_PREFIX_PATH=${CMAKE_PREFIX_PATH}:/opt/ros/jazzy DEBUGINFOD_URLS=https://debuginfod.ubuntu.com /usr/bin/cmake --build /home/sldev/ros2_ws/build/examples_rclcpp_wait_set -- -j6 -l6
[1.261s] Invoking command in '/home/sldev/ros2_ws/build/examples_rclcpp_wait_set': CMAKE_PREFIX_PATH=${CMAKE_PREFIX_PATH}:/opt/ros/jazzy DEBUGINFOD_URLS=https://debuginfod.ubuntu.com /usr/bin/cmake --install /home/sldev/ros2_ws/build/examples_rclcpp_wait_set
[1.300s] -- Install configuration: ""
[1.300s] -- Execute custom install script
[1.301s] -- Up-to-date symlink: /home/sldev/ros2_ws/install/examples_rclcpp_wait_set/lib/examples_rclcpp_wait_set/wait_set_talker
[1.301s] -- Up-to-date symlink: /home/sldev/ros2_ws/install/examples_rclcpp_wait_set/lib/examples_rclcpp_wait_set/wait_set_listener
[1.301s] -- Up-to-date symlink: /home/sldev/ros2_ws/install/examples_rclcpp_wait_set/lib/libtalker.so
[1.301s] -- Up-to-date symlink: /home/sldev/ros2_ws/install/examples_rclcpp_wait_set/lib/liblistener.so
[1.301s] -- Up-to-date symlink: /home/sldev/ros2_ws/install/examples_rclcpp_wait_set/lib/examples_rclcpp_wait_set/wait_set
[1.301s] -- Up-to-date symlink: /home/sldev/ros2_ws/install/examples_rclcpp_wait_set/lib/examples_rclcpp_wait_set/static_wait_set
[1.302s] -- Up-to-date symlink: /home/sldev/ros2_ws/install/examples_rclcpp_wait_set/lib/examples_rclcpp_wait_set/thread_safe_wait_set
[1.302s] -- Up-to-date symlink: /home/sldev/ros2_ws/install/examples_rclcpp_wait_set/lib/examples_rclcpp_wait_set/wait_set_topics_and_timer
[1.302s] -- Up-to-date symlink: /home/sldev/ros2_ws/install/examples_rclcpp_wait_set/lib/examples_rclcpp_wait_set/wait_set_random_order
[1.302s] -- Up-to-date symlink: /home/sldev/ros2_ws/install/examples_rclcpp_wait_set/lib/examples_rclcpp_wait_set/executor_random_order
[1.302s] -- Up-to-date symlink: /home/sldev/ros2_ws/install/examples_rclcpp_wait_set/lib/examples_rclcpp_wait_set/wait_set_topics_with_different_rates
[1.302s] -- Up-to-date symlink: /home/sldev/ros2_ws/install/examples_rclcpp_wait_set/lib/examples_rclcpp_wait_set/wait_set_composed
[1.303s] -- Up-to-date symlink: /home/sldev/ros2_ws/install/examples_rclcpp_wait_set/share/ament_index/resource_index/package_run_dependencies/examples_rclcpp_wait_set
[1.303s] -- Up-to-date symlink: /home/sldev/ros2_ws/install/examples_rclcpp_wait_set/share/ament_index/resource_index/parent_prefix_path/examples_rclcpp_wait_set
[1.303s] -- Up-to-date symlink: /home/sldev/ros2_ws/install/examples_rclcpp_wait_set/share/examples_rclcpp_wait_set/environment/ament_prefix_path.sh
[1.303s] -- Up-to-date symlink: /home/sldev/ros2_ws/install/examples_rclcpp_wait_set/share/examples_rclcpp_wait_set/environment/ament_prefix_path.dsv
[1.304s] -- Up-to-date symlink: /home/sldev/ros2_ws/install/examples_rclcpp_wait_set/share/examples_rclcpp_wait_set/environment/path.sh
[1.304s] -- Up-to-date symlink: /home/sldev/ros2_ws/install/examples_rclcpp_wait_set/share/examples_rclcpp_wait_set/environment/path.dsv
[1.304s] -- Up-to-date symlink: /home/sldev/ros2_ws/install/examples_rclcpp_wait_set/share/examples_rclcpp_wait_set/local_setup.bash
[1.304s] -- Up-to-date symlink: /home/sldev/ros2_ws/install/examples_rclcpp_wait_set/share/examples_rclcpp_wait_set/local_setup.sh
[1.305s] -- Up-to-date symlink: /home/sldev/ros2_ws/install/examples_rclcpp_wait_set/share/examples_rclcpp_wait_set/local_setup.zsh
[1.305s] -- Up-to-date symlink: /home/sldev/ros2_ws/install/examples_rclcpp_wait_set/share/examples_rclcpp_wait_set/local_setup.dsv
[1.305s] -- Symlinking: /home/sldev/ros2_ws/install/examples_rclcpp_wait_set/share/examples_rclcpp_wait_set/package.dsv
[1.323s] -- Up-to-date symlink: /home/sldev/ros2_ws/install/examples_rclcpp_wait_set/share/ament_index/resource_index/packages/examples_rclcpp_wait_set
[1.326s] -- Up-to-date symlink: /home/sldev/ros2_ws/install/examples_rclcpp_wait_set/share/ament_index/resource_index/rclcpp_components/examples_rclcpp_wait_set
[1.328s] -- Up-to-date symlink: /home/sldev/ros2_ws/install/examples_rclcpp_wait_set/share/examples_rclcpp_wait_set/cmake/examples_rclcpp_wait_setConfig.cmake
[1.329s] -- Up-to-date symlink: /home/sldev/ros2_ws/install/examples_rclcpp_wait_set/share/examples_rclcpp_wait_set/cmake/examples_rclcpp_wait_setConfig-version.cmake
[1.330s] -- Up-to-date symlink: /home/sldev/ros2_ws/install/examples_rclcpp_wait_set/share/examples_rclcpp_wait_set/package.xml
[2.140s] Invoked command in '/home/sldev/ros2_ws/build/examples_rclcpp_wait_set' returned '0': CMAKE_PREFIX_PATH=${CMAKE_PREFIX_PATH}:/opt/ros/jazzy DEBUGINFOD_URLS=https://debuginfod.ubuntu.com /usr/bin/cmake --install /home/sldev/ros2_ws/build/examples_rclcpp_wait_set
