[2.176s] Invoking command in '/home/sldev/ros2_ws/build/examples_rclpy_minimal_client': DEBUGINFOD_URLS=https://debuginfod.ubuntu.com PYTHONPATH=/home/sldev/ros2_ws/build/examples_rclpy_minimal_client/prefix_override:/home/sldev/ros2_ws/install/examples_rclpy_minimal_client/lib/python3.12/site-packages:${PYTHONPATH} /usr/bin/python3 -W ignore:setup.py install is deprecated setup.py develop --editable --build-directory /home/sldev/ros2_ws/build/examples_rclpy_minimal_client/build --no-deps symlink_data
[3.047s] /usr/lib/python3/dist-packages/setuptools/command/develop.py:40: EasyInstallDeprecationWarning: easy_install command is deprecated.
[3.047s] !!
[3.047s] 
[3.047s]         ********************************************************************************
[3.047s]         Please avoid running ``setup.py`` and ``easy_install``.
[3.047s]         Instead, use pypa/build, pypa/installer or other
[3.047s]         standards-based tools.
[3.047s] 
[3.048s]         See https://github.com/pypa/setuptools/issues/917 for details.
[3.048s]         ********************************************************************************
[3.048s] 
[3.048s] !!
[3.048s]   easy_install.initialize_options(self)
[3.065s] running develop
[3.551s] running egg_info
[3.552s] creating examples_rclpy_minimal_client.egg-info
[3.587s] writing examples_rclpy_minimal_client.egg-info/PKG-INFO
[3.588s] writing dependency_links to examples_rclpy_minimal_client.egg-info/dependency_links.txt
[3.589s] writing entry points to examples_rclpy_minimal_client.egg-info/entry_points.txt
[3.590s] writing requirements to examples_rclpy_minimal_client.egg-info/requires.txt
[3.591s] writing top-level names to examples_rclpy_minimal_client.egg-info/top_level.txt
[3.591s] writing manifest file 'examples_rclpy_minimal_client.egg-info/SOURCES.txt'
[3.668s] reading manifest file 'examples_rclpy_minimal_client.egg-info/SOURCES.txt'
[3.670s] writing manifest file 'examples_rclpy_minimal_client.egg-info/SOURCES.txt'
[3.723s] running build_ext
[3.723s] Creating /home/sldev/ros2_ws/install/examples_rclpy_minimal_client/lib/python3.12/site-packages/examples-rclpy-minimal-client.egg-link (link to .)
[3.725s] Installing client script to /home/sldev/ros2_ws/install/examples_rclpy_minimal_client/lib/examples_rclpy_minimal_client
[3.726s] Installing client_async script to /home/sldev/ros2_ws/install/examples_rclpy_minimal_client/lib/examples_rclpy_minimal_client
[3.726s] Installing client_async_callback script to /home/sldev/ros2_ws/install/examples_rclpy_minimal_client/lib/examples_rclpy_minimal_client
[3.727s] Installing client_async_member_function script to /home/sldev/ros2_ws/install/examples_rclpy_minimal_client/lib/examples_rclpy_minimal_client
[3.734s] 
[3.734s] Installed /home/sldev/ros2_ws/build/examples_rclpy_minimal_client
[3.734s] running symlink_data
[3.734s] creating /home/sldev/ros2_ws/install/examples_rclpy_minimal_client/share/ament_index
[3.735s] creating /home/sldev/ros2_ws/install/examples_rclpy_minimal_client/share/ament_index/resource_index
[3.735s] creating /home/sldev/ros2_ws/install/examples_rclpy_minimal_client/share/ament_index/resource_index/packages
[3.735s] symbolically linking /home/sldev/ros2_ws/build/examples_rclpy_minimal_client/resource/examples_rclpy_minimal_client -> /home/sldev/ros2_ws/install/examples_rclpy_minimal_client/share/ament_index/resource_index/packages
[3.735s] symbolically linking /home/sldev/ros2_ws/build/examples_rclpy_minimal_client/package.xml -> /home/sldev/ros2_ws/install/examples_rclpy_minimal_client/share/examples_rclpy_minimal_client
[3.880s] Invoked command in '/home/sldev/ros2_ws/build/examples_rclpy_minimal_client' returned '0': DEBUGINFOD_URLS=https://debuginfod.ubuntu.com PYTHONPATH=/home/sldev/ros2_ws/build/examples_rclpy_minimal_client/prefix_override:/home/sldev/ros2_ws/install/examples_rclpy_minimal_client/lib/python3.12/site-packages:${PYTHONPATH} /usr/bin/python3 -W ignore:setup.py install is deprecated setup.py develop --editable --build-directory /home/sldev/ros2_ws/build/examples_rclpy_minimal_client/build --no-deps symlink_data
